Reading unintegrated AnnData...
Unintegrated data loaded.
Reading integrated AnnData...
Integrated data loaded.
Starting evaluation...
Transferred Technology and majority_voting_Level2 to integrated AnnData.
Aliased SCVI graph to neighbors/distances/connectivities.
/env/lib/python3.10/site-packages/scib/metrics/metrics.py:293: DeprecationWarning: Call to deprecated function (or staticmethod) opt_louvain.
  res_max, nmi_max, nmi_all = opt_louvain(
Clustering...
resolution: 0.1, nmi: 0.4660117628540383
resolution: 0.2, nmi: 0.4772468853160735
resolution: 0.3, nmi: 0.4763829667866795
resolution: 0.4, nmi: 0.47496149334429744
resolution: 0.5, nmi: 0.46266596775806895
resolution: 0.6, nmi: 0.466339090748775
resolution: 0.7, nmi: 0.4593966625072446
resolution: 0.8, nmi: 0.4561684642132262
resolution: 0.9, nmi: 0.4546235873370615
resolution: 1.0, nmi: 0.4575945927164771
resolution: 1.1, nmi: 0.4480818625681416
resolution: 1.2, nmi: 0.44934820324799385
resolution: 1.3, nmi: 0.44472125997340967
resolution: 1.4, nmi: 0.4451245449159406
resolution: 1.5, nmi: 0.4439831997981556
resolution: 1.6, nmi: 0.4436815733032676
resolution: 1.7, nmi: 0.4422210064137909
resolution: 1.8, nmi: 0.438313611372243
resolution: 1.9, nmi: 0.4372203671853596
resolution: 2.0, nmi: 0.43753865487638105
optimised clustering against majority_voting_Level2
optimal cluster resolution: 0.2
optimal score: 0.4772468853160735
NMI...
ARI...
Silhouette score...
Graph connectivity...
/env/lib/python3.10/site-packages/scib/metrics/graph_connectivity.py:56: FutureWarning: pandas.value_counts is deprecated and will be removed in a future version. Use pd.Series(obj).value_counts() instead.
  tab = pd.value_counts(labels)
/env/lib/python3.10/site-packages/scib/metrics/graph_connectivity.py:56: FutureWarning: pandas.value_counts is deprecated and will be removed in a future version. Use pd.Series(obj).value_counts() instead.
  tab = pd.value_counts(labels)
/env/lib/python3.10/site-packages/scib/metrics/graph_connectivity.py:56: FutureWarning: pandas.value_counts is deprecated and will be removed in a future version. Use pd.Series(obj).value_counts() instead.
  tab = pd.value_counts(labels)
/env/lib/python3.10/site-packages/scib/metrics/graph_connectivity.py:56: FutureWarning: pandas.value_counts is deprecated and will be removed in a future version. Use pd.Series(obj).value_counts() instead.
  tab = pd.value_counts(labels)
/env/lib/python3.10/site-packages/scib/metrics/graph_connectivity.py:56: FutureWarning: pandas.value_counts is deprecated and will be removed in a future version. Use pd.Series(obj).value_counts() instead.
  tab = pd.value_counts(labels)
/env/lib/python3.10/site-packages/scib/metrics/graph_connectivity.py:56: FutureWarning: pandas.value_counts is deprecated and will be removed in a future version. Use pd.Series(obj).value_counts() instead.
  tab = pd.value_counts(labels)
/env/lib/python3.10/site-packages/scib/metrics/graph_connectivity.py:56: FutureWarning: pandas.value_counts is deprecated and will be removed in a future version. Use pd.Series(obj).value_counts() instead.
  tab = pd.value_counts(labels)
/env/lib/python3.10/site-packages/scib/metrics/graph_connectivity.py:56: FutureWarning: pandas.value_counts is deprecated and will be removed in a future version. Use pd.Series(obj).value_counts() instead.
  tab = pd.value_counts(labels)
/env/lib/python3.10/site-packages/scib/metrics/graph_connectivity.py:56: FutureWarning: pandas.value_counts is deprecated and will be removed in a future version. Use pd.Series(obj).value_counts() instead.
  tab = pd.value_counts(labels)
/env/lib/python3.10/site-packages/scib/metrics/graph_connectivity.py:56: FutureWarning: pandas.value_counts is deprecated and will be removed in a future version. Use pd.Series(obj).value_counts() instead.
  tab = pd.value_counts(labels)
/env/lib/python3.10/site-packages/scib/metrics/graph_connectivity.py:56: FutureWarning: pandas.value_counts is deprecated and will be removed in a future version. Use pd.Series(obj).value_counts() instead.
  tab = pd.value_counts(labels)
/env/lib/python3.10/site-packages/scib/metrics/graph_connectivity.py:56: FutureWarning: pandas.value_counts is deprecated and will be removed in a future version. Use pd.Series(obj).value_counts() instead.
  tab = pd.value_counts(labels)
/env/lib/python3.10/site-packages/scib/metrics/graph_connectivity.py:56: FutureWarning: pandas.value_counts is deprecated and will be removed in a future version. Use pd.Series(obj).value_counts() instead.
  tab = pd.value_counts(labels)
/env/lib/python3.10/site-packages/scib/metrics/graph_connectivity.py:56: FutureWarning: pandas.value_counts is deprecated and will be removed in a future version. Use pd.Series(obj).value_counts() instead.
  tab = pd.value_counts(labels)
kBET...
batch: Technology
Use 70 nearest neighbors.
/env/lib/python3.10/site-packages/scib/metrics/kbet.py:158: FutureWarning: pandas.value_counts is deprecated and will be removed in a future version. Use pd.Series(obj).value_counts() instead.
  comp_size = pd.value_counts(labs)
Adding diffusion to step 4
Adding diffusion to step 5
Adding diffusion to step 6
Adding diffusion to step 7
Adding diffusion to step 8
Terminated

------------------------------------------------------------
Sender: LSF System <lsfadmin@node-13-27>
Subject: Job 225700: <module load cellgen/singularity;      singularity exec --cleanenv --home /tmp/sm54 --bind /lustre,/nfs /nfs/cellgeni/singularity/images/scib-1.1.5.sif           python -u 06_evaluate_batch_correction.py --adata_uninteg /lustre/scratch126/cellgen/haniffa/sm54/BoneAtlasProject/data/bone_atlas_filtered_with_metadata_scvi.h5ad                          --adata_int /lustre/scratch126/cellgen/haniffa/sm54/BoneAtlasProject/data/bone_atlas_scvi_runs/processed_adata/adata_nlatent20_nlayers4_nhidden128_nhvg10000.h5ad                          --output_csv /lustre/scratch126/cellgen/haniffa/sm54/BoneAtlasProject/data/bone_atlas_scvi_runs/scib_output/adata_nlatent20_nlayers4_nhidden128_nhvg10000_evaluation_metrics.csv                          --batch_key Technology                          --label_key majority_voting_Level2> in cluster <farm22> Exited

Job <module load cellgen/singularity;      singularity exec --cleanenv --home /tmp/sm54 --bind /lustre,/nfs /nfs/cellgeni/singularity/images/scib-1.1.5.sif           python -u 06_evaluate_batch_correction.py --adata_uninteg /lustre/scratch126/cellgen/haniffa/sm54/BoneAtlasProject/data/bone_atlas_filtered_with_metadata_scvi.h5ad                          --adata_int /lustre/scratch126/cellgen/haniffa/sm54/BoneAtlasProject/data/bone_atlas_scvi_runs/processed_adata/adata_nlatent20_nlayers4_nhidden128_nhvg10000.h5ad                          --output_csv /lustre/scratch126/cellgen/haniffa/sm54/BoneAtlasProject/data/bone_atlas_scvi_runs/scib_output/adata_nlatent20_nlayers4_nhidden128_nhvg10000_evaluation_metrics.csv                          --batch_key Technology                          --label_key majority_voting_Level2> was submitted from host <farm22-head1> by user <sm54> in cluster <farm22> at Mon Jul 14 16:46:08 2025
Job was executed on host(s) <8*node-13-27>, in queue <long>, as user <sm54> in cluster <farm22> at Mon Jul 14 17:28:53 2025
</nfs/users/nfs_s/sm54> was used as the home directory.
</nfs/team298/sm54/BoneAtlasProject/src/integration> was used as the working directory.
Started at Mon Jul 14 17:28:53 2025
Terminated at Tue Jul 15 13:03:27 2025
Results reported at Tue Jul 15 13:03:27 2025

Your job looked like:

------------------------------------------------------------
# LSBATCH: User input
module load cellgen/singularity;      singularity exec --cleanenv --home /tmp/sm54 --bind /lustre,/nfs /nfs/cellgeni/singularity/images/scib-1.1.5.sif           python -u 06_evaluate_batch_correction.py --adata_uninteg /lustre/scratch126/cellgen/haniffa/sm54/BoneAtlasProject/data/bone_atlas_filtered_with_metadata_scvi.h5ad                          --adata_int /lustre/scratch126/cellgen/haniffa/sm54/BoneAtlasProject/data/bone_atlas_scvi_runs/processed_adata/adata_nlatent20_nlayers4_nhidden128_nhvg10000.h5ad                          --output_csv /lustre/scratch126/cellgen/haniffa/sm54/BoneAtlasProject/data/bone_atlas_scvi_runs/scib_output/adata_nlatent20_nlayers4_nhidden128_nhvg10000_evaluation_metrics.csv                          --batch_key Technology                          --label_key majority_voting_Level2
------------------------------------------------------------

TERM_OWNER: job killed by owner.
Exited with exit code 143.

Resource usage summary:

    CPU time :                                   174523.64 sec.
    Max Memory :                                 213585 MB
    Average Memory :                             67625.52 MB
    Total Requested Memory :                     650000.00 MB
    Delta Memory :                               436415.00 MB
    Max Swap :                                   4 MB
    Max Processes :                              4
    Max Threads :                                38
    Run time :                                   70473 sec.
    Turnaround time :                            73039 sec.

The output (if any) is above this job summary.

