Reading unintegrated AnnData...
Unintegrated data loaded.
Reading integrated AnnData...
Integrated data loaded.
Starting evaluation...
Transferred Technology and majority_voting_Level2 to integrated AnnData.
Aliased SCVI graph to neighbors/distances/connectivities.
/env/lib/python3.10/site-packages/scib/metrics/metrics.py:293: DeprecationWarning: Call to deprecated function (or staticmethod) opt_louvain.
  res_max, nmi_max, nmi_all = opt_louvain(
Clustering...
resolution: 0.1, nmi: 0.47559299797580923
resolution: 0.2, nmi: 0.4787830273171021
resolution: 0.3, nmi: 0.4866634189707916
resolution: 0.4, nmi: 0.4703636251094144
resolution: 0.5, nmi: 0.46047361144901705
resolution: 0.6, nmi: 0.4670756306139465
resolution: 0.7, nmi: 0.4652430461888222
resolution: 0.8, nmi: 0.4608041846719395
resolution: 0.9, nmi: 0.45630997012869173
resolution: 1.0, nmi: 0.4548742216717057
resolution: 1.1, nmi: 0.4519226677025774
resolution: 1.2, nmi: 0.45004147038618697
resolution: 1.3, nmi: 0.4436649988573996
resolution: 1.4, nmi: 0.44193599303856534
resolution: 1.5, nmi: 0.43975104329627784
resolution: 1.6, nmi: 0.4391161704023714
resolution: 1.7, nmi: 0.44080470054650117
resolution: 1.8, nmi: 0.44386829090519725
resolution: 1.9, nmi: 0.44027159397342014
resolution: 2.0, nmi: 0.4380045715978933
optimised clustering against majority_voting_Level2
optimal cluster resolution: 0.3
optimal score: 0.4866634189707916
NMI...
ARI...
Silhouette score...
Graph connectivity...
/env/lib/python3.10/site-packages/scib/metrics/graph_connectivity.py:56: FutureWarning: pandas.value_counts is deprecated and will be removed in a future version. Use pd.Series(obj).value_counts() instead.
  tab = pd.value_counts(labels)
/env/lib/python3.10/site-packages/scib/metrics/graph_connectivity.py:56: FutureWarning: pandas.value_counts is deprecated and will be removed in a future version. Use pd.Series(obj).value_counts() instead.
  tab = pd.value_counts(labels)
/env/lib/python3.10/site-packages/scib/metrics/graph_connectivity.py:56: FutureWarning: pandas.value_counts is deprecated and will be removed in a future version. Use pd.Series(obj).value_counts() instead.
  tab = pd.value_counts(labels)
/env/lib/python3.10/site-packages/scib/metrics/graph_connectivity.py:56: FutureWarning: pandas.value_counts is deprecated and will be removed in a future version. Use pd.Series(obj).value_counts() instead.
  tab = pd.value_counts(labels)
/env/lib/python3.10/site-packages/scib/metrics/graph_connectivity.py:56: FutureWarning: pandas.value_counts is deprecated and will be removed in a future version. Use pd.Series(obj).value_counts() instead.
  tab = pd.value_counts(labels)
/env/lib/python3.10/site-packages/scib/metrics/graph_connectivity.py:56: FutureWarning: pandas.value_counts is deprecated and will be removed in a future version. Use pd.Series(obj).value_counts() instead.
  tab = pd.value_counts(labels)
/env/lib/python3.10/site-packages/scib/metrics/graph_connectivity.py:56: FutureWarning: pandas.value_counts is deprecated and will be removed in a future version. Use pd.Series(obj).value_counts() instead.
  tab = pd.value_counts(labels)
/env/lib/python3.10/site-packages/scib/metrics/graph_connectivity.py:56: FutureWarning: pandas.value_counts is deprecated and will be removed in a future version. Use pd.Series(obj).value_counts() instead.
  tab = pd.value_counts(labels)
/env/lib/python3.10/site-packages/scib/metrics/graph_connectivity.py:56: FutureWarning: pandas.value_counts is deprecated and will be removed in a future version. Use pd.Series(obj).value_counts() instead.
  tab = pd.value_counts(labels)
/env/lib/python3.10/site-packages/scib/metrics/graph_connectivity.py:56: FutureWarning: pandas.value_counts is deprecated and will be removed in a future version. Use pd.Series(obj).value_counts() instead.
  tab = pd.value_counts(labels)
/env/lib/python3.10/site-packages/scib/metrics/graph_connectivity.py:56: FutureWarning: pandas.value_counts is deprecated and will be removed in a future version. Use pd.Series(obj).value_counts() instead.
  tab = pd.value_counts(labels)
/env/lib/python3.10/site-packages/scib/metrics/graph_connectivity.py:56: FutureWarning: pandas.value_counts is deprecated and will be removed in a future version. Use pd.Series(obj).value_counts() instead.
  tab = pd.value_counts(labels)
/env/lib/python3.10/site-packages/scib/metrics/graph_connectivity.py:56: FutureWarning: pandas.value_counts is deprecated and will be removed in a future version. Use pd.Series(obj).value_counts() instead.
  tab = pd.value_counts(labels)
/env/lib/python3.10/site-packages/scib/metrics/graph_connectivity.py:56: FutureWarning: pandas.value_counts is deprecated and will be removed in a future version. Use pd.Series(obj).value_counts() instead.
  tab = pd.value_counts(labels)
kBET...
batch: Technology
Use 70 nearest neighbors.
/env/lib/python3.10/site-packages/scib/metrics/kbet.py:158: FutureWarning: pandas.value_counts is deprecated and will be removed in a future version. Use pd.Series(obj).value_counts() instead.
  comp_size = pd.value_counts(labs)
Adding diffusion to step 4
Adding diffusion to step 5
Adding diffusion to step 6
Adding diffusion to step 7
Adding diffusion to step 8
Adding diffusion to step 9
Adding diffusion to step 10
Adding diffusion to step 11
/env/lib/python3.10/site-packages/scib/metrics/kbet.py:229: DeprecationWarning: The global conversion available with activate() is deprecated and will be removed in the next major release. Use a local converter.
  anndata2ri.activate()
importing expression matrix
kBET estimation
Number of kBET tests is set to 8020.
Use 70 nearest neighbors.
/env/lib/python3.10/site-packages/scib/metrics/kbet.py:158: FutureWarning: pandas.value_counts is deprecated and will be removed in a future version. Use pd.Series(obj).value_counts() instead.
  comp_size = pd.value_counts(labs)
Adding diffusion to step 4

------------------------------------------------------------
Sender: LSF System <lsfadmin@node-14-22>
Subject: Job 225710: <module load cellgen/singularity;      singularity exec --cleanenv --home /tmp/sm54 --bind /lustre,/nfs /nfs/cellgeni/singularity/images/scib-1.1.5.sif           python -u 06_evaluate_batch_correction.py --adata_uninteg /lustre/scratch126/cellgen/haniffa/sm54/BoneAtlasProject/data/bone_atlas_filtered_with_metadata_scvi.h5ad                          --adata_int /lustre/scratch126/cellgen/haniffa/sm54/BoneAtlasProject/data/bone_atlas_scvi_runs/processed_adata/adata_nlatent25_nlayers4_nhidden128_nhvg10000.h5ad                          --output_csv /lustre/scratch126/cellgen/haniffa/sm54/BoneAtlasProject/data/bone_atlas_scvi_runs/scib_output/adata_nlatent25_nlayers4_nhidden128_nhvg10000_evaluation_metrics.csv                          --batch_key Technology                          --label_key majority_voting_Level2> in cluster <farm22> Exited

Job <module load cellgen/singularity;      singularity exec --cleanenv --home /tmp/sm54 --bind /lustre,/nfs /nfs/cellgeni/singularity/images/scib-1.1.5.sif           python -u 06_evaluate_batch_correction.py --adata_uninteg /lustre/scratch126/cellgen/haniffa/sm54/BoneAtlasProject/data/bone_atlas_filtered_with_metadata_scvi.h5ad                          --adata_int /lustre/scratch126/cellgen/haniffa/sm54/BoneAtlasProject/data/bone_atlas_scvi_runs/processed_adata/adata_nlatent25_nlayers4_nhidden128_nhvg10000.h5ad                          --output_csv /lustre/scratch126/cellgen/haniffa/sm54/BoneAtlasProject/data/bone_atlas_scvi_runs/scib_output/adata_nlatent25_nlayers4_nhidden128_nhvg10000_evaluation_metrics.csv                          --batch_key Technology                          --label_key majority_voting_Level2> was submitted from host <farm22-head1> by user <sm54> in cluster <farm22> at Mon Jul 14 16:46:09 2025
Job was executed on host(s) <8*node-14-22>, in queue <long>, as user <sm54> in cluster <farm22> at Mon Jul 14 18:24:25 2025
</nfs/users/nfs_s/sm54> was used as the home directory.
</nfs/team298/sm54/BoneAtlasProject/src/integration> was used as the working directory.
Started at Mon Jul 14 18:24:25 2025
Terminated at Tue Jul 15 13:02:10 2025
Results reported at Tue Jul 15 13:02:10 2025

Your job looked like:

------------------------------------------------------------
# LSBATCH: User input
module load cellgen/singularity;      singularity exec --cleanenv --home /tmp/sm54 --bind /lustre,/nfs /nfs/cellgeni/singularity/images/scib-1.1.5.sif           python -u 06_evaluate_batch_correction.py --adata_uninteg /lustre/scratch126/cellgen/haniffa/sm54/BoneAtlasProject/data/bone_atlas_filtered_with_metadata_scvi.h5ad                          --adata_int /lustre/scratch126/cellgen/haniffa/sm54/BoneAtlasProject/data/bone_atlas_scvi_runs/processed_adata/adata_nlatent25_nlayers4_nhidden128_nhvg10000.h5ad                          --output_csv /lustre/scratch126/cellgen/haniffa/sm54/BoneAtlasProject/data/bone_atlas_scvi_runs/scib_output/adata_nlatent25_nlayers4_nhidden128_nhvg10000_evaluation_metrics.csv                          --batch_key Technology                          --label_key majority_voting_Level2
------------------------------------------------------------

TERM_OWNER: job killed by owner.
Exited with signal termination: 9.

Resource usage summary:

    CPU time :                                   161230.00 sec.
    Max Memory :                                 326889 MB
    Average Memory :                             86634.71 MB
    Total Requested Memory :                     650000.00 MB
    Delta Memory :                               323111.00 MB
    Max Swap :                                   2 MB
    Max Processes :                              4
    Max Threads :                                38
    Run time :                                   67064 sec.
    Turnaround time :                            72961 sec.

The output (if any) is above this job summary.

