reading in unintegrated adata...
adata unintegrated read in
reading in integrated adata...
 integrated adata read in
Calling evaluation function with parsed arguments...
Transferred Technology and majority_voting_Level2 to integrated AnnData.
/env/lib/python3.10/site-packages/scib/metrics/metrics.py:293: DeprecationWarning: Call to deprecated function (or staticmethod) opt_louvain.
  res_max, nmi_max, nmi_all = opt_louvain(
Clustering...
computing neighbours for opt_cluster
resolution: 0.1, nmi: 0.43108897407612423
resolution: 0.2, nmi: 0.43871964364145577
resolution: 0.3, nmi: 0.46018923482105834
resolution: 0.4, nmi: 0.45674626676610486
resolution: 0.5, nmi: 0.46300246091409836
resolution: 0.6, nmi: 0.46090676389562507
resolution: 0.7, nmi: 0.461058123864876
resolution: 0.8, nmi: 0.4568762425394663
resolution: 0.9, nmi: 0.45010592966863916
resolution: 1.0, nmi: 0.4517729063334889
resolution: 1.1, nmi: 0.4498231322593927
resolution: 1.2, nmi: 0.44394527374623793
resolution: 1.3, nmi: 0.4467290594068356
resolution: 1.4, nmi: 0.44611259257891606
resolution: 1.5, nmi: 0.43996815748031104
resolution: 1.6, nmi: 0.4426533244174465
resolution: 1.7, nmi: 0.4399494060017637
resolution: 1.8, nmi: 0.4361480235802692
resolution: 1.9, nmi: 0.4361132768691756
resolution: 2.0, nmi: 0.43354638694884373
optimised clustering against majority_voting_Level2
optimal cluster resolution: 0.5
optimal score: 0.46300246091409836
NMI...
ARI...
Silhouette score...
PC regression...
covariate: Technology
compute PCA n_comps: 50
/env/lib/python3.10/site-packages/scanpy/preprocessing/_pca.py:374: FutureWarning: Argument `use_highly_variable` is deprecated, consider using the mask argument. Use_highly_variable=True can be called through mask_var="highly_variable". Use_highly_variable=False can be called through mask_var=None
  warn(msg, FutureWarning)
covariate: Technology
Compute PCR on embedding n_comps: 50
/env/lib/python3.10/site-packages/scanpy/preprocessing/_pca.py:374: FutureWarning: Argument `use_highly_variable` is deprecated, consider using the mask argument. Use_highly_variable=True can be called through mask_var="highly_variable". Use_highly_variable=False can be called through mask_var=None
  warn(msg, FutureWarning)
cell cycle effect...
/env/lib/python3.10/site-packages/scib/preprocessing.py:689: FutureWarning: The specified parameters ('s_genes', 'g2m_genes') are no longer positional. Please specify them like `s_genes=['MCM5', 'PCNA', 'TYMS', 'FEN1', 'MCM2', 'MCM4', 'RRM1', 'UNG', 'GINS2', 'MCM6', 'CDCA7', 'DTL', 'PRIM1', 'UHRF1', 'HELLS', 'RFC2', 'RPA2', 'NASP', 'RAD51AP1', 'GMNN', 'WDR76', 'SLBP', 'CCNE2', 'UBR7', 'POLD3', 'MSH2', 'ATAD2', 'RAD51', 'RRM2', 'CDC45', 'CDC6', 'EXO1', 'TIPIN', 'DSCC1', 'BLM', 'CASP8AP2', 'USP1', 'CLSPN', 'POLA1', 'CHAF1B', 'BRIP1', 'E2F8']`
  sc.tl.score_genes_cell_cycle(adata, s_genes, g2m_genes)
/env/lib/python3.10/site-packages/scanpy/tools/_score_genes.py:169: ImplicitModificationWarning: Trying to modify attribute `.obs` of view, initializing view as actual.
  adata.obs[score_name] = pd.Series(
/env/lib/python3.10/site-packages/scanpy/preprocessing/_pca.py:374: FutureWarning: Argument `use_highly_variable` is deprecated, consider using the mask argument. Use_highly_variable=True can be called through mask_var="highly_variable". Use_highly_variable=False can be called through mask_var=None
  warn(msg, FutureWarning)
/env/lib/python3.10/site-packages/scanpy/preprocessing/_pca.py:374: FutureWarning: Argument `use_highly_variable` is deprecated, consider using the mask argument. Use_highly_variable=True can be called through mask_var="highly_variable". Use_highly_variable=False can be called through mask_var=None
  warn(msg, FutureWarning)
/env/lib/python3.10/site-packages/scib/preprocessing.py:689: FutureWarning: The specified parameters ('s_genes', 'g2m_genes') are no longer positional. Please specify them like `s_genes=['MCM5', 'PCNA', 'TYMS', 'FEN1', 'MCM2', 'MCM4', 'RRM1', 'UNG', 'GINS2', 'MCM6', 'CDCA7', 'DTL', 'PRIM1', 'UHRF1', 'HELLS', 'RFC2', 'RPA2', 'NASP', 'RAD51AP1', 'GMNN', 'WDR76', 'SLBP', 'CCNE2', 'UBR7', 'POLD3', 'MSH2', 'ATAD2', 'RAD51', 'RRM2', 'CDC45', 'CDC6', 'EXO1', 'TIPIN', 'DSCC1', 'BLM', 'CASP8AP2', 'USP1', 'CLSPN', 'POLA1', 'CHAF1B', 'BRIP1', 'E2F8']`
  sc.tl.score_genes_cell_cycle(adata, s_genes, g2m_genes)
/env/lib/python3.10/site-packages/scanpy/tools/_score_genes.py:169: ImplicitModificationWarning: Trying to modify attribute `.obs` of view, initializing view as actual.
  adata.obs[score_name] = pd.Series(
/env/lib/python3.10/site-packages/scanpy/preprocessing/_pca.py:374: FutureWarning: Argument `use_highly_variable` is deprecated, consider using the mask argument. Use_highly_variable=True can be called through mask_var="highly_variable". Use_highly_variable=False can be called through mask_var=None
  warn(msg, FutureWarning)
/env/lib/python3.10/site-packages/scanpy/preprocessing/_pca.py:374: FutureWarning: Argument `use_highly_variable` is deprecated, consider using the mask argument. Use_highly_variable=True can be called through mask_var="highly_variable". Use_highly_variable=False can be called through mask_var=None
  warn(msg, FutureWarning)
Graph connectivity...
/env/lib/python3.10/site-packages/scib/metrics/graph_connectivity.py:56: FutureWarning: pandas.value_counts is deprecated and will be removed in a future version. Use pd.Series(obj).value_counts() instead.
  tab = pd.value_counts(labels)
/env/lib/python3.10/site-packages/scib/metrics/graph_connectivity.py:56: FutureWarning: pandas.value_counts is deprecated and will be removed in a future version. Use pd.Series(obj).value_counts() instead.
  tab = pd.value_counts(labels)
/env/lib/python3.10/site-packages/scib/metrics/graph_connectivity.py:56: FutureWarning: pandas.value_counts is deprecated and will be removed in a future version. Use pd.Series(obj).value_counts() instead.
  tab = pd.value_counts(labels)
/env/lib/python3.10/site-packages/scib/metrics/graph_connectivity.py:56: FutureWarning: pandas.value_counts is deprecated and will be removed in a future version. Use pd.Series(obj).value_counts() instead.
  tab = pd.value_counts(labels)
/env/lib/python3.10/site-packages/scib/metrics/graph_connectivity.py:56: FutureWarning: pandas.value_counts is deprecated and will be removed in a future version. Use pd.Series(obj).value_counts() instead.
  tab = pd.value_counts(labels)
/env/lib/python3.10/site-packages/scib/metrics/graph_connectivity.py:56: FutureWarning: pandas.value_counts is deprecated and will be removed in a future version. Use pd.Series(obj).value_counts() instead.
  tab = pd.value_counts(labels)
/env/lib/python3.10/site-packages/scib/metrics/graph_connectivity.py:56: FutureWarning: pandas.value_counts is deprecated and will be removed in a future version. Use pd.Series(obj).value_counts() instead.
  tab = pd.value_counts(labels)
/env/lib/python3.10/site-packages/scib/metrics/graph_connectivity.py:56: FutureWarning: pandas.value_counts is deprecated and will be removed in a future version. Use pd.Series(obj).value_counts() instead.
  tab = pd.value_counts(labels)
/env/lib/python3.10/site-packages/scib/metrics/graph_connectivity.py:56: FutureWarning: pandas.value_counts is deprecated and will be removed in a future version. Use pd.Series(obj).value_counts() instead.
  tab = pd.value_counts(labels)
/env/lib/python3.10/site-packages/scib/metrics/graph_connectivity.py:56: FutureWarning: pandas.value_counts is deprecated and will be removed in a future version. Use pd.Series(obj).value_counts() instead.
  tab = pd.value_counts(labels)
/env/lib/python3.10/site-packages/scib/metrics/graph_connectivity.py:56: FutureWarning: pandas.value_counts is deprecated and will be removed in a future version. Use pd.Series(obj).value_counts() instead.
  tab = pd.value_counts(labels)
/env/lib/python3.10/site-packages/scib/metrics/graph_connectivity.py:56: FutureWarning: pandas.value_counts is deprecated and will be removed in a future version. Use pd.Series(obj).value_counts() instead.
  tab = pd.value_counts(labels)
/env/lib/python3.10/site-packages/scib/metrics/graph_connectivity.py:56: FutureWarning: pandas.value_counts is deprecated and will be removed in a future version. Use pd.Series(obj).value_counts() instead.
  tab = pd.value_counts(labels)
/env/lib/python3.10/site-packages/scib/metrics/graph_connectivity.py:56: FutureWarning: pandas.value_counts is deprecated and will be removed in a future version. Use pd.Series(obj).value_counts() instead.
  tab = pd.value_counts(labels)
kBET...
batch: Technology
Use 70 nearest neighbors.
/env/lib/python3.10/site-packages/scib/metrics/kbet.py:158: FutureWarning: pandas.value_counts is deprecated and will be removed in a future version. Use pd.Series(obj).value_counts() instead.
  comp_size = pd.value_counts(labs)
Adding diffusion to step 4
Adding diffusion to step 5
Adding diffusion to step 6
Adding diffusion to step 7
Adding diffusion to step 8
Adding diffusion to step 9
Adding diffusion to step 10
Adding diffusion to step 11
Adding diffusion to step 12
/env/lib/python3.10/site-packages/scib/metrics/kbet.py:229: DeprecationWarning: The global conversion available with activate() is deprecated and will be removed in the next major release. Use a local converter.
  anndata2ri.activate()
importing expression matrix
kBET estimation
Number of kBET tests is set to 8020.
Use 70 nearest neighbors.
/env/lib/python3.10/site-packages/scib/metrics/kbet.py:158: FutureWarning: pandas.value_counts is deprecated and will be removed in a future version. Use pd.Series(obj).value_counts() instead.
  comp_size = pd.value_counts(labs)
Adding diffusion to step 4
User defined signal 2

------------------------------------------------------------
Sender: LSF System <lsfadmin@node-12-3-2>
Subject: Job 42406: <module load cellgen/singularity;      singularity exec --cleanenv --home /tmp/sm54 --bind /lustre,/nfs /nfs/cellgeni/singularity/images/scib-1.1.5.sif           python -u 06_evaluate_batch_correction.py --adata_uninteg /lustre/scratch126/cellgen/haniffa/sm54/BoneAtlasProject/data/bone_atlas_filtered_with_metadata_scvi.h5ad                          --adata_int /lustre/scratch126/cellgen/haniffa/sm54/BoneAtlasProject/data/bone_atlas_scvi_runs/processed_adata/adata_nlatent30_nlayers2_nhidden128_nhvg5000.h5ad                          --output_csv /lustre/scratch126/cellgen/haniffa/sm54/BoneAtlasProject/data/bone_atlas_scvi_runs/scib_output/adata_nlatent30_nlayers2_nhidden128_nhvg5000_evaluation_metrics.csv                          --batch_key Technology                          --label_key majority_voting_Level2> in cluster <farm22> Exited

Job <module load cellgen/singularity;      singularity exec --cleanenv --home /tmp/sm54 --bind /lustre,/nfs /nfs/cellgeni/singularity/images/scib-1.1.5.sif           python -u 06_evaluate_batch_correction.py --adata_uninteg /lustre/scratch126/cellgen/haniffa/sm54/BoneAtlasProject/data/bone_atlas_filtered_with_metadata_scvi.h5ad                          --adata_int /lustre/scratch126/cellgen/haniffa/sm54/BoneAtlasProject/data/bone_atlas_scvi_runs/processed_adata/adata_nlatent30_nlayers2_nhidden128_nhvg5000.h5ad                          --output_csv /lustre/scratch126/cellgen/haniffa/sm54/BoneAtlasProject/data/bone_atlas_scvi_runs/scib_output/adata_nlatent30_nlayers2_nhidden128_nhvg5000_evaluation_metrics.csv                          --batch_key Technology                          --label_key majority_voting_Level2> was submitted from host <farm22-head1> by user <sm54> in cluster <farm22> at Sat Jul 12 02:26:17 2025
Job was executed on host(s) <8*node-12-3-2>, in queue <long>, as user <sm54> in cluster <farm22> at Sat Jul 12 02:26:17 2025
</nfs/users/nfs_s/sm54> was used as the home directory.
</nfs/team298/sm54/BoneAtlasProject/src/integration> was used as the working directory.
Started at Sat Jul 12 02:26:17 2025
Terminated at Mon Jul 14 02:26:28 2025
Results reported at Mon Jul 14 02:26:28 2025

Your job looked like:

------------------------------------------------------------
# LSBATCH: User input
module load cellgen/singularity;      singularity exec --cleanenv --home /tmp/sm54 --bind /lustre,/nfs /nfs/cellgeni/singularity/images/scib-1.1.5.sif           python -u 06_evaluate_batch_correction.py --adata_uninteg /lustre/scratch126/cellgen/haniffa/sm54/BoneAtlasProject/data/bone_atlas_filtered_with_metadata_scvi.h5ad                          --adata_int /lustre/scratch126/cellgen/haniffa/sm54/BoneAtlasProject/data/bone_atlas_scvi_runs/processed_adata/adata_nlatent30_nlayers2_nhidden128_nhvg5000.h5ad                          --output_csv /lustre/scratch126/cellgen/haniffa/sm54/BoneAtlasProject/data/bone_atlas_scvi_runs/scib_output/adata_nlatent30_nlayers2_nhidden128_nhvg5000_evaluation_metrics.csv                          --batch_key Technology                          --label_key majority_voting_Level2
------------------------------------------------------------

TERM_RUNLIMIT: job killed after reaching LSF run time limit.
Exited with exit code 140.

Resource usage summary:

    CPU time :                                   336164.50 sec.
    Max Memory :                                 346544 MB
    Average Memory :                             157717.86 MB
    Total Requested Memory :                     450000.00 MB
    Delta Memory :                               103456.00 MB
    Max Swap :                                   2 MB
    Max Processes :                              4
    Max Threads :                                37
    Run time :                                   172809 sec.
    Turnaround time :                            172811 sec.

The output (if any) is above this job summary.

