Reading unintegrated AnnData...
Unintegrated data loaded.
Reading integrated AnnData...
Integrated data loaded.
Starting evaluation...
Transferred Technology and majority_voting_Level2 to integrated AnnData.
Aliased SCVI graph to neighbors/distances/connectivities.
/env/lib/python3.10/site-packages/scib/metrics/metrics.py:293: DeprecationWarning: Call to deprecated function (or staticmethod) opt_louvain.
  res_max, nmi_max, nmi_all = opt_louvain(
Clustering...
resolution: 0.1, nmi: 0.45656943347012513
resolution: 0.2, nmi: 0.4532876015022703
resolution: 0.3, nmi: 0.44668660364705975
resolution: 0.4, nmi: 0.4569944226499846
resolution: 0.5, nmi: 0.46262008043191793
resolution: 0.6, nmi: 0.4568423040443897
resolution: 0.7, nmi: 0.4584171676611273
resolution: 0.8, nmi: 0.453158123053682
resolution: 0.9, nmi: 0.45217360625061415
resolution: 1.0, nmi: 0.456930349519771
resolution: 1.1, nmi: 0.44841275315180046
resolution: 1.2, nmi: 0.4476109165575377
resolution: 1.3, nmi: 0.44871175152393794
resolution: 1.4, nmi: 0.44714228950217483
resolution: 1.5, nmi: 0.4412419486830506
resolution: 1.6, nmi: 0.43673257678005545
resolution: 1.7, nmi: 0.4373181453185416
resolution: 1.8, nmi: 0.44087035680092307
resolution: 1.9, nmi: 0.43813388398332903
resolution: 2.0, nmi: 0.43860455729831005
optimised clustering against majority_voting_Level2
optimal cluster resolution: 0.5
optimal score: 0.46262008043191793
NMI...
ARI...
Silhouette score...
Graph connectivity...
/env/lib/python3.10/site-packages/scib/metrics/graph_connectivity.py:56: FutureWarning: pandas.value_counts is deprecated and will be removed in a future version. Use pd.Series(obj).value_counts() instead.
  tab = pd.value_counts(labels)
/env/lib/python3.10/site-packages/scib/metrics/graph_connectivity.py:56: FutureWarning: pandas.value_counts is deprecated and will be removed in a future version. Use pd.Series(obj).value_counts() instead.
  tab = pd.value_counts(labels)
/env/lib/python3.10/site-packages/scib/metrics/graph_connectivity.py:56: FutureWarning: pandas.value_counts is deprecated and will be removed in a future version. Use pd.Series(obj).value_counts() instead.
  tab = pd.value_counts(labels)
/env/lib/python3.10/site-packages/scib/metrics/graph_connectivity.py:56: FutureWarning: pandas.value_counts is deprecated and will be removed in a future version. Use pd.Series(obj).value_counts() instead.
  tab = pd.value_counts(labels)
/env/lib/python3.10/site-packages/scib/metrics/graph_connectivity.py:56: FutureWarning: pandas.value_counts is deprecated and will be removed in a future version. Use pd.Series(obj).value_counts() instead.
  tab = pd.value_counts(labels)
/env/lib/python3.10/site-packages/scib/metrics/graph_connectivity.py:56: FutureWarning: pandas.value_counts is deprecated and will be removed in a future version. Use pd.Series(obj).value_counts() instead.
  tab = pd.value_counts(labels)
/env/lib/python3.10/site-packages/scib/metrics/graph_connectivity.py:56: FutureWarning: pandas.value_counts is deprecated and will be removed in a future version. Use pd.Series(obj).value_counts() instead.
  tab = pd.value_counts(labels)
/env/lib/python3.10/site-packages/scib/metrics/graph_connectivity.py:56: FutureWarning: pandas.value_counts is deprecated and will be removed in a future version. Use pd.Series(obj).value_counts() instead.
  tab = pd.value_counts(labels)
/env/lib/python3.10/site-packages/scib/metrics/graph_connectivity.py:56: FutureWarning: pandas.value_counts is deprecated and will be removed in a future version. Use pd.Series(obj).value_counts() instead.
  tab = pd.value_counts(labels)
/env/lib/python3.10/site-packages/scib/metrics/graph_connectivity.py:56: FutureWarning: pandas.value_counts is deprecated and will be removed in a future version. Use pd.Series(obj).value_counts() instead.
  tab = pd.value_counts(labels)
/env/lib/python3.10/site-packages/scib/metrics/graph_connectivity.py:56: FutureWarning: pandas.value_counts is deprecated and will be removed in a future version. Use pd.Series(obj).value_counts() instead.
  tab = pd.value_counts(labels)
/env/lib/python3.10/site-packages/scib/metrics/graph_connectivity.py:56: FutureWarning: pandas.value_counts is deprecated and will be removed in a future version. Use pd.Series(obj).value_counts() instead.
  tab = pd.value_counts(labels)
/env/lib/python3.10/site-packages/scib/metrics/graph_connectivity.py:56: FutureWarning: pandas.value_counts is deprecated and will be removed in a future version. Use pd.Series(obj).value_counts() instead.
  tab = pd.value_counts(labels)
/env/lib/python3.10/site-packages/scib/metrics/graph_connectivity.py:56: FutureWarning: pandas.value_counts is deprecated and will be removed in a future version. Use pd.Series(obj).value_counts() instead.
  tab = pd.value_counts(labels)
Metrics saved to: /lustre/scratch126/cellgen/haniffa/sm54/BoneAtlasProject/data/bone_atlas_scvi_runs/scib_output/adata_nlatent20_nlayers2_nhidden128_nhvg10000_evaluation_metrics.csv

------------------------------------------------------------
Sender: LSF System <lsfadmin@node-13-10>
Subject: Job 371487: <module load cellgen/singularity;      singularity exec --cleanenv --home /tmp/sm54 --bind /lustre,/nfs /nfs/cellgeni/singularity/images/scib-1.1.5.sif           python -u 06_evaluate_batch_correction.py --adata_uninteg /lustre/scratch126/cellgen/haniffa/sm54/BoneAtlasProject/data/bone_atlas_filtered_with_metadata_scvi.h5ad                          --adata_int /lustre/scratch126/cellgen/haniffa/sm54/BoneAtlasProject/data/bone_atlas_scvi_runs/processed_adata/adata_nlatent20_nlayers2_nhidden128_nhvg10000.h5ad                          --output_csv /lustre/scratch126/cellgen/haniffa/sm54/BoneAtlasProject/data/bone_atlas_scvi_runs/scib_output/adata_nlatent20_nlayers2_nhidden128_nhvg10000_evaluation_metrics.csv                          --batch_key Technology                          --label_key majority_voting_Level2> in cluster <farm22> Done

Job <module load cellgen/singularity;      singularity exec --cleanenv --home /tmp/sm54 --bind /lustre,/nfs /nfs/cellgeni/singularity/images/scib-1.1.5.sif           python -u 06_evaluate_batch_correction.py --adata_uninteg /lustre/scratch126/cellgen/haniffa/sm54/BoneAtlasProject/data/bone_atlas_filtered_with_metadata_scvi.h5ad                          --adata_int /lustre/scratch126/cellgen/haniffa/sm54/BoneAtlasProject/data/bone_atlas_scvi_runs/processed_adata/adata_nlatent20_nlayers2_nhidden128_nhvg10000.h5ad                          --output_csv /lustre/scratch126/cellgen/haniffa/sm54/BoneAtlasProject/data/bone_atlas_scvi_runs/scib_output/adata_nlatent20_nlayers2_nhidden128_nhvg10000_evaluation_metrics.csv                          --batch_key Technology                          --label_key majority_voting_Level2> was submitted from host <farm22-head1> by user <sm54> in cluster <farm22> at Tue Jul 15 13:17:32 2025
Job was executed on host(s) <8*node-13-10>, in queue <long>, as user <sm54> in cluster <farm22> at Tue Jul 15 13:17:52 2025
</nfs/users/nfs_s/sm54> was used as the home directory.
</nfs/team298/sm54/BoneAtlasProject/src/integration> was used as the working directory.
Started at Tue Jul 15 13:17:52 2025
Terminated at Wed Jul 16 02:56:14 2025
Results reported at Wed Jul 16 02:56:14 2025

Your job looked like:

------------------------------------------------------------
# LSBATCH: User input
module load cellgen/singularity;      singularity exec --cleanenv --home /tmp/sm54 --bind /lustre,/nfs /nfs/cellgeni/singularity/images/scib-1.1.5.sif           python -u 06_evaluate_batch_correction.py --adata_uninteg /lustre/scratch126/cellgen/haniffa/sm54/BoneAtlasProject/data/bone_atlas_filtered_with_metadata_scvi.h5ad                          --adata_int /lustre/scratch126/cellgen/haniffa/sm54/BoneAtlasProject/data/bone_atlas_scvi_runs/processed_adata/adata_nlatent20_nlayers2_nhidden128_nhvg10000.h5ad                          --output_csv /lustre/scratch126/cellgen/haniffa/sm54/BoneAtlasProject/data/bone_atlas_scvi_runs/scib_output/adata_nlatent20_nlayers2_nhidden128_nhvg10000_evaluation_metrics.csv                          --batch_key Technology                          --label_key majority_voting_Level2
------------------------------------------------------------

Successfully completed.

Resource usage summary:

    CPU time :                                   153744.19 sec.
    Max Memory :                                 70352 MB
    Average Memory :                             64856.93 MB
    Total Requested Memory :                     650000.00 MB
    Delta Memory :                               579648.00 MB
    Max Swap :                                   2 MB
    Max Processes :                              5
    Max Threads :                                26
    Run time :                                   49102 sec.
    Turnaround time :                            49122 sec.

The output (if any) is above this job summary.

