Reading unintegrated AnnData...
Unintegrated data loaded.
Reading integrated AnnData...
Integrated data loaded.
Starting evaluation...
Transferred Technology and majority_voting_Level2 to integrated AnnData.
Aliased SCVI graph to neighbors/distances/connectivities.
/env/lib/python3.10/site-packages/scib/metrics/metrics.py:293: DeprecationWarning: Call to deprecated function (or staticmethod) opt_louvain.
  res_max, nmi_max, nmi_all = opt_louvain(
Clustering...
resolution: 0.1, nmi: 0.4475842369811574
resolution: 0.2, nmi: 0.44383174106318524
resolution: 0.3, nmi: 0.44106619274560854
resolution: 0.4, nmi: 0.4519920900313085
resolution: 0.5, nmi: 0.4465850381950503
resolution: 0.6, nmi: 0.44979640889866235
resolution: 0.7, nmi: 0.4460826686612317
resolution: 0.8, nmi: 0.44737420373505005
resolution: 0.9, nmi: 0.44475623428606664
resolution: 1.0, nmi: 0.44006849355279226
resolution: 1.1, nmi: 0.44349065799271825
resolution: 1.2, nmi: 0.44212418122136693
resolution: 1.3, nmi: 0.43737317273856885
resolution: 1.4, nmi: 0.4410106106607833
resolution: 1.5, nmi: 0.4399038238929368
resolution: 1.6, nmi: 0.436440834345245
resolution: 1.7, nmi: 0.4370630977496055
resolution: 1.8, nmi: 0.4355981479382808
resolution: 1.9, nmi: 0.4354698189753
resolution: 2.0, nmi: 0.431903475685216
optimised clustering against majority_voting_Level2
optimal cluster resolution: 0.4
optimal score: 0.4519920900313085
NMI...
ARI...
Silhouette score...
Graph connectivity...
/env/lib/python3.10/site-packages/scib/metrics/graph_connectivity.py:56: FutureWarning: pandas.value_counts is deprecated and will be removed in a future version. Use pd.Series(obj).value_counts() instead.
  tab = pd.value_counts(labels)
/env/lib/python3.10/site-packages/scib/metrics/graph_connectivity.py:56: FutureWarning: pandas.value_counts is deprecated and will be removed in a future version. Use pd.Series(obj).value_counts() instead.
  tab = pd.value_counts(labels)
/env/lib/python3.10/site-packages/scib/metrics/graph_connectivity.py:56: FutureWarning: pandas.value_counts is deprecated and will be removed in a future version. Use pd.Series(obj).value_counts() instead.
  tab = pd.value_counts(labels)
/env/lib/python3.10/site-packages/scib/metrics/graph_connectivity.py:56: FutureWarning: pandas.value_counts is deprecated and will be removed in a future version. Use pd.Series(obj).value_counts() instead.
  tab = pd.value_counts(labels)
/env/lib/python3.10/site-packages/scib/metrics/graph_connectivity.py:56: FutureWarning: pandas.value_counts is deprecated and will be removed in a future version. Use pd.Series(obj).value_counts() instead.
  tab = pd.value_counts(labels)
/env/lib/python3.10/site-packages/scib/metrics/graph_connectivity.py:56: FutureWarning: pandas.value_counts is deprecated and will be removed in a future version. Use pd.Series(obj).value_counts() instead.
  tab = pd.value_counts(labels)
/env/lib/python3.10/site-packages/scib/metrics/graph_connectivity.py:56: FutureWarning: pandas.value_counts is deprecated and will be removed in a future version. Use pd.Series(obj).value_counts() instead.
  tab = pd.value_counts(labels)
/env/lib/python3.10/site-packages/scib/metrics/graph_connectivity.py:56: FutureWarning: pandas.value_counts is deprecated and will be removed in a future version. Use pd.Series(obj).value_counts() instead.
  tab = pd.value_counts(labels)
/env/lib/python3.10/site-packages/scib/metrics/graph_connectivity.py:56: FutureWarning: pandas.value_counts is deprecated and will be removed in a future version. Use pd.Series(obj).value_counts() instead.
  tab = pd.value_counts(labels)
/env/lib/python3.10/site-packages/scib/metrics/graph_connectivity.py:56: FutureWarning: pandas.value_counts is deprecated and will be removed in a future version. Use pd.Series(obj).value_counts() instead.
  tab = pd.value_counts(labels)
/env/lib/python3.10/site-packages/scib/metrics/graph_connectivity.py:56: FutureWarning: pandas.value_counts is deprecated and will be removed in a future version. Use pd.Series(obj).value_counts() instead.
  tab = pd.value_counts(labels)
/env/lib/python3.10/site-packages/scib/metrics/graph_connectivity.py:56: FutureWarning: pandas.value_counts is deprecated and will be removed in a future version. Use pd.Series(obj).value_counts() instead.
  tab = pd.value_counts(labels)
/env/lib/python3.10/site-packages/scib/metrics/graph_connectivity.py:56: FutureWarning: pandas.value_counts is deprecated and will be removed in a future version. Use pd.Series(obj).value_counts() instead.
  tab = pd.value_counts(labels)
/env/lib/python3.10/site-packages/scib/metrics/graph_connectivity.py:56: FutureWarning: pandas.value_counts is deprecated and will be removed in a future version. Use pd.Series(obj).value_counts() instead.
  tab = pd.value_counts(labels)
kBET...
batch: Technology
Use 70 nearest neighbors.
/env/lib/python3.10/site-packages/scib/metrics/kbet.py:158: FutureWarning: pandas.value_counts is deprecated and will be removed in a future version. Use pd.Series(obj).value_counts() instead.
  comp_size = pd.value_counts(labs)
Adding diffusion to step 4
Adding diffusion to step 5
Adding diffusion to step 6
Adding diffusion to step 7
Adding diffusion to step 8
/env/lib/python3.10/site-packages/scib/metrics/kbet.py:229: DeprecationWarning: The global conversion available with activate() is deprecated and will be removed in the next major release. Use a local converter.
  anndata2ri.activate()
importing expression matrix
kBET estimation
Number of kBET tests is set to 8020.
Use 70 nearest neighbors.
/env/lib/python3.10/site-packages/scib/metrics/kbet.py:158: FutureWarning: pandas.value_counts is deprecated and will be removed in a future version. Use pd.Series(obj).value_counts() instead.
  comp_size = pd.value_counts(labs)
Adding diffusion to step 4
Terminated

------------------------------------------------------------
Sender: LSF System <lsfadmin@node-11-5-2>
Subject: Job 42694: <module load cellgen/singularity;      singularity exec --cleanenv --home /tmp/sm54 --bind /lustre,/nfs /nfs/cellgeni/singularity/images/scib-1.1.5.sif           python -u 06_evaluate_batch_correction.py --adata_uninteg /lustre/scratch126/cellgen/haniffa/sm54/BoneAtlasProject/data/bone_atlas_filtered_with_metadata_scvi.h5ad                          --adata_int /lustre/scratch126/cellgen/haniffa/sm54/BoneAtlasProject/data/bone_atlas_scvi_runs/processed_adata/adata_nlatent20_nlayers2_nhidden128_nhvg7500.h5ad                          --output_csv /lustre/scratch126/cellgen/haniffa/sm54/BoneAtlasProject/data/bone_atlas_scvi_runs/scib_output/adata_nlatent20_nlayers2_nhidden128_nhvg7500_evaluation_metrics.csv                          --batch_key Technology                          --label_key majority_voting_Level2> in cluster <farm22> Exited

Job <module load cellgen/singularity;      singularity exec --cleanenv --home /tmp/sm54 --bind /lustre,/nfs /nfs/cellgeni/singularity/images/scib-1.1.5.sif           python -u 06_evaluate_batch_correction.py --adata_uninteg /lustre/scratch126/cellgen/haniffa/sm54/BoneAtlasProject/data/bone_atlas_filtered_with_metadata_scvi.h5ad                          --adata_int /lustre/scratch126/cellgen/haniffa/sm54/BoneAtlasProject/data/bone_atlas_scvi_runs/processed_adata/adata_nlatent20_nlayers2_nhidden128_nhvg7500.h5ad                          --output_csv /lustre/scratch126/cellgen/haniffa/sm54/BoneAtlasProject/data/bone_atlas_scvi_runs/scib_output/adata_nlatent20_nlayers2_nhidden128_nhvg7500_evaluation_metrics.csv                          --batch_key Technology                          --label_key majority_voting_Level2> was submitted from host <farm22-head1> by user <sm54> in cluster <farm22> at Sat Jul 12 03:03:52 2025
Job was executed on host(s) <8*node-11-5-2>, in queue <long>, as user <sm54> in cluster <farm22> at Sat Jul 12 03:03:53 2025
</nfs/users/nfs_s/sm54> was used as the home directory.
</nfs/team298/sm54/BoneAtlasProject/src/integration> was used as the working directory.
Started at Sat Jul 12 03:03:53 2025
Terminated at Sat Jul 12 20:02:48 2025
Results reported at Sat Jul 12 20:02:48 2025

Your job looked like:

------------------------------------------------------------
# LSBATCH: User input
module load cellgen/singularity;      singularity exec --cleanenv --home /tmp/sm54 --bind /lustre,/nfs /nfs/cellgeni/singularity/images/scib-1.1.5.sif           python -u 06_evaluate_batch_correction.py --adata_uninteg /lustre/scratch126/cellgen/haniffa/sm54/BoneAtlasProject/data/bone_atlas_filtered_with_metadata_scvi.h5ad                          --adata_int /lustre/scratch126/cellgen/haniffa/sm54/BoneAtlasProject/data/bone_atlas_scvi_runs/processed_adata/adata_nlatent20_nlayers2_nhidden128_nhvg7500.h5ad                          --output_csv /lustre/scratch126/cellgen/haniffa/sm54/BoneAtlasProject/data/bone_atlas_scvi_runs/scib_output/adata_nlatent20_nlayers2_nhidden128_nhvg7500_evaluation_metrics.csv                          --batch_key Technology                          --label_key majority_voting_Level2
------------------------------------------------------------

TERM_MEMLIMIT: job killed after reaching LSF memory usage limit.
Exited with exit code 143.

Resource usage summary:

    CPU time :                                   194703.72 sec.
    Max Memory :                                 452233 MB
    Average Memory :                             85004.98 MB
    Total Requested Memory :                     450000.00 MB
    Delta Memory :                               -2233.00 MB
    Max Swap :                                   2 MB
    Max Processes :                              4
    Max Threads :                                34
    Run time :                                   61133 sec.
    Turnaround time :                            61136 sec.

The output (if any) is above this job summary.

