
------------------------------------------------------------
Sender: LSF System <lsfadmin@node-14-15>
Subject: Job 967093: <module load cellgen/singularity;           singularity exec --cleanenv --home /tmp/sm54 --bind /lustre,/nfs               /nfs/cellgeni/singularity/images/scib-1.1.5.sif               python 06_evaluate_batch_correction.py --adata_uninteg /lustre/scratch126/cellgen/haniffa/sm54/BoneAtlasProject/data/bone_atlas_filtered_with_metadata_scvi.h5ad                              --adata_int /lustre/scratch126/cellgen/haniffa/sm54/BoneAtlasProject/data/bone_atlas_scvi_runs/processed_adata/adata_nlatent15_nlayers2_nhidden128_nhvg10000.h5ad                              --output_csv /lustre/scratch126/cellgen/haniffa/sm54/BoneAtlasProject/data/bone_atlas_scvi_runs/scib_output/adata_nlatent15_nlayers2_nhidden128_nhvg10000_evaluation_metrics.csv                              --batch_key Technology                              --label_key majority_voting_Level2> in cluster <farm22> Exited

Job <module load cellgen/singularity;           singularity exec --cleanenv --home /tmp/sm54 --bind /lustre,/nfs               /nfs/cellgeni/singularity/images/scib-1.1.5.sif               python 06_evaluate_batch_correction.py --adata_uninteg /lustre/scratch126/cellgen/haniffa/sm54/BoneAtlasProject/data/bone_atlas_filtered_with_metadata_scvi.h5ad                              --adata_int /lustre/scratch126/cellgen/haniffa/sm54/BoneAtlasProject/data/bone_atlas_scvi_runs/processed_adata/adata_nlatent15_nlayers2_nhidden128_nhvg10000.h5ad                              --output_csv /lustre/scratch126/cellgen/haniffa/sm54/BoneAtlasProject/data/bone_atlas_scvi_runs/scib_output/adata_nlatent15_nlayers2_nhidden128_nhvg10000_evaluation_metrics.csv                              --batch_key Technology                              --label_key majority_voting_Level2> was submitted from host <farm22-head1> by user <sm54> in cluster <farm22> at Fri Jul 11 00:10:02 2025
Job was executed on host(s) <8*node-14-15>, in queue <long>, as user <sm54> in cluster <farm22> at Fri Jul 11 00:10:32 2025
</nfs/users/nfs_s/sm54> was used as the home directory.
</nfs/team298/sm54/BoneAtlasProject/src/integration> was used as the working directory.
Started at Fri Jul 11 00:10:32 2025
Terminated at Fri Jul 11 23:08:35 2025
Results reported at Fri Jul 11 23:08:35 2025

Your job looked like:

------------------------------------------------------------
# LSBATCH: User input
module load cellgen/singularity;           singularity exec --cleanenv --home /tmp/sm54 --bind /lustre,/nfs               /nfs/cellgeni/singularity/images/scib-1.1.5.sif               python 06_evaluate_batch_correction.py --adata_uninteg /lustre/scratch126/cellgen/haniffa/sm54/BoneAtlasProject/data/bone_atlas_filtered_with_metadata_scvi.h5ad                              --adata_int /lustre/scratch126/cellgen/haniffa/sm54/BoneAtlasProject/data/bone_atlas_scvi_runs/processed_adata/adata_nlatent15_nlayers2_nhidden128_nhvg10000.h5ad                              --output_csv /lustre/scratch126/cellgen/haniffa/sm54/BoneAtlasProject/data/bone_atlas_scvi_runs/scib_output/adata_nlatent15_nlayers2_nhidden128_nhvg10000_evaluation_metrics.csv                              --batch_key Technology                              --label_key majority_voting_Level2
------------------------------------------------------------

TERM_MEMLIMIT: job killed after reaching LSF memory usage limit.
Exited with signal termination: 9.

Resource usage summary:

    CPU time :                                   214549.00 sec.
    Max Memory :                                 300127 MB
    Average Memory :                             97404.38 MB
    Total Requested Memory :                     300000.00 MB
    Delta Memory :                               -127.00 MB
    Max Swap :                                   2 MB
    Max Processes :                              5
    Max Threads :                                34
    Run time :                                   82681 sec.
    Turnaround time :                            82713 sec.

The output (if any) is above this job summary.



PS:

Read file <logs/eee.adata_nlatent15_nlayers2_nhidden128_nhvg10000.967093.err> for stderr output of this job.

