WARNING: adata.X seems to be already log-transformed.
WARNING: adata.X seems to be already log-transformed.

------------------------------------------------------------
Sender: LSF System <lsfadmin@node-14-24>
Subject: Job 245682: <run_pca_bone_atlas> in cluster <farm22> Done

Job <run_pca_bone_atlas> was submitted from host <farm22-head1> by user <sm54> in cluster <farm22> at Mon Jul 14 18:52:53 2025
Job was executed on host(s) <2*node-14-24>, in queue <normal>, as user <sm54> in cluster <farm22> at Mon Jul 14 18:52:54 2025
</nfs/users/nfs_s/sm54> was used as the home directory.
</nfs/team298/sm54/BoneAtlasProject/src/processing/bash_scripts> was used as the working directory.
Started at Mon Jul 14 18:52:54 2025
Terminated at Tue Jul 15 01:44:58 2025
Results reported at Tue Jul 15 01:44:58 2025

Your job looked like:

------------------------------------------------------------
# LSBATCH: User input
module load cellgen/conda;
   conda activate boneatlas;
   cd /nfs/team298/sm54/BoneAtlasProject/src/processing;
   python run_pca.py
------------------------------------------------------------

Successfully completed.

Resource usage summary:

    CPU time :                                   34294.00 sec.
    Max Memory :                                 218792 MB
    Average Memory :                             112296.62 MB
    Total Requested Memory :                     300000.00 MB
    Delta Memory :                               81208.00 MB
    Max Swap :                                   2 MB
    Max Processes :                              3
    Max Threads :                                12
    Run time :                                   24724 sec.
    Turnaround time :                            24725 sec.

The output (if any) is above this job summary.

