⚠️  461016 cells did not get full metadata from `Sample_ID` join
Found 66 failed samples: ['10X109_5', '10X109_1', '10X154_5', '10X154_6', '10X154_7', '10X169_3', '10X122_4', '10X196_3', '10X196_4', '10X197_3', '10X197_4', '10X96_5', '10X96_6', '10X96_1', '10X96_2', '10X97_1', '10X97_2', '10X98_1', '10X98_2', '10X98_3', '10X98_4', '10X99_1', '10X99_2', '10X96_7', '10X96_8', '10X97_3', '10X97_4', '10X96_3', '10X96_4', '10X99_3', '10X99_4', '10X98_5', '10X98_6', '10X155_1', '10X155_3', '10X105_1', '10X105_2', '10X105_3', '10X103_1', '10X103_2', '10X103_3', '10X104_2', '10X143_1', '10X143_2', '10X163_5', '10X163_6', '10X165_2', '10X115_4', '10X114_2', '10X114_5', '10X114_6', '10X114_7', '10X114_8', '10X185_3', '10X186_2', '10X231_1', '10X231_2', '10X231_5', '10X231_6', '10X257_3', '10X255_5', '10X258_3', '10X258_4', '10X258_1', '10X258_2', '10X262_5']
adata_failed has 752087 cells across 66 samples
... storing 'accession_id' as categorical
... storing 'alias' as categorical
... storing 'Donor_Anatomical_Site_Age' as categorical
... storing 'Sex' as categorical
... storing 'Donor_ID' as categorical
... storing 'Disease_Status' as categorical
... storing 'extra_attributes' as categorical
... storing 'Organ' as categorical
... storing 'Technology' as categorical
... storing 'Study' as categorical
... storing 'Accession_ID' as categorical
... storing 'Method' as categorical
... storing 'Anatomical_Site' as categorical
... storing '10X_Chemistry' as categorical
... storing 'Organism' as categorical

------------------------------------------------------------
Sender: LSF System <lsfadmin@node-13-22>
Subject: Job 299936: <linnarson_qc_filtering> in cluster <farm22> Exited

Job <linnarson_qc_filtering> was submitted from host <farm22-head1> by user <sm54> in cluster <farm22> at Mon Jul 14 23:35:52 2025
Job was executed on host(s) <8*node-13-22>, in queue <normal>, as user <sm54> in cluster <farm22> at Mon Jul 14 23:35:53 2025
</nfs/users/nfs_s/sm54> was used as the home directory.
</nfs/team298/sm54/BoneAtlasProject/src/processing/bash_scripts> was used as the working directory.
Started at Mon Jul 14 23:35:53 2025
Terminated at Tue Jul 15 01:02:15 2025
Results reported at Tue Jul 15 01:02:15 2025

Your job looked like:

------------------------------------------------------------
# LSBATCH: User input
module load cellgen/conda;
   conda activate boneatlas;
   cd /nfs/team298/sm54/BoneAtlasProject/src/processing;
   python -u nb_1_linnarson_basic_qc_filtering_add_metadata.py     --adata-file /lustre/scratch124/cellgen/haniffa/users/sm54/data/Linnarson/Linnarson_unfiltered.h5ad      --metadata-file /nfs/team298/sm54/BoneAtlasProject/metadata/sample_metadata/Linnarson_Metadata_Final.csv      --output-file /lustre/scratch124/cellgen/haniffa/users/sm54/data/Linnarson/Linnarson_filtered_with_metadata.h5ad 
------------------------------------------------------------

TERM_MEMLIMIT: job killed after reaching LSF memory usage limit.
Exited with signal termination: 9.

Resource usage summary:

    CPU time :                                   5097.00 sec.
    Max Memory :                                 651151 MB
    Average Memory :                             520104.50 MB
    Total Requested Memory :                     650000.00 MB
    Delta Memory :                               -1151.00 MB
    Max Swap :                                   2 MB
    Max Processes :                              5
    Max Threads :                                6
    Run time :                                   5180 sec.
    Turnaround time :                            5183 sec.

The output (if any) is above this job summary.

