Bulk Scrublet on /lustre/scratch124/cellgen/haniffa/users/sm54/data/Linnarson/Linnarson_filtered_with_metadata.h5ad
[Doublet] Processing 10X147_5 (4119 cells)
WARNING: adata.X seems to be already log-transformed.
[Doublet] Finished 10X147_5
[Doublet] Processing 10X101_8 (6900 cells)
WARNING: adata.X seems to be already log-transformed.
[Doublet] Finished 10X101_8
[Doublet] Processing 10X101_7 (6928 cells)
WARNING: adata.X seems to be already log-transformed.
[Doublet] Finished 10X101_7
[Doublet] Processing 10X101_6 (7053 cells)
WARNING: adata.X seems to be already log-transformed.
[Doublet] Finished 10X101_6
[Doublet] Processing 10X101_5 (6658 cells)
WARNING: adata.X seems to be already log-transformed.
[Doublet] Finished 10X101_5
[Doublet] Processing 10X101_4 (7608 cells)
WARNING: adata.X seems to be already log-transformed.
[Doublet] Finished 10X101_4
[Doublet] Processing 10X101_3 (8484 cells)
WARNING: adata.X seems to be already log-transformed.
[Doublet] Finished 10X101_3
[Doublet] Processing 10X101_2 (8257 cells)
WARNING: adata.X seems to be already log-transformed.
[Doublet] Finished 10X101_2
[Doublet] Processing 10X101_1 (7339 cells)
WARNING: adata.X seems to be already log-transformed.
[Doublet] Finished 10X101_1
[Doublet] Processing 10X147_4 (3828 cells)
WARNING: adata.X seems to be already log-transformed.
[Doublet] Finished 10X147_4
[Doublet] Processing 10X147_8 (4146 cells)
WARNING: adata.X seems to be already log-transformed.
[Doublet] Finished 10X147_8
[Doublet] Processing 10X147_6 (4286 cells)
WARNING: adata.X seems to be already log-transformed.
[Doublet] Finished 10X147_6
[Doublet] Processing 10X147_7 (3811 cells)
WARNING: adata.X seems to be already log-transformed.
[Doublet] Finished 10X147_7
[Doublet] Processing 10X148_1 (6304 cells)
WARNING: adata.X seems to be already log-transformed.
[Doublet] Finished 10X148_1
[Doublet] Processing 10X148_2 (6116 cells)
WARNING: adata.X seems to be already log-transformed.
[Doublet] Finished 10X148_2
[Doublet] Processing 10X148_3 (3585 cells)
WARNING: adata.X seems to be already log-transformed.
[Doublet] Finished 10X148_3
[Doublet] Processing 10X148_4 (3724 cells)
WARNING: adata.X seems to be already log-transformed.
[Doublet] Finished 10X148_4
[Doublet] Processing 10X148_5 (2813 cells)
WARNING: adata.X seems to be already log-transformed.
[Doublet] Finished 10X148_5
[Doublet] Processing 10X148_6 (2697 cells)
WARNING: adata.X seems to be already log-transformed.
[Doublet] Finished 10X148_6
[Doublet] Processing 10X148_7 (1870 cells)
WARNING: adata.X seems to be already log-transformed.
[Doublet] Finished 10X148_7
[Doublet] Processing 10X148_8 (2427 cells)
WARNING: adata.X seems to be already log-transformed.
[Doublet] Finished 10X148_8
[Doublet] Processing 10X151_1 (6967 cells)
WARNING: adata.X seems to be already log-transformed.
[Doublet] Finished 10X151_1
[Doublet] Processing 10X151_3 (3920 cells)
WARNING: adata.X seems to be already log-transformed.
[Doublet] Finished 10X151_3
[Doublet] Processing 10X152_1 (8073 cells)
WARNING: adata.X seems to be already log-transformed.
[Doublet] Finished 10X152_1
[Doublet] Processing 10X152_2 (8012 cells)
WARNING: adata.X seems to be already log-transformed.
[Doublet] Finished 10X152_2
[Doublet] Processing 10X152_3 (5111 cells)
WARNING: adata.X seems to be already log-transformed.
[Doublet] Finished 10X152_3
[Doublet] Processing 10X152_4 (5082 cells)
WARNING: adata.X seems to be already log-transformed.
[Doublet] Finished 10X152_4
[Doublet] Processing 10X99_6 (7439 cells)
WARNING: adata.X seems to be already log-transformed.
[Doublet] Finished 10X99_6
[Doublet] Processing 10X99_5 (8461 cells)
WARNING: adata.X seems to be already log-transformed.
[Doublet] Finished 10X99_5
[Doublet] Processing 10X99_4 (10495 cells)
WARNING: adata.X seems to be already log-transformed.
[Doublet] Finished 10X99_4
[Doublet] Processing 10X99_3 (8351 cells)
WARNING: adata.X seems to be already log-transformed.
[Doublet] Finished 10X99_3
[Doublet] Processing 10X99_2 (8717 cells)
WARNING: adata.X seems to be already log-transformed.
[Doublet] Finished 10X99_2
[Doublet] Processing 10X99_1 (8431 cells)
WARNING: adata.X seems to be already log-transformed.
[Doublet] Finished 10X99_1
[Doublet] Processing 10X98_6 (1140 cells)
WARNING: adata.X seems to be already log-transformed.
[Doublet] Finished 10X98_6
[Doublet] Processing 10X98_5 (695 cells)
WARNING: adata.X seems to be already log-transformed.
[Doublet] Finished 10X98_5
[Doublet] Processing 10X98_4 (6433 cells)
WARNING: adata.X seems to be already log-transformed.
[Doublet] Finished 10X98_4
[Doublet] Processing 10X98_3 (7238 cells)
WARNING: adata.X seems to be already log-transformed.
[Doublet] Finished 10X98_3
[Doublet] Processing 10X98_2 (6247 cells)
WARNING: adata.X seems to be already log-transformed.
[Doublet] Finished 10X98_2
[Doublet] Processing 10X98_1 (6959 cells)
WARNING: adata.X seems to be already log-transformed.
[Doublet] Finished 10X98_1
[Doublet] Processing 10X97_4 (208 cells)
WARNING: adata.X seems to be already log-transformed.
[Doublet] Finished 10X97_4
[Doublet] Processing 10X97_3 (118 cells)
WARNING: adata.X seems to be already log-transformed.
[Doublet] Finished 10X97_3
[Doublet] Processing 10X97_2 (86 cells)
WARNING: adata.X seems to be already log-transformed.
[Doublet] Finished 10X97_2
[Doublet] Processing 10X97_1 (146 cells)
WARNING: adata.X seems to be already log-transformed.
[Doublet] Finished 10X97_1
[Doublet] Processing 10X96_8 (2159 cells)
WARNING: adata.X seems to be already log-transformed.
[Doublet] Finished 10X96_8
[Doublet] Processing 10X96_7 (17781 cells)
WARNING: adata.X seems to be already log-transformed.
[Doublet] Finished 10X96_7
[Doublet] Processing 10X96_6 (9919 cells)
WARNING: adata.X seems to be already log-transformed.
[Doublet] Finished 10X96_6
[Doublet] Processing 10X96_5 (11576 cells)
WARNING: adata.X seems to be already log-transformed.
[Doublet] Finished 10X96_5
[Doublet] Processing 10X96_4 (4776 cells)
WARNING: adata.X seems to be already log-transformed.
[Doublet] Finished 10X96_4
[Doublet] Processing 10X96_3 (2160 cells)
WARNING: adata.X seems to be already log-transformed.
[Doublet] Finished 10X96_3
[Doublet] Processing 10X92_4 (8052 cells)
WARNING: adata.X seems to be already log-transformed.
[Doublet] Finished 10X92_4
[Doublet] Processing 10X92_3 (7697 cells)
WARNING: adata.X seems to be already log-transformed.
[Doublet] Finished 10X92_3
[Doublet] Processing 10X92_2 (12678 cells)
WARNING: adata.X seems to be already log-transformed.
[Doublet] Finished 10X92_2
[Doublet] Processing 10X92_1 (11502 cells)
WARNING: adata.X seems to be already log-transformed.
[Doublet] Finished 10X92_1
[Doublet] Processing 10X89_8 (10097 cells)
WARNING: adata.X seems to be already log-transformed.
[Doublet] Finished 10X89_8
[Doublet] Processing 10X89_7 (10159 cells)
WARNING: adata.X seems to be already log-transformed.
[Doublet] Finished 10X89_7
[Doublet] Processing 10X89_6 (9534 cells)
WARNING: adata.X seems to be already log-transformed.
[Doublet] Finished 10X89_6
[Doublet] Processing 10X89_5 (9900 cells)
WARNING: adata.X seems to be already log-transformed.
[Doublet] Finished 10X89_5
[Doublet] Processing 10X89_4 (3633 cells)
WARNING: adata.X seems to be already log-transformed.
[Doublet] Finished 10X89_4
[Doublet] Processing 10X89_3 (3323 cells)
WARNING: adata.X seems to be already log-transformed.
[Doublet] Finished 10X89_3
[Doublet] Processing 10X89_2 (12587 cells)
WARNING: adata.X seems to be already log-transformed.
[Doublet] Finished 10X89_2
[Doublet] Processing 10X89_1 (12751 cells)
WARNING: adata.X seems to be already log-transformed.
[Doublet] Finished 10X89_1
[Doublet] Processing 10X214_2 (5115 cells)
WARNING: adata.X seems to be already log-transformed.
[Doublet] Finished 10X214_2
[Doublet] Processing 10X214_1 (4783 cells)
WARNING: adata.X seems to be already log-transformed.
[Doublet] Finished 10X214_1
[Doublet] Processing 10X213_4 (3091 cells)
WARNING: adata.X seems to be already log-transformed.
[Doublet] Finished 10X213_4
[Doublet] Processing 10X213_3 (2893 cells)
WARNING: adata.X seems to be already log-transformed.
[Doublet] Finished 10X213_3
[Doublet] Processing 10X213_2 (7301 cells)
WARNING: adata.X seems to be already log-transformed.
[Doublet] Finished 10X213_2
[Doublet] Processing 10X213_1 (5410 cells)
WARNING: adata.X seems to be already log-transformed.
[Doublet] Finished 10X213_1
[Doublet] Processing 10X212_6 (4723 cells)
WARNING: adata.X seems to be already log-transformed.
[Doublet] Finished 10X212_6
[Doublet] Processing 10X212_5 (4491 cells)
WARNING: adata.X seems to be already log-transformed.
[Doublet] Finished 10X212_5
[Doublet] Processing 10X212_4 (5140 cells)
WARNING: adata.X seems to be already log-transformed.
[Doublet] Finished 10X212_4
[Doublet] Processing 10X212_3 (5099 cells)
WARNING: adata.X seems to be already log-transformed.
[Doublet] Finished 10X212_3
[Doublet] Processing 10X212_2 (5021 cells)
WARNING: adata.X seems to be already log-transformed.
[Doublet] Finished 10X212_2
[Doublet] Processing 10X212_1 (5150 cells)
WARNING: adata.X seems to be already log-transformed.
[Doublet] Finished 10X212_1
[Doublet] Processing 10X211_5 (3922 cells)
WARNING: adata.X seems to be already log-transformed.
[Doublet] Finished 10X211_5
[Doublet] Processing 10X211_4 (3825 cells)
WARNING: adata.X seems to be already log-transformed.
[Doublet] Finished 10X211_4
[Doublet] Processing 10X211_3 (2764 cells)
WARNING: adata.X seems to be already log-transformed.
[Doublet] Finished 10X211_3
[Doublet] Processing 10X211_2 (2721 cells)
WARNING: adata.X seems to be already log-transformed.
[Doublet] Finished 10X211_2
[Doublet] Processing 10X211_1 (4109 cells)
WARNING: adata.X seems to be already log-transformed.
[Doublet] Finished 10X211_1
[Doublet] Processing 10X210_8 (4652 cells)
WARNING: adata.X seems to be already log-transformed.
[Doublet] Finished 10X210_8
[Doublet] Processing 10X210_7 (4315 cells)
WARNING: adata.X seems to be already log-transformed.
[Doublet] Finished 10X210_7
[Doublet] Processing 10X210_6 (5042 cells)
WARNING: adata.X seems to be already log-transformed.
[Doublet] Finished 10X210_6
[Doublet] Processing 10X210_5 (4337 cells)
WARNING: adata.X seems to be already log-transformed.
[Doublet] Finished 10X210_5
[Doublet] Processing 10X210_4 (2695 cells)
WARNING: adata.X seems to be already log-transformed.
[Doublet] Finished 10X210_4
[Doublet] Processing 10X210_3 (2523 cells)
WARNING: adata.X seems to be already log-transformed.
[Doublet] Finished 10X210_3
[Doublet] Processing 10X210_2 (4353 cells)
WARNING: adata.X seems to be already log-transformed.
[Doublet] Finished 10X210_2
[Doublet] Processing 10X210_1 (4251 cells)
WARNING: adata.X seems to be already log-transformed.
[Doublet] Finished 10X210_1
[Doublet] Processing 10X208_1 (5535 cells)
WARNING: adata.X seems to be already log-transformed.
[Doublet] Finished 10X208_1
[Doublet] Processing 10X209_3 (4656 cells)
WARNING: adata.X seems to be already log-transformed.
[Doublet] Finished 10X209_3
[Doublet] Processing 10X209_2 (4775 cells)
WARNING: adata.X seems to be already log-transformed.
[Doublet] Finished 10X209_2
[Doublet] Processing 10X209_1 (5350 cells)
WARNING: adata.X seems to be already log-transformed.
[Doublet] Finished 10X209_1
[Doublet] Processing 10X208_8 (5085 cells)
WARNING: adata.X seems to be already log-transformed.
[Doublet] Finished 10X208_8
[Doublet] Processing 10X208_7 (5228 cells)
WARNING: adata.X seems to be already log-transformed.
[Doublet] Finished 10X208_7
[Doublet] Processing 10X208_6 (5454 cells)
WARNING: adata.X seems to be already log-transformed.
[Doublet] Finished 10X208_6
[Doublet] Processing 10X208_5 (5103 cells)
WARNING: adata.X seems to be already log-transformed.
[Doublet] Finished 10X208_5
[Doublet] Processing 10X208_4 (3714 cells)
WARNING: adata.X seems to be already log-transformed.
[Doublet] Finished 10X208_4
[Doublet] Processing 10X208_3 (3855 cells)
WARNING: adata.X seems to be already log-transformed.
[Doublet] Finished 10X208_3
[Doublet] Processing 10X208_2 (5686 cells)
WARNING: adata.X seems to be already log-transformed.
[Doublet] Finished 10X208_2
[Doublet] Processing 10X207_4 (7213 cells)
WARNING: adata.X seems to be already log-transformed.
[Doublet] Finished 10X207_4
[Doublet] Processing 10X202_1 (5293 cells)
WARNING: adata.X seems to be already log-transformed.
[Doublet] Finished 10X202_1
[Doublet] Processing 10X207_1 (5827 cells)
WARNING: adata.X seems to be already log-transformed.
[Doublet] Finished 10X207_1
[Doublet] Processing 10X207_3 (5392 cells)
WARNING: adata.X seems to be already log-transformed.
[Doublet] Finished 10X207_3
[Doublet] Processing 10X201_2 (5969 cells)
WARNING: adata.X seems to be already log-transformed.
[Doublet] Finished 10X201_2
[Doublet] Processing 10X202_2 (5273 cells)
WARNING: adata.X seems to be already log-transformed.
[Doublet] Finished 10X202_2
[Doublet] Processing 10X201_1 (6256 cells)
WARNING: adata.X seems to be already log-transformed.
[Doublet] Finished 10X201_1
[Doublet] Processing 10X200_2 (9766 cells)
WARNING: adata.X seems to be already log-transformed.
[Doublet] Finished 10X200_2
[Doublet] Processing 10X207_2 (5869 cells)
WARNING: adata.X seems to be already log-transformed.
[Doublet] Finished 10X207_2
[Doublet] Processing 10X200_3 (7959 cells)
WARNING: adata.X seems to be already log-transformed.
[Doublet] Finished 10X200_3
[Doublet] Processing 10X200_1 (10762 cells)
WARNING: adata.X seems to be already log-transformed.
[Doublet] Finished 10X200_1
[Doublet] Processing 10X199_8 (7751 cells)
WARNING: adata.X seems to be already log-transformed.
[Doublet] Finished 10X199_8
[Doublet] Processing 10X199_7 (7831 cells)
WARNING: adata.X seems to be already log-transformed.
[Doublet] Finished 10X199_7
[Doublet] Processing 10X199_5 (7392 cells)
WARNING: adata.X seems to be already log-transformed.
[Doublet] Finished 10X199_5
[Doublet] Processing 10X199_4 (7874 cells)
WARNING: adata.X seems to be already log-transformed.
[Doublet] Finished 10X199_4
[Doublet] Processing 10X199_3 (8101 cells)
WARNING: adata.X seems to be already log-transformed.
[Doublet] Finished 10X199_3
[Doublet] Processing 10X199_2 (6466 cells)
WARNING: adata.X seems to be already log-transformed.
[Doublet] Finished 10X199_2
[Doublet] Processing 10X197_5 (8652 cells)
WARNING: adata.X seems to be already log-transformed.
[Doublet] Finished 10X197_5
[Doublet] Processing 10X197_6 (7980 cells)
WARNING: adata.X seems to be already log-transformed.
[Doublet] Finished 10X197_6
[Doublet] Processing 10X198_1 (6206 cells)
WARNING: adata.X seems to be already log-transformed.
[Doublet] Finished 10X198_1
[Doublet] Processing 10X198_2 (6505 cells)
WARNING: adata.X seems to be already log-transformed.
[Doublet] Finished 10X198_2
[Doublet] Processing 10X198_3 (11828 cells)
WARNING: adata.X seems to be already log-transformed.
[Doublet] Finished 10X198_3
[Doublet] Processing 10X198_4 (12428 cells)
WARNING: adata.X seems to be already log-transformed.
[Doublet] Finished 10X198_4
[Doublet] Processing 10X199_6 (7288 cells)
WARNING: adata.X seems to be already log-transformed.
[Doublet] Finished 10X199_6
[Doublet] Processing 10X197_4 (9174 cells)
WARNING: adata.X seems to be already log-transformed.
[Doublet] Finished 10X197_4
[Doublet] Processing 10X197_3 (9683 cells)
WARNING: adata.X seems to be already log-transformed.
[Doublet] Finished 10X197_3
[Doublet] Processing 10X197_2 (6470 cells)
WARNING: adata.X seems to be already log-transformed.
[Doublet] Finished 10X197_2
[Doublet] Processing 10X197_1 (6007 cells)
WARNING: adata.X seems to be already log-transformed.
[Doublet] Finished 10X197_1
[Doublet] Processing 10X189_2 (6452 cells)
WARNING: adata.X seems to be already log-transformed.
[Doublet] Finished 10X189_2
[Doublet] Processing 10X196_1 (6497 cells)
WARNING: adata.X seems to be already log-transformed.
[Doublet] Finished 10X196_1
[Doublet] Processing 10X196_2 (6803 cells)
WARNING: adata.X seems to be already log-transformed.
[Doublet] Finished 10X196_2
[Doublet] Processing 10X196_4 (9898 cells)
WARNING: adata.X seems to be already log-transformed.
[Doublet] Finished 10X196_4
[Doublet] Processing 10X196_5 (9210 cells)
WARNING: adata.X seems to be already log-transformed.
[Doublet] Finished 10X196_5
[Doublet] Processing 10X196_6 (9332 cells)
WARNING: adata.X seems to be already log-transformed.
[Doublet] Finished 10X196_6
[Doublet] Processing 10X198_5 (8012 cells)
WARNING: adata.X seems to be already log-transformed.
[Doublet] Finished 10X198_5
[Doublet] Processing 10X198_6 (7597 cells)
WARNING: adata.X seems to be already log-transformed.
[Doublet] Finished 10X198_6
[Doublet] Processing 10X199_1 (5701 cells)
WARNING: adata.X seems to be already log-transformed.
[Doublet] Finished 10X199_1
[Doublet] Processing 10X189_1 (5895 cells)
WARNING: adata.X seems to be already log-transformed.
[Doublet] Finished 10X189_1
[Doublet] Processing 10X187_7 (5874 cells)
WARNING: adata.X seems to be already log-transformed.
[Doublet] Finished 10X187_7
[Doublet] Processing 10X187_5 (6460 cells)
WARNING: adata.X seems to be already log-transformed.
[Doublet] Finished 10X187_5
[Doublet] Processing 10X186_3 (6343 cells)
WARNING: adata.X seems to be already log-transformed.
[Doublet] Finished 10X186_3
[Doublet] Processing 10X186_2 (10132 cells)
WARNING: adata.X seems to be already log-transformed.
[Doublet] Finished 10X186_2
[Doublet] Processing 10X185_4 (5479 cells)
WARNING: adata.X seems to be already log-transformed.
[Doublet] Finished 10X185_4
[Doublet] Processing 10X185_5 (6620 cells)
WARNING: adata.X seems to be already log-transformed.
[Doublet] Finished 10X185_5
[Doublet] Processing 10X185_6 (7387 cells)
WARNING: adata.X seems to be already log-transformed.
[Doublet] Finished 10X185_6
[Doublet] Processing 10X185_7 (8326 cells)
WARNING: adata.X seems to be already log-transformed.
[Doublet] Finished 10X185_7
[Doublet] Processing 10X185_8 (8125 cells)
WARNING: adata.X seems to be already log-transformed.
[Doublet] Finished 10X185_8
[Doublet] Processing 10X180_1 (9173 cells)
WARNING: adata.X seems to be already log-transformed.
[Doublet] Finished 10X180_1
[Doublet] Processing 10X181_2 (7768 cells)
WARNING: adata.X seems to be already log-transformed.
[Doublet] Finished 10X181_2
[Doublet] Processing 10X181_3 (7712 cells)
WARNING: adata.X seems to be already log-transformed.
[Doublet] Finished 10X181_3
[Doublet] Processing 10X183_1 (6256 cells)
WARNING: adata.X seems to be already log-transformed.
[Doublet] Finished 10X183_1
[Doublet] Processing 10X183_2 (4137 cells)
WARNING: adata.X seems to be already log-transformed.
[Doublet] Finished 10X183_2
[Doublet] Processing 10X185_3 (17387 cells)
WARNING: adata.X seems to be already log-transformed.
[Doublet] Finished 10X185_3
[Doublet] Processing 10X185_2 (4729 cells)
WARNING: adata.X seems to be already log-transformed.
[Doublet] Finished 10X185_2
[Doublet] Processing 10X185_1 (5946 cells)
WARNING: adata.X seems to be already log-transformed.
[Doublet] Finished 10X185_1
[Doublet] Processing 10X184_1 (2385 cells)
WARNING: adata.X seems to be already log-transformed.
[Doublet] Finished 10X184_1
[Doublet] Processing 10X183_3 (7628 cells)
WARNING: adata.X seems to be already log-transformed.
[Doublet] Finished 10X183_3
[Doublet] Processing 10X177_4 (7889 cells)
WARNING: adata.X seems to be already log-transformed.
[Doublet] Finished 10X177_4
[Doublet] Processing 10X177_5 (8109 cells)
WARNING: adata.X seems to be already log-transformed.
[Doublet] Finished 10X177_5
[Doublet] Processing 10X177_6 (7858 cells)
WARNING: adata.X seems to be already log-transformed.
[Doublet] Finished 10X177_6
[Doublet] Processing 10X178_1 (7117 cells)
WARNING: adata.X seems to be already log-transformed.
[Doublet] Finished 10X178_1
[Doublet] Processing 10X179_4 (6698 cells)
WARNING: adata.X seems to be already log-transformed.
[Doublet] Finished 10X179_4
[Doublet] Processing 10X179_1 (885 cells)
WARNING: adata.X seems to be already log-transformed.
[Doublet] Finished 10X179_1
[Doublet] Processing 10X178_5 (8056 cells)
WARNING: adata.X seems to be already log-transformed.
[Doublet] Finished 10X178_5
[Doublet] Processing 10X178_4 (15235 cells)
WARNING: adata.X seems to be already log-transformed.
[Doublet] Finished 10X178_4
[Doublet] Processing 10X178_3 (10745 cells)
WARNING: adata.X seems to be already log-transformed.
[Doublet] Finished 10X178_3
[Doublet] Processing 10X169_3 (127 cells)
WARNING: adata.X seems to be already log-transformed.
[Doublet] Finished 10X169_3
[Doublet] Processing 10X169_4 (7533 cells)
WARNING: adata.X seems to be already log-transformed.
[Doublet] Finished 10X169_4
[Doublet] Processing 10X169_5 (10078 cells)
WARNING: adata.X seems to be already log-transformed.
[Doublet] Finished 10X169_5
[Doublet] Processing 10X169_6 (9995 cells)
WARNING: adata.X seems to be already log-transformed.
[Doublet] Finished 10X169_6
[Doublet] Processing 10X169_7 (9082 cells)
WARNING: adata.X seems to be already log-transformed.
[Doublet] Finished 10X169_7
[Doublet] Processing 10X170_1 (5858 cells)
WARNING: adata.X seems to be already log-transformed.
[Doublet] Finished 10X170_1
[Doublet] Processing 10X169_8 (16733 cells)
WARNING: adata.X seems to be already log-transformed.
[Doublet] Finished 10X169_8
[Doublet] Processing 10X170_3 (10122 cells)
WARNING: adata.X seems to be already log-transformed.
[Doublet] Finished 10X170_3
[Doublet] Processing 10X170_2 (5838 cells)
WARNING: adata.X seems to be already log-transformed.
[Doublet] Finished 10X170_2
[Doublet] Processing 10X169_2 (6269 cells)
WARNING: adata.X seems to be already log-transformed.
[Doublet] Finished 10X169_2
[Doublet] Processing 10X169_1 (8188 cells)
WARNING: adata.X seems to be already log-transformed.
[Doublet] Finished 10X169_1
[Doublet] Processing 10X168_6 (6188 cells)
WARNING: adata.X seems to be already log-transformed.
[Doublet] Finished 10X168_6
[Doublet] Processing 10X168_5 (5862 cells)
WARNING: adata.X seems to be already log-transformed.
[Doublet] Finished 10X168_5
[Doublet] Processing 10X168_4 (5940 cells)
WARNING: adata.X seems to be already log-transformed.
[Doublet] Finished 10X168_4
[Doublet] Processing 10X167_7 (6452 cells)
WARNING: adata.X seems to be already log-transformed.
[Doublet] Finished 10X167_7
[Doublet] Processing 10X167_8 (6292 cells)
WARNING: adata.X seems to be already log-transformed.
[Doublet] Finished 10X167_8
[Doublet] Processing 10X168_1 (4827 cells)
WARNING: adata.X seems to be already log-transformed.
[Doublet] Finished 10X168_1
[Doublet] Processing 10X168_2 (5024 cells)
WARNING: adata.X seems to be already log-transformed.
[Doublet] Finished 10X168_2
[Doublet] Processing 10X168_3 (5208 cells)
WARNING: adata.X seems to be already log-transformed.
[Doublet] Finished 10X168_3
[Doublet] Processing 10X165_1 (5071 cells)
WARNING: adata.X seems to be already log-transformed.
[Doublet] Finished 10X165_1
[Doublet] Processing 10X165_2 (19546 cells)
WARNING: adata.X seems to be already log-transformed.
[Doublet] Finished 10X165_2
[Doublet] Processing 10X165_3 (5497 cells)
WARNING: adata.X seems to be already log-transformed.
[Doublet] Finished 10X165_3
[Doublet] Processing 10X165_4 (4957 cells)
WARNING: adata.X seems to be already log-transformed.
[Doublet] Finished 10X165_4
[Doublet] Processing 10X166_1 (4859 cells)
WARNING: adata.X seems to be already log-transformed.
[Doublet] Finished 10X166_1
[Doublet] Processing 10X167_6 (6126 cells)
WARNING: adata.X seems to be already log-transformed.
[Doublet] Finished 10X167_6
[Doublet] Processing 10X167_5 (6683 cells)
WARNING: adata.X seems to be already log-transformed.
[Doublet] Finished 10X167_5
[Doublet] Processing 10X167_1 (6931 cells)
WARNING: adata.X seems to be already log-transformed.
[Doublet] Finished 10X167_1
[Doublet] Processing 10X167_2 (11746 cells)
WARNING: adata.X seems to be already log-transformed.
[Doublet] Finished 10X167_2
[Doublet] Processing 10X166_2 (7558 cells)
WARNING: adata.X seems to be already log-transformed.
[Doublet] Finished 10X166_2
[Doublet] Processing 10X119_5 (5167 cells)
WARNING: adata.X seems to be already log-transformed.
[Doublet] Finished 10X119_5
[Doublet] Processing 10X119_6 (5366 cells)
WARNING: adata.X seems to be already log-transformed.
[Doublet] Finished 10X119_6
[Doublet] Processing 10X119_7 (5437 cells)
WARNING: adata.X seems to be already log-transformed.
[Doublet] Finished 10X119_7
[Doublet] Processing 10X122_1 (5984 cells)
WARNING: adata.X seems to be already log-transformed.
[Doublet] Finished 10X122_1
[Doublet] Processing 10X119_8 (4683 cells)
WARNING: adata.X seems to be already log-transformed.
[Doublet] Finished 10X119_8
[Doublet] Processing 10X122_2 (5084 cells)
WARNING: adata.X seems to be already log-transformed.
[Doublet] Finished 10X122_2
[Doublet] Processing 10X122_6 (4783 cells)
WARNING: adata.X seems to be already log-transformed.
[Doublet] Finished 10X122_6
[Doublet] Processing 10X122_5 (3467 cells)
WARNING: adata.X seems to be already log-transformed.
[Doublet] Finished 10X122_5
[Doublet] Processing 10X122_4 (6219 cells)
WARNING: adata.X seems to be already log-transformed.
[Doublet] Finished 10X122_4
[Doublet] Processing 10X122_3 (5089 cells)
WARNING: adata.X seems to be already log-transformed.
[Doublet] Finished 10X122_3
[Doublet] Processing 10X122_7 (3697 cells)
WARNING: adata.X seems to be already log-transformed.
[Doublet] Finished 10X122_7
[Doublet] Processing 10X122_8 (4321 cells)
WARNING: adata.X seems to be already log-transformed.
[Doublet] Finished 10X122_8
[Doublet] Processing 10X123_1 (5040 cells)
WARNING: adata.X seems to be already log-transformed.
[Doublet] Finished 10X123_1
[Doublet] Processing 10X123_2 (5045 cells)
WARNING: adata.X seems to be already log-transformed.
[Doublet] Finished 10X123_2
[Doublet] Processing 10X123_3 (4575 cells)
WARNING: adata.X seems to be already log-transformed.
[Doublet] Finished 10X123_3
[Doublet] Processing 10X123_4 (4684 cells)
WARNING: adata.X seems to be already log-transformed.
[Doublet] Finished 10X123_4
[Doublet] Processing 10X123_6 (4736 cells)
WARNING: adata.X seems to be already log-transformed.
[Doublet] Finished 10X123_6
[Doublet] Processing 10X123_5 (4813 cells)
WARNING: adata.X seems to be already log-transformed.
[Doublet] Finished 10X123_5
[Doublet] Processing 10X123_7 (7946 cells)
WARNING: adata.X seems to be already log-transformed.
[Doublet] Finished 10X123_7
[Doublet] Processing 10X123_8 (6471 cells)
WARNING: adata.X seems to be already log-transformed.
[Doublet] Finished 10X123_8
[Doublet] Processing 10X124_1 (3572 cells)
WARNING: adata.X seems to be already log-transformed.
[Doublet] Finished 10X124_1
[Doublet] Processing 10X124_2 (3305 cells)
WARNING: adata.X seems to be already log-transformed.
[Doublet] Finished 10X124_2
[Doublet] Processing 10X178_2 (10796 cells)
WARNING: adata.X seems to be already log-transformed.
[Doublet] Finished 10X178_2
[Doublet] Processing 10X170_4 (10042 cells)
WARNING: adata.X seems to be already log-transformed.
[Doublet] Finished 10X170_4
[Doublet] Processing 10X164_7 (5656 cells)
WARNING: adata.X seems to be already log-transformed.
[Doublet] Finished 10X164_7
[Doublet] Processing 10X164_6 (6138 cells)
WARNING: adata.X seems to be already log-transformed.
[Doublet] Finished 10X164_6
[Doublet] Processing 10X164_4 (2878 cells)
WARNING: adata.X seems to be already log-transformed.
[Doublet] Finished 10X164_4
[Doublet] Processing 10X164_5 (3180 cells)
WARNING: adata.X seems to be already log-transformed.
[Doublet] Finished 10X164_5
[Doublet] Processing 10X164_1 (8198 cells)
WARNING: adata.X seems to be already log-transformed.
[Doublet] Finished 10X164_1
[Doublet] Processing 10X163_5 (3812 cells)
WARNING: adata.X seems to be already log-transformed.
[Doublet] Finished 10X163_5
[Doublet] Processing 10X163_6 (1553 cells)
WARNING: adata.X seems to be already log-transformed.
[Doublet] Finished 10X163_6
[Doublet] Processing 10X164_2 (6980 cells)
WARNING: adata.X seems to be already log-transformed.
[Doublet] Finished 10X164_2
[Doublet] Processing 10X163_7 (8386 cells)
WARNING: adata.X seems to be already log-transformed.
[Doublet] Finished 10X163_7
[Doublet] Processing 10X163_8 (8429 cells)
WARNING: adata.X seems to be already log-transformed.
[Doublet] Finished 10X163_8
[Doublet] Processing 10X163_4 (4213 cells)
WARNING: adata.X seems to be already log-transformed.
[Doublet] Finished 10X163_4
[Doublet] Processing 10X158_2 (9609 cells)
WARNING: adata.X seems to be already log-transformed.
[Doublet] Finished 10X158_2
[Doublet] Processing 10X158_3 (8180 cells)
WARNING: adata.X seems to be already log-transformed.
[Doublet] Finished 10X158_3
[Doublet] Processing 10X158_4 (1157 cells)
WARNING: adata.X seems to be already log-transformed.
[Doublet] Finished 10X158_4
[Doublet] Processing 10X162_1 (5772 cells)
WARNING: adata.X seems to be already log-transformed.
[Doublet] Finished 10X162_1
[Doublet] Processing 10X162_2 (5854 cells)
WARNING: adata.X seems to be already log-transformed.
[Doublet] Finished 10X162_2
[Doublet] Processing 10X162_3 (5891 cells)
WARNING: adata.X seems to be already log-transformed.
[Doublet] Finished 10X162_3
[Doublet] Processing 10X163_2 (8966 cells)
WARNING: adata.X seems to be already log-transformed.
[Doublet] Finished 10X163_2
[Doublet] Processing 10X163_3 (4270 cells)
WARNING: adata.X seems to be already log-transformed.
[Doublet] Finished 10X163_3
[Doublet] Processing 10X156_2 (5527 cells)
WARNING: adata.X seems to be already log-transformed.
[Doublet] Finished 10X156_2
[Doublet] Processing 10X156_3 (7649 cells)
WARNING: adata.X seems to be already log-transformed.
[Doublet] Finished 10X156_3
[Doublet] Processing 10X156_4 (7913 cells)
WARNING: adata.X seems to be already log-transformed.
[Doublet] Finished 10X156_4
[Doublet] Processing 10X156_5 (8095 cells)
WARNING: adata.X seems to be already log-transformed.
[Doublet] Finished 10X156_5
[Doublet] Processing 10X156_6 (8234 cells)
WARNING: adata.X seems to be already log-transformed.
[Doublet] Finished 10X156_6
[Doublet] Processing 10X156_7 (5998 cells)
WARNING: adata.X seems to be already log-transformed.
[Doublet] Finished 10X156_7
[Doublet] Processing 10X157_2 (10811 cells)
WARNING: adata.X seems to be already log-transformed.
[Doublet] Finished 10X157_2
[Doublet] Processing 10X158_1 (9902 cells)
WARNING: adata.X seems to be already log-transformed.
[Doublet] Finished 10X158_1
[Doublet] Processing 10X156_8 (7300 cells)
WARNING: adata.X seems to be already log-transformed.
[Doublet] Finished 10X156_8
[Doublet] Processing 10X157_1 (9746 cells)
WARNING: adata.X seems to be already log-transformed.
[Doublet] Finished 10X157_1
[Doublet] Processing 10X154_4 (7749 cells)
WARNING: adata.X seems to be already log-transformed.
[Doublet] Finished 10X154_4
[Doublet] Processing 10X154_5 (3974 cells)
WARNING: adata.X seems to be already log-transformed.
[Doublet] Finished 10X154_5
[Doublet] Processing 10X154_6 (4918 cells)
WARNING: adata.X seems to be already log-transformed.
[Doublet] Finished 10X154_6
[Doublet] Processing 10X154_7 (4853 cells)
WARNING: adata.X seems to be already log-transformed.
[Doublet] Finished 10X154_7
[Doublet] Processing 10X156_1 (5659 cells)
WARNING: adata.X seems to be already log-transformed.
[Doublet] Finished 10X156_1
[Doublet] Processing 10X155_8 (1853 cells)
WARNING: adata.X seems to be already log-transformed.
[Doublet] Finished 10X155_8
[Doublet] Processing 10X155_7 (1761 cells)
WARNING: adata.X seems to be already log-transformed.
[Doublet] Finished 10X155_7
[Doublet] Processing 10X155_6 (1371 cells)
WARNING: adata.X seems to be already log-transformed.
[Doublet] Finished 10X155_6
[Doublet] Processing 10X164_3 (4422 cells)
WARNING: adata.X seems to be already log-transformed.
[Doublet] Finished 10X164_3
[Doublet] Processing 10X163_1 (9145 cells)
WARNING: adata.X seems to be already log-transformed.
[Doublet] Finished 10X163_1
[Doublet] Processing 10X155_3 (618 cells)
WARNING: adata.X seems to be already log-transformed.
[Doublet] Finished 10X155_3
[Doublet] Processing 10X155_1 (1066 cells)
WARNING: adata.X seems to be already log-transformed.
[Doublet] Finished 10X155_1
[Doublet] Processing 10X154_3 (7276 cells)
WARNING: adata.X seems to be already log-transformed.
[Doublet] Finished 10X154_3
[Doublet] Processing 10X152_5 (7761 cells)
WARNING: adata.X seems to be already log-transformed.
[Doublet] Finished 10X152_5
[Doublet] Processing 10X152_8 (8229 cells)
WARNING: adata.X seems to be already log-transformed.
[Doublet] Finished 10X152_8
[Doublet] Processing 10X152_7 (8188 cells)
WARNING: adata.X seems to be already log-transformed.
[Doublet] Finished 10X152_7
[Doublet] Processing 10X147_3 (4133 cells)
WARNING: adata.X seems to be already log-transformed.
[Doublet] Finished 10X147_3
[Doublet] Processing 10X143_2 (4259 cells)
WARNING: adata.X seems to be already log-transformed.
[Doublet] Finished 10X143_2
[Doublet] Processing 10X147_2 (5946 cells)
WARNING: adata.X seems to be already log-transformed.
[Doublet] Finished 10X147_2
[Doublet] Processing 10X143_1 (3138 cells)
WARNING: adata.X seems to be already log-transformed.
[Doublet] Finished 10X143_1
[Doublet] Processing 10X142_1 (4697 cells)
WARNING: adata.X seems to be already log-transformed.
[Doublet] Finished 10X142_1
[Doublet] Processing 10X141_6 (1126 cells)
WARNING: adata.X seems to be already log-transformed.
[Doublet] Finished 10X141_6
[Doublet] Processing 10X141_5 (1629 cells)
WARNING: adata.X seems to be already log-transformed.
[Doublet] Finished 10X141_5
[Doublet] Processing 10X141_4 (3879 cells)
WARNING: adata.X seems to be already log-transformed.
[Doublet] Finished 10X141_4
[Doublet] Processing 10X141_2 (2807 cells)
WARNING: adata.X seems to be already log-transformed.
[Doublet] Finished 10X141_2
[Doublet] Processing 10X141_1 (3244 cells)
WARNING: adata.X seems to be already log-transformed.
[Doublet] Finished 10X141_1
[Doublet] Processing 10X140_1 (9186 cells)
WARNING: adata.X seems to be already log-transformed.
[Doublet] Finished 10X140_1
[Doublet] Processing 10X132_8 (8162 cells)
WARNING: adata.X seems to be already log-transformed.
[Doublet] Finished 10X132_8
[Doublet] Processing 10X132_7 (8038 cells)
WARNING: adata.X seems to be already log-transformed.
[Doublet] Finished 10X132_7
[Doublet] Processing 10X132_6 (7562 cells)
WARNING: adata.X seems to be already log-transformed.
[Doublet] Finished 10X132_6
[Doublet] Processing 10X132_5 (7447 cells)
WARNING: adata.X seems to be already log-transformed.
[Doublet] Finished 10X132_5
[Doublet] Processing 10X132_4 (7326 cells)
WARNING: adata.X seems to be already log-transformed.
[Doublet] Finished 10X132_4
[Doublet] Processing 10X132_3 (6726 cells)
WARNING: adata.X seems to be already log-transformed.
[Doublet] Finished 10X132_3
[Doublet] Processing 10X132_2 (6750 cells)
WARNING: adata.X seems to be already log-transformed.
[Doublet] Finished 10X132_2
[Doublet] Processing 10X132_1 (7700 cells)
WARNING: adata.X seems to be already log-transformed.
[Doublet] Finished 10X132_1
[Doublet] Processing 10X127_1 (5741 cells)
WARNING: adata.X seems to be already log-transformed.
[Doublet] Finished 10X127_1
[Doublet] Processing 10X126_8 (6787 cells)
WARNING: adata.X seems to be already log-transformed.
[Doublet] Finished 10X126_8
[Doublet] Processing 10X126_7 (6655 cells)
WARNING: adata.X seems to be already log-transformed.
[Doublet] Finished 10X126_7
[Doublet] Processing 10X126_6 (6483 cells)
WARNING: adata.X seems to be already log-transformed.
[Doublet] Finished 10X126_6
[Doublet] Processing 10X154_2 (7667 cells)
WARNING: adata.X seems to be already log-transformed.
[Doublet] Finished 10X154_2
[Doublet] Processing 10X154_1 (7830 cells)
WARNING: adata.X seems to be already log-transformed.
[Doublet] Finished 10X154_1
[Doublet] Processing 10X152_6 (7786 cells)
WARNING: adata.X seems to be already log-transformed.
[Doublet] Finished 10X152_6
[Doublet] Processing 10X141_3 (3498 cells)
WARNING: adata.X seems to be already log-transformed.
[Doublet] Finished 10X141_3
[Doublet] Processing 10X125_2 (2641 cells)
WARNING: adata.X seems to be already log-transformed.
[Doublet] Finished 10X125_2
[Doublet] Processing 10X125_3 (3594 cells)
WARNING: adata.X seems to be already log-transformed.
[Doublet] Finished 10X125_3
[Doublet] Processing 10X125_4 (2823 cells)
WARNING: adata.X seems to be already log-transformed.
[Doublet] Finished 10X125_4
[Doublet] Processing 10X125_5 (5028 cells)
WARNING: adata.X seems to be already log-transformed.
[Doublet] Finished 10X125_5
[Doublet] Processing 10X125_6 (2275 cells)
WARNING: adata.X seems to be already log-transformed.
[Doublet] Finished 10X125_6
[Doublet] Processing 10X126_1 (6174 cells)
WARNING: adata.X seems to be already log-transformed.
[Doublet] Finished 10X126_1
[Doublet] Processing 10X126_2 (5352 cells)
WARNING: adata.X seems to be already log-transformed.
[Doublet] Finished 10X126_2
[Doublet] Processing 10X126_4 (5047 cells)
WARNING: adata.X seems to be already log-transformed.
[Doublet] Finished 10X126_4
[Doublet] Processing 10X126_5 (5957 cells)
WARNING: adata.X seems to be already log-transformed.
[Doublet] Finished 10X126_5
[Doublet] Processing 10X126_3 (5058 cells)
WARNING: adata.X seems to be already log-transformed.
[Doublet] Finished 10X126_3
[Doublet] Processing 10X124_3 (3060 cells)
WARNING: adata.X seems to be already log-transformed.
[Doublet] Finished 10X124_3
[Doublet] Processing 10X124_4 (3264 cells)
WARNING: adata.X seems to be already log-transformed.
[Doublet] Finished 10X124_4
[Doublet] Processing 10X124_5 (3023 cells)
WARNING: adata.X seems to be already log-transformed.
[Doublet] Finished 10X124_5
[Doublet] Processing 10X124_6 (3268 cells)
WARNING: adata.X seems to be already log-transformed.
[Doublet] Finished 10X124_6
[Doublet] Processing 10X124_7 (5675 cells)
WARNING: adata.X seems to be already log-transformed.
[Doublet] Finished 10X124_7
[Doublet] Processing 10X125_1 (3223 cells)
WARNING: adata.X seems to be already log-transformed.
[Doublet] Finished 10X125_1
[Doublet] Processing 10X124_8 (5555 cells)
WARNING: adata.X seems to be already log-transformed.
[Doublet] Finished 10X124_8
[Doublet] Processing 10X119_4 (4571 cells)
WARNING: adata.X seems to be already log-transformed.
[Doublet] Finished 10X119_4
[Doublet] Processing 10X119_3 (2888 cells)
WARNING: adata.X seems to be already log-transformed.
[Doublet] Finished 10X119_3
[Doublet] Processing 10X119_2 (4390 cells)
WARNING: adata.X seems to be already log-transformed.
[Doublet] Finished 10X119_2
[Doublet] Processing 10X119_1 (4948 cells)
WARNING: adata.X seems to be already log-transformed.
[Doublet] Finished 10X119_1
[Doublet] Processing 10X118_8 (3586 cells)
WARNING: adata.X seems to be already log-transformed.
[Doublet] Finished 10X118_8
[Doublet] Processing 10X102_1 (6141 cells)
WARNING: adata.X seems to be already log-transformed.
[Doublet] Finished 10X102_1
[Doublet] Processing 10X102_3 (6600 cells)
WARNING: adata.X seems to be already log-transformed.
[Doublet] Finished 10X102_3
[Doublet] Processing 10X102_4 (7229 cells)
WARNING: adata.X seems to be already log-transformed.
[Doublet] Finished 10X102_4
[Doublet] Processing 10X102_5 (3804 cells)
WARNING: adata.X seems to be already log-transformed.
[Doublet] Finished 10X102_5
[Doublet] Processing 10X102_6 (4414 cells)
WARNING: adata.X seems to be already log-transformed.
[Doublet] Finished 10X102_6
[Doublet] Processing 10X102_7 (2790 cells)
WARNING: adata.X seems to be already log-transformed.
[Doublet] Finished 10X102_7
[Doublet] Processing 10X102_8 (5115 cells)
WARNING: adata.X seems to be already log-transformed.
[Doublet] Finished 10X102_8
[Doublet] Processing 10X102_2 (4631 cells)
WARNING: adata.X seems to be already log-transformed.
[Doublet] Finished 10X102_2
[Doublet] Processing 10X104_1 (4833 cells)
WARNING: adata.X seems to be already log-transformed.
[Doublet] Finished 10X104_1
[Doublet] Processing 10X103_3 (714 cells)
WARNING: adata.X seems to be already log-transformed.
[Doublet] Finished 10X103_3
[Doublet] Processing 10X103_2 (196 cells)
WARNING: adata.X seems to be already log-transformed.
[Doublet] Finished 10X103_2
[Doublet] Processing 10X103_1 (123 cells)
WARNING: adata.X seems to be already log-transformed.
[Doublet] Finished 10X103_1
[Doublet] Processing 10X105_3 (7162 cells)
WARNING: adata.X seems to be already log-transformed.
[Doublet] Finished 10X105_3
[Doublet] Processing 10X104_2 (4413 cells)
WARNING: adata.X seems to be already log-transformed.
[Doublet] Finished 10X104_2
[Doublet] Processing 10X104_3 (5415 cells)
WARNING: adata.X seems to be already log-transformed.
[Doublet] Finished 10X104_3
[Doublet] Processing 10X104_4 (5130 cells)
WARNING: adata.X seems to be already log-transformed.
[Doublet] Finished 10X104_4
[Doublet] Processing 10X104_5 (5074 cells)
WARNING: adata.X seems to be already log-transformed.
[Doublet] Finished 10X104_5
[Doublet] Processing 10X104_8 (4875 cells)
WARNING: adata.X seems to be already log-transformed.
[Doublet] Finished 10X104_8
[Doublet] Processing 10X105_1 (5766 cells)
WARNING: adata.X seems to be already log-transformed.
[Doublet] Finished 10X105_1
[Doublet] Processing 10X105_7 (11508 cells)
WARNING: adata.X seems to be already log-transformed.
[Doublet] Finished 10X105_7
[Doublet] Processing 10X110_6 (5731 cells)
WARNING: adata.X seems to be already log-transformed.
[Doublet] Finished 10X110_6
[Doublet] Processing 10X110_5 (7694 cells)
WARNING: adata.X seems to be already log-transformed.
[Doublet] Finished 10X110_5
[Doublet] Processing 10X109_3 (3268 cells)
WARNING: adata.X seems to be already log-transformed.
[Doublet] Finished 10X109_3
[Doublet] Processing 10X109_7 (2972 cells)
WARNING: adata.X seems to be already log-transformed.
[Doublet] Finished 10X109_7
[Doublet] Processing 10X109_1 (2075 cells)
WARNING: adata.X seems to be already log-transformed.
[Doublet] Finished 10X109_1
[Doublet] Processing 10X109_2 (2577 cells)
WARNING: adata.X seems to be already log-transformed.
[Doublet] Finished 10X109_2
[Doublet] Processing 10X109_4 (4655 cells)
WARNING: adata.X seems to be already log-transformed.
[Doublet] Finished 10X109_4
[Doublet] Processing 10X110_4 (2550 cells)
WARNING: adata.X seems to be already log-transformed.
[Doublet] Finished 10X110_4
[Doublet] Processing 10X104_6 (4865 cells)
WARNING: adata.X seems to be already log-transformed.
[Doublet] Finished 10X104_6
[Doublet] Processing 10X104_7 (5346 cells)
WARNING: adata.X seems to be already log-transformed.
[Doublet] Finished 10X104_7
[Doublet] Processing 10X105_2 (6116 cells)
WARNING: adata.X seems to be already log-transformed.
[Doublet] Finished 10X105_2
[Doublet] Processing 10X111_1 (10253 cells)
WARNING: adata.X seems to be already log-transformed.
[Doublet] Finished 10X111_1
[Doublet] Processing 10X111_2 (10704 cells)
WARNING: adata.X seems to be already log-transformed.
[Doublet] Finished 10X111_2
[Doublet] Processing 10X112_1 (13072 cells)
WARNING: adata.X seems to be already log-transformed.
[Doublet] Finished 10X112_1
[Doublet] Processing 10X112_2 (11836 cells)
WARNING: adata.X seems to be already log-transformed.
[Doublet] Finished 10X112_2
[Doublet] Processing 10X114_1 (12897 cells)
WARNING: adata.X seems to be already log-transformed.
[Doublet] Finished 10X114_1
[Doublet] Processing 10X114_2 (12158 cells)
WARNING: adata.X seems to be already log-transformed.
[Doublet] Finished 10X114_2
[Doublet] Processing 10X114_3 (9010 cells)
WARNING: adata.X seems to be already log-transformed.
[Doublet] Finished 10X114_3
[Doublet] Processing 10X114_4 (10514 cells)
WARNING: adata.X seems to be already log-transformed.
[Doublet] Finished 10X114_4
[Doublet] Processing 10X114_5 (11390 cells)
WARNING: adata.X seems to be already log-transformed.
[Doublet] Finished 10X114_5
[Doublet] Processing 10X114_6 (8758 cells)
WARNING: adata.X seems to be already log-transformed.
[Doublet] Finished 10X114_6
[Doublet] Processing 10X114_7 (10244 cells)
WARNING: adata.X seems to be already log-transformed.
[Doublet] Finished 10X114_7
[Doublet] Processing 10X114_8 (10864 cells)
WARNING: adata.X seems to be already log-transformed.
[Doublet] Finished 10X114_8
[Doublet] Processing 10X115_1 (4511 cells)
WARNING: adata.X seems to be already log-transformed.
[Doublet] Finished 10X115_1
[Doublet] Processing 10X115_2 (3847 cells)
WARNING: adata.X seems to be already log-transformed.
[Doublet] Finished 10X115_2
[Doublet] Processing 10X115_3 (4401 cells)
WARNING: adata.X seems to be already log-transformed.
[Doublet] Finished 10X115_3
[Doublet] Processing 10X115_4 (5596 cells)
WARNING: adata.X seems to be already log-transformed.
[Doublet] Finished 10X115_4
[Doublet] Processing 10X115_5 (4906 cells)
WARNING: adata.X seems to be already log-transformed.
[Doublet] Finished 10X115_5
[Doublet] Processing 10X115_6 (5807 cells)
WARNING: adata.X seems to be already log-transformed.
[Doublet] Finished 10X115_6
[Doublet] Processing 10X115_7 (6467 cells)
WARNING: adata.X seems to be already log-transformed.
[Doublet] Finished 10X115_7
[Doublet] Processing 10X115_8 (7204 cells)
WARNING: adata.X seems to be already log-transformed.
[Doublet] Finished 10X115_8
[Doublet] Processing 10X116_1 (6275 cells)
WARNING: adata.X seems to be already log-transformed.
[Doublet] Finished 10X116_1
[Doublet] Processing 10X116_2 (921 cells)
WARNING: adata.X seems to be already log-transformed.
[Doublet] Finished 10X116_2
[Doublet] Processing 10X116_3 (5581 cells)
WARNING: adata.X seems to be already log-transformed.
[Doublet] Finished 10X116_3
[Doublet] Processing 10X116_4 (6289 cells)
WARNING: adata.X seems to be already log-transformed.
[Doublet] Finished 10X116_4
[Doublet] Processing 10X116_5 (5693 cells)
WARNING: adata.X seems to be already log-transformed.
[Doublet] Finished 10X116_5
[Doublet] Processing 10X116_6 (5093 cells)
WARNING: adata.X seems to be already log-transformed.
[Doublet] Finished 10X116_6
[Doublet] Processing 10X116_7 (5222 cells)
WARNING: adata.X seems to be already log-transformed.
[Doublet] Finished 10X116_7
[Doublet] Processing 10X116_8 (5381 cells)
WARNING: adata.X seems to be already log-transformed.
[Doublet] Finished 10X116_8
[Doublet] Processing 10X118_1 (5568 cells)
WARNING: adata.X seems to be already log-transformed.
[Doublet] Finished 10X118_1
[Doublet] Processing 10X118_2 (4419 cells)
WARNING: adata.X seems to be already log-transformed.
[Doublet] Finished 10X118_2
[Doublet] Processing 10X118_3 (4708 cells)
WARNING: adata.X seems to be already log-transformed.
[Doublet] Finished 10X118_3
[Doublet] Processing 10X118_4 (5151 cells)
WARNING: adata.X seems to be already log-transformed.
[Doublet] Finished 10X118_4
[Doublet] Processing 10X118_5 (3395 cells)
WARNING: adata.X seems to be already log-transformed.
[Doublet] Finished 10X118_5
[Doublet] Processing 10X118_6 (3507 cells)
WARNING: adata.X seems to be already log-transformed.
[Doublet] Finished 10X118_6
[Doublet] Processing 10X118_7 (3967 cells)
WARNING: adata.X seems to be already log-transformed.
[Doublet] Finished 10X118_7
[Doublet] Processing 10X188_4_ABC_1 (3421 cells)
WARNING: adata.X seems to be already log-transformed.
[Doublet] Finished 10X188_4_ABC_1
[Doublet] Processing 10X302_1_AB_1 (2656 cells)
WARNING: adata.X seems to be already log-transformed.
[Doublet] Finished 10X302_1_AB_1
[Doublet] Processing 10X252_4_AB_1 (2615 cells)
WARNING: adata.X seems to be already log-transformed.
[Doublet] Finished 10X252_4_AB_1
[Doublet] Processing 10X186_1_ABC_1 (5021 cells)
WARNING: adata.X seems to be already log-transformed.
[Doublet] Finished 10X186_1_ABC_1
[Doublet] Processing 10X287_7_AB_1 (7238 cells)
WARNING: adata.X seems to be already log-transformed.
[Doublet] Finished 10X287_7_AB_1
[Doublet] Processing 10X255_2_AB_1 (4030 cells)
WARNING: adata.X seems to be already log-transformed.
[Doublet] Finished 10X255_2_AB_1
[Doublet] Processing 10X188_1_ABC_1 (3411 cells)
WARNING: adata.X seems to be already log-transformed.
[Doublet] Finished 10X188_1_ABC_1
[Doublet] Processing 10X252_1_AB_1 (2758 cells)
WARNING: adata.X seems to be already log-transformed.
[Doublet] Finished 10X252_1_AB_1
[Doublet] Processing 10X254_6_AB_1 (4482 cells)
WARNING: adata.X seems to be already log-transformed.
[Doublet] Finished 10X254_6_AB_1
[Doublet] Processing 10X187_2_ABC_1 (3450 cells)
WARNING: adata.X seems to be already log-transformed.
[Doublet] Finished 10X187_2_ABC_1
[Doublet] Processing 10X255_3_AB_1 (4446 cells)
WARNING: adata.X seems to be already log-transformed.
[Doublet] Finished 10X255_3_AB_1
[Doublet] Processing 10X298_7_AB_1 (10099 cells)
WARNING: adata.X seems to be already log-transformed.
[Doublet] Finished 10X298_7_AB_1
[Doublet] Processing 10X147_1_ABC_1 (7018 cells)
WARNING: adata.X seems to be already log-transformed.
[Doublet] Finished 10X147_1_ABC_1
[Doublet] Processing 10X186_4_ABC_1 (6807 cells)
WARNING: adata.X seems to be already log-transformed.
[Doublet] Finished 10X186_4_ABC_1
[Doublet] Processing 10X298_1_AB_1 (10161 cells)
WARNING: adata.X seems to be already log-transformed.
[Doublet] Finished 10X298_1_AB_1
[Doublet] Processing 10X288_3_AB_1 (7327 cells)
WARNING: adata.X seems to be already log-transformed.
[Doublet] Finished 10X288_3_AB_1
[Doublet] Processing 10X298_8_AB_1 (9354 cells)
WARNING: adata.X seems to be already log-transformed.
[Doublet] Finished 10X298_8_AB_1
[Doublet] Processing 10X288_2_AB_1 (6874 cells)
WARNING: adata.X seems to be already log-transformed.
[Doublet] Finished 10X288_2_AB_1
[Doublet] Processing 10X288_4_AB_1 (7042 cells)
WARNING: adata.X seems to be already log-transformed.
[Doublet] Finished 10X288_4_AB_1
[Doublet] Processing 10X254_2_AB_1 (4458 cells)
WARNING: adata.X seems to be already log-transformed.
[Doublet] Finished 10X254_2_AB_1
[Doublet] Processing 10X187_6_ABC_1 (4787 cells)
WARNING: adata.X seems to be already log-transformed.
[Doublet] Finished 10X187_6_ABC_1
[Doublet] Processing 10X252_2_AB_1 (2322 cells)
WARNING: adata.X seems to be already log-transformed.
[Doublet] Finished 10X252_2_AB_1
[Doublet] Processing 10X251_7_AB_1 (3279 cells)
WARNING: adata.X seems to be already log-transformed.
[Doublet] Finished 10X251_7_AB_1
[Doublet] Processing 10X287_5_AB_1 (7220 cells)
WARNING: adata.X seems to be already log-transformed.
[Doublet] Finished 10X287_5_AB_1
[Doublet] Processing 10X257_2_AB_1 (4820 cells)
WARNING: adata.X seems to be already log-transformed.
[Doublet] Finished 10X257_2_AB_1
[Doublet] Processing 10X288_6_AB_1 (7565 cells)
WARNING: adata.X seems to be already log-transformed.
[Doublet] Finished 10X288_6_AB_1
[Doublet] Processing 10X298_2_AB_1 (9627 cells)
WARNING: adata.X seems to be already log-transformed.
[Doublet] Finished 10X298_2_AB_1
[Doublet] Processing 10X252_3_AB_1 (2299 cells)
WARNING: adata.X seems to be already log-transformed.
[Doublet] Finished 10X252_3_AB_1
[Doublet] Processing 10X298_3_AB_1 (6499 cells)
WARNING: adata.X seems to be already log-transformed.
[Doublet] Finished 10X298_3_AB_1
[Doublet] Processing 10X187_3_ABC_1 (4294 cells)
WARNING: adata.X seems to be already log-transformed.
[Doublet] Finished 10X187_3_ABC_1
[Doublet] Processing 10X254_7_AB_1 (2596 cells)
WARNING: adata.X seems to be already log-transformed.
[Doublet] Finished 10X254_7_AB_1
[Doublet] Processing 10X255_1_AB_1 (3915 cells)
WARNING: adata.X seems to be already log-transformed.
[Doublet] Finished 10X255_1_AB_1
[Doublet] Processing 10X302_3_AB_1 (2839 cells)
WARNING: adata.X seems to be already log-transformed.
[Doublet] Finished 10X302_3_AB_1
[Doublet] Processing 10X252_5_AB_1 (2027 cells)
WARNING: adata.X seems to be already log-transformed.
[Doublet] Finished 10X252_5_AB_1
[Doublet] Processing 10X188_2_ABC_1 (3602 cells)
WARNING: adata.X seems to be already log-transformed.
[Doublet] Finished 10X188_2_ABC_1
[Doublet] Processing 10X298_6_AB_1 (9641 cells)
WARNING: adata.X seems to be already log-transformed.
[Doublet] Finished 10X298_6_AB_1
[Doublet] Processing 10X302_7_AB_1 (2103 cells)
WARNING: adata.X seems to be already log-transformed.
[Doublet] Finished 10X302_7_AB_1
[Doublet] Processing 10X287_6_AB_1 (7290 cells)
WARNING: adata.X seems to be already log-transformed.
[Doublet] Finished 10X287_6_AB_1
[Doublet] Processing 10X254_3_AB_1 (3452 cells)
WARNING: adata.X seems to be already log-transformed.
[Doublet] Finished 10X254_3_AB_1
[Doublet] Processing 10X188_3_ABC_1 (3669 cells)
WARNING: adata.X seems to be already log-transformed.
[Doublet] Finished 10X188_3_ABC_1
[Doublet] Processing 10X252_6_AB_1 (1910 cells)
WARNING: adata.X seems to be already log-transformed.
[Doublet] Finished 10X252_6_AB_1
[Doublet] Processing 10X187_4_ABC_1 (4375 cells)
WARNING: adata.X seems to be already log-transformed.
[Doublet] Finished 10X187_4_ABC_1
[Doublet] Processing 10X257_5_AB_1 (4129 cells)
WARNING: adata.X seems to be already log-transformed.
[Doublet] Finished 10X257_5_AB_1
[Doublet] Processing 10X302_6_AB_1 (2692 cells)
WARNING: adata.X seems to be already log-transformed.
[Doublet] Finished 10X302_6_AB_1
[Doublet] Processing 10X287_8_AB_1 (7459 cells)
WARNING: adata.X seems to be already log-transformed.
[Doublet] Finished 10X287_8_AB_1
[Doublet] Processing 10X302_4_AB_1 (3023 cells)
WARNING: adata.X seems to be already log-transformed.
[Doublet] Finished 10X302_4_AB_1
[Doublet] Processing 10X287_4_AB_1 (7440 cells)
WARNING: adata.X seems to be already log-transformed.
[Doublet] Finished 10X287_4_AB_1
[Doublet] Processing 10X288_5_AB_1 (7227 cells)
WARNING: adata.X seems to be already log-transformed.
[Doublet] Finished 10X288_5_AB_1
[Doublet] Processing 10X302_8_AB_1 (2376 cells)
WARNING: adata.X seems to be already log-transformed.
[Doublet] Finished 10X302_8_AB_1
[Doublet] Processing 10X255_4_AB_1 (4282 cells)
WARNING: adata.X seems to be already log-transformed.
[Doublet] Finished 10X255_4_AB_1
[Doublet] Processing 10X288_7_AB_1 (7402 cells)
WARNING: adata.X seems to be already log-transformed.
[Doublet] Finished 10X288_7_AB_1
[Doublet] Processing 10X255_7_AB_1 (3387 cells)
WARNING: adata.X seems to be already log-transformed.
[Doublet] Finished 10X255_7_AB_1
[Doublet] Processing 10X257_6_AB_1 (7360 cells)
WARNING: adata.X seems to be already log-transformed.
[Doublet] Finished 10X257_6_AB_1
[Doublet] Processing 10X298_5_AB_1 (4326 cells)
WARNING: adata.X seems to be already log-transformed.
[Doublet] Finished 10X298_5_AB_1
[Doublet] Processing 10X252_7_AB_1 (2368 cells)
WARNING: adata.X seems to be already log-transformed.
[Doublet] Finished 10X252_7_AB_1
[Doublet] Processing 10X187_8_ABC_1 (3618 cells)
WARNING: adata.X seems to be already log-transformed.
[Doublet] Finished 10X187_8_ABC_1
[Doublet] Processing 10X302_5_AB_1 (2461 cells)
WARNING: adata.X seems to be already log-transformed.
[Doublet] Finished 10X302_5_AB_1
[Doublet] Processing 10X288_8_AB_1 (7249 cells)
WARNING: adata.X seems to be already log-transformed.
[Doublet] Finished 10X288_8_AB_1
[Doublet] Processing 10X255_6_AB_1 (4231 cells)
WARNING: adata.X seems to be already log-transformed.
[Doublet] Finished 10X255_6_AB_1
[Doublet] Processing 10X257_1_AB_1 (5563 cells)
WARNING: adata.X seems to be already log-transformed.
[Doublet] Finished 10X257_1_AB_1
[Doublet] Processing 10X257_4_AB_1 (6770 cells)
WARNING: adata.X seems to be already log-transformed.
[Doublet] Finished 10X257_4_AB_1
[Doublet] Processing 10X254_5_AB_1 (4132 cells)
WARNING: adata.X seems to be already log-transformed.
[Doublet] Finished 10X254_5_AB_1
[Doublet] Processing 10X251_8_AB_1 (3270 cells)
WARNING: adata.X seems to be already log-transformed.
[Doublet] Finished 10X251_8_AB_1
[Doublet] Processing 10X288_1_AB_1 (7176 cells)
WARNING: adata.X seems to be already log-transformed.
[Doublet] Finished 10X288_1_AB_1
[Doublet] Processing 10X254_8_AB_1 (2514 cells)
WARNING: adata.X seems to be already log-transformed.
[Doublet] Finished 10X254_8_AB_1
[Doublet] Processing 10X254_4_AB_1 (6564 cells)
WARNING: adata.X seems to be already log-transformed.
[Doublet] Finished 10X254_4_AB_1
[Doublet] Processing 10X302_2_AB_1 (2859 cells)
WARNING: adata.X seems to be already log-transformed.
[Doublet] Finished 10X302_2_AB_1
[Doublet] Processing 10X298_4_AB_1 (7416 cells)
WARNING: adata.X seems to be already log-transformed.
[Doublet] Finished 10X298_4_AB_1
[Doublet] Processing 10X187_1_ABC_1 (3394 cells)
WARNING: adata.X seems to be already log-transformed.
[Doublet] Finished 10X187_1_ABC_1
Bulk Scrublet complete

------------------------------------------------------------
Sender: LSF System <lsfadmin@node-12-1-2>
Subject: Job 302522: <doublet_bulk_filtered_linnarson> in cluster <farm22> Done

Job <doublet_bulk_filtered_linnarson> was submitted from host <farm22-head1> by user <sm54> in cluster <farm22> at Mon Jul 14 23:58:50 2025
Job was executed on host(s) <2*node-12-1-2>, in queue <long>, as user <sm54> in cluster <farm22> at Mon Jul 14 23:58:50 2025
</nfs/users/nfs_s/sm54> was used as the home directory.
</nfs/team298/sm54/BoneAtlasProject/src/processing/bash_scripts> was used as the working directory.
Started at Mon Jul 14 23:58:50 2025
Terminated at Tue Jul 15 02:57:44 2025
Results reported at Tue Jul 15 02:57:44 2025

Your job looked like:

------------------------------------------------------------
# LSBATCH: User input
module load cellgen/conda; conda activate boneatlas;
   cd /nfs/team298/sm54/BoneAtlasProject/src/processing;
   python 03_scrublet_doublet_detection.py      --merged_h5ad /lustre/scratch124/cellgen/haniffa/users/sm54/data/Linnarson/Linnarson_filtered_with_metadata.h5ad      --adata_status filtered_linnarson      --output_dir /lustre/scratch124/cellgen/haniffa/users/sm54/data/Linnarson/      --log_level INFO      --log_dir /nfs/team298/sm54/BoneAtlasProject/processing/logs
------------------------------------------------------------

Successfully completed.

Resource usage summary:

    CPU time :                                   12496.16 sec.
    Max Memory :                                 114061 MB
    Average Memory :                             109436.97 MB
    Total Requested Memory :                     450000.00 MB
    Delta Memory :                               335939.00 MB
    Max Swap :                                   2 MB
    Max Processes :                              3
    Max Threads :                                8
    Run time :                                   10732 sec.
    Turnaround time :                            10734 sec.

The output (if any) is above this job summary.

