Traceback (most recent call last):
  File "/nfs/team298/sm54/BoneAtlasProject/src/processing/generate_velocity_h5ads.py", line 3, in <module>
    import anndata as ad
ModuleNotFoundError: No module named 'anndata'

------------------------------------------------------------
Sender: LSF System <lsfadmin@node-13-19>
Subject: Job 367612: <generate_velocity> in cluster <farm22> Exited

Job <generate_velocity> was submitted from host <farm22-head1> by user <sm54> in cluster <farm22> at Sat Nov 22 18:28:30 2025
Job was executed on host(s) <8*node-13-19>, in queue <normal>, as user <sm54> in cluster <farm22> at Sat Nov 22 18:28:31 2025
</nfs/users/nfs_s/sm54> was used as the home directory.
</nfs/team298/sm54/BoneAtlasProject/src/processing/bash_scripts> was used as the working directory.
Started at Sat Nov 22 18:28:31 2025
Terminated at Sat Nov 22 18:28:33 2025
Results reported at Sat Nov 22 18:28:33 2025

Your job looked like:

------------------------------------------------------------
# LSBATCH: User input
module load cellgen/conda;
   conda activate boneatlas;
   python -u /nfs/team298/sm54/BoneAtlasProject/src/processing/generate_velocity_h5ads.py        --input_dir /nfs/cellgeni/tickets/tic-3721/actions/data/STARsolo        --output_dir /lustre/scratch124/cellgen/haniffa/users/sm54/data/velocity        --merged_name velocity_merged.h5ad
------------------------------------------------------------

Exited with exit code 1.

Resource usage summary:

    CPU time :                                   1.00 sec.
    Max Memory :                                 29 MB
    Average Memory :                             28.33 MB
    Total Requested Memory :                     650000.00 MB
    Delta Memory :                               649971.00 MB
    Max Swap :                                   -
    Max Processes :                              5
    Max Threads :                                6
    Run time :                                   2 sec.
    Turnaround time :                            3 sec.

The output (if any) is above this job summary.

