Found 494 sample folders across Sanger + GSE143753.
Saved /lustre/scratch124/cellgen/haniffa/users/sm54/data/velocity/HCA_BN_F13177434/HCA_BN_F13177434_velocity.h5ad
Saved /lustre/scratch124/cellgen/haniffa/users/sm54/data/velocity/HCA_BN_F12966459/HCA_BN_F12966459_velocity.h5ad
Saved /lustre/scratch124/cellgen/haniffa/users/sm54/data/velocity/6180STDY9448813/6180STDY9448813_velocity.h5ad
Saved /lustre/scratch124/cellgen/haniffa/users/sm54/data/velocity/FCAImmP7579223/FCAImmP7579223_velocity.h5ad
Saved /lustre/scratch124/cellgen/haniffa/users/sm54/data/velocity/FCAImmP7579233/FCAImmP7579233_velocity.h5ad
Saved /lustre/scratch124/cellgen/haniffa/users/sm54/data/velocity/FCAImmP7504909/FCAImmP7504909_velocity.h5ad
Saved /lustre/scratch124/cellgen/haniffa/users/sm54/data/velocity/HCA_BN_F12922484/HCA_BN_F12922484_velocity.h5ad
Saved /lustre/scratch124/cellgen/haniffa/users/sm54/data/velocity/FCAImmP7579218/FCAImmP7579218_velocity.h5ad
Saved /lustre/scratch124/cellgen/haniffa/users/sm54/data/velocity/FCAImmP7292034/FCAImmP7292034_velocity.h5ad
Saved /lustre/scratch124/cellgen/haniffa/users/sm54/data/velocity/HCA_BN_F12874047/HCA_BN_F12874047_velocity.h5ad
Saved /lustre/scratch124/cellgen/haniffa/users/sm54/data/velocity/Human_colon_16S7985395/Human_colon_16S7985395_velocity.h5ad
Saved /lustre/scratch124/cellgen/haniffa/users/sm54/data/velocity/FCAImmP7462241/FCAImmP7462241_velocity.h5ad
Saved /lustre/scratch124/cellgen/haniffa/users/sm54/data/velocity/HCA_BN_F12627472/HCA_BN_F12627472_velocity.h5ad
Saved /lustre/scratch124/cellgen/haniffa/users/sm54/data/velocity/FCAImmP7277556/FCAImmP7277556_velocity.h5ad
Saved /lustre/scratch124/cellgen/haniffa/users/sm54/data/velocity/FCAImmP7316901/FCAImmP7316901_velocity.h5ad
Saved /lustre/scratch124/cellgen/haniffa/users/sm54/data/velocity/WS_wEMB13942153/WS_wEMB13942153_velocity.h5ad
Saved /lustre/scratch124/cellgen/haniffa/users/sm54/data/velocity/HCA_BN_F13109719/HCA_BN_F13109719_velocity.h5ad
Saved /lustre/scratch124/cellgen/haniffa/users/sm54/data/velocity/FCAImmP7862089/FCAImmP7862089_velocity.h5ad
Saved /lustre/scratch124/cellgen/haniffa/users/sm54/data/velocity/WSSS_THYst9384958/WSSS_THYst9384958_velocity.h5ad
Saved /lustre/scratch124/cellgen/haniffa/users/sm54/data/velocity/SB_200532_11018316/SB_200532_11018316_velocity.h5ad
Saved /lustre/scratch124/cellgen/haniffa/users/sm54/data/velocity/FCAImmP7862093/FCAImmP7862093_velocity.h5ad
Saved /lustre/scratch124/cellgen/haniffa/users/sm54/data/velocity/FCAImmP8096689/FCAImmP8096689_velocity.h5ad
Saved /lustre/scratch124/cellgen/haniffa/users/sm54/data/velocity/FCAImmP7555853/FCAImmP7555853_velocity.h5ad
Saved /lustre/scratch124/cellgen/haniffa/users/sm54/data/velocity/HCA_rFSKI14539490/HCA_rFSKI14539490_velocity.h5ad
Saved /lustre/scratch124/cellgen/haniffa/users/sm54/data/velocity/FCAImmP8096687/FCAImmP8096687_velocity.h5ad
Saved /lustre/scratch124/cellgen/haniffa/users/sm54/data/velocity/FCAImmP7504911/FCAImmP7504911_velocity.h5ad
Saved /lustre/scratch124/cellgen/haniffa/users/sm54/data/velocity/FCAImmP7241241/FCAImmP7241241_velocity.h5ad
Saved /lustre/scratch124/cellgen/haniffa/users/sm54/data/velocity/5478STDY7819848/5478STDY7819848_velocity.h5ad
Saved /lustre/scratch124/cellgen/haniffa/users/sm54/data/velocity/5386STDY7557336/5386STDY7557336_velocity.h5ad
Saved /lustre/scratch124/cellgen/haniffa/users/sm54/data/velocity/HCA_BN_F13177436/HCA_BN_F13177436_velocity.h5ad
Saved /lustre/scratch124/cellgen/haniffa/users/sm54/data/velocity/FCAImmP7555862/FCAImmP7555862_velocity.h5ad
Saved /lustre/scratch124/cellgen/haniffa/users/sm54/data/velocity/WSSS_F_Imm11192518/WSSS_F_Imm11192518_velocity.h5ad
Saved /lustre/scratch124/cellgen/haniffa/users/sm54/data/velocity/6180STDY9448808/6180STDY9448808_velocity.h5ad
Saved /lustre/scratch124/cellgen/haniffa/users/sm54/data/velocity/4834STDY7002883/4834STDY7002883_velocity.h5ad
Saved /lustre/scratch124/cellgen/haniffa/users/sm54/data/velocity/SB_200532_11254462/SB_200532_11254462_velocity.h5ad
Saved /lustre/scratch124/cellgen/haniffa/users/sm54/data/velocity/FCAImmP7277555/FCAImmP7277555_velocity.h5ad
Saved /lustre/scratch124/cellgen/haniffa/users/sm54/data/velocity/FCAImmP7277560/FCAImmP7277560_velocity.h5ad
Saved /lustre/scratch124/cellgen/haniffa/users/sm54/data/velocity/HCA_BN_F13177437/HCA_BN_F13177437_velocity.h5ad
Saved /lustre/scratch124/cellgen/haniffa/users/sm54/data/velocity/FCAImmP7292028/FCAImmP7292028_velocity.h5ad
Saved /lustre/scratch124/cellgen/haniffa/users/sm54/data/velocity/WS_wEMB13942146/WS_wEMB13942146_velocity.h5ad
Saved /lustre/scratch124/cellgen/haniffa/users/sm54/data/velocity/5478STDY7850146/5478STDY7850146_velocity.h5ad
Saved /lustre/scratch124/cellgen/haniffa/users/sm54/data/velocity/FCAImmP7241240/FCAImmP7241240_velocity.h5ad
Saved /lustre/scratch124/cellgen/haniffa/users/sm54/data/velocity/HCA_BN_F12966455/HCA_BN_F12966455_velocity.h5ad
Saved /lustre/scratch124/cellgen/haniffa/users/sm54/data/velocity/HCA_rFSKI14539498/HCA_rFSKI14539498_velocity.h5ad
Saved /lustre/scratch124/cellgen/haniffa/users/sm54/data/velocity/FCA_gut8015060/FCA_gut8015060_velocity.h5ad
Saved /lustre/scratch124/cellgen/haniffa/users/sm54/data/velocity/4834STDY7002881/4834STDY7002881_velocity.h5ad
Saved /lustre/scratch124/cellgen/haniffa/users/sm54/data/velocity/SB_200532_10297923/SB_200532_10297923_velocity.h5ad
Saved /lustre/scratch124/cellgen/haniffa/users/sm54/data/velocity/SB_200532_10863988/SB_200532_10863988_velocity.h5ad
Saved /lustre/scratch124/cellgen/haniffa/users/sm54/data/velocity/WS_wEMB13942143/WS_wEMB13942143_velocity.h5ad
Saved /lustre/scratch124/cellgen/haniffa/users/sm54/data/velocity/FCAImmP7579227/FCAImmP7579227_velocity.h5ad
Saved /lustre/scratch124/cellgen/haniffa/users/sm54/data/velocity/SB_200532_10297930/SB_200532_10297930_velocity.h5ad
Saved /lustre/scratch124/cellgen/haniffa/users/sm54/data/velocity/Human_colon_16S8159184/Human_colon_16S8159184_velocity.h5ad
Saved /lustre/scratch124/cellgen/haniffa/users/sm54/data/velocity/Human_colon_16S7985389/Human_colon_16S7985389_velocity.h5ad
Saved /lustre/scratch124/cellgen/haniffa/users/sm54/data/velocity/FCAImmP7292035/FCAImmP7292035_velocity.h5ad
Saved /lustre/scratch124/cellgen/haniffa/users/sm54/data/velocity/HCA_BN_F12863836/HCA_BN_F12863836_velocity.h5ad
Saved /lustre/scratch124/cellgen/haniffa/users/sm54/data/velocity/SB_200532_10863991/SB_200532_10863991_velocity.h5ad
Saved /lustre/scratch124/cellgen/haniffa/users/sm54/data/velocity/HCA_BN_F13177435/HCA_BN_F13177435_velocity.h5ad
Saved /lustre/scratch124/cellgen/haniffa/users/sm54/data/velocity/5478STDY7850148/5478STDY7850148_velocity.h5ad
Saved /lustre/scratch124/cellgen/haniffa/users/sm54/data/velocity/FCAImmP7851892/FCAImmP7851892_velocity.h5ad
Saved /lustre/scratch124/cellgen/haniffa/users/sm54/data/velocity/FCAImmP7803035/FCAImmP7803035_velocity.h5ad
Saved /lustre/scratch124/cellgen/haniffa/users/sm54/data/velocity/HCA_BN_F12627473/HCA_BN_F12627473_velocity.h5ad
Saved /lustre/scratch124/cellgen/haniffa/users/sm54/data/velocity/FCAImmP7198433/FCAImmP7198433_velocity.h5ad
Saved /lustre/scratch124/cellgen/haniffa/users/sm54/data/velocity/4834STDY7038750/4834STDY7038750_velocity.h5ad
Skipping results: no velocity folder.
Saved /lustre/scratch124/cellgen/haniffa/users/sm54/data/velocity/5478STDY7819846/5478STDY7819846_velocity.h5ad
Saved /lustre/scratch124/cellgen/haniffa/users/sm54/data/velocity/SB_200532_10841318/SB_200532_10841318_velocity.h5ad
Saved /lustre/scratch124/cellgen/haniffa/users/sm54/data/velocity/FCAImmP7862095/FCAImmP7862095_velocity.h5ad
Saved /lustre/scratch124/cellgen/haniffa/users/sm54/data/velocity/FCAImmP7579211/FCAImmP7579211_velocity.h5ad
Saved /lustre/scratch124/cellgen/haniffa/users/sm54/data/velocity/FCAImmP7179369/FCAImmP7179369_velocity.h5ad
Saved /lustre/scratch124/cellgen/haniffa/users/sm54/data/velocity/SB_200532_11018318/SB_200532_11018318_velocity.h5ad
Saved /lustre/scratch124/cellgen/haniffa/users/sm54/data/velocity/FCAImmP7528284/FCAImmP7528284_velocity.h5ad
Saved /lustre/scratch124/cellgen/haniffa/users/sm54/data/velocity/SB_200532_10297922/SB_200532_10297922_velocity.h5ad
Saved /lustre/scratch124/cellgen/haniffa/users/sm54/data/velocity/WS_wEMB13942144/WS_wEMB13942144_velocity.h5ad
Saved /lustre/scratch124/cellgen/haniffa/users/sm54/data/velocity/SB_200532_11018314/SB_200532_11018314_velocity.h5ad
Saved /lustre/scratch124/cellgen/haniffa/users/sm54/data/velocity/WS_wEMB13942142/WS_wEMB13942142_velocity.h5ad
Saved /lustre/scratch124/cellgen/haniffa/users/sm54/data/velocity/SB_200532_10841317/SB_200532_10841317_velocity.h5ad
Saved /lustre/scratch124/cellgen/haniffa/users/sm54/data/velocity/HCA_rFSKI14539494/HCA_rFSKI14539494_velocity.h5ad
Saved /lustre/scratch124/cellgen/haniffa/users/sm54/data/velocity/FCAImmP7316895/FCAImmP7316895_velocity.h5ad
Saved /lustre/scratch124/cellgen/haniffa/users/sm54/data/velocity/FCAImmP7555854/FCAImmP7555854_velocity.h5ad
Saved /lustre/scratch124/cellgen/haniffa/users/sm54/data/velocity/Human_colon_16S7985394/Human_colon_16S7985394_velocity.h5ad
Skipping nf-work: no velocity folder.
Saved /lustre/scratch124/cellgen/haniffa/users/sm54/data/velocity/FCAImmP7316886/FCAImmP7316886_velocity.h5ad
Saved /lustre/scratch124/cellgen/haniffa/users/sm54/data/velocity/WS_wEMB13942151/WS_wEMB13942151_velocity.h5ad
Saved /lustre/scratch124/cellgen/haniffa/users/sm54/data/velocity/HCA_BN_F12966456/HCA_BN_F12966456_velocity.h5ad
Saved /lustre/scratch124/cellgen/haniffa/users/sm54/data/velocity/FCAImmP7964506/FCAImmP7964506_velocity.h5ad
Saved /lustre/scratch124/cellgen/haniffa/users/sm54/data/velocity/HCA_rFSKI14449639/HCA_rFSKI14449639_velocity.h5ad
Saved /lustre/scratch124/cellgen/haniffa/users/sm54/data/velocity/HCA_rFSKI14449635/HCA_rFSKI14449635_velocity.h5ad
Saved /lustre/scratch124/cellgen/haniffa/users/sm54/data/velocity/FCAImmP7803033/FCAImmP7803033_velocity.h5ad
Saved /lustre/scratch124/cellgen/haniffa/users/sm54/data/velocity/FCAImmP8102304/FCAImmP8102304_velocity.h5ad
Saved /lustre/scratch124/cellgen/haniffa/users/sm54/data/velocity/FCAImmP7292033/FCAImmP7292033_velocity.h5ad
Saved /lustre/scratch124/cellgen/haniffa/users/sm54/data/velocity/SB_200532_11018315/SB_200532_11018315_velocity.h5ad
Saved /lustre/scratch124/cellgen/haniffa/users/sm54/data/velocity/FCA_gut8015057/FCA_gut8015057_velocity.h5ad
Saved /lustre/scratch124/cellgen/haniffa/users/sm54/data/velocity/FCAImmP7862086/FCAImmP7862086_velocity.h5ad
Saved /lustre/scratch124/cellgen/haniffa/users/sm54/data/velocity/FCAImmP7964504/FCAImmP7964504_velocity.h5ad
Saved /lustre/scratch124/cellgen/haniffa/users/sm54/data/velocity/FCAImmP7179365/FCAImmP7179365_velocity.h5ad
Saved /lustre/scratch124/cellgen/haniffa/users/sm54/data/velocity/FCAImmP7803024/FCAImmP7803024_velocity.h5ad
Saved /lustre/scratch124/cellgen/haniffa/users/sm54/data/velocity/WSSS_F_Imm11192515/WSSS_F_Imm11192515_velocity.h5ad
Saved /lustre/scratch124/cellgen/haniffa/users/sm54/data/velocity/FCAImmP7862091/FCAImmP7862091_velocity.h5ad
Saved /lustre/scratch124/cellgen/haniffa/users/sm54/data/velocity/HCA_rFSKI14449636/HCA_rFSKI14449636_velocity.h5ad
Saved /lustre/scratch124/cellgen/haniffa/users/sm54/data/velocity/WSSS_THYst9384953/WSSS_THYst9384953_velocity.h5ad
Saved /lustre/scratch124/cellgen/haniffa/users/sm54/data/velocity/HCA_BRA_F13168992/HCA_BRA_F13168992_velocity.h5ad
Saved /lustre/scratch124/cellgen/haniffa/users/sm54/data/velocity/FCA_gut8015058/FCA_gut8015058_velocity.h5ad
Saved /lustre/scratch124/cellgen/haniffa/users/sm54/data/velocity/HCA_rFSKI14449640/HCA_rFSKI14449640_velocity.h5ad
Saved /lustre/scratch124/cellgen/haniffa/users/sm54/data/velocity/FCAImmP7862090/FCAImmP7862090_velocity.h5ad
Saved /lustre/scratch124/cellgen/haniffa/users/sm54/data/velocity/HCA_BN_F12808060/HCA_BN_F12808060_velocity.h5ad
Saved /lustre/scratch124/cellgen/haniffa/users/sm54/data/velocity/FCAImmP7528296/FCAImmP7528296_velocity.h5ad
Saved /lustre/scratch124/cellgen/haniffa/users/sm54/data/velocity/FCAImmP7528289/FCAImmP7528289_velocity.h5ad
Saved /lustre/scratch124/cellgen/haniffa/users/sm54/data/velocity/FCAImmP7528290/FCAImmP7528290_velocity.h5ad
Saved /lustre/scratch124/cellgen/haniffa/users/sm54/data/velocity/FCAImmP7536759/FCAImmP7536759_velocity.h5ad
Saved /lustre/scratch124/cellgen/haniffa/users/sm54/data/velocity/FCAImmP7803043/FCAImmP7803043_velocity.h5ad
Saved /lustre/scratch124/cellgen/haniffa/users/sm54/data/velocity/HCA_BN_F13109710/HCA_BN_F13109710_velocity.h5ad
Saved /lustre/scratch124/cellgen/haniffa/users/sm54/data/velocity/5478STDY7717491/5478STDY7717491_velocity.h5ad
Saved /lustre/scratch124/cellgen/haniffa/users/sm54/data/velocity/HCA_BRA_F13774555/HCA_BRA_F13774555_velocity.h5ad
Saved /lustre/scratch124/cellgen/haniffa/users/sm54/data/velocity/FCAImmP7862088/FCAImmP7862088_velocity.h5ad
Saved /lustre/scratch124/cellgen/haniffa/users/sm54/data/velocity/FCAImmP7555850/FCAImmP7555850_velocity.h5ad
Saved /lustre/scratch124/cellgen/haniffa/users/sm54/data/velocity/FCAImmP7462244/FCAImmP7462244_velocity.h5ad
Saved /lustre/scratch124/cellgen/haniffa/users/sm54/data/velocity/FCAImmP7964510/FCAImmP7964510_velocity.h5ad
Saved /lustre/scratch124/cellgen/haniffa/users/sm54/data/velocity/HCA_BN_F13109712/HCA_BN_F13109712_velocity.h5ad
Saved /lustre/scratch124/cellgen/haniffa/users/sm54/data/velocity/HCA_BN_F12863835/HCA_BN_F12863835_velocity.h5ad
Saved /lustre/scratch124/cellgen/haniffa/users/sm54/data/velocity/4834STDY7002882/4834STDY7002882_velocity.h5ad
Saved /lustre/scratch124/cellgen/haniffa/users/sm54/data/velocity/FCAImmP7803031/FCAImmP7803031_velocity.h5ad
Saved /lustre/scratch124/cellgen/haniffa/users/sm54/data/velocity/5478STDY7980348/5478STDY7980348_velocity.h5ad
Saved /lustre/scratch124/cellgen/haniffa/users/sm54/data/velocity/4834STDY7002875/4834STDY7002875_velocity.h5ad
Saved /lustre/scratch124/cellgen/haniffa/users/sm54/data/velocity/FCAImmP7198435/FCAImmP7198435_velocity.h5ad
Saved /lustre/scratch124/cellgen/haniffa/users/sm54/data/velocity/FCAImmP7964509/FCAImmP7964509_velocity.h5ad
Saved /lustre/scratch124/cellgen/haniffa/users/sm54/data/velocity/HCA_BN_F12966457/HCA_BN_F12966457_velocity.h5ad
Saved /lustre/scratch124/cellgen/haniffa/users/sm54/data/velocity/FCAImmP7579225/FCAImmP7579225_velocity.h5ad
Saved /lustre/scratch124/cellgen/haniffa/users/sm54/data/velocity/FCAImmP7803030/FCAImmP7803030_velocity.h5ad
Saved /lustre/scratch124/cellgen/haniffa/users/sm54/data/velocity/WS_wEMB13942145/WS_wEMB13942145_velocity.h5ad
Saved /lustre/scratch124/cellgen/haniffa/users/sm54/data/velocity/6180STDY9448811/6180STDY9448811_velocity.h5ad
Saved /lustre/scratch124/cellgen/haniffa/users/sm54/data/velocity/5478STDY7840024/5478STDY7840024_velocity.h5ad
Saved /lustre/scratch124/cellgen/haniffa/users/sm54/data/velocity/FCAImmP7803017/FCAImmP7803017_velocity.h5ad
Saved /lustre/scratch124/cellgen/haniffa/users/sm54/data/velocity/HCA_rFSKI14449638/HCA_rFSKI14449638_velocity.h5ad
Saved /lustre/scratch124/cellgen/haniffa/users/sm54/data/velocity/FCAImmP7803025/FCAImmP7803025_velocity.h5ad
Saved /lustre/scratch124/cellgen/haniffa/users/sm54/data/velocity/HCA_BN_F12922485/HCA_BN_F12922485_velocity.h5ad
Saved /lustre/scratch124/cellgen/haniffa/users/sm54/data/velocity/WSSS_THYst9384955/WSSS_THYst9384955_velocity.h5ad
Saved /lustre/scratch124/cellgen/haniffa/users/sm54/data/velocity/FCAImmP7277552/FCAImmP7277552_velocity.h5ad
Saved /lustre/scratch124/cellgen/haniffa/users/sm54/data/velocity/SB_200532_11254460/SB_200532_11254460_velocity.h5ad
Saved /lustre/scratch124/cellgen/haniffa/users/sm54/data/velocity/FCAImmP8096691/FCAImmP8096691_velocity.h5ad
Saved /lustre/scratch124/cellgen/haniffa/users/sm54/data/velocity/FCAImmP7803026/FCAImmP7803026_velocity.h5ad
Saved /lustre/scratch124/cellgen/haniffa/users/sm54/data/velocity/FCAImmP8096696/FCAImmP8096696_velocity.h5ad
Saved /lustre/scratch124/cellgen/haniffa/users/sm54/data/velocity/FCAImmP7277559/FCAImmP7277559_velocity.h5ad
Saved /lustre/scratch124/cellgen/haniffa/users/sm54/data/velocity/SB_200532_10032968/SB_200532_10032968_velocity.h5ad
Saved /lustre/scratch124/cellgen/haniffa/users/sm54/data/velocity/FCAImmP7277564/FCAImmP7277564_velocity.h5ad
Saved /lustre/scratch124/cellgen/haniffa/users/sm54/data/velocity/FCAImmP7504913/FCAImmP7504913_velocity.h5ad
Saved /lustre/scratch124/cellgen/haniffa/users/sm54/data/velocity/5386STDY7557335/5386STDY7557335_velocity.h5ad
Saved /lustre/scratch124/cellgen/haniffa/users/sm54/data/velocity/FCAImmP7198432/FCAImmP7198432_velocity.h5ad
Saved /lustre/scratch124/cellgen/haniffa/users/sm54/data/velocity/SB_200532_10863985/SB_200532_10863985_velocity.h5ad
Saved /lustre/scratch124/cellgen/haniffa/users/sm54/data/velocity/FCAImmP7292030/FCAImmP7292030_velocity.h5ad
Saved /lustre/scratch124/cellgen/haniffa/users/sm54/data/velocity/FCAImmP7579229/FCAImmP7579229_velocity.h5ad
Saved /lustre/scratch124/cellgen/haniffa/users/sm54/data/velocity/WSSS_F_BON8710637/WSSS_F_BON8710637_velocity.h5ad
Saved /lustre/scratch124/cellgen/haniffa/users/sm54/data/velocity/HCA_BN_F12808062/HCA_BN_F12808062_velocity.h5ad
Saved /lustre/scratch124/cellgen/haniffa/users/sm54/data/velocity/WS_wEMB12142156/WS_wEMB12142156_velocity.h5ad
Saved /lustre/scratch124/cellgen/haniffa/users/sm54/data/velocity/WSSS_F_Imm11192516/WSSS_F_Imm11192516_velocity.h5ad
Saved /lustre/scratch124/cellgen/haniffa/users/sm54/data/velocity/SB_200532_10297931/SB_200532_10297931_velocity.h5ad
Saved /lustre/scratch124/cellgen/haniffa/users/sm54/data/velocity/WSSS_THYst8796442/WSSS_THYst8796442_velocity.h5ad
Saved /lustre/scratch124/cellgen/haniffa/users/sm54/data/velocity/SB_200532_11254463/SB_200532_11254463_velocity.h5ad
Saved /lustre/scratch124/cellgen/haniffa/users/sm54/data/velocity/SB_200532_11018313/SB_200532_11018313_velocity.h5ad
Saved /lustre/scratch124/cellgen/haniffa/users/sm54/data/velocity/HCA_rFSKI14539495/HCA_rFSKI14539495_velocity.h5ad
Saved /lustre/scratch124/cellgen/haniffa/users/sm54/data/velocity/FCAImmP7579232/FCAImmP7579232_velocity.h5ad
Skipping reports: no velocity folder.
Saved /lustre/scratch124/cellgen/haniffa/users/sm54/data/velocity/SB_200532_10863993/SB_200532_10863993_velocity.h5ad
Saved /lustre/scratch124/cellgen/haniffa/users/sm54/data/velocity/SB_200532_10297933/SB_200532_10297933_velocity.h5ad
Saved /lustre/scratch124/cellgen/haniffa/users/sm54/data/velocity/HCA_rFSKI14539493/HCA_rFSKI14539493_velocity.h5ad
Saved /lustre/scratch124/cellgen/haniffa/users/sm54/data/velocity/FCAImmP7862096/FCAImmP7862096_velocity.h5ad
Saved /lustre/scratch124/cellgen/haniffa/users/sm54/data/velocity/WS_wEMB12142157/WS_wEMB12142157_velocity.h5ad
Saved /lustre/scratch124/cellgen/haniffa/users/sm54/data/velocity/SB_200532_10841323/SB_200532_10841323_velocity.h5ad
Saved /lustre/scratch124/cellgen/haniffa/users/sm54/data/velocity/5478STDY7819849/5478STDY7819849_velocity.h5ad
Saved /lustre/scratch124/cellgen/haniffa/users/sm54/data/velocity/FCAImmP7803036/FCAImmP7803036_velocity.h5ad
Saved /lustre/scratch124/cellgen/haniffa/users/sm54/data/velocity/Human_colon_16S7985390/Human_colon_16S7985390_velocity.h5ad
Saved /lustre/scratch124/cellgen/haniffa/users/sm54/data/velocity/FCAImmP7579230/FCAImmP7579230_velocity.h5ad
Saved /lustre/scratch124/cellgen/haniffa/users/sm54/data/velocity/WS_wEMB12142159/WS_wEMB12142159_velocity.h5ad
Saved /lustre/scratch124/cellgen/haniffa/users/sm54/data/velocity/HCA_BN_F12922483/HCA_BN_F12922483_velocity.h5ad
Saved /lustre/scratch124/cellgen/haniffa/users/sm54/data/velocity/HCA_BRA_F13774556/HCA_BRA_F13774556_velocity.h5ad
Saved /lustre/scratch124/cellgen/haniffa/users/sm54/data/velocity/4834STDY7038752/4834STDY7038752_velocity.h5ad
Saved /lustre/scratch124/cellgen/haniffa/users/sm54/data/velocity/SB_200532_10841319/SB_200532_10841319_velocity.h5ad
Saved /lustre/scratch124/cellgen/haniffa/users/sm54/data/velocity/FCAImmP7277553/FCAImmP7277553_velocity.h5ad
Saved /lustre/scratch124/cellgen/haniffa/users/sm54/data/velocity/FCAImmP7579221/FCAImmP7579221_velocity.h5ad
Saved /lustre/scratch124/cellgen/haniffa/users/sm54/data/velocity/FCAImmP7964499/FCAImmP7964499_velocity.h5ad
Saved /lustre/scratch124/cellgen/haniffa/users/sm54/data/velocity/HCA_BRA_F13168991/HCA_BRA_F13168991_velocity.h5ad
Saved /lustre/scratch124/cellgen/haniffa/users/sm54/data/velocity/SB_200532_10297925/SB_200532_10297925_velocity.h5ad
Saved /lustre/scratch124/cellgen/haniffa/users/sm54/data/velocity/FCAImmP7528291/FCAImmP7528291_velocity.h5ad
Saved /lustre/scratch124/cellgen/haniffa/users/sm54/data/velocity/FCAImmP7579226/FCAImmP7579226_velocity.h5ad
Saved /lustre/scratch124/cellgen/haniffa/users/sm54/data/velocity/FCAImmP7803022/FCAImmP7803022_velocity.h5ad
Saved /lustre/scratch124/cellgen/haniffa/users/sm54/data/velocity/FCAImmP7528288/FCAImmP7528288_velocity.h5ad
Saved /lustre/scratch124/cellgen/haniffa/users/sm54/data/velocity/Human_colon_16S7985392/Human_colon_16S7985392_velocity.h5ad
Saved /lustre/scratch124/cellgen/haniffa/users/sm54/data/velocity/FCAImmP7179370/FCAImmP7179370_velocity.h5ad
Saved /lustre/scratch124/cellgen/haniffa/users/sm54/data/velocity/SB_200532_10032965/SB_200532_10032965_velocity.h5ad
Saved /lustre/scratch124/cellgen/haniffa/users/sm54/data/velocity/FCAImmP7528282/FCAImmP7528282_velocity.h5ad
Saved /lustre/scratch124/cellgen/haniffa/users/sm54/data/velocity/SB_200532_10863986/SB_200532_10863986_velocity.h5ad
Saved /lustre/scratch124/cellgen/haniffa/users/sm54/data/velocity/WSSS_THYst9384954/WSSS_THYst9384954_velocity.h5ad
Saved /lustre/scratch124/cellgen/haniffa/users/sm54/data/velocity/FCAImmP7316898/FCAImmP7316898_velocity.h5ad
Saved /lustre/scratch124/cellgen/haniffa/users/sm54/data/velocity/FCAImmP7277566/FCAImmP7277566_velocity.h5ad
Saved /lustre/scratch124/cellgen/haniffa/users/sm54/data/velocity/FCAImmP7579214/FCAImmP7579214_velocity.h5ad
Saved /lustre/scratch124/cellgen/haniffa/users/sm54/data/velocity/FCAImmP7964503/FCAImmP7964503_velocity.h5ad
Saved /lustre/scratch124/cellgen/haniffa/users/sm54/data/velocity/FCAImmP7198434/FCAImmP7198434_velocity.h5ad
Saved /lustre/scratch124/cellgen/haniffa/users/sm54/data/velocity/5478STDY7850145/5478STDY7850145_velocity.h5ad
Saved /lustre/scratch124/cellgen/haniffa/users/sm54/data/velocity/FCAImmP7198629/FCAImmP7198629_velocity.h5ad
Saved /lustre/scratch124/cellgen/haniffa/users/sm54/data/velocity/FCAImmP7536758/FCAImmP7536758_velocity.h5ad
Saved /lustre/scratch124/cellgen/haniffa/users/sm54/data/velocity/FCAImmP7277554/FCAImmP7277554_velocity.h5ad
Saved /lustre/scratch124/cellgen/haniffa/users/sm54/data/velocity/FCAImmP7803021/FCAImmP7803021_velocity.h5ad
Saved /lustre/scratch124/cellgen/haniffa/users/sm54/data/velocity/HCA_rFSKI14539500/HCA_rFSKI14539500_velocity.h5ad
Saved /lustre/scratch124/cellgen/haniffa/users/sm54/data/velocity/5478STDY7850149/5478STDY7850149_velocity.h5ad
Saved /lustre/scratch124/cellgen/haniffa/users/sm54/data/velocity/FCAImmP7528287/FCAImmP7528287_velocity.h5ad
Saved /lustre/scratch124/cellgen/haniffa/users/sm54/data/velocity/HCA_BN_F12874046/HCA_BN_F12874046_velocity.h5ad
Saved /lustre/scratch124/cellgen/haniffa/users/sm54/data/velocity/FCAImmP7528295/FCAImmP7528295_velocity.h5ad
Saved /lustre/scratch124/cellgen/haniffa/users/sm54/data/velocity/SB_200532_10863992/SB_200532_10863992_velocity.h5ad
Saved /lustre/scratch124/cellgen/haniffa/users/sm54/data/velocity/5478STDY7850143/5478STDY7850143_velocity.h5ad
Saved /lustre/scratch124/cellgen/haniffa/users/sm54/data/velocity/FCAImmP7316900/FCAImmP7316900_velocity.h5ad
Saved /lustre/scratch124/cellgen/haniffa/users/sm54/data/velocity/WS_wEMB12142160/WS_wEMB12142160_velocity.h5ad
Saved /lustre/scratch124/cellgen/haniffa/users/sm54/data/velocity/HCA_rFSKI14539497/HCA_rFSKI14539497_velocity.h5ad
Saved /lustre/scratch124/cellgen/haniffa/users/sm54/data/velocity/HCA_BRA_F13168993/HCA_BRA_F13168993_velocity.h5ad
Saved /lustre/scratch124/cellgen/haniffa/users/sm54/data/velocity/Human_colon_16S8159188/Human_colon_16S8159188_velocity.h5ad
Saved /lustre/scratch124/cellgen/haniffa/users/sm54/data/velocity/FCAImmP7277558/FCAImmP7277558_velocity.h5ad
Saved /lustre/scratch124/cellgen/haniffa/users/sm54/data/velocity/FCAImmP7803018/FCAImmP7803018_velocity.h5ad
Saved /lustre/scratch124/cellgen/haniffa/users/sm54/data/velocity/WS_wEMB12142158/WS_wEMB12142158_velocity.h5ad
Saved /lustre/scratch124/cellgen/haniffa/users/sm54/data/velocity/FCAImmP7579217/FCAImmP7579217_velocity.h5ad
Saved /lustre/scratch124/cellgen/haniffa/users/sm54/data/velocity/FCAImmP7462237/FCAImmP7462237_velocity.h5ad
Saved /lustre/scratch124/cellgen/haniffa/users/sm54/data/velocity/Human_colon_16S7985393/Human_colon_16S7985393_velocity.h5ad
Saved /lustre/scratch124/cellgen/haniffa/users/sm54/data/velocity/FCAImmP7316894/FCAImmP7316894_velocity.h5ad
Saved /lustre/scratch124/cellgen/haniffa/users/sm54/data/velocity/4834STDY7002876/4834STDY7002876_velocity.h5ad
Saved /lustre/scratch124/cellgen/haniffa/users/sm54/data/velocity/SB_200532_11254467/SB_200532_11254467_velocity.h5ad
Saved /lustre/scratch124/cellgen/haniffa/users/sm54/data/velocity/SB_200532_11254465/SB_200532_11254465_velocity.h5ad
Saved /lustre/scratch124/cellgen/haniffa/users/sm54/data/velocity/5478STDY7850144/5478STDY7850144_velocity.h5ad
Saved /lustre/scratch124/cellgen/haniffa/users/sm54/data/velocity/5478STDY7819845/5478STDY7819845_velocity.h5ad
Saved /lustre/scratch124/cellgen/haniffa/users/sm54/data/velocity/FCAImmP7179363/FCAImmP7179363_velocity.h5ad
Saved /lustre/scratch124/cellgen/haniffa/users/sm54/data/velocity/FCAImmP7504912/FCAImmP7504912_velocity.h5ad
Saved /lustre/scratch124/cellgen/haniffa/users/sm54/data/velocity/SB_200532_10297928/SB_200532_10297928_velocity.h5ad
Saved /lustre/scratch124/cellgen/haniffa/users/sm54/data/velocity/FCAImmP7277567/FCAImmP7277567_velocity.h5ad
Saved /lustre/scratch124/cellgen/haniffa/users/sm54/data/velocity/FCAImmP7292032/FCAImmP7292032_velocity.h5ad
Saved /lustre/scratch124/cellgen/haniffa/users/sm54/data/velocity/HCA_BN_F12808059/HCA_BN_F12808059_velocity.h5ad
Saved /lustre/scratch124/cellgen/haniffa/users/sm54/data/velocity/HCA_BN_F12966458/HCA_BN_F12966458_velocity.h5ad
Saved /lustre/scratch124/cellgen/haniffa/users/sm54/data/velocity/HCA_BN_F12922487/HCA_BN_F12922487_velocity.h5ad
Saved /lustre/scratch124/cellgen/haniffa/users/sm54/data/velocity/FCAImmP7316890/FCAImmP7316890_velocity.h5ad
Saved /lustre/scratch124/cellgen/haniffa/users/sm54/data/velocity/SB_200532_11254458/SB_200532_11254458_velocity.h5ad
Saved /lustre/scratch124/cellgen/haniffa/users/sm54/data/velocity/SB_200532_11018319/SB_200532_11018319_velocity.h5ad
Saved /lustre/scratch124/cellgen/haniffa/users/sm54/data/velocity/SB_200532_11018320/SB_200532_11018320_velocity.h5ad
Saved /lustre/scratch124/cellgen/haniffa/users/sm54/data/velocity/HCA_BN_F12874042/HCA_BN_F12874042_velocity.h5ad
Saved /lustre/scratch124/cellgen/haniffa/users/sm54/data/velocity/FCAImmP7579215/FCAImmP7579215_velocity.h5ad
Saved /lustre/scratch124/cellgen/haniffa/users/sm54/data/velocity/FCAImmP8096688/FCAImmP8096688_velocity.h5ad
Saved /lustre/scratch124/cellgen/haniffa/users/sm54/data/velocity/FCAImmP7352192/FCAImmP7352192_velocity.h5ad
Saved /lustre/scratch124/cellgen/haniffa/users/sm54/data/velocity/4834STDY7002885/4834STDY7002885_velocity.h5ad
Saved /lustre/scratch124/cellgen/haniffa/users/sm54/data/velocity/5478STDY7840022/5478STDY7840022_velocity.h5ad
Saved /lustre/scratch124/cellgen/haniffa/users/sm54/data/velocity/FCA_gut8015059/FCA_gut8015059_velocity.h5ad
Saved /lustre/scratch124/cellgen/haniffa/users/sm54/data/velocity/SB_200532_10297927/SB_200532_10297927_velocity.h5ad
Saved /lustre/scratch124/cellgen/haniffa/users/sm54/data/velocity/WSSS_F_BON8710643/WSSS_F_BON8710643_velocity.h5ad
Saved /lustre/scratch124/cellgen/haniffa/users/sm54/data/velocity/FCAImmP7862085/FCAImmP7862085_velocity.h5ad
Saved /lustre/scratch124/cellgen/haniffa/users/sm54/data/velocity/Human_colon_16S7985396/Human_colon_16S7985396_velocity.h5ad
Saved /lustre/scratch124/cellgen/haniffa/users/sm54/data/velocity/Human_colon_16S8159187/Human_colon_16S8159187_velocity.h5ad
Saved /lustre/scratch124/cellgen/haniffa/users/sm54/data/velocity/FCAImmP7555847/FCAImmP7555847_velocity.h5ad
Saved /lustre/scratch124/cellgen/haniffa/users/sm54/data/velocity/SB_200532_10621989/SB_200532_10621989_velocity.h5ad
Saved /lustre/scratch124/cellgen/haniffa/users/sm54/data/velocity/4834STDY7002886/4834STDY7002886_velocity.h5ad
Saved /lustre/scratch124/cellgen/haniffa/users/sm54/data/velocity/HCA_BN_F12482365/HCA_BN_F12482365_velocity.h5ad
Saved /lustre/scratch124/cellgen/haniffa/users/sm54/data/velocity/HCA_BN_F12863837/HCA_BN_F12863837_velocity.h5ad
Saved /lustre/scratch124/cellgen/haniffa/users/sm54/data/velocity/WSSS8062676/WSSS8062676_velocity.h5ad
Saved /lustre/scratch124/cellgen/haniffa/users/sm54/data/velocity/FCAImmP7198634/FCAImmP7198634_velocity.h5ad
Saved /lustre/scratch124/cellgen/haniffa/users/sm54/data/velocity/FCAImmP7241242/FCAImmP7241242_velocity.h5ad
Skipping .nextflow: no velocity folder.
Saved /lustre/scratch124/cellgen/haniffa/users/sm54/data/velocity/5478STDY7840021/5478STDY7840021_velocity.h5ad
Saved /lustre/scratch124/cellgen/haniffa/users/sm54/data/velocity/FCAImmP7316889/FCAImmP7316889_velocity.h5ad
Saved /lustre/scratch124/cellgen/haniffa/users/sm54/data/velocity/WSSS_THYst8796441/WSSS_THYst8796441_velocity.h5ad
Saved /lustre/scratch124/cellgen/haniffa/users/sm54/data/velocity/SB_200532_11254459/SB_200532_11254459_velocity.h5ad
Saved /lustre/scratch124/cellgen/haniffa/users/sm54/data/velocity/WSSS_F_BON8710639/WSSS_F_BON8710639_velocity.h5ad
Saved /lustre/scratch124/cellgen/haniffa/users/sm54/data/velocity/4834STDY7002878/4834STDY7002878_velocity.h5ad
Saved /lustre/scratch124/cellgen/haniffa/users/sm54/data/velocity/FCAImmP7803041/FCAImmP7803041_velocity.h5ad
Saved /lustre/scratch124/cellgen/haniffa/users/sm54/data/velocity/HCA_BN_F12874045/HCA_BN_F12874045_velocity.h5ad
Saved /lustre/scratch124/cellgen/haniffa/users/sm54/data/velocity/FCAImmP7851893/FCAImmP7851893_velocity.h5ad
Saved /lustre/scratch124/cellgen/haniffa/users/sm54/data/velocity/WSSS_F_BON8710638/WSSS_F_BON8710638_velocity.h5ad
Saved /lustre/scratch124/cellgen/haniffa/users/sm54/data/velocity/WS_wEMB13942147/WS_wEMB13942147_velocity.h5ad
Saved /lustre/scratch124/cellgen/haniffa/users/sm54/data/velocity/FCAImmP7179367/FCAImmP7179367_velocity.h5ad
Saved /lustre/scratch124/cellgen/haniffa/users/sm54/data/velocity/FCAImmP7851895/FCAImmP7851895_velocity.h5ad
Saved /lustre/scratch124/cellgen/haniffa/users/sm54/data/velocity/SB_200532_10621992/SB_200532_10621992_velocity.h5ad
Saved /lustre/scratch124/cellgen/haniffa/users/sm54/data/velocity/FCAImmP8096690/FCAImmP8096690_velocity.h5ad
Saved /lustre/scratch124/cellgen/haniffa/users/sm54/data/velocity/FCAImmP7504910/FCAImmP7504910_velocity.h5ad
Saved /lustre/scratch124/cellgen/haniffa/users/sm54/data/velocity/FCAImmP7803034/FCAImmP7803034_velocity.h5ad
Saved /lustre/scratch124/cellgen/haniffa/users/sm54/data/velocity/FCAImmP7528283/FCAImmP7528283_velocity.h5ad
Saved /lustre/scratch124/cellgen/haniffa/users/sm54/data/velocity/SB_200532_10032964/SB_200532_10032964_velocity.h5ad
Saved /lustre/scratch124/cellgen/haniffa/users/sm54/data/velocity/FCAImmP7579231/FCAImmP7579231_velocity.h5ad
Saved /lustre/scratch124/cellgen/haniffa/users/sm54/data/velocity/HCA_rFSKI14449637/HCA_rFSKI14449637_velocity.h5ad
Saved /lustre/scratch124/cellgen/haniffa/users/sm54/data/velocity/SB_200532_10621990/SB_200532_10621990_velocity.h5ad
Saved /lustre/scratch124/cellgen/haniffa/users/sm54/data/velocity/FCAImmP7462239/FCAImmP7462239_velocity.h5ad
Saved /lustre/scratch124/cellgen/haniffa/users/sm54/data/velocity/FCAImmP7579220/FCAImmP7579220_velocity.h5ad
Saved /lustre/scratch124/cellgen/haniffa/users/sm54/data/velocity/FCAImmP7198631/FCAImmP7198631_velocity.h5ad
Saved /lustre/scratch124/cellgen/haniffa/users/sm54/data/velocity/FCAImmP7862084/FCAImmP7862084_velocity.h5ad
Saved /lustre/scratch124/cellgen/haniffa/users/sm54/data/velocity/FCAImmP7316897/FCAImmP7316897_velocity.h5ad
Saved /lustre/scratch124/cellgen/haniffa/users/sm54/data/velocity/HCA_BRA_F13774554/HCA_BRA_F13774554_velocity.h5ad
Saved /lustre/scratch124/cellgen/haniffa/users/sm54/data/velocity/SB_200532_11018323/SB_200532_11018323_velocity.h5ad
Saved /lustre/scratch124/cellgen/haniffa/users/sm54/data/velocity/FCAImmP7462243/FCAImmP7462243_velocity.h5ad
Saved /lustre/scratch124/cellgen/haniffa/users/sm54/data/velocity/HCA_BRA_F13168988/HCA_BRA_F13168988_velocity.h5ad
Saved /lustre/scratch124/cellgen/haniffa/users/sm54/data/velocity/FCAImmP7579213/FCAImmP7579213_velocity.h5ad
Saved /lustre/scratch124/cellgen/haniffa/users/sm54/data/velocity/HCA_rFSKI14539492/HCA_rFSKI14539492_velocity.h5ad
Saved /lustre/scratch124/cellgen/haniffa/users/sm54/data/velocity/FCAImmP7555846/FCAImmP7555846_velocity.h5ad
Saved /lustre/scratch124/cellgen/haniffa/users/sm54/data/velocity/SB_200532_10863989/SB_200532_10863989_velocity.h5ad
Saved /lustre/scratch124/cellgen/haniffa/users/sm54/data/velocity/WS_wEMB13942149/WS_wEMB13942149_velocity.h5ad
Saved /lustre/scratch124/cellgen/haniffa/users/sm54/data/velocity/SB_200532_10841321/SB_200532_10841321_velocity.h5ad
Saved /lustre/scratch124/cellgen/haniffa/users/sm54/data/velocity/WSSS_THYst8796439/WSSS_THYst8796439_velocity.h5ad
Saved /lustre/scratch124/cellgen/haniffa/users/sm54/data/velocity/FCAImmP7851894/FCAImmP7851894_velocity.h5ad
Saved /lustre/scratch124/cellgen/haniffa/users/sm54/data/velocity/WSSS_F_BON8710642/WSSS_F_BON8710642_velocity.h5ad
Saved /lustre/scratch124/cellgen/haniffa/users/sm54/data/velocity/FCAImmP7277557/FCAImmP7277557_velocity.h5ad
Saved /lustre/scratch124/cellgen/haniffa/users/sm54/data/velocity/5478STDY7935101/5478STDY7935101_velocity.h5ad
Saved /lustre/scratch124/cellgen/haniffa/users/sm54/data/velocity/HCA_BN_F12874044/HCA_BN_F12874044_velocity.h5ad
Saved /lustre/scratch124/cellgen/haniffa/users/sm54/data/velocity/SB_200532_11254464/SB_200532_11254464_velocity.h5ad
Saved /lustre/scratch124/cellgen/haniffa/users/sm54/data/velocity/WSSS_F_BON8710636/WSSS_F_BON8710636_velocity.h5ad
Saved /lustre/scratch124/cellgen/haniffa/users/sm54/data/velocity/FCAImmP7851896/FCAImmP7851896_velocity.h5ad
Saved /lustre/scratch124/cellgen/haniffa/users/sm54/data/velocity/FCAImmP7803040/FCAImmP7803040_velocity.h5ad
Saved /lustre/scratch124/cellgen/haniffa/users/sm54/data/velocity/HCA_rFSKI14539501/HCA_rFSKI14539501_velocity.h5ad
Saved /lustre/scratch124/cellgen/haniffa/users/sm54/data/velocity/FCAImmP7803019/FCAImmP7803019_velocity.h5ad
Saved /lustre/scratch124/cellgen/haniffa/users/sm54/data/velocity/FCAImmP7198628/FCAImmP7198628_velocity.h5ad
Saved /lustre/scratch124/cellgen/haniffa/users/sm54/data/velocity/FCAImmP7555857/FCAImmP7555857_velocity.h5ad
Saved /lustre/scratch124/cellgen/haniffa/users/sm54/data/velocity/Human_colon_16S7985391/Human_colon_16S7985391_velocity.h5ad
Saved /lustre/scratch124/cellgen/haniffa/users/sm54/data/velocity/FCAImmP7579224/FCAImmP7579224_velocity.h5ad
Saved /lustre/scratch124/cellgen/haniffa/users/sm54/data/velocity/HCA_BN_F12922482/HCA_BN_F12922482_velocity.h5ad
Saved /lustre/scratch124/cellgen/haniffa/users/sm54/data/velocity/FCAImmP8096693/FCAImmP8096693_velocity.h5ad
Saved /lustre/scratch124/cellgen/haniffa/users/sm54/data/velocity/5478STDY7819844/5478STDY7819844_velocity.h5ad
Saved /lustre/scratch124/cellgen/haniffa/users/sm54/data/velocity/WSSS_F_BON8710641/WSSS_F_BON8710641_velocity.h5ad
Saved /lustre/scratch124/cellgen/haniffa/users/sm54/data/velocity/SB_200532_10863987/SB_200532_10863987_velocity.h5ad
Saved /lustre/scratch124/cellgen/haniffa/users/sm54/data/velocity/Human_colon_16S8159183/Human_colon_16S8159183_velocity.h5ad
Saved /lustre/scratch124/cellgen/haniffa/users/sm54/data/velocity/WS_wEMB13942138/WS_wEMB13942138_velocity.h5ad
Saved /lustre/scratch124/cellgen/haniffa/users/sm54/data/velocity/FCAImmP7803038/FCAImmP7803038_velocity.h5ad
Saved /lustre/scratch124/cellgen/haniffa/users/sm54/data/velocity/5386STDY7537944/5386STDY7537944_velocity.h5ad
Skipping nf-upload2irods: no velocity folder.
Saved /lustre/scratch124/cellgen/haniffa/users/sm54/data/velocity/FCAImmP7198633/FCAImmP7198633_velocity.h5ad
Saved /lustre/scratch124/cellgen/haniffa/users/sm54/data/velocity/FCAImmP8096692/FCAImmP8096692_velocity.h5ad
Saved /lustre/scratch124/cellgen/haniffa/users/sm54/data/velocity/FCAImmP7803028/FCAImmP7803028_velocity.h5ad
Saved /lustre/scratch124/cellgen/haniffa/users/sm54/data/velocity/4834STDY7002877/4834STDY7002877_velocity.h5ad
Saved /lustre/scratch124/cellgen/haniffa/users/sm54/data/velocity/FCAImmP7964505/FCAImmP7964505_velocity.h5ad
Saved /lustre/scratch124/cellgen/haniffa/users/sm54/data/velocity/HCA_BRA_F13774553/HCA_BRA_F13774553_velocity.h5ad
Saved /lustre/scratch124/cellgen/haniffa/users/sm54/data/velocity/FCAImmP7851890/FCAImmP7851890_velocity.h5ad
Saved /lustre/scratch124/cellgen/haniffa/users/sm54/data/velocity/SB_200532_10863994/SB_200532_10863994_velocity.h5ad
Saved /lustre/scratch124/cellgen/haniffa/users/sm54/data/velocity/FCAImmP7803042/FCAImmP7803042_velocity.h5ad
Saved /lustre/scratch124/cellgen/haniffa/users/sm54/data/velocity/FCAImmP7555855/FCAImmP7555855_velocity.h5ad
Saved /lustre/scratch124/cellgen/haniffa/users/sm54/data/velocity/FCAImmP7579222/FCAImmP7579222_velocity.h5ad
Saved /lustre/scratch124/cellgen/haniffa/users/sm54/data/velocity/SB_200532_10297932/SB_200532_10297932_velocity.h5ad
Saved /lustre/scratch124/cellgen/haniffa/users/sm54/data/velocity/FCAImmP7803016/FCAImmP7803016_velocity.h5ad
Saved /lustre/scratch124/cellgen/haniffa/users/sm54/data/velocity/FCAImmP7528280/FCAImmP7528280_velocity.h5ad
Saved /lustre/scratch124/cellgen/haniffa/users/sm54/data/velocity/FCAImmP7964502/FCAImmP7964502_velocity.h5ad
Saved /lustre/scratch124/cellgen/haniffa/users/sm54/data/velocity/FCAImmP7803020/FCAImmP7803020_velocity.h5ad
Saved /lustre/scratch124/cellgen/haniffa/users/sm54/data/velocity/FCAImmP7198635/FCAImmP7198635_velocity.h5ad
Saved /lustre/scratch124/cellgen/haniffa/users/sm54/data/velocity/FCAImmP7579228/FCAImmP7579228_velocity.h5ad
Saved /lustre/scratch124/cellgen/haniffa/users/sm54/data/velocity/4834STDY7038753/4834STDY7038753_velocity.h5ad
Saved /lustre/scratch124/cellgen/haniffa/users/sm54/data/velocity/SB_200532_10841322/SB_200532_10841322_velocity.h5ad
Saved /lustre/scratch124/cellgen/haniffa/users/sm54/data/velocity/FCAImmP7292029/FCAImmP7292029_velocity.h5ad
Saved /lustre/scratch124/cellgen/haniffa/users/sm54/data/velocity/5478STDY7935102/5478STDY7935102_velocity.h5ad
Saved /lustre/scratch124/cellgen/haniffa/users/sm54/data/velocity/WS_wEMB13942141/WS_wEMB13942141_velocity.h5ad
Saved /lustre/scratch124/cellgen/haniffa/users/sm54/data/velocity/HCA_BRA_F13168990/HCA_BRA_F13168990_velocity.h5ad
Saved /lustre/scratch124/cellgen/haniffa/users/sm54/data/velocity/FCAImmP7862094/FCAImmP7862094_velocity.h5ad
Saved /lustre/scratch124/cellgen/haniffa/users/sm54/data/velocity/Human_colon_16S7985397/Human_colon_16S7985397_velocity.h5ad
Saved /lustre/scratch124/cellgen/haniffa/users/sm54/data/velocity/HCA_BN_F12966460/HCA_BN_F12966460_velocity.h5ad
Saved /lustre/scratch124/cellgen/haniffa/users/sm54/data/velocity/FCAImmP7316893/FCAImmP7316893_velocity.h5ad
Saved /lustre/scratch124/cellgen/haniffa/users/sm54/data/velocity/FCAImmP7964501/FCAImmP7964501_velocity.h5ad
Saved /lustre/scratch124/cellgen/haniffa/users/sm54/data/velocity/HCA_BN_F12874043/HCA_BN_F12874043_velocity.h5ad
Saved /lustre/scratch124/cellgen/haniffa/users/sm54/data/velocity/FCAImmP7579216/FCAImmP7579216_velocity.h5ad
Saved /lustre/scratch124/cellgen/haniffa/users/sm54/data/velocity/HCA_BRA_F13774551/HCA_BRA_F13774551_velocity.h5ad
Saved /lustre/scratch124/cellgen/haniffa/users/sm54/data/velocity/4834STDY7002880/4834STDY7002880_velocity.h5ad
Saved /lustre/scratch124/cellgen/haniffa/users/sm54/data/velocity/WS_wEMB13942152/WS_wEMB13942152_velocity.h5ad
Saved /lustre/scratch124/cellgen/haniffa/users/sm54/data/velocity/FCAImmP7555856/FCAImmP7555856_velocity.h5ad
Saved /lustre/scratch124/cellgen/haniffa/users/sm54/data/velocity/SB_200532_11018321/SB_200532_11018321_velocity.h5ad
Saved /lustre/scratch124/cellgen/haniffa/users/sm54/data/velocity/FCAImmP7528281/FCAImmP7528281_velocity.h5ad
Saved /lustre/scratch124/cellgen/haniffa/users/sm54/data/velocity/FCAImmP7555851/FCAImmP7555851_velocity.h5ad
Saved /lustre/scratch124/cellgen/haniffa/users/sm54/data/velocity/FCAImmP7528285/FCAImmP7528285_velocity.h5ad
Saved /lustre/scratch124/cellgen/haniffa/users/sm54/data/velocity/FCAImmP7964500/FCAImmP7964500_velocity.h5ad
Saved /lustre/scratch124/cellgen/haniffa/users/sm54/data/velocity/FCAImmP7862092/FCAImmP7862092_velocity.h5ad
Saved /lustre/scratch124/cellgen/haniffa/users/sm54/data/velocity/Human_colon_16S8159185/Human_colon_16S8159185_velocity.h5ad
Saved /lustre/scratch124/cellgen/haniffa/users/sm54/data/velocity/FCAImmP7198630/FCAImmP7198630_velocity.h5ad
Saved /lustre/scratch124/cellgen/haniffa/users/sm54/data/velocity/SB_200532_11018322/SB_200532_11018322_velocity.h5ad
Saved /lustre/scratch124/cellgen/haniffa/users/sm54/data/velocity/FCAImmP7555859/FCAImmP7555859_velocity.h5ad
Saved /lustre/scratch124/cellgen/haniffa/users/sm54/data/velocity/FCAImmP7803027/FCAImmP7803027_velocity.h5ad
Saved /lustre/scratch124/cellgen/haniffa/users/sm54/data/velocity/FCAImmP7316892/FCAImmP7316892_velocity.h5ad
Saved /lustre/scratch124/cellgen/haniffa/users/sm54/data/velocity/SB_200532_10032969/SB_200532_10032969_velocity.h5ad
Saved /lustre/scratch124/cellgen/haniffa/users/sm54/data/velocity/4834STDY7038751/4834STDY7038751_velocity.h5ad
Saved /lustre/scratch124/cellgen/haniffa/users/sm54/data/velocity/FCAImmP7528293/FCAImmP7528293_velocity.h5ad
Saved /lustre/scratch124/cellgen/haniffa/users/sm54/data/velocity/FCAImmP7352189/FCAImmP7352189_velocity.h5ad
Saved /lustre/scratch124/cellgen/haniffa/users/sm54/data/velocity/FCAImmP7179368/FCAImmP7179368_velocity.h5ad
Saved /lustre/scratch124/cellgen/haniffa/users/sm54/data/velocity/FCAImmP7198632/FCAImmP7198632_velocity.h5ad
Saved /lustre/scratch124/cellgen/haniffa/users/sm54/data/velocity/FCAImmP8096695/FCAImmP8096695_velocity.h5ad
Saved /lustre/scratch124/cellgen/haniffa/users/sm54/data/velocity/5478STDY7840023/5478STDY7840023_velocity.h5ad
Saved /lustre/scratch124/cellgen/haniffa/users/sm54/data/velocity/HCA_BN_F12966461/HCA_BN_F12966461_velocity.h5ad
Saved /lustre/scratch124/cellgen/haniffa/users/sm54/data/velocity/HCA_BN_F12482362/HCA_BN_F12482362_velocity.h5ad
Saved /lustre/scratch124/cellgen/haniffa/users/sm54/data/velocity/FCAImmP7964508/FCAImmP7964508_velocity.h5ad
Saved /lustre/scratch124/cellgen/haniffa/users/sm54/data/velocity/HCA_BN_F12482364/HCA_BN_F12482364_velocity.h5ad
Saved /lustre/scratch124/cellgen/haniffa/users/sm54/data/velocity/FCAImmP7277562/FCAImmP7277562_velocity.h5ad
Saved /lustre/scratch124/cellgen/haniffa/users/sm54/data/velocity/FCAImmP7579219/FCAImmP7579219_velocity.h5ad
Saved /lustre/scratch124/cellgen/haniffa/users/sm54/data/velocity/FCAImmP7179366/FCAImmP7179366_velocity.h5ad
Saved /lustre/scratch124/cellgen/haniffa/users/sm54/data/velocity/HCA_BN_F12627471/HCA_BN_F12627471_velocity.h5ad
Saved /lustre/scratch124/cellgen/haniffa/users/sm54/data/velocity/HCA_BN_F12874041/HCA_BN_F12874041_velocity.h5ad
Saved /lustre/scratch124/cellgen/haniffa/users/sm54/data/velocity/FCAImmP7803029/FCAImmP7803029_velocity.h5ad
Saved /lustre/scratch124/cellgen/haniffa/users/sm54/data/velocity/FCAImmP7528279/FCAImmP7528279_velocity.h5ad
Saved /lustre/scratch124/cellgen/haniffa/users/sm54/data/velocity/FCAImmP7528294/FCAImmP7528294_velocity.h5ad
Saved /lustre/scratch124/cellgen/haniffa/users/sm54/data/velocity/FCAImmP7352191/FCAImmP7352191_velocity.h5ad
Saved /lustre/scratch124/cellgen/haniffa/users/sm54/data/velocity/FCAImmP7462240/FCAImmP7462240_velocity.h5ad
Saved /lustre/scratch124/cellgen/haniffa/users/sm54/data/velocity/HCA_rFSKI14539499/HCA_rFSKI14539499_velocity.h5ad
Saved /lustre/scratch124/cellgen/haniffa/users/sm54/data/velocity/WS_wEMB13942148/WS_wEMB13942148_velocity.h5ad
Saved /lustre/scratch124/cellgen/haniffa/users/sm54/data/velocity/FCAImmP7462238/FCAImmP7462238_velocity.h5ad
Saved /lustre/scratch124/cellgen/haniffa/users/sm54/data/velocity/Human_colon_16S8159182/Human_colon_16S8159182_velocity.h5ad
Saved /lustre/scratch124/cellgen/haniffa/users/sm54/data/velocity/HCA_rFSKI14449642/HCA_rFSKI14449642_velocity.h5ad
Saved /lustre/scratch124/cellgen/haniffa/users/sm54/data/velocity/SB_200532_10297924/SB_200532_10297924_velocity.h5ad
Saved /lustre/scratch124/cellgen/haniffa/users/sm54/data/velocity/5478STDY7717492/5478STDY7717492_velocity.h5ad
Saved /lustre/scratch124/cellgen/haniffa/users/sm54/data/velocity/FCAImmP7179364/FCAImmP7179364_velocity.h5ad
Saved /lustre/scratch124/cellgen/haniffa/users/sm54/data/velocity/WS_wEMB13942150/WS_wEMB13942150_velocity.h5ad
Saved /lustre/scratch124/cellgen/haniffa/users/sm54/data/velocity/WSSS_THYst8796437/WSSS_THYst8796437_velocity.h5ad
Saved /lustre/scratch124/cellgen/haniffa/users/sm54/data/velocity/FCAImmP7352195/FCAImmP7352195_velocity.h5ad
Saved /lustre/scratch124/cellgen/haniffa/users/sm54/data/velocity/FCAImmP7851897/FCAImmP7851897_velocity.h5ad
Saved /lustre/scratch124/cellgen/haniffa/users/sm54/data/velocity/FCAImmP7555858/FCAImmP7555858_velocity.h5ad
Saved /lustre/scratch124/cellgen/haniffa/users/sm54/data/velocity/FCAImmP7964507/FCAImmP7964507_velocity.h5ad
Saved /lustre/scratch124/cellgen/haniffa/users/sm54/data/velocity/SB_200532_10841316/SB_200532_10841316_velocity.h5ad
Saved /lustre/scratch124/cellgen/haniffa/users/sm54/data/velocity/HCA_BN_F12874040/HCA_BN_F12874040_velocity.h5ad
Saved /lustre/scratch124/cellgen/haniffa/users/sm54/data/velocity/FCAImmP7803039/FCAImmP7803039_velocity.h5ad
Saved /lustre/scratch124/cellgen/haniffa/users/sm54/data/velocity/SB_200532_10621991/SB_200532_10621991_velocity.h5ad
Saved /lustre/scratch124/cellgen/haniffa/users/sm54/data/velocity/HCA_BRA_F13168989/HCA_BRA_F13168989_velocity.h5ad
Saved /lustre/scratch124/cellgen/haniffa/users/sm54/data/velocity/FCAImmP8096694/FCAImmP8096694_velocity.h5ad
Saved /lustre/scratch124/cellgen/haniffa/users/sm54/data/velocity/5478STDY7980349/5478STDY7980349_velocity.h5ad
Saved /lustre/scratch124/cellgen/haniffa/users/sm54/data/velocity/FCAImmP7528286/FCAImmP7528286_velocity.h5ad
Saved /lustre/scratch124/cellgen/haniffa/users/sm54/data/velocity/SB_200532_11018324/SB_200532_11018324_velocity.h5ad
Saved /lustre/scratch124/cellgen/haniffa/users/sm54/data/velocity/FCAImmP7803023/FCAImmP7803023_velocity.h5ad
Saved /lustre/scratch124/cellgen/haniffa/users/sm54/data/velocity/SB_200532_10032966/SB_200532_10032966_velocity.h5ad
Saved /lustre/scratch124/cellgen/haniffa/users/sm54/data/velocity/HCA_rFSKI14449641/HCA_rFSKI14449641_velocity.h5ad
Saved /lustre/scratch124/cellgen/haniffa/users/sm54/data/velocity/FCAImmP7579212/FCAImmP7579212_velocity.h5ad
Saved /lustre/scratch124/cellgen/haniffa/users/sm54/data/velocity/FCAImmP7555848/FCAImmP7555848_velocity.h5ad
Saved /lustre/scratch124/cellgen/haniffa/users/sm54/data/velocity/Human_colon_16S8159190/Human_colon_16S8159190_velocity.h5ad
Saved /lustre/scratch124/cellgen/haniffa/users/sm54/data/velocity/SB_200532_10032967/SB_200532_10032967_velocity.h5ad
Saved /lustre/scratch124/cellgen/haniffa/users/sm54/data/velocity/HCA_BN_F13109715/HCA_BN_F13109715_velocity.h5ad
Saved /lustre/scratch124/cellgen/haniffa/users/sm54/data/velocity/FCAImmP7241243/FCAImmP7241243_velocity.h5ad
Saved /lustre/scratch124/cellgen/haniffa/users/sm54/data/velocity/5478STDY7850147/5478STDY7850147_velocity.h5ad
Saved /lustre/scratch124/cellgen/haniffa/users/sm54/data/velocity/5478STDY7652318/5478STDY7652318_velocity.h5ad
Saved /lustre/scratch124/cellgen/haniffa/users/sm54/data/velocity/5386STDY7557337/5386STDY7557337_velocity.h5ad
Saved /lustre/scratch124/cellgen/haniffa/users/sm54/data/velocity/FCAImmP7803037/FCAImmP7803037_velocity.h5ad
Saved /lustre/scratch124/cellgen/haniffa/users/sm54/data/velocity/FCAImmP7462242/FCAImmP7462242_velocity.h5ad
Saved /lustre/scratch124/cellgen/haniffa/users/sm54/data/velocity/HCA_BN_F12627470/HCA_BN_F12627470_velocity.h5ad
Saved /lustre/scratch124/cellgen/haniffa/users/sm54/data/velocity/FCAImmP7555860/FCAImmP7555860_velocity.h5ad
Saved /lustre/scratch124/cellgen/haniffa/users/sm54/data/velocity/SB_200532_10863995/SB_200532_10863995_velocity.h5ad
Saved /lustre/scratch124/cellgen/haniffa/users/sm54/data/velocity/FCAImmP7292031/FCAImmP7292031_velocity.h5ad
Saved /lustre/scratch124/cellgen/haniffa/users/sm54/data/velocity/Human_colon_16S8159189/Human_colon_16S8159189_velocity.h5ad
Saved /lustre/scratch124/cellgen/haniffa/users/sm54/data/velocity/FCAImmP7316891/FCAImmP7316891_velocity.h5ad
Saved /lustre/scratch124/cellgen/haniffa/users/sm54/data/velocity/SB_200532_10841320/SB_200532_10841320_velocity.h5ad
Saved /lustre/scratch124/cellgen/haniffa/users/sm54/data/velocity/WSSS_THYst9384957/WSSS_THYst9384957_velocity.h5ad
Saved /lustre/scratch124/cellgen/haniffa/users/sm54/data/velocity/FCAImmP7316887/FCAImmP7316887_velocity.h5ad
Saved /lustre/scratch124/cellgen/haniffa/users/sm54/data/velocity/FCAImmP7555849/FCAImmP7555849_velocity.h5ad
Saved /lustre/scratch124/cellgen/haniffa/users/sm54/data/velocity/FCAImmP7352193/FCAImmP7352193_velocity.h5ad
Saved /lustre/scratch124/cellgen/haniffa/users/sm54/data/velocity/WSSS_F_Imm11192517/WSSS_F_Imm11192517_velocity.h5ad
Saved /lustre/scratch124/cellgen/haniffa/users/sm54/data/velocity/FCAImmP7555852/FCAImmP7555852_velocity.h5ad
Saved /lustre/scratch124/cellgen/haniffa/users/sm54/data/velocity/HCA_BN_F13109714/HCA_BN_F13109714_velocity.h5ad
Saved /lustre/scratch124/cellgen/haniffa/users/sm54/data/velocity/FCAImmP7277561/FCAImmP7277561_velocity.h5ad
Saved /lustre/scratch124/cellgen/haniffa/users/sm54/data/velocity/HCA_rFSKI14539496/HCA_rFSKI14539496_velocity.h5ad
Saved /lustre/scratch124/cellgen/haniffa/users/sm54/data/velocity/HCA_BN_F12808061/HCA_BN_F12808061_velocity.h5ad
Saved /lustre/scratch124/cellgen/haniffa/users/sm54/data/velocity/FCAImmP7555861/FCAImmP7555861_velocity.h5ad
Saved /lustre/scratch124/cellgen/haniffa/users/sm54/data/velocity/5478STDY7819847/5478STDY7819847_velocity.h5ad
Saved /lustre/scratch124/cellgen/haniffa/users/sm54/data/velocity/FCAImmP7352190/FCAImmP7352190_velocity.h5ad
Saved /lustre/scratch124/cellgen/haniffa/users/sm54/data/velocity/HCA_BN_F13109711/HCA_BN_F13109711_velocity.h5ad
Saved /lustre/scratch124/cellgen/haniffa/users/sm54/data/velocity/HCA_BN_F12922486/HCA_BN_F12922486_velocity.h5ad
Saved /lustre/scratch124/cellgen/haniffa/users/sm54/data/velocity/FCAImmP7803032/FCAImmP7803032_velocity.h5ad
Saved /lustre/scratch124/cellgen/haniffa/users/sm54/data/velocity/HCA_BN_F12482359/HCA_BN_F12482359_velocity.h5ad
Saved /lustre/scratch124/cellgen/haniffa/users/sm54/data/velocity/FCAImmP7862087/FCAImmP7862087_velocity.h5ad
Saved /lustre/scratch124/cellgen/haniffa/users/sm54/data/velocity/WSSS_F_BON8710640/WSSS_F_BON8710640_velocity.h5ad
Saved /lustre/scratch124/cellgen/haniffa/users/sm54/data/velocity/HCA_BN_F12482361/HCA_BN_F12482361_velocity.h5ad
Saved /lustre/scratch124/cellgen/haniffa/users/sm54/data/velocity/WS_wEMB12142161/WS_wEMB12142161_velocity.h5ad
Saved /lustre/scratch124/cellgen/haniffa/users/sm54/data/velocity/SB_200532_11254466/SB_200532_11254466_velocity.h5ad
Saved /lustre/scratch124/cellgen/haniffa/users/sm54/data/velocity/SB_200532_10297929/SB_200532_10297929_velocity.h5ad
Saved /lustre/scratch124/cellgen/haniffa/users/sm54/data/velocity/FCAImmP7579210/FCAImmP7579210_velocity.h5ad
Saved /lustre/scratch124/cellgen/haniffa/users/sm54/data/velocity/HCA_BN_F12482360/HCA_BN_F12482360_velocity.h5ad
Saved /lustre/scratch124/cellgen/haniffa/users/sm54/data/velocity/WS_wEMB13942139/WS_wEMB13942139_velocity.h5ad
Saved /lustre/scratch124/cellgen/haniffa/users/sm54/data/velocity/FCAImmP7528292/FCAImmP7528292_velocity.h5ad
Saved /lustre/scratch124/cellgen/haniffa/users/sm54/data/velocity/HCA_BRA_F13774552/HCA_BRA_F13774552_velocity.h5ad
Saved /lustre/scratch124/cellgen/haniffa/users/sm54/data/velocity/WSSS_THYst8796438/WSSS_THYst8796438_velocity.h5ad
Saved /lustre/scratch124/cellgen/haniffa/users/sm54/data/velocity/SB_200532_11254461/SB_200532_11254461_velocity.h5ad
Saved /lustre/scratch124/cellgen/haniffa/users/sm54/data/velocity/SB_200532_10297926/SB_200532_10297926_velocity.h5ad
Saved /lustre/scratch124/cellgen/haniffa/users/sm54/data/velocity/FCAImmP7316888/FCAImmP7316888_velocity.h5ad
Saved /lustre/scratch124/cellgen/haniffa/users/sm54/data/velocity/HCA_rFSKI14539491/HCA_rFSKI14539491_velocity.h5ad
Saved /lustre/scratch124/cellgen/haniffa/users/sm54/data/velocity/4834STDY7002879/4834STDY7002879_velocity.h5ad
Saved /lustre/scratch124/cellgen/haniffa/users/sm54/data/velocity/FCAImmP8096686/FCAImmP8096686_velocity.h5ad
Saved /lustre/scratch124/cellgen/haniffa/users/sm54/data/velocity/HCA_BN_F13109713/HCA_BN_F13109713_velocity.h5ad
Saved /lustre/scratch124/cellgen/haniffa/users/sm54/data/velocity/FCAImmP7277563/FCAImmP7277563_velocity.h5ad
Saved /lustre/scratch124/cellgen/haniffa/users/sm54/data/velocity/WSSS_THYst9384956/WSSS_THYst9384956_velocity.h5ad
Saved /lustre/scratch124/cellgen/haniffa/users/sm54/data/velocity/HCA_BN_F12482363/HCA_BN_F12482363_velocity.h5ad
Saved /lustre/scratch124/cellgen/haniffa/users/sm54/data/velocity/FCAImmP7352196/FCAImmP7352196_velocity.h5ad
Saved /lustre/scratch124/cellgen/haniffa/users/sm54/data/velocity/HCA_BN_F12482366/HCA_BN_F12482366_velocity.h5ad
Saved /lustre/scratch124/cellgen/haniffa/users/sm54/data/velocity/FCAImmP7316896/FCAImmP7316896_velocity.h5ad
Saved /lustre/scratch124/cellgen/haniffa/users/sm54/data/velocity/WSSS_THYst8796440/WSSS_THYst8796440_velocity.h5ad
Saved /lustre/scratch124/cellgen/haniffa/users/sm54/data/velocity/HCA_BN_F13109718/HCA_BN_F13109718_velocity.h5ad
Saved /lustre/scratch124/cellgen/haniffa/users/sm54/data/velocity/5478STDY7850142/5478STDY7850142_velocity.h5ad
Saved /lustre/scratch124/cellgen/haniffa/users/sm54/data/velocity/HCA_BN_F12808058/HCA_BN_F12808058_velocity.h5ad
Saved /lustre/scratch124/cellgen/haniffa/users/sm54/data/velocity/HCA_BN_F12922481/HCA_BN_F12922481_velocity.h5ad
Saved /lustre/scratch124/cellgen/haniffa/users/sm54/data/velocity/FCAImmP7277565/FCAImmP7277565_velocity.h5ad
Saved /lustre/scratch124/cellgen/haniffa/users/sm54/data/velocity/FCAImmP7316899/FCAImmP7316899_velocity.h5ad
Saved /lustre/scratch124/cellgen/haniffa/users/sm54/data/velocity/FCAImmP7851891/FCAImmP7851891_velocity.h5ad
Saved /lustre/scratch124/cellgen/haniffa/users/sm54/data/velocity/SB_200532_11018317/SB_200532_11018317_velocity.h5ad
Saved /lustre/scratch124/cellgen/haniffa/users/sm54/data/velocity/FCAImmP7352194/FCAImmP7352194_velocity.h5ad
Saved /lustre/scratch124/cellgen/haniffa/users/sm54/data/velocity/GSM4274194/GSM4274194_velocity.h5ad
Saved /lustre/scratch124/cellgen/haniffa/users/sm54/data/velocity/GSM4274192/GSM4274192_velocity.h5ad
Saved /lustre/scratch124/cellgen/haniffa/users/sm54/data/velocity/GSM4274193/GSM4274193_velocity.h5ad
Saved /lustre/scratch124/cellgen/haniffa/users/sm54/data/velocity/GSM4274188/GSM4274188_velocity.h5ad
Saved /lustre/scratch124/cellgen/haniffa/users/sm54/data/velocity/GSM4274189/GSM4274189_velocity.h5ad
Saved /lustre/scratch124/cellgen/haniffa/users/sm54/data/velocity/GSM4274190/GSM4274190_velocity.h5ad
Saved /lustre/scratch124/cellgen/haniffa/users/sm54/data/velocity/GSM4274191/GSM4274191_velocity.h5ad
Saved /lustre/scratch124/cellgen/haniffa/users/sm54/data/velocity/GSM4609136/GSM4609136_velocity.h5ad
Terminated

------------------------------------------------------------
Sender: LSF System <lsfadmin@node-13-11>
Subject: Job 368083: <generate_velocity> in cluster <farm22> Exited

Job <generate_velocity> was submitted from host <farm22-head1> by user <sm54> in cluster <farm22> at Sat Nov 22 18:40:50 2025
Job was executed on host(s) <8*node-13-11>, in queue <normal>, as user <sm54> in cluster <farm22> at Sat Nov 22 18:40:54 2025
</nfs/users/nfs_s/sm54> was used as the home directory.
</nfs/team298/sm54/BoneAtlasProject/src/processing/bash_scripts> was used as the working directory.
Started at Sat Nov 22 18:40:54 2025
Terminated at Sat Nov 22 20:21:33 2025
Results reported at Sat Nov 22 20:21:33 2025

Your job looked like:

------------------------------------------------------------
# LSBATCH: User input
module load cellgen/conda;
   conda activate boneatlas;
   python -u /nfs/team298/sm54/BoneAtlasProject/src/processing/generate_velocity_h5ads.py        --input_dir /nfs/cellgeni/tickets/tic-3721/actions/data/STARsolo        --output_dir /lustre/scratch124/cellgen/haniffa/users/sm54/data/velocity        --merged_name velocity_merged.h5ad
------------------------------------------------------------

TERM_MEMLIMIT: job killed after reaching LSF memory usage limit.
Exited with exit code 143.

Resource usage summary:

    CPU time :                                   6894.00 sec.
    Max Memory :                                 652922 MB
    Average Memory :                             225757.39 MB
    Total Requested Memory :                     650000.00 MB
    Delta Memory :                               -2922.00 MB
    Max Swap :                                   2 MB
    Max Processes :                              5
    Max Threads :                                261
    Run time :                                   6039 sec.
    Turnaround time :                            6043 sec.

The output (if any) is above this job summary.

