⚠️  461016 cells did not get full metadata from `Sample_ID` join
... storing 'accession_id' as categorical
... storing 'alias' as categorical
... storing 'Donor_Anatomical_Site_Age' as categorical
... storing 'Sex' as categorical
... storing 'Donor_ID' as categorical
... storing 'Disease_Status' as categorical
... storing 'extra_attributes' as categorical
... storing 'Organ' as categorical
... storing 'Technology' as categorical
... storing 'Study' as categorical
... storing 'Accession_ID' as categorical
... storing 'Method' as categorical
... storing 'Anatomical_Site' as categorical
... storing '10X_Chemistry' as categorical
... storing 'Organism' as categorical

------------------------------------------------------------
Sender: LSF System <lsfadmin@node-13-28>
Subject: Job 371305: <linnarson_qc_filtering> in cluster <farm22> Exited

Job <linnarson_qc_filtering> was submitted from host <farm22-head1> by user <sm54> in cluster <farm22> at Tue Jul 15 13:10:53 2025
Job was executed on host(s) <8*node-13-28>, in queue <normal>, as user <sm54> in cluster <farm22> at Tue Jul 15 13:10:54 2025
</nfs/users/nfs_s/sm54> was used as the home directory.
</nfs/team298/sm54/BoneAtlasProject/src/processing/bash_scripts> was used as the working directory.
Started at Tue Jul 15 13:10:54 2025
Terminated at Tue Jul 15 16:00:50 2025
Results reported at Tue Jul 15 16:00:50 2025

Your job looked like:

------------------------------------------------------------
# LSBATCH: User input
module load cellgen/conda;
   conda activate boneatlas;
   cd /nfs/team298/sm54/BoneAtlasProject/src/processing;
   python -u 05_basic_qc_filtering_add_metadata.py     --adata-file /lustre/scratch124/cellgen/haniffa/users/sm54/data/Linnarson/Linnarson_unfiltered.h5ad      --metadata-file /nfs/team298/sm54/BoneAtlasProject/metadata/sample_metadata/Linnarson_Metadata_Final.csv      --output-file /lustre/scratch124/cellgen/haniffa/users/sm54/data/Linnarson/Linnarson_filtered_with_metadata.h5ad 
------------------------------------------------------------

TERM_MEMLIMIT: job killed after reaching LSF memory usage limit.
Exited with signal termination: 9.

Resource usage summary:

    CPU time :                                   8893.00 sec.
    Max Memory :                                 650116 MB
    Average Memory :                             456939.78 MB
    Total Requested Memory :                     650000.00 MB
    Delta Memory :                               -116.00 MB
    Max Swap :                                   2 MB
    Max Processes :                              5
    Max Threads :                                6
    Run time :                                   10195 sec.
    Turnaround time :                            10197 sec.

The output (if any) is above this job summary.

