Warning: directory not found for sample 'F83_TH_EPCAM'; skipping.

------------------------------------------------------------
Sender: LSF System <lsfadmin@node-13-25>
Subject: Job 765974: <generate_h5ad_crossorgan> in cluster <farm22> Done

Job <generate_h5ad_crossorgan> was submitted from host <farm22-head1> by user <sm54> in cluster <farm22> at Thu Jul 10 00:18:54 2025
Job was executed on host(s) <8*node-13-25>, in queue <normal>, as user <sm54> in cluster <farm22> at Thu Jul 10 00:18:56 2025
</nfs/users/nfs_s/sm54> was used as the home directory.
</nfs/team298/sm54/BoneAtlasProject/src/processing/bash_scripts> was used as the working directory.
Started at Thu Jul 10 00:18:56 2025
Terminated at Thu Jul 10 01:09:43 2025
Results reported at Thu Jul 10 01:09:43 2025

Your job looked like:

------------------------------------------------------------
# LSBATCH: User input
module load cellgen/conda;
   conda activate boneatlas;
   cd /nfs/team298/sm54/BoneAtlasProject/src/processing;
   python 01_generate_h5ad.py      --metadata /nfs/team298/sm54/BoneAtlasProject/metadata/sample_metadata/COMBINED_BONE_CROSS_ORGAN_METADATA.csv      --dataset Cross_Organ      --raw_dir /nfs/cellgeni/tickets/tic-3721/Cellbender/cellbender-results/      --output_dir /lustre/scratch124/cellgen/haniffa/users/sm54/data/Cross_Organ/      --merged_name cross_organ_unfiltered.h5ad      --log_level INFO      --log_dir /nfs/team298/sm54/BoneAtlasProject/raw/logs
------------------------------------------------------------

Successfully completed.

Resource usage summary:

    CPU time :                                   2936.00 sec.
    Max Memory :                                 111408 MB
    Average Memory :                             54332.79 MB
    Total Requested Memory :                     300000.00 MB
    Delta Memory :                               188592.00 MB
    Max Swap :                                   -
    Max Processes :                              5
    Max Threads :                                11
    Run time :                                   3045 sec.
    Turnaround time :                            3049 sec.

The output (if any) is above this job summary.



PS:

Read file <765974.generate_h5ad_crossorgan.err> for stderr output of this job.

