
------------------------------------------------------------
Sender: LSF System <lsfadmin@node-14-20>
Subject: Job 766201: <celltypist_bone_atlas> in cluster <farm22> Done

Job <celltypist_bone_atlas> was submitted from host <farm22-head1> by user <sm54> in cluster <farm22> at Thu Jul 10 00:38:13 2025
Job was executed on host(s) <8*node-14-20>, in queue <long>, as user <sm54> in cluster <farm22> at Thu Jul 10 00:38:13 2025
</nfs/users/nfs_s/sm54> was used as the home directory.
</nfs/team298/sm54/BoneAtlasProject/src/processing/bash_scripts> was used as the working directory.
Started at Thu Jul 10 00:38:13 2025
Terminated at Thu Jul 10 04:29:07 2025
Results reported at Thu Jul 10 04:29:07 2025

Your job looked like:

------------------------------------------------------------
# LSBATCH: User input
module load cellgen/conda; conda activate boneatlas;
   cd /nfs/team298/sm54/BoneAtlasProject/src/processing/;
   python 02_celltypist_annotation.py      --merged_h5ad /lustre/scratch124/cellgen/haniffa/users/sm54/data/Bone_Atlas/bone_atlas_unfiltered.h5ad      --model_path /nfs/team298/sm54/BoneAtlasProject/metadata/celltypist_models/Human_WholeEmbryo_Public.pkl      --output_dir /lustre/scratch124/cellgen/haniffa/users/sm54/data/Bone_Atlas/      --adata_status unfiltered      --log_level INFO      --log_dir /nfs/team298/sm54/BoneAtlasProject/src/processing/logs
------------------------------------------------------------

Successfully completed.

Resource usage summary:

    CPU time :                                   25814.00 sec.
    Max Memory :                                 110017 MB
    Average Memory :                             94671.13 MB
    Total Requested Memory :                     300000.00 MB
    Delta Memory :                               189983.00 MB
    Max Swap :                                   2 MB
    Max Processes :                              5
    Max Threads :                                36
    Run time :                                   13854 sec.
    Turnaround time :                            13854 sec.

The output (if any) is above this job summary.



PS:

Read file <766201.celltypist_bone_atlas.err> for stderr output of this job.

