
------------------------------------------------------------
Sender: LSF System <lsfadmin@node-13-17>
Subject: Job 766558: <doublet_bulk_cross_organ> in cluster <farm22> Done

Job <doublet_bulk_cross_organ> was submitted from host <farm22-head1> by user <sm54> in cluster <farm22> at Thu Jul 10 01:49:39 2025
Job was executed on host(s) <2*node-13-17>, in queue <long>, as user <sm54> in cluster <farm22> at Thu Jul 10 01:49:39 2025
</nfs/users/nfs_s/sm54> was used as the home directory.
</nfs/team298/sm54/BoneAtlasProject/src/processing/bash_scripts> was used as the working directory.
Started at Thu Jul 10 01:49:39 2025
Terminated at Thu Jul 10 05:08:07 2025
Results reported at Thu Jul 10 05:08:07 2025

Your job looked like:

------------------------------------------------------------
# LSBATCH: User input
module load cellgen/conda; conda activate boneatlas;
   cd /nfs/team298/sm54/BoneAtlasProject/src/processing;
   python 03_scrublet_doublet_detection.py      --merged_h5ad /lustre/scratch124/cellgen/haniffa/users/sm54/data/Cross_Organ/cross_organ_unfiltered.h5ad      --adata_status raw_cross_organ      --output_dir /lustre/scratch124/cellgen/haniffa/users/sm54/data/Cross_Organ/      --log_level INFO      --log_dir /nfs/team298/sm54/BoneAtlasProject/processing/logs
------------------------------------------------------------

Successfully completed.

Resource usage summary:

    CPU time :                                   13836.00 sec.
    Max Memory :                                 69109 MB
    Average Memory :                             63132.77 MB
    Total Requested Memory :                     250000.00 MB
    Delta Memory :                               180891.00 MB
    Max Swap :                                   2 MB
    Max Processes :                              3
    Max Threads :                                13
    Run time :                                   11908 sec.
    Turnaround time :                            11908 sec.

The output (if any) is above this job summary.



PS:

Read file <766558.doublet_bulk_cross_organ.err> for stderr output of this job.

