Warning: Could not plot histogram for HCA_BN_F12874040: 'Scrublet' object has no attribute 'threshold_'
Warning: Could not plot UMAP for HCA_BN_F12874040: 'NoneType' object is not subscriptable
Warning: Could not plot histogram for HCA_BN_F12922483: 'Scrublet' object has no attribute 'threshold_'
Warning: Could not plot UMAP for HCA_BN_F12922483: 'NoneType' object is not subscriptable
Warning: Could not plot histogram for HCA_BN_F12808061: 'Scrublet' object has no attribute 'threshold_'
Warning: Could not plot UMAP for HCA_BN_F12808061: 'NoneType' object is not subscriptable
Warning: Could not plot histogram for SB_200532_10841321: 'Scrublet' object has no attribute 'threshold_'
Warning: Could not plot UMAP for SB_200532_10841321: 'NoneType' object is not subscriptable
Warning: Could not plot histogram for SB_200532_11254466: 'Scrublet' object has no attribute 'threshold_'
Warning: Could not plot UMAP for SB_200532_11254466: 'NoneType' object is not subscriptable

------------------------------------------------------------
Sender: LSF System <lsfadmin@node-13-19>
Subject: Job 766547: <doublet_bulk_bone_atlas> in cluster <farm22> Done

Job <doublet_bulk_bone_atlas> was submitted from host <farm22-head1> by user <sm54> in cluster <farm22> at Thu Jul 10 01:48:03 2025
Job was executed on host(s) <2*node-13-19>, in queue <long>, as user <sm54> in cluster <farm22> at Thu Jul 10 01:48:03 2025
</nfs/users/nfs_s/sm54> was used as the home directory.
</nfs/team298/sm54/BoneAtlasProject/src/processing/bash_scripts> was used as the working directory.
Started at Thu Jul 10 01:48:03 2025
Terminated at Thu Jul 10 06:45:51 2025
Results reported at Thu Jul 10 06:45:51 2025

Your job looked like:

------------------------------------------------------------
# LSBATCH: User input
module load cellgen/conda; conda activate boneatlas;
   cd /nfs/team298/sm54/BoneAtlasProject/src/processing;
   python 03_scrublet_doublet_detection.py      --merged_h5ad /lustre/scratch124/cellgen/haniffa/users/sm54/data/Bone_Atlas/bone_atlas_unfiltered.h5ad      --adata_status raw_bone_atlas      --output_dir /lustre/scratch124/cellgen/haniffa/users/sm54/data/Bone_Atlas/      --log_level INFO      --log_dir /nfs/team298/sm54/BoneAtlasProject/processing/logs
------------------------------------------------------------

Successfully completed.

Resource usage summary:

    CPU time :                                   21062.27 sec.
    Max Memory :                                 95153 MB
    Average Memory :                             84461.12 MB
    Total Requested Memory :                     250000.00 MB
    Delta Memory :                               154847.00 MB
    Max Swap :                                   2 MB
    Max Processes :                              5
    Max Threads :                                13
    Run time :                                   17866 sec.
    Turnaround time :                            17868 sec.

The output (if any) is above this job summary.



PS:

Read file <766547.doublet_bulk_bone_atlas.err> for stderr output of this job.

