
------------------------------------------------------------
Sender: LSF System <lsfadmin@node-13-14>
Subject: Job 766529: <celltypist_bulk_cross_organ> in cluster <farm22> Done

Job <celltypist_bulk_cross_organ> was submitted from host <farm22-head1> by user <sm54> in cluster <farm22> at Thu Jul 10 01:45:47 2025
Job was executed on host(s) <8*node-13-14>, in queue <long>, as user <sm54> in cluster <farm22> at Thu Jul 10 01:45:48 2025
</nfs/users/nfs_s/sm54> was used as the home directory.
</nfs/team298/sm54/BoneAtlasProject/src/processing/bash_scripts> was used as the working directory.
Started at Thu Jul 10 01:45:48 2025
Terminated at Thu Jul 10 05:48:23 2025
Results reported at Thu Jul 10 05:48:23 2025

Your job looked like:

------------------------------------------------------------
# LSBATCH: User input
module load cellgen/conda; conda activate boneatlas;
   cd /nfs/team298/sm54/BoneAtlasProject/src/processing/;
   python 02_celltypist_annotation.py      --merged_h5ad /lustre/scratch124/cellgen/haniffa/users/sm54/data/Cross_Organ/cross_organ_unfiltered.h5ad      --model_path /nfs/team298/sm54/BoneAtlasProject/metadata/celltypist_models/Human_WholeEmbryo_Public.pkl      --output_dir /lustre/scratch124/cellgen/haniffa/users/sm54/data/Cross_Organ/      --adata_status unfiltered      --log_level INFO      --log_dir /nfs/team298/sm54/BoneAtlasProject/src/processing/logs
------------------------------------------------------------

Successfully completed.

Resource usage summary:

    CPU time :                                   27088.13 sec.
    Max Memory :                                 81677 MB
    Average Memory :                             70884.84 MB
    Total Requested Memory :                     300000.00 MB
    Delta Memory :                               218323.00 MB
    Max Swap :                                   2 MB
    Max Processes :                              3
    Max Threads :                                25
    Run time :                                   14554 sec.
    Turnaround time :                            14556 sec.

The output (if any) is above this job summary.



PS:

Read file <766529.celltypist_bulk_cross_organ.err> for stderr output of this job.

