2025-07-10 19:04:58,423 INFO Bulk Scrublet on /lustre/scratch124/cellgen/haniffa/users/sm54/data/Bone_Atlas/bone_atlas_filtered_with_metadata.h5ad
2025-07-10 19:07:02,119 INFO [Doublet] Processing HCA_BN_F12482363 (122 cells)
2025-07-10 19:07:14,896 INFO [Doublet] Finished HCA_BN_F12482363
2025-07-10 19:07:14,898 INFO [Doublet] Processing HCA_BN_F12482365 (28 cells)
2025-07-10 19:07:14,919 ERROR [Doublet] Error processing HCA_BN_F12482365: n_components=30 must be between 1 and min(n_samples, n_features)=28 with svd_solver='arpack'
2025-07-10 19:07:14,921 INFO [Doublet] Processing HCA_BN_F12482366 (5479 cells)
2025-07-10 19:07:48,270 INFO [Doublet] Finished HCA_BN_F12482366
2025-07-10 19:07:48,272 INFO [Doublet] Processing HCA_BN_F12966455 (18927 cells)
2025-07-10 19:09:13,666 INFO [Doublet] Finished HCA_BN_F12966455
2025-07-10 19:09:13,669 INFO [Doublet] Processing HCA_BN_F12966457 (19178 cells)
2025-07-10 19:10:31,080 INFO [Doublet] Finished HCA_BN_F12966457
2025-07-10 19:10:31,083 INFO [Doublet] Processing HCA_BN_F12966458 (10170 cells)
2025-07-10 19:11:11,266 INFO [Doublet] Finished HCA_BN_F12966458
2025-07-10 19:11:11,268 INFO [Doublet] Processing HCA_BN_F13109710 (20302 cells)
2025-07-10 19:12:21,676 INFO [Doublet] Finished HCA_BN_F13109710
2025-07-10 19:12:21,678 INFO [Doublet] Processing HCA_BN_F13109711 (18494 cells)
2025-07-10 19:13:28,233 INFO [Doublet] Finished HCA_BN_F13109711
2025-07-10 19:13:28,235 INFO [Doublet] Processing HCA_BN_F13109712 (16372 cells)
2025-07-10 19:14:29,380 INFO [Doublet] Finished HCA_BN_F13109712
2025-07-10 19:14:29,381 INFO [Doublet] Processing HCA_BN_F13109713 (34761 cells)
2025-07-10 19:16:38,686 INFO [Doublet] Finished HCA_BN_F13109713
2025-07-10 19:16:38,688 INFO [Doublet] Processing HCA_BN_F13177434 (10439 cells)
2025-07-10 19:17:19,598 INFO [Doublet] Finished HCA_BN_F13177434
2025-07-10 19:17:19,599 INFO [Doublet] Processing HCA_BN_F13177435 (11981 cells)
2025-07-10 19:18:08,166 INFO [Doublet] Finished HCA_BN_F13177435
2025-07-10 19:18:08,167 INFO [Doublet] Processing HCA_BN_F13177436 (11801 cells)
2025-07-10 19:18:55,376 INFO [Doublet] Finished HCA_BN_F13177436
2025-07-10 19:18:55,378 INFO [Doublet] Processing HCA_BN_F12808058 (9676 cells)
2025-07-10 19:19:39,139 INFO [Doublet] Finished HCA_BN_F12808058
2025-07-10 19:19:39,140 INFO [Doublet] Processing HCA_BN_F12808059 (77 cells)
2025-07-10 19:19:39,874 INFO [Doublet] Finished HCA_BN_F12808059
2025-07-10 19:19:39,875 INFO [Doublet] Processing HCA_BN_F12808060 (306 cells)
2025-07-10 19:19:41,100 INFO [Doublet] Finished HCA_BN_F12808060
2025-07-10 19:19:41,102 INFO [Doublet] Processing HCA_BN_F12922481 (12007 cells)
2025-07-10 19:20:26,423 INFO [Doublet] Finished HCA_BN_F12922481
2025-07-10 19:20:26,425 INFO [Doublet] Processing HCA_BN_F12922486 (20879 cells)
2025-07-10 19:21:49,541 INFO [Doublet] Finished HCA_BN_F12922486
2025-07-10 19:21:49,543 INFO [Doublet] Processing HCA_BN_F12874040 (24235 cells)
2025-07-10 19:22:51,477 INFO [Doublet] Finished HCA_BN_F12874040
2025-07-10 19:22:51,478 INFO [Doublet] Processing HCA_BN_F12863837 (11597 cells)
2025-07-10 19:23:36,074 INFO [Doublet] Finished HCA_BN_F12863837
2025-07-10 19:23:36,075 INFO [Doublet] Processing HCA_BN_F12874043 (10885 cells)
2025-07-10 19:24:22,160 INFO [Doublet] Finished HCA_BN_F12874043
2025-07-10 19:24:22,162 INFO [Doublet] Processing HCA_BN_F12627471 (551 cells)
2025-07-10 19:24:23,968 INFO [Doublet] Finished HCA_BN_F12627471
2025-07-10 19:24:23,969 INFO [Doublet] Processing HCA_BN_F12922485 (15901 cells)
2025-07-10 19:25:27,724 INFO [Doublet] Finished HCA_BN_F12922485
2025-07-10 19:25:27,726 INFO [Doublet] Processing HCA_BN_F12627472 (9802 cells)
2025-07-10 19:26:15,388 INFO [Doublet] Finished HCA_BN_F12627472
2025-07-10 19:26:15,390 INFO [Doublet] Processing HCA_BN_F12922482 (8325 cells)
2025-07-10 19:26:48,386 INFO [Doublet] Finished HCA_BN_F12922482
2025-07-10 19:26:48,387 INFO [Doublet] Processing HCA_BN_F12922484 (8594 cells)
2025-07-10 19:27:23,794 INFO [Doublet] Finished HCA_BN_F12922484
2025-07-10 19:27:23,795 INFO [Doublet] Processing HCA_BN_F12874047 (24771 cells)
2025-07-10 19:28:28,709 INFO [Doublet] Finished HCA_BN_F12874047
2025-07-10 19:28:28,712 INFO [Doublet] Processing HCA_BN_F12874041 (20463 cells)
2025-07-10 19:29:17,477 INFO [Doublet] Finished HCA_BN_F12874041
2025-07-10 19:29:17,479 INFO [Doublet] Processing HCA_BN_F12874046 (16667 cells)
2025-07-10 19:29:59,952 INFO [Doublet] Finished HCA_BN_F12874046
2025-07-10 19:29:59,954 INFO [Doublet] Processing HCA_BN_F12863835 (17711 cells)
2025-07-10 19:31:04,831 INFO [Doublet] Finished HCA_BN_F12863835
2025-07-10 19:31:04,833 INFO [Doublet] Processing HCA_BN_F12874044 (9156 cells)
2025-07-10 19:31:44,338 INFO [Doublet] Finished HCA_BN_F12874044
2025-07-10 19:31:44,339 INFO [Doublet] Processing HCA_BN_F12627470 (2831 cells)
2025-07-10 19:31:56,123 INFO [Doublet] Finished HCA_BN_F12627470
2025-07-10 19:31:56,124 INFO [Doublet] Processing HCA_BN_F12922483 (14182 cells)
2025-07-10 19:32:48,616 INFO [Doublet] Finished HCA_BN_F12922483
2025-07-10 19:32:48,617 INFO [Doublet] Processing HCA_BN_F12874042 (27765 cells)
2025-07-10 19:34:12,537 INFO [Doublet] Finished HCA_BN_F12874042
2025-07-10 19:34:12,540 INFO [Doublet] Processing HCA_BN_F12863836 (6712 cells)
2025-07-10 19:34:33,494 INFO [Doublet] Finished HCA_BN_F12863836
2025-07-10 19:34:33,495 INFO [Doublet] Processing HCA_BN_F12874045 (12782 cells)
2025-07-10 19:35:29,170 INFO [Doublet] Finished HCA_BN_F12874045
2025-07-10 19:35:29,172 INFO [Doublet] Processing HCA_BN_F12922487 (19285 cells)
2025-07-10 19:36:49,975 INFO [Doublet] Finished HCA_BN_F12922487
2025-07-10 19:36:49,976 INFO [Doublet] Processing HCA_BN_F12627473 (15068 cells)
2025-07-10 19:37:43,551 INFO [Doublet] Finished HCA_BN_F12627473
2025-07-10 19:37:43,553 INFO [Doublet] Processing HCA_BN_F12808062 (3362 cells)
2025-07-10 19:38:03,118 INFO [Doublet] Finished HCA_BN_F12808062
2025-07-10 19:38:03,119 INFO [Doublet] Processing HCA_BN_F12808061 (3376 cells)
2025-07-10 19:38:21,611 INFO [Doublet] Finished HCA_BN_F12808061
2025-07-10 19:38:21,612 INFO [Doublet] Processing HCA_BN_F12482359 (5582 cells)
2025-07-10 19:38:43,059 INFO [Doublet] Finished HCA_BN_F12482359
2025-07-10 19:38:43,060 INFO [Doublet] Processing HCA_BN_F12966456 (10681 cells)
2025-07-10 19:39:12,421 INFO [Doublet] Finished HCA_BN_F12966456
2025-07-10 19:39:12,423 INFO [Doublet] Processing HCA_BN_F12966460 (23185 cells)
2025-07-10 19:41:03,544 INFO [Doublet] Finished HCA_BN_F12966460
2025-07-10 19:41:03,547 INFO [Doublet] Processing HCA_BN_F12966461 (27879 cells)
2025-07-10 19:42:28,070 INFO [Doublet] Finished HCA_BN_F12966461
2025-07-10 19:42:28,072 INFO [Doublet] Processing HCA_BN_F13177437 (21842 cells)
2025-07-10 19:44:08,927 INFO [Doublet] Finished HCA_BN_F13177437
2025-07-10 19:44:08,930 INFO [Doublet] Processing HCA_BN_F12482360 (1261 cells)
2025-07-10 19:44:15,152 INFO [Doublet] Finished HCA_BN_F12482360
2025-07-10 19:44:15,154 INFO [Doublet] Processing HCA_BN_F12482361 (4404 cells)
2025-07-10 19:44:34,551 INFO [Doublet] Finished HCA_BN_F12482361
2025-07-10 19:44:34,553 INFO [Doublet] Processing HCA_BN_F12482362 (249 cells)
2025-07-10 19:44:36,105 INFO [Doublet] Finished HCA_BN_F12482362
2025-07-10 19:44:36,107 INFO [Doublet] Processing HCA_BN_F12966459 (22074 cells)
2025-07-10 19:46:16,531 INFO [Doublet] Finished HCA_BN_F12966459
2025-07-10 19:46:16,533 INFO [Doublet] Processing HCA_BN_F13109714 (18274 cells)
2025-07-10 19:47:25,130 INFO [Doublet] Finished HCA_BN_F13109714
2025-07-10 19:47:25,132 INFO [Doublet] Processing HCA_BN_F13109715 (17256 cells)
2025-07-10 19:48:38,652 INFO [Doublet] Finished HCA_BN_F13109715
2025-07-10 19:48:38,654 INFO [Doublet] Processing HCA_BN_F13109718 (5662 cells)
2025-07-10 19:48:59,993 INFO [Doublet] Finished HCA_BN_F13109718
2025-07-10 19:48:59,996 INFO [Doublet] Processing HCA_BN_F13109719 (5352 cells)
2025-07-10 19:49:24,794 INFO [Doublet] Finished HCA_BN_F13109719
2025-07-10 19:49:24,795 INFO [Doublet] Processing SB_200532_10841321 (11175 cells)
2025-07-10 19:50:13,751 INFO [Doublet] Finished SB_200532_10841321
2025-07-10 19:50:13,752 INFO [Doublet] Processing SB_200532_10621989 (6123 cells)
2025-07-10 19:50:42,723 INFO [Doublet] Finished SB_200532_10621989
2025-07-10 19:50:42,725 INFO [Doublet] Processing SB_200532_10621992 (5903 cells)
2025-07-10 19:51:13,952 INFO [Doublet] Finished SB_200532_10621992
2025-07-10 19:51:13,954 INFO [Doublet] Processing SB_200532_10621990 (7213 cells)
2025-07-10 19:51:48,946 INFO [Doublet] Finished SB_200532_10621990
2025-07-10 19:51:48,947 INFO [Doublet] Processing SB_200532_10621991 (9747 cells)
2025-07-10 19:52:43,733 INFO [Doublet] Finished SB_200532_10621991
2025-07-10 19:52:43,735 INFO [Doublet] Processing SB_200532_10841322 (6573 cells)
2025-07-10 19:53:16,503 INFO [Doublet] Finished SB_200532_10841322
2025-07-10 19:53:16,505 INFO [Doublet] Processing SB_200532_10841323 (8632 cells)
2025-07-10 19:53:56,200 INFO [Doublet] Finished SB_200532_10841323
2025-07-10 19:53:56,202 INFO [Doublet] Processing SB_200532_10032965 (9269 cells)
2025-07-10 19:54:46,223 INFO [Doublet] Finished SB_200532_10032965
2025-07-10 19:54:46,224 INFO [Doublet] Processing SB_200532_10032967 (9409 cells)
2025-07-10 19:55:33,400 INFO [Doublet] Finished SB_200532_10032967
2025-07-10 19:55:33,402 INFO [Doublet] Processing SB_200532_10032966 (8683 cells)
2025-07-10 19:55:59,727 INFO [Doublet] Finished SB_200532_10032966
2025-07-10 19:55:59,729 INFO [Doublet] Processing SB_200532_10032968 (5924 cells)
2025-07-10 19:56:32,860 INFO [Doublet] Finished SB_200532_10032968
2025-07-10 19:56:32,862 INFO [Doublet] Processing SB_200532_10032964 (9628 cells)
2025-07-10 19:57:20,595 INFO [Doublet] Finished SB_200532_10032964
2025-07-10 19:57:20,597 INFO [Doublet] Processing SB_200532_10032969 (9743 cells)
2025-07-10 19:58:07,127 INFO [Doublet] Finished SB_200532_10032969
2025-07-10 19:58:07,128 INFO [Doublet] Processing SB_200532_10841316 (659 cells)
2025-07-10 19:58:09,442 INFO [Doublet] Finished SB_200532_10841316
2025-07-10 19:58:09,443 INFO [Doublet] Processing SB_200532_10841317 (3752 cells)
2025-07-10 19:58:32,663 INFO [Doublet] Finished SB_200532_10841317
2025-07-10 19:58:32,664 INFO [Doublet] Processing SB_200532_10841318 (3987 cells)
2025-07-10 19:59:02,695 INFO [Doublet] Finished SB_200532_10841318
2025-07-10 19:59:02,697 INFO [Doublet] Processing SB_200532_10841319 (795 cells)
2025-07-10 19:59:06,228 INFO [Doublet] Finished SB_200532_10841319
2025-07-10 19:59:06,229 INFO [Doublet] Processing SB_200532_10841320 (1340 cells)
2025-07-10 19:59:13,849 INFO [Doublet] Finished SB_200532_10841320
2025-07-10 19:59:13,850 INFO [Doublet] Processing SB_200532_10297927 (2280 cells)
2025-07-10 19:59:29,620 INFO [Doublet] Finished SB_200532_10297927
2025-07-10 19:59:29,622 INFO [Doublet] Processing SB_200532_10297933 (11 cells)
2025-07-10 19:59:29,648 ERROR [Doublet] Error processing SB_200532_10297933: n_components=30 must be between 1 and min(n_samples, n_features)=11 with svd_solver='arpack'
2025-07-10 19:59:29,649 INFO [Doublet] Processing SB_200532_10297922 (5487 cells)
2025-07-10 19:59:55,450 INFO [Doublet] Finished SB_200532_10297922
2025-07-10 19:59:55,451 INFO [Doublet] Processing SB_200532_10297928 (3389 cells)
2025-07-10 20:00:18,453 INFO [Doublet] Finished SB_200532_10297928
2025-07-10 20:00:18,454 INFO [Doublet] Processing SB_200532_10297923 (4887 cells)
2025-07-10 20:00:44,179 INFO [Doublet] Finished SB_200532_10297923
2025-07-10 20:00:44,181 INFO [Doublet] Processing SB_200532_10297929 (1503 cells)
2025-07-10 20:00:53,104 INFO [Doublet] Finished SB_200532_10297929
2025-07-10 20:00:53,105 INFO [Doublet] Processing SB_200532_10297924 (6677 cells)
2025-07-10 20:01:25,890 INFO [Doublet] Finished SB_200532_10297924
2025-07-10 20:01:25,891 INFO [Doublet] Processing SB_200532_10297930 (5093 cells)
2025-07-10 20:01:50,542 INFO [Doublet] Finished SB_200532_10297930
2025-07-10 20:01:50,544 INFO [Doublet] Processing SB_200532_10297925 (5237 cells)
2025-07-10 20:02:16,649 INFO [Doublet] Finished SB_200532_10297925
2025-07-10 20:02:16,650 INFO [Doublet] Processing SB_200532_10297931 (5842 cells)
2025-07-10 20:02:42,805 INFO [Doublet] Finished SB_200532_10297931
2025-07-10 20:02:42,806 INFO [Doublet] Processing SB_200532_10297926 (5208 cells)
2025-07-10 20:03:06,932 INFO [Doublet] Finished SB_200532_10297926
2025-07-10 20:03:06,934 INFO [Doublet] Processing SB_200532_10297932 (18 cells)
2025-07-10 20:03:06,956 ERROR [Doublet] Error processing SB_200532_10297932: n_components=30 must be between 1 and min(n_samples, n_features)=18 with svd_solver='arpack'
2025-07-10 20:03:06,958 INFO [Doublet] Processing SB_200532_11254458 (5847 cells)
2025-07-10 20:03:39,703 INFO [Doublet] Finished SB_200532_11254458
2025-07-10 20:03:39,705 INFO [Doublet] Processing SB_200532_11254463 (26600 cells)
2025-07-10 20:05:30,446 INFO [Doublet] Finished SB_200532_11254463
2025-07-10 20:05:30,449 INFO [Doublet] Processing SB_200532_11254461 (22 cells)
2025-07-10 20:05:30,476 ERROR [Doublet] Error processing SB_200532_11254461: n_components=30 must be between 1 and min(n_samples, n_features)=22 with svd_solver='arpack'
2025-07-10 20:05:30,478 INFO [Doublet] Processing SB_200532_11254466 (12850 cells)
2025-07-10 20:06:15,782 INFO [Doublet] Finished SB_200532_11254466
2025-07-10 20:06:15,784 INFO [Doublet] Processing SB_200532_11254462 (1297 cells)
2025-07-10 20:06:23,106 INFO [Doublet] Finished SB_200532_11254462
2025-07-10 20:06:23,109 INFO [Doublet] Processing SB_200532_11254467 (5754 cells)
2025-07-10 20:06:39,321 INFO [Doublet] Finished SB_200532_11254467
2025-07-10 20:06:39,323 INFO [Doublet] Processing SB_200532_11254459 (3824 cells)
2025-07-10 20:07:06,518 INFO [Doublet] Finished SB_200532_11254459
2025-07-10 20:07:06,521 INFO [Doublet] Processing SB_200532_11254464 (5542 cells)
2025-07-10 20:07:23,546 INFO [Doublet] Finished SB_200532_11254464
2025-07-10 20:07:23,548 INFO [Doublet] Processing SB_200532_11254460 (350 cells)
2025-07-10 20:07:25,064 INFO [Doublet] Finished SB_200532_11254460
2025-07-10 20:07:25,066 INFO [Doublet] Processing SB_200532_11254465 (2954 cells)
2025-07-10 20:07:38,140 INFO [Doublet] Finished SB_200532_11254465
2025-07-10 20:07:38,142 INFO [Doublet] Processing SB_200532_10863985 (4 cells)
2025-07-10 20:07:38,162 ERROR [Doublet] Error processing SB_200532_10863985: n_components=30 must be between 1 and min(n_samples, n_features)=4 with svd_solver='arpack'
2025-07-10 20:07:38,164 INFO [Doublet] Processing SB_200532_10863991 (110 cells)
2025-07-10 20:07:38,980 INFO [Doublet] Finished SB_200532_10863991
2025-07-10 20:07:38,982 INFO [Doublet] Processing SB_200532_10863988 (1645 cells)
2025-07-10 20:07:47,292 INFO [Doublet] Finished SB_200532_10863988
2025-07-10 20:07:47,294 INFO [Doublet] Processing SB_200532_10863994 (36 cells)
2025-07-10 20:07:47,974 INFO [Doublet] Finished SB_200532_10863994
2025-07-10 20:07:47,976 INFO [Doublet] Processing SB_200532_10863989 (68 cells)
2025-07-10 20:07:48,702 INFO [Doublet] Finished SB_200532_10863989
2025-07-10 20:07:48,704 INFO [Doublet] Processing SB_200532_10863995 (43 cells)
2025-07-10 20:07:49,776 INFO [Doublet] Finished SB_200532_10863995
2025-07-10 20:07:49,778 INFO [Doublet] Processing SB_200532_10863986 (200 cells)
2025-07-10 20:07:50,812 INFO [Doublet] Finished SB_200532_10863986
2025-07-10 20:07:50,814 INFO [Doublet] Processing SB_200532_10863992 (52 cells)
2025-07-10 20:07:51,544 INFO [Doublet] Finished SB_200532_10863992
2025-07-10 20:07:51,546 INFO [Doublet] Processing SB_200532_10863987 (51 cells)
2025-07-10 20:07:52,275 INFO [Doublet] Finished SB_200532_10863987
2025-07-10 20:07:52,277 INFO [Doublet] Processing SB_200532_10863993 (49 cells)
2025-07-10 20:07:53,065 INFO [Doublet] Finished SB_200532_10863993
2025-07-10 20:07:53,067 INFO [Doublet] Processing SB_200532_11018313 (9694 cells)
2025-07-10 20:08:36,874 INFO [Doublet] Finished SB_200532_11018313
2025-07-10 20:08:36,877 INFO [Doublet] Processing SB_200532_11018314 (12659 cells)
2025-07-10 20:09:28,727 INFO [Doublet] Finished SB_200532_11018314
2025-07-10 20:09:28,729 INFO [Doublet] Processing SB_200532_11018315 (26922 cells)
2025-07-10 20:11:19,153 INFO [Doublet] Finished SB_200532_11018315
2025-07-10 20:11:19,156 INFO [Doublet] Processing SB_200532_11018316 (15403 cells)
2025-07-10 20:12:26,393 INFO [Doublet] Finished SB_200532_11018316
2025-07-10 20:12:26,396 INFO [Doublet] Processing SB_200532_11018317 (18800 cells)
2025-07-10 20:13:59,427 INFO [Doublet] Finished SB_200532_11018317
2025-07-10 20:13:59,430 INFO [Doublet] Processing SB_200532_11018318 (42577 cells)
2025-07-10 20:16:56,523 INFO [Doublet] Finished SB_200532_11018318
2025-07-10 20:16:56,526 INFO [Doublet] Processing SB_200532_11018319 (16309 cells)
2025-07-10 20:18:07,710 INFO [Doublet] Finished SB_200532_11018319
2025-07-10 20:18:07,713 INFO [Doublet] Processing SB_200532_11018320 (20404 cells)
2025-07-10 20:19:35,011 INFO [Doublet] Finished SB_200532_11018320
2025-07-10 20:19:35,014 INFO [Doublet] Processing SB_200532_11018321 (38420 cells)
2025-07-10 20:22:36,132 INFO [Doublet] Finished SB_200532_11018321
2025-07-10 20:22:36,136 INFO [Doublet] Processing SB_200532_11018322 (18565 cells)
2025-07-10 20:24:06,867 INFO [Doublet] Finished SB_200532_11018322
2025-07-10 20:24:06,870 INFO [Doublet] Processing SB_200532_11018323 (12572 cells)
2025-07-10 20:25:05,324 INFO [Doublet] Finished SB_200532_11018323
2025-07-10 20:25:05,326 INFO [Doublet] Processing SB_200532_11018324 (32132 cells)
2025-07-10 20:27:34,140 INFO [Doublet] Finished SB_200532_11018324
2025-07-10 20:27:34,145 INFO [Doublet] Processing GSM4274188 (5501 cells)
2025-07-10 20:28:00,361 INFO [Doublet] Finished GSM4274188
2025-07-10 20:28:00,364 INFO [Doublet] Processing GSM4274189 (8256 cells)
2025-07-10 20:28:57,494 INFO [Doublet] Finished GSM4274189
2025-07-10 20:28:57,497 INFO [Doublet] Processing GSM4274190 (11128 cells)
2025-07-10 20:29:43,297 INFO [Doublet] Finished GSM4274190
2025-07-10 20:29:43,300 INFO [Doublet] Processing GSM4274191 (4611 cells)
2025-07-10 20:30:03,124 INFO [Doublet] Finished GSM4274191
2025-07-10 20:30:03,126 INFO [Doublet] Processing GSM4274192 (6851 cells)
2025-07-10 20:30:44,032 INFO [Doublet] Finished GSM4274192
2025-07-10 20:30:44,034 INFO [Doublet] Processing GSM4274193 (7019 cells)
2025-07-10 20:31:12,413 INFO [Doublet] Finished GSM4274193
2025-07-10 20:31:12,415 INFO [Doublet] Processing GSM4274194 (4399 cells)
2025-07-10 20:31:31,396 INFO [Doublet] Finished GSM4274194
2025-07-10 20:31:31,657 INFO [Doublet] Processing GSM4609136 (6143 cells)
2025-07-10 20:32:02,067 INFO [Doublet] Finished GSM4609136
2025-07-10 20:32:02,069 INFO [Doublet] Processing 5386STDY7537944 (4967 cells)
2025-07-10 20:32:20,230 INFO [Doublet] Finished 5386STDY7537944
2025-07-10 20:32:20,233 INFO [Doublet] Processing 5478STDY7717491 (6332 cells)
2025-07-10 20:32:52,643 INFO [Doublet] Finished 5478STDY7717491
2025-07-10 20:32:52,646 INFO [Doublet] Processing 5478STDY7717492 (6221 cells)
2025-07-10 20:33:18,642 INFO [Doublet] Finished 5478STDY7717492
2025-07-10 20:33:18,644 INFO [Doublet] Processing 5478STDY7652318 (5036 cells)
2025-07-10 20:33:42,847 INFO [Doublet] Finished 5478STDY7652318
2025-07-10 20:33:42,850 INFO [Doublet] Processing 5386STDY7557336 (4221 cells)
2025-07-10 20:33:59,737 INFO [Doublet] Finished 5386STDY7557336
2025-07-10 20:33:59,739 INFO [Doublet] Processing 5386STDY7557337 (4417 cells)
2025-07-10 20:34:16,543 INFO [Doublet] Finished 5386STDY7557337
2025-07-10 20:34:16,546 INFO [Doublet] Processing 5386STDY7557335 (3626 cells)
2025-07-10 20:34:37,160 INFO [Doublet] Finished 5386STDY7557335
2025-07-10 20:34:37,163 INFO [Doublet] Processing FCAImmP7536758 (5074 cells)
2025-07-10 20:34:57,242 INFO [Doublet] Finished FCAImmP7536758
2025-07-10 20:34:57,244 INFO [Doublet] Processing FCAImmP7536759 (5400 cells)
2025-07-10 20:35:19,201 INFO [Doublet] Finished FCAImmP7536759
2025-07-10 20:35:19,203 INFO [Doublet] Processing 5478STDY7980348 (4488 cells)
2025-07-10 20:35:39,399 INFO [Doublet] Finished 5478STDY7980348
2025-07-10 20:35:39,401 INFO [Doublet] Processing 5478STDY7980349 (5075 cells)
2025-07-10 20:36:01,100 INFO [Doublet] Finished 5478STDY7980349
2025-07-10 20:36:01,103 INFO [Doublet] Processing 5478STDY7935101 (10536 cells)
2025-07-10 20:36:35,972 INFO [Doublet] Finished 5478STDY7935101
2025-07-10 20:36:35,975 INFO [Doublet] Processing 5478STDY7935102 (8359 cells)
2025-07-10 20:37:06,029 INFO [Doublet] Finished 5478STDY7935102
2025-07-10 20:37:06,032 INFO [Doublet] Processing WSSS_THYst9384953 (5257 cells)
2025-07-10 20:37:27,335 INFO [Doublet] Finished WSSS_THYst9384953
2025-07-10 20:37:27,337 INFO [Doublet] Processing WSSS_THYst9384954 (4286 cells)
2025-07-10 20:37:43,988 INFO [Doublet] Finished WSSS_THYst9384954
2025-07-10 20:37:43,989 INFO [Doublet] Processing WSSS_THYst9384955 (4495 cells)
2025-07-10 20:38:03,843 INFO [Doublet] Finished WSSS_THYst9384955
2025-07-10 20:38:03,845 INFO [Doublet] Processing WSSS_THYst9384956 (5227 cells)
2025-07-10 20:38:24,153 INFO [Doublet] Finished WSSS_THYst9384956
2025-07-10 20:38:24,156 INFO [Doublet] Processing WSSS_THYst9384957 (3961 cells)
2025-07-10 20:38:48,332 INFO [Doublet] Finished WSSS_THYst9384957
2025-07-10 20:38:48,334 INFO [Doublet] Processing WSSS_THYst9384958 (3040 cells)
2025-07-10 20:39:05,760 INFO [Doublet] Finished WSSS_THYst9384958
2025-07-10 20:39:05,762 INFO [Doublet] Processing WSSS_THYst8796437 (9353 cells)
2025-07-10 20:39:44,179 INFO [Doublet] Finished WSSS_THYst8796437
2025-07-10 20:39:44,181 INFO [Doublet] Processing WSSS_THYst8796438 (4139 cells)
2025-07-10 20:39:59,331 INFO [Doublet] Finished WSSS_THYst8796438
2025-07-10 20:39:59,334 INFO [Doublet] Processing WSSS_THYst8796439 (7097 cells)
2025-07-10 20:40:26,881 INFO [Doublet] Finished WSSS_THYst8796439
2025-07-10 20:40:26,883 INFO [Doublet] Processing WSSS_THYst8796440 (2622 cells)
2025-07-10 20:40:39,333 INFO [Doublet] Finished WSSS_THYst8796440
2025-07-10 20:40:39,336 INFO [Doublet] Processing WSSS_THYst8796441 (3982 cells)
2025-07-10 20:41:01,854 INFO [Doublet] Finished WSSS_THYst8796441
2025-07-10 20:41:01,856 INFO [Doublet] Processing WSSS_THYst8796442 (9219 cells)
2025-07-10 20:41:39,124 INFO [Doublet] Finished WSSS_THYst8796442
2025-07-10 20:41:39,126 INFO [Doublet] Processing WSSS_F_BON8710636 (3298 cells)
2025-07-10 20:41:57,939 INFO [Doublet] Finished WSSS_F_BON8710636
2025-07-10 20:41:57,942 INFO [Doublet] Processing WSSS_F_BON8710637 (2578 cells)
2025-07-10 20:42:14,433 INFO [Doublet] Finished WSSS_F_BON8710637
2025-07-10 20:42:14,435 INFO [Doublet] Processing WSSS_F_BON8710638 (3514 cells)
2025-07-10 20:42:34,250 INFO [Doublet] Finished WSSS_F_BON8710638
2025-07-10 20:42:34,253 INFO [Doublet] Processing WSSS_F_BON8710639 (2839 cells)
2025-07-10 20:42:49,116 INFO [Doublet] Finished WSSS_F_BON8710639
2025-07-10 20:42:49,118 INFO [Doublet] Processing WSSS_F_BON8710640 (3272 cells)
2025-07-10 20:43:10,338 INFO [Doublet] Finished WSSS_F_BON8710640
2025-07-10 20:43:10,340 INFO [Doublet] Processing WSSS_F_BON8710641 (1102 cells)
2025-07-10 20:43:14,979 INFO [Doublet] Finished WSSS_F_BON8710641
2025-07-10 20:43:14,981 INFO [Doublet] Processing WSSS_F_BON8710642 (3350 cells)
2025-07-10 20:43:33,781 INFO [Doublet] Finished WSSS_F_BON8710642
2025-07-10 20:43:33,784 INFO [Doublet] Processing WSSS_F_BON8710643 (2073 cells)
2025-07-10 20:43:43,364 INFO [Doublet] Finished WSSS_F_BON8710643
2025-07-10 20:43:43,366 INFO [Doublet] Processing FCAImmP7803028 (6424 cells)
2025-07-10 20:44:06,360 INFO [Doublet] Finished FCAImmP7803028
2025-07-10 20:44:06,362 INFO [Doublet] Processing FCAImmP7803029 (5818 cells)
2025-07-10 20:44:27,290 INFO [Doublet] Finished FCAImmP7803029
2025-07-10 20:44:27,293 INFO [Doublet] Processing FCAImmP7803030 (5863 cells)
2025-07-10 20:44:49,853 INFO [Doublet] Finished FCAImmP7803030
2025-07-10 20:44:49,855 INFO [Doublet] Processing FCAImmP7803031 (4285 cells)
2025-07-10 20:45:02,868 INFO [Doublet] Finished FCAImmP7803031
2025-07-10 20:45:02,870 INFO [Doublet] Processing FCAImmP7803032 (4095 cells)
2025-07-10 20:45:23,918 INFO [Doublet] Finished FCAImmP7803032
2025-07-10 20:45:23,921 INFO [Doublet] Processing FCAImmP7803033 (4316 cells)
2025-07-10 20:45:37,037 INFO [Doublet] Finished FCAImmP7803033
2025-07-10 20:45:37,039 INFO [Doublet] Processing FCAImmP7803016 (5206 cells)
2025-07-10 20:45:56,459 INFO [Doublet] Finished FCAImmP7803016
2025-07-10 20:45:56,461 INFO [Doublet] Processing FCAImmP7803017 (5235 cells)
2025-07-10 20:46:18,791 INFO [Doublet] Finished FCAImmP7803017
2025-07-10 20:46:18,793 INFO [Doublet] Processing FCAImmP7803018 (3709 cells)
2025-07-10 20:46:36,749 INFO [Doublet] Finished FCAImmP7803018
2025-07-10 20:46:36,751 INFO [Doublet] Processing FCAImmP7803019 (3841 cells)
2025-07-10 20:46:57,578 INFO [Doublet] Finished FCAImmP7803019
2025-07-10 20:46:57,580 INFO [Doublet] Processing FCAImmP7579220 (4072 cells)
2025-07-10 20:47:21,387 INFO [Doublet] Finished FCAImmP7579220
2025-07-10 20:47:21,389 INFO [Doublet] Processing FCAImmP7579221 (2907 cells)
2025-07-10 20:47:36,159 INFO [Doublet] Finished FCAImmP7579221
2025-07-10 20:47:36,162 INFO [Doublet] Processing FCAImmP7579232 (5359 cells)
2025-07-10 20:47:55,864 INFO [Doublet] Finished FCAImmP7579232
2025-07-10 20:47:55,867 INFO [Doublet] Processing FCAImmP7579233 (2887 cells)
2025-07-10 20:48:13,303 INFO [Doublet] Finished FCAImmP7579233
2025-07-10 20:48:13,339 INFO [Doublet] Processing FCAImmP7555853 (5137 cells)
2025-07-10 20:48:33,861 INFO [Doublet] Finished FCAImmP7555853
2025-07-10 20:48:33,864 INFO [Doublet] Processing FCAImmP7555854 (3339 cells)
2025-07-10 20:48:52,966 INFO [Doublet] Finished FCAImmP7555854
2025-07-10 20:48:52,968 INFO [Doublet] Processing FCAImmP7555862 (5154 cells)
2025-07-10 20:49:12,366 INFO [Doublet] Finished FCAImmP7555862
2025-07-10 20:49:12,368 INFO [Doublet] Processing FCAImmP7555855 (2804 cells)
2025-07-10 20:49:26,018 INFO [Doublet] Finished FCAImmP7555855
2025-07-10 20:49:26,023 INFO [Doublet] Processing FCAImmP7528281 (4820 cells)
2025-07-10 20:49:39,870 INFO [Doublet] Finished FCAImmP7528281
2025-07-10 20:49:39,872 INFO [Doublet] Processing FCAImmP7528282 (1820 cells)
2025-07-10 20:49:48,165 INFO [Doublet] Finished FCAImmP7528282
2025-07-10 20:49:48,167 INFO [Doublet] Processing FCAImmP7277566 (6742 cells)
2025-07-10 20:50:13,786 INFO [Doublet] Finished FCAImmP7277566
2025-07-10 20:50:13,788 INFO [Doublet] Processing FCAImmP7277567 (5144 cells)
2025-07-10 20:50:33,818 INFO [Doublet] Finished FCAImmP7277567
2025-07-10 20:50:33,820 INFO [Doublet] Processing FCAImmP7292035 (7295 cells)
2025-07-10 20:51:00,274 INFO [Doublet] Finished FCAImmP7292035
2025-07-10 20:51:00,275 INFO [Doublet] Processing FCAImmP7277558 (2462 cells)
2025-07-10 20:51:12,234 INFO [Doublet] Finished FCAImmP7277558
2025-07-10 20:51:12,236 INFO [Doublet] Processing FCAImmP7277559 (7094 cells)
2025-07-10 20:51:43,327 INFO [Doublet] Finished FCAImmP7277559
2025-07-10 20:51:43,329 INFO [Doublet] Processing FCAImmP7292031 (7898 cells)
2025-07-10 20:52:19,737 INFO [Doublet] Finished FCAImmP7292031
2025-07-10 20:52:19,739 INFO [Doublet] Processing FCAImmP7179367 (3854 cells)
2025-07-10 20:52:43,299 INFO [Doublet] Finished FCAImmP7179367
2025-07-10 20:52:43,300 INFO [Doublet] Processing FCAImmP7179368 (2620 cells)
2025-07-10 20:52:56,628 INFO [Doublet] Finished FCAImmP7179368
2025-07-10 20:52:56,629 INFO [Doublet] Processing 5478STDY7819844 (4203 cells)
2025-07-10 20:53:15,055 INFO [Doublet] Finished 5478STDY7819844
2025-07-10 20:53:15,056 INFO [Doublet] Processing 5478STDY7819845 (3709 cells)
2025-07-10 20:53:38,137 INFO [Doublet] Finished 5478STDY7819845
2025-07-10 20:53:38,139 INFO [Doublet] Processing 5478STDY7819846 (3168 cells)
2025-07-10 20:54:01,162 INFO [Doublet] Finished 5478STDY7819846
2025-07-10 20:54:01,163 INFO [Doublet] Processing 5478STDY7819847 (3864 cells)
2025-07-10 20:54:27,410 INFO [Doublet] Finished 5478STDY7819847
2025-07-10 20:54:27,412 INFO [Doublet] Processing 5478STDY7819848 (3108 cells)
2025-07-10 20:54:46,797 INFO [Doublet] Finished 5478STDY7819848
2025-07-10 20:54:46,798 INFO [Doublet] Processing 5478STDY7819849 (2691 cells)
2025-07-10 20:55:00,645 INFO [Doublet] Finished 5478STDY7819849
2025-07-10 20:55:00,646 INFO [Doublet] Processing 5478STDY7840021 (3972 cells)
2025-07-10 20:55:21,779 INFO [Doublet] Finished 5478STDY7840021
2025-07-10 20:55:21,781 INFO [Doublet] Processing 5478STDY7840022 (4284 cells)
2025-07-10 20:55:33,858 INFO [Doublet] Finished 5478STDY7840022
2025-07-10 20:55:33,859 INFO [Doublet] Processing 5478STDY7840023 (3291 cells)
2025-07-10 20:55:49,950 INFO [Doublet] Finished 5478STDY7840023
2025-07-10 20:55:49,951 INFO [Doublet] Processing 5478STDY7840024 (1214 cells)
2025-07-10 20:55:54,896 INFO [Doublet] Finished 5478STDY7840024
2025-07-10 20:55:54,898 INFO [Doublet] Processing 5478STDY7850142 (4212 cells)
2025-07-10 20:56:11,471 INFO [Doublet] Finished 5478STDY7850142
2025-07-10 20:56:11,473 INFO [Doublet] Processing 5478STDY7850143 (4226 cells)
2025-07-10 20:56:28,054 INFO [Doublet] Finished 5478STDY7850143
2025-07-10 20:56:28,055 INFO [Doublet] Processing 5478STDY7850144 (7515 cells)
2025-07-10 20:57:00,470 INFO [Doublet] Finished 5478STDY7850144
2025-07-10 20:57:00,472 INFO [Doublet] Processing 5478STDY7850145 (851 cells)
2025-07-10 20:57:06,053 INFO [Doublet] Finished 5478STDY7850145
2025-07-10 20:57:06,055 INFO [Doublet] Processing 5478STDY7850146 (5413 cells)
2025-07-10 20:57:30,547 INFO [Doublet] Finished 5478STDY7850146
2025-07-10 20:57:30,548 INFO [Doublet] Processing 5478STDY7850147 (6634 cells)
2025-07-10 20:57:55,776 INFO [Doublet] Finished 5478STDY7850147
2025-07-10 20:57:55,778 INFO [Doublet] Processing 5478STDY7850148 (3405 cells)
2025-07-10 20:58:16,378 INFO [Doublet] Finished 5478STDY7850148
2025-07-10 20:58:16,380 INFO [Doublet] Processing 5478STDY7850149 (6221 cells)
2025-07-10 20:58:41,557 INFO [Doublet] Finished 5478STDY7850149
2025-07-10 20:58:47,841 INFO [Doublet] Logged 5 failures
2025-07-10 20:58:47,879 INFO Bulk Scrublet complete
