2025-07-16 01:34:18,657 INFO Bulk Scrublet on /lustre/scratch124/cellgen/haniffa/users/sm54/data/Cross_Organ/cross_organ_filtered_with_metadata.h5ad
2025-07-16 01:35:44,191 INFO [Doublet] Processing Human_colon_16S7985393 (3987 cells)
2025-07-16 01:36:25,661 INFO [Doublet] Finished Human_colon_16S7985393
2025-07-16 01:36:25,663 INFO [Doublet] Processing Human_colon_16S7985394 (3890 cells)
2025-07-16 01:36:50,649 INFO [Doublet] Finished Human_colon_16S7985394
2025-07-16 01:36:50,651 INFO [Doublet] Processing Human_colon_16S7985395 (1998 cells)
2025-07-16 01:37:01,903 INFO [Doublet] Finished Human_colon_16S7985395
2025-07-16 01:37:01,904 INFO [Doublet] Processing Human_colon_16S7985391 (4199 cells)
2025-07-16 01:37:37,497 INFO [Doublet] Finished Human_colon_16S7985391
2025-07-16 01:37:37,498 INFO [Doublet] Processing Human_colon_16S7985389 (6396 cells)
2025-07-16 01:38:02,431 INFO [Doublet] Finished Human_colon_16S7985389
2025-07-16 01:38:02,432 INFO [Doublet] Processing Human_colon_16S7985390 (3526 cells)
2025-07-16 01:38:26,170 INFO [Doublet] Finished Human_colon_16S7985390
2025-07-16 01:38:26,172 INFO [Doublet] Processing Human_colon_16S7985392 (4414 cells)
2025-07-16 01:38:48,480 INFO [Doublet] Finished Human_colon_16S7985392
2025-07-16 01:38:48,482 INFO [Doublet] Processing Human_colon_16S8159187 (13893 cells)
2025-07-16 01:39:52,331 INFO [Doublet] Finished Human_colon_16S8159187
2025-07-16 01:39:52,333 INFO [Doublet] Processing Human_colon_16S8159189 (4848 cells)
2025-07-16 01:40:12,073 INFO [Doublet] Finished Human_colon_16S8159189
2025-07-16 01:40:12,074 INFO [Doublet] Processing Human_colon_16S8159188 (13375 cells)
2025-07-16 01:41:01,191 INFO [Doublet] Finished Human_colon_16S8159188
2025-07-16 01:41:01,193 INFO [Doublet] Processing Human_colon_16S8159190 (7172 cells)
2025-07-16 01:41:32,800 INFO [Doublet] Finished Human_colon_16S8159190
2025-07-16 01:41:32,801 INFO [Doublet] Processing Human_colon_16S8159185 (468 cells)
2025-07-16 01:41:36,180 INFO [Doublet] Finished Human_colon_16S8159185
2025-07-16 01:41:36,181 INFO [Doublet] Processing Human_colon_16S8159183 (7478 cells)
2025-07-16 01:42:11,778 INFO [Doublet] Finished Human_colon_16S8159183
2025-07-16 01:42:11,779 INFO [Doublet] Processing Human_colon_16S8159182 (13135 cells)
2025-07-16 01:43:00,438 INFO [Doublet] Finished Human_colon_16S8159182
2025-07-16 01:43:00,439 INFO [Doublet] Processing Human_colon_16S8159184 (10589 cells)
2025-07-16 01:43:38,862 INFO [Doublet] Finished Human_colon_16S8159184
2025-07-16 01:43:38,863 INFO [Doublet] Processing FCA_gut8015060 (6236 cells)
2025-07-16 01:43:59,225 INFO [Doublet] Finished FCA_gut8015060
2025-07-16 01:43:59,226 INFO [Doublet] Processing FCA_gut8015059 (6569 cells)
2025-07-16 01:44:20,427 INFO [Doublet] Finished FCA_gut8015059
2025-07-16 01:44:20,428 INFO [Doublet] Processing FCA_gut8015058 (5595 cells)
2025-07-16 01:44:39,377 INFO [Doublet] Finished FCA_gut8015058
2025-07-16 01:44:39,379 INFO [Doublet] Processing FCA_gut8015057 (589 cells)
2025-07-16 01:44:41,825 INFO [Doublet] Finished FCA_gut8015057
2025-07-16 01:44:41,827 INFO [Doublet] Processing Human_colon_16S7985396 (7021 cells)
2025-07-16 01:45:17,298 INFO [Doublet] Finished Human_colon_16S7985396
2025-07-16 01:45:17,299 INFO [Doublet] Processing Human_colon_16S7985397 (2145 cells)
2025-07-16 01:45:31,187 INFO [Doublet] Finished Human_colon_16S7985397
2025-07-16 01:45:31,188 INFO [Doublet] Processing FCAImmP7579225 (1529 cells)
2025-07-16 01:45:41,064 INFO [Doublet] Finished FCAImmP7579225
2025-07-16 01:45:41,066 INFO [Doublet] Processing FCAImmP7528293 (3976 cells)
2025-07-16 01:46:09,852 INFO [Doublet] Finished FCAImmP7528293
2025-07-16 01:46:09,853 INFO [Doublet] Processing FCAImmP7528292 (2632 cells)
2025-07-16 01:46:25,317 INFO [Doublet] Finished FCAImmP7528292
2025-07-16 01:46:25,318 INFO [Doublet] Processing FCAImmP7579215 (2660 cells)
2025-07-16 01:46:45,219 INFO [Doublet] Finished FCAImmP7579215
2025-07-16 01:46:45,220 INFO [Doublet] Processing FCAImmP7579214 (2241 cells)
2025-07-16 01:46:59,425 INFO [Doublet] Finished FCAImmP7579214
2025-07-16 01:46:59,427 INFO [Doublet] Processing FCAImmP7555859 (3169 cells)
2025-07-16 01:47:23,281 INFO [Doublet] Finished FCAImmP7555859
2025-07-16 01:47:23,282 INFO [Doublet] Processing FCAImmP7555850 (1985 cells)
2025-07-16 01:47:35,289 INFO [Doublet] Finished FCAImmP7555850
2025-07-16 01:47:35,291 INFO [Doublet] Processing FCAImmP7555849 (3860 cells)
2025-07-16 01:48:04,766 INFO [Doublet] Finished FCAImmP7555849
2025-07-16 01:48:04,768 INFO [Doublet] Processing FCAImmP7462242 (2005 cells)
2025-07-16 01:48:16,852 INFO [Doublet] Finished FCAImmP7462242
2025-07-16 01:48:16,853 INFO [Doublet] Processing FCAImmP7462243 (4620 cells)
2025-07-16 01:48:41,155 INFO [Doublet] Finished FCAImmP7462243
2025-07-16 01:48:41,156 INFO [Doublet] Processing 4834STDY7002875 (674 cells)
2025-07-16 01:48:45,485 INFO [Doublet] Finished 4834STDY7002875
2025-07-16 01:48:45,486 INFO [Doublet] Processing 4834STDY7002876 (1620 cells)
2025-07-16 01:48:55,215 INFO [Doublet] Finished 4834STDY7002876
2025-07-16 01:48:55,217 INFO [Doublet] Processing 4834STDY7002881 (1441 cells)
2025-07-16 01:49:04,222 INFO [Doublet] Finished 4834STDY7002881
2025-07-16 01:49:04,223 INFO [Doublet] Processing 4834STDY7002885 (728 cells)
2025-07-16 01:49:08,910 INFO [Doublet] Finished 4834STDY7002885
2025-07-16 01:49:08,911 INFO [Doublet] Processing 4834STDY7002886 (1369 cells)
2025-07-16 01:49:17,158 INFO [Doublet] Finished 4834STDY7002886
2025-07-16 01:49:17,159 INFO [Doublet] Processing FCAImmP7862084 (8831 cells)
2025-07-16 01:50:01,761 INFO [Doublet] Finished FCAImmP7862084
2025-07-16 01:50:01,762 INFO [Doublet] Processing FCAImmP7862085 (8141 cells)
2025-07-16 01:50:40,729 INFO [Doublet] Finished FCAImmP7862085
2025-07-16 01:50:40,731 INFO [Doublet] Processing FCAImmP7862086 (9556 cells)
2025-07-16 01:51:29,314 INFO [Doublet] Finished FCAImmP7862086
2025-07-16 01:51:29,315 INFO [Doublet] Processing FCAImmP7862087 (7584 cells)
2025-07-16 01:52:06,091 INFO [Doublet] Finished FCAImmP7862087
2025-07-16 01:52:06,093 INFO [Doublet] Processing FCAImmP7241242 (2577 cells)
2025-07-16 01:52:21,733 INFO [Doublet] Finished FCAImmP7241242
2025-07-16 01:52:21,735 INFO [Doublet] Processing FCAImmP7198630 (4225 cells)
2025-07-16 01:52:39,932 INFO [Doublet] Finished FCAImmP7198630
2025-07-16 01:52:39,933 INFO [Doublet] Processing FCAImmP7198631 (4268 cells)
2025-07-16 01:53:01,333 INFO [Doublet] Finished FCAImmP7198631
2025-07-16 01:53:01,334 INFO [Doublet] Processing FCAImmP7579210 (6408 cells)
2025-07-16 01:53:32,020 INFO [Doublet] Finished FCAImmP7579210
2025-07-16 01:53:32,021 INFO [Doublet] Processing FCAImmP7579211 (3831 cells)
2025-07-16 01:54:05,222 INFO [Doublet] Finished FCAImmP7579211
2025-07-16 01:54:05,224 INFO [Doublet] Processing FCAImmP7579222 (4143 cells)
2025-07-16 01:54:27,543 INFO [Doublet] Finished FCAImmP7579222
2025-07-16 01:54:27,544 INFO [Doublet] Processing FCAImmP7579223 (3110 cells)
2025-07-16 01:54:50,849 INFO [Doublet] Finished FCAImmP7579223
2025-07-16 01:54:50,851 INFO [Doublet] Processing FCAImmP7579226 (10567 cells)
2025-07-16 01:55:33,372 INFO [Doublet] Finished FCAImmP7579226
2025-07-16 01:55:33,373 INFO [Doublet] Processing FCAImmP7579227 (2678 cells)
2025-07-16 01:55:51,220 INFO [Doublet] Finished FCAImmP7579227
2025-07-16 01:55:51,221 INFO [Doublet] Processing FCAImmP7528286 (3218 cells)
2025-07-16 01:56:11,421 INFO [Doublet] Finished FCAImmP7528286
2025-07-16 01:56:11,422 INFO [Doublet] Processing FCAImmP7528287 (2741 cells)
2025-07-16 01:56:29,904 INFO [Doublet] Finished FCAImmP7528287
2025-07-16 01:56:29,906 INFO [Doublet] Processing FCAImmP7528288 (3800 cells)
2025-07-16 01:57:03,102 INFO [Doublet] Finished FCAImmP7528288
2025-07-16 01:57:03,103 INFO [Doublet] Processing FCAImmP7528289 (3576 cells)
2025-07-16 01:57:30,965 INFO [Doublet] Finished FCAImmP7528289
2025-07-16 01:57:30,967 INFO [Doublet] Processing FCAImmP7528295 (3335 cells)
2025-07-16 01:57:57,505 INFO [Doublet] Finished FCAImmP7528295
2025-07-16 01:57:57,506 INFO [Doublet] Processing FCAImmP7277560 (7565 cells)
2025-07-16 01:58:34,087 INFO [Doublet] Finished FCAImmP7277560
2025-07-16 01:58:34,088 INFO [Doublet] Processing FCAImmP7277561 (5860 cells)
2025-07-16 01:59:03,623 INFO [Doublet] Finished FCAImmP7277561
2025-07-16 01:59:03,624 INFO [Doublet] Processing FCAImmP7292032 (9698 cells)
2025-07-16 01:59:46,403 INFO [Doublet] Finished FCAImmP7292032
2025-07-16 01:59:46,404 INFO [Doublet] Processing FCAImmP7179363 (4129 cells)
2025-07-16 02:00:05,323 INFO [Doublet] Finished FCAImmP7179363
2025-07-16 02:00:05,325 INFO [Doublet] Processing FCAImmP7179364 (6723 cells)
2025-07-16 02:00:40,808 INFO [Doublet] Finished FCAImmP7179364
2025-07-16 02:00:40,810 INFO [Doublet] Processing FCAImmP7555846 (5351 cells)
2025-07-16 02:01:05,621 INFO [Doublet] Finished FCAImmP7555846
2025-07-16 02:01:05,622 INFO [Doublet] Processing FCAImmP7555847 (6707 cells)
2025-07-16 02:01:37,335 INFO [Doublet] Finished FCAImmP7555847
2025-07-16 02:01:37,336 INFO [Doublet] Processing FCAImmP7555856 (5479 cells)
2025-07-16 02:01:58,986 INFO [Doublet] Finished FCAImmP7555856
2025-07-16 02:01:58,987 INFO [Doublet] Processing FCAImmP7555857 (6048 cells)
2025-07-16 02:02:30,568 INFO [Doublet] Finished FCAImmP7555857
2025-07-16 02:02:30,570 INFO [Doublet] Processing FCAImmP7277552 (3367 cells)
2025-07-16 02:02:55,413 INFO [Doublet] Finished FCAImmP7277552
2025-07-16 02:02:55,414 INFO [Doublet] Processing FCAImmP7277553 (4760 cells)
2025-07-16 02:03:21,979 INFO [Doublet] Finished FCAImmP7277553
2025-07-16 02:03:21,980 INFO [Doublet] Processing FCAImmP7292028 (3065 cells)
2025-07-16 02:03:46,746 INFO [Doublet] Finished FCAImmP7292028
2025-07-16 02:03:46,747 INFO [Doublet] Processing FCAImmP7316894 (4589 cells)
2025-07-16 02:04:11,868 INFO [Doublet] Finished FCAImmP7316894
2025-07-16 02:04:11,870 INFO [Doublet] Processing FCAImmP7316895 (4814 cells)
2025-07-16 02:04:35,212 INFO [Doublet] Finished FCAImmP7316895
2025-07-16 02:04:35,213 INFO [Doublet] Processing FCAImmP7316901 (4144 cells)
2025-07-16 02:04:57,864 INFO [Doublet] Finished FCAImmP7316901
2025-07-16 02:04:57,865 INFO [Doublet] Processing FCAImmP7462237 (4289 cells)
2025-07-16 02:05:17,176 INFO [Doublet] Finished FCAImmP7462237
2025-07-16 02:05:17,177 INFO [Doublet] Processing FCAImmP7462238 (4138 cells)
2025-07-16 02:05:37,968 INFO [Doublet] Finished FCAImmP7462238
2025-07-16 02:05:37,970 INFO [Doublet] Processing FCAImmP7462239 (4848 cells)
2025-07-16 02:06:06,815 INFO [Doublet] Finished FCAImmP7462239
2025-07-16 02:06:06,816 INFO [Doublet] Processing 4834STDY7002877 (267 cells)
2025-07-16 02:06:09,083 INFO [Doublet] Finished 4834STDY7002877
2025-07-16 02:06:09,084 INFO [Doublet] Processing 4834STDY7002878 (1227 cells)
2025-07-16 02:06:17,749 INFO [Doublet] Finished 4834STDY7002878
2025-07-16 02:06:17,750 INFO [Doublet] Processing FCAImmP7352192 (6391 cells)
2025-07-16 02:06:47,990 INFO [Doublet] Finished FCAImmP7352192
2025-07-16 02:06:47,991 INFO [Doublet] Processing FCAImmP7352193 (6518 cells)
2025-07-16 02:07:20,883 INFO [Doublet] Finished FCAImmP7352193
2025-07-16 02:07:20,884 INFO [Doublet] Processing FCAImmP7352194 (5137 cells)
2025-07-16 02:07:49,442 INFO [Doublet] Finished FCAImmP7352194
2025-07-16 02:07:49,443 INFO [Doublet] Processing FCAImmP7352195 (5439 cells)
2025-07-16 02:08:20,554 INFO [Doublet] Finished FCAImmP7352195
2025-07-16 02:08:20,555 INFO [Doublet] Processing FCAImmP7352196 (6277 cells)
2025-07-16 02:08:51,583 INFO [Doublet] Finished FCAImmP7352196
2025-07-16 02:08:51,585 INFO [Doublet] Processing 4834STDY7002882 (1409 cells)
2025-07-16 02:09:01,395 INFO [Doublet] Finished 4834STDY7002882
2025-07-16 02:09:01,397 INFO [Doublet] Processing 4834STDY7038750 (387 cells)
2025-07-16 02:09:03,579 INFO [Doublet] Finished 4834STDY7038750
2025-07-16 02:09:03,580 INFO [Doublet] Processing 4834STDY7038751 (939 cells)
2025-07-16 02:09:09,666 INFO [Doublet] Finished 4834STDY7038751
2025-07-16 02:09:09,667 INFO [Doublet] Processing FCAImmP7198434 (13745 cells)
2025-07-16 02:10:02,806 INFO [Doublet] Finished FCAImmP7198434
2025-07-16 02:10:02,808 INFO [Doublet] Processing FCAImmP7198628 (3514 cells)
2025-07-16 02:10:30,994 INFO [Doublet] Finished FCAImmP7198628
2025-07-16 02:10:30,996 INFO [Doublet] Processing FCAImmP7198629 (5235 cells)
2025-07-16 02:10:55,735 INFO [Doublet] Finished FCAImmP7198629
2025-07-16 02:10:55,736 INFO [Doublet] Processing FCAImmP7316889 (5361 cells)
2025-07-16 02:11:18,602 INFO [Doublet] Finished FCAImmP7316889
2025-07-16 02:11:18,603 INFO [Doublet] Processing FCAImmP7316890 (5893 cells)
2025-07-16 02:11:44,518 INFO [Doublet] Finished FCAImmP7316890
2025-07-16 02:11:44,519 INFO [Doublet] Processing FCAImmP7316891 (5759 cells)
2025-07-16 02:12:10,059 INFO [Doublet] Finished FCAImmP7316891
2025-07-16 02:12:10,060 INFO [Doublet] Processing FCAImmP7316892 (5726 cells)
2025-07-16 02:12:37,204 INFO [Doublet] Finished FCAImmP7316892
2025-07-16 02:12:37,206 INFO [Doublet] Processing FCAImmP7316893 (5686 cells)
2025-07-16 02:13:07,228 INFO [Doublet] Finished FCAImmP7316893
2025-07-16 02:13:07,229 INFO [Doublet] Processing FCAImmP7862095 (7147 cells)
2025-07-16 02:13:38,261 INFO [Doublet] Finished FCAImmP7862095
2025-07-16 02:13:38,263 INFO [Doublet] Processing FCAImmP7862094 (2793 cells)
2025-07-16 02:13:57,569 INFO [Doublet] Finished FCAImmP7862094
2025-07-16 02:13:57,571 INFO [Doublet] Processing FCAImmP7862096 (7295 cells)
2025-07-16 02:14:25,246 INFO [Doublet] Finished FCAImmP7862096
2025-07-16 02:14:25,247 INFO [Doublet] Processing FCAImmP7964502 (3302 cells)
2025-07-16 02:14:40,950 INFO [Doublet] Finished FCAImmP7964502
2025-07-16 02:14:40,951 INFO [Doublet] Processing FCAImmP7964503 (7236 cells)
2025-07-16 02:15:11,377 INFO [Doublet] Finished FCAImmP7964503
2025-07-16 02:15:11,378 INFO [Doublet] Processing FCAImmP7964504 (6685 cells)
2025-07-16 02:15:39,989 INFO [Doublet] Finished FCAImmP7964504
2025-07-16 02:15:39,991 INFO [Doublet] Processing FCAImmP7964505 (4118 cells)
2025-07-16 02:15:55,372 INFO [Doublet] Finished FCAImmP7964505
2025-07-16 02:15:55,373 INFO [Doublet] Processing FCAImmP7528290 (5038 cells)
2025-07-16 02:16:13,496 INFO [Doublet] Finished FCAImmP7528290
2025-07-16 02:16:13,497 INFO [Doublet] Processing FCAImmP7528291 (4880 cells)
2025-07-16 02:16:33,921 INFO [Doublet] Finished FCAImmP7528291
2025-07-16 02:16:33,922 INFO [Doublet] Processing FCAImmP7528296 (4551 cells)
2025-07-16 02:16:51,407 INFO [Doublet] Finished FCAImmP7528296
2025-07-16 02:16:51,408 INFO [Doublet] Processing FCAImmP7579212 (2305 cells)
2025-07-16 02:17:02,706 INFO [Doublet] Finished FCAImmP7579212
2025-07-16 02:17:02,707 INFO [Doublet] Processing FCAImmP7579213 (3812 cells)
2025-07-16 02:17:30,088 INFO [Doublet] Finished FCAImmP7579213
2025-07-16 02:17:30,090 INFO [Doublet] Processing FCAImmP7579224 (1977 cells)
2025-07-16 02:17:40,189 INFO [Doublet] Finished FCAImmP7579224
2025-07-16 02:17:40,190 INFO [Doublet] Processing HCA_rFSKI14539490 (7271 cells)
2025-07-16 02:18:06,505 INFO [Doublet] Finished HCA_rFSKI14539490
2025-07-16 02:18:06,506 INFO [Doublet] Processing HCA_rFSKI14539491 (6957 cells)
2025-07-16 02:18:37,291 INFO [Doublet] Finished HCA_rFSKI14539491
2025-07-16 02:18:37,292 INFO [Doublet] Processing HCA_rFSKI14539492 (10620 cells)
2025-07-16 02:19:16,990 INFO [Doublet] Finished HCA_rFSKI14539492
2025-07-16 02:19:16,991 INFO [Doublet] Processing HCA_rFSKI14539493 (14492 cells)
2025-07-16 02:20:14,270 INFO [Doublet] Finished HCA_rFSKI14539493
2025-07-16 02:20:14,272 INFO [Doublet] Processing HCA_rFSKI14539494 (11314 cells)
2025-07-16 02:20:50,587 INFO [Doublet] Finished HCA_rFSKI14539494
2025-07-16 02:20:50,588 INFO [Doublet] Processing HCA_rFSKI14539495 (21826 cells)
2025-07-16 02:22:00,861 INFO [Doublet] Finished HCA_rFSKI14539495
2025-07-16 02:22:00,863 INFO [Doublet] Processing HCA_rFSKI14539496 (1229 cells)
2025-07-16 02:22:08,909 INFO [Doublet] Finished HCA_rFSKI14539496
2025-07-16 02:22:08,911 INFO [Doublet] Processing HCA_rFSKI14539497 (18718 cells)
2025-07-16 02:23:19,448 INFO [Doublet] Finished HCA_rFSKI14539497
2025-07-16 02:23:19,450 INFO [Doublet] Processing HCA_rFSKI14539498 (8329 cells)
2025-07-16 02:23:55,573 INFO [Doublet] Finished HCA_rFSKI14539498
2025-07-16 02:23:55,574 INFO [Doublet] Processing HCA_rFSKI14539499 (10374 cells)
2025-07-16 02:24:35,640 INFO [Doublet] Finished HCA_rFSKI14539499
2025-07-16 02:24:35,641 INFO [Doublet] Processing HCA_rFSKI14539500 (9733 cells)
2025-07-16 02:25:21,703 INFO [Doublet] Finished HCA_rFSKI14539500
2025-07-16 02:25:21,704 INFO [Doublet] Processing HCA_rFSKI14539501 (11355 cells)
2025-07-16 02:26:06,663 INFO [Doublet] Finished HCA_rFSKI14539501
2025-07-16 02:26:06,665 INFO [Doublet] Processing FCAImmP7803034 (8531 cells)
2025-07-16 02:26:42,832 INFO [Doublet] Finished FCAImmP7803034
2025-07-16 02:26:42,833 INFO [Doublet] Processing FCAImmP7803035 (7182 cells)
2025-07-16 02:27:15,056 INFO [Doublet] Finished FCAImmP7803035
2025-07-16 02:27:15,057 INFO [Doublet] Processing FCAImmP7803042 (7948 cells)
2025-07-16 02:27:51,600 INFO [Doublet] Finished FCAImmP7803042
2025-07-16 02:27:51,602 INFO [Doublet] Processing FCAImmP7803043 (6807 cells)
2025-07-16 02:28:20,893 INFO [Doublet] Finished FCAImmP7803043
2025-07-16 02:28:20,894 INFO [Doublet] Processing FCAImmP7964506 (3772 cells)
2025-07-16 02:28:44,239 INFO [Doublet] Finished FCAImmP7964506
2025-07-16 02:28:44,240 INFO [Doublet] Processing FCAImmP7964507 (3122 cells)
2025-07-16 02:29:04,167 INFO [Doublet] Finished FCAImmP7964507
2025-07-16 02:29:04,169 INFO [Doublet] Processing FCAImmP7964508 (7738 cells)
2025-07-16 02:29:35,824 INFO [Doublet] Finished FCAImmP7964508
2025-07-16 02:29:35,825 INFO [Doublet] Processing FCAImmP7964509 (7503 cells)
2025-07-16 02:30:07,957 INFO [Doublet] Finished FCAImmP7964509
2025-07-16 02:30:07,958 INFO [Doublet] Processing FCAImmP7964510 (7275 cells)
2025-07-16 02:30:43,497 INFO [Doublet] Finished FCAImmP7964510
2025-07-16 02:30:43,498 INFO [Doublet] Processing FCAImmP7803024 (4252 cells)
2025-07-16 02:31:02,720 INFO [Doublet] Finished FCAImmP7803024
2025-07-16 02:31:02,722 INFO [Doublet] Processing FCAImmP7803025 (5614 cells)
2025-07-16 02:31:24,783 INFO [Doublet] Finished FCAImmP7803025
2025-07-16 02:31:24,785 INFO [Doublet] Processing FCAImmP7803026 (6451 cells)
2025-07-16 02:31:51,062 INFO [Doublet] Finished FCAImmP7803026
2025-07-16 02:31:51,063 INFO [Doublet] Processing FCAImmP7803027 (6010 cells)
2025-07-16 02:32:14,971 INFO [Doublet] Finished FCAImmP7803027
2025-07-16 02:32:14,973 INFO [Doublet] Processing FCAImmP7555848 (3223 cells)
2025-07-16 02:32:38,491 INFO [Doublet] Finished FCAImmP7555848
2025-07-16 02:32:38,493 INFO [Doublet] Processing FCAImmP7555858 (3322 cells)
2025-07-16 02:32:57,193 INFO [Doublet] Finished FCAImmP7555858
2025-07-16 02:32:57,194 INFO [Doublet] Processing HCA_rFSKI14449635 (10581 cells)
2025-07-16 02:33:42,036 INFO [Doublet] Finished HCA_rFSKI14449635
2025-07-16 02:33:42,037 INFO [Doublet] Processing HCA_rFSKI14449636 (5036 cells)
2025-07-16 02:34:07,499 INFO [Doublet] Finished HCA_rFSKI14449636
2025-07-16 02:34:07,501 INFO [Doublet] Processing HCA_rFSKI14449637 (4993 cells)
2025-07-16 02:34:32,209 INFO [Doublet] Finished HCA_rFSKI14449637
2025-07-16 02:34:32,211 INFO [Doublet] Processing HCA_rFSKI14449638 (21911 cells)
2025-07-16 02:36:05,564 INFO [Doublet] Finished HCA_rFSKI14449638
2025-07-16 02:36:05,566 INFO [Doublet] Processing HCA_rFSKI14449639 (5651 cells)
2025-07-16 02:36:29,220 INFO [Doublet] Finished HCA_rFSKI14449639
2025-07-16 02:36:29,221 INFO [Doublet] Processing HCA_rFSKI14449640 (8913 cells)
2025-07-16 02:37:09,559 INFO [Doublet] Finished HCA_rFSKI14449640
2025-07-16 02:37:09,561 INFO [Doublet] Processing HCA_rFSKI14449641 (8875 cells)
2025-07-16 02:37:51,752 INFO [Doublet] Finished HCA_rFSKI14449641
2025-07-16 02:37:51,753 INFO [Doublet] Processing HCA_rFSKI14449642 (11896 cells)
2025-07-16 02:38:45,174 INFO [Doublet] Finished HCA_rFSKI14449642
2025-07-16 02:38:45,175 INFO [Doublet] Processing WS_wEMB13942138 (3893 cells)
2025-07-16 02:39:15,292 INFO [Doublet] Finished WS_wEMB13942138
2025-07-16 02:39:15,293 INFO [Doublet] Processing WS_wEMB13942139 (3661 cells)
2025-07-16 02:39:37,046 INFO [Doublet] Finished WS_wEMB13942139
2025-07-16 02:39:37,047 INFO [Doublet] Processing WS_wEMB13942141 (4310 cells)
2025-07-16 02:39:52,354 INFO [Doublet] Finished WS_wEMB13942141
2025-07-16 02:39:52,355 INFO [Doublet] Processing WS_wEMB13942142 (687 cells)
2025-07-16 02:39:55,182 INFO [Doublet] Finished WS_wEMB13942142
2025-07-16 02:39:55,183 INFO [Doublet] Processing WS_wEMB13942143 (3231 cells)
2025-07-16 02:40:16,928 INFO [Doublet] Finished WS_wEMB13942143
2025-07-16 02:40:16,930 INFO [Doublet] Processing WS_wEMB13942144 (3722 cells)
2025-07-16 02:40:40,913 INFO [Doublet] Finished WS_wEMB13942144
2025-07-16 02:40:40,915 INFO [Doublet] Processing WS_wEMB13942145 (2972 cells)
2025-07-16 02:40:57,151 INFO [Doublet] Finished WS_wEMB13942145
2025-07-16 02:40:57,152 INFO [Doublet] Processing WS_wEMB13942146 (9863 cells)
2025-07-16 02:41:38,422 INFO [Doublet] Finished WS_wEMB13942146
2025-07-16 02:41:38,423 INFO [Doublet] Processing WS_wEMB13942147 (11023 cells)
2025-07-16 02:42:23,059 INFO [Doublet] Finished WS_wEMB13942147
2025-07-16 02:42:23,060 INFO [Doublet] Processing WS_wEMB13942148 (4537 cells)
2025-07-16 02:42:42,312 INFO [Doublet] Finished WS_wEMB13942148
2025-07-16 02:42:42,313 INFO [Doublet] Processing WS_wEMB13942149 (10868 cells)
2025-07-16 02:43:24,373 INFO [Doublet] Finished WS_wEMB13942149
2025-07-16 02:43:24,374 INFO [Doublet] Processing WS_wEMB13942150 (11322 cells)
2025-07-16 02:44:04,309 INFO [Doublet] Finished WS_wEMB13942150
2025-07-16 02:44:04,311 INFO [Doublet] Processing WS_wEMB13942151 (6733 cells)
2025-07-16 02:44:35,890 INFO [Doublet] Finished WS_wEMB13942151
2025-07-16 02:44:35,891 INFO [Doublet] Processing WS_wEMB13942152 (10285 cells)
2025-07-16 02:45:16,050 INFO [Doublet] Finished WS_wEMB13942152
2025-07-16 02:45:16,052 INFO [Doublet] Processing WS_wEMB13942153 (9344 cells)
2025-07-16 02:46:09,401 INFO [Doublet] Finished WS_wEMB13942153
2025-07-16 02:46:09,402 INFO [Doublet] Processing FCAImmP7241240 (563 cells)
2025-07-16 02:46:12,250 INFO [Doublet] Finished FCAImmP7241240
2025-07-16 02:46:12,251 INFO [Doublet] Processing FCAImmP7241241 (4881 cells)
2025-07-16 02:46:36,279 INFO [Doublet] Finished FCAImmP7241241
2025-07-16 02:46:36,281 INFO [Doublet] Processing FCAImmP7316896 (3245 cells)
2025-07-16 02:47:01,622 INFO [Doublet] Finished FCAImmP7316896
2025-07-16 02:47:01,623 INFO [Doublet] Processing FCAImmP7316897 (7926 cells)
2025-07-16 02:47:39,134 INFO [Doublet] Finished FCAImmP7316897
2025-07-16 02:47:39,136 INFO [Doublet] Processing FCAImmP7462240 (3518 cells)
2025-07-16 02:48:03,113 INFO [Doublet] Finished FCAImmP7462240
2025-07-16 02:48:03,115 INFO [Doublet] Processing FCAImmP7462241 (4723 cells)
2025-07-16 02:48:25,459 INFO [Doublet] Finished FCAImmP7462241
2025-07-16 02:48:25,460 INFO [Doublet] Processing 4834STDY7002879 (753 cells)
2025-07-16 02:48:30,142 INFO [Doublet] Finished 4834STDY7002879
2025-07-16 02:48:30,143 INFO [Doublet] Processing 4834STDY7002880 (405 cells)
2025-07-16 02:48:33,246 INFO [Doublet] Finished 4834STDY7002880
2025-07-16 02:48:33,247 INFO [Doublet] Processing FCAImmP7352189 (2690 cells)
2025-07-16 02:48:50,047 INFO [Doublet] Finished FCAImmP7352189
2025-07-16 02:48:50,048 INFO [Doublet] Processing FCAImmP7352190 (5985 cells)
2025-07-16 02:49:18,416 INFO [Doublet] Finished FCAImmP7352190
2025-07-16 02:49:18,417 INFO [Doublet] Processing FCAImmP7352191 (6202 cells)
2025-07-16 02:49:45,294 INFO [Doublet] Finished FCAImmP7352191
2025-07-16 02:49:45,295 INFO [Doublet] Processing 4834STDY7002883 (1171 cells)
2025-07-16 02:49:51,432 INFO [Doublet] Finished 4834STDY7002883
2025-07-16 02:49:51,433 INFO [Doublet] Processing 4834STDY7038752 (364 cells)
2025-07-16 02:49:54,649 INFO [Doublet] Finished 4834STDY7038752
2025-07-16 02:49:54,650 INFO [Doublet] Processing 4834STDY7038753 (829 cells)
2025-07-16 02:49:59,645 INFO [Doublet] Finished 4834STDY7038753
2025-07-16 02:49:59,646 INFO [Doublet] Processing FCAImmP7316886 (5497 cells)
2025-07-16 02:50:23,853 INFO [Doublet] Finished FCAImmP7316886
2025-07-16 02:50:23,854 INFO [Doublet] Processing FCAImmP7316887 (5259 cells)
2025-07-16 02:50:50,157 INFO [Doublet] Finished FCAImmP7316887
2025-07-16 02:50:50,158 INFO [Doublet] Processing FCAImmP7316888 (6073 cells)
2025-07-16 02:51:17,188 INFO [Doublet] Finished FCAImmP7316888
2025-07-16 02:51:17,189 INFO [Doublet] Processing FCAImmP7198433 (259 cells)
2025-07-16 02:51:19,313 INFO [Doublet] Finished FCAImmP7198433
2025-07-16 02:51:19,315 INFO [Doublet] Processing FCAImmP7198632 (5752 cells)
2025-07-16 02:51:46,770 INFO [Doublet] Finished FCAImmP7198632
2025-07-16 02:51:46,771 INFO [Doublet] Processing FCAImmP7198633 (5147 cells)
2025-07-16 02:52:11,388 INFO [Doublet] Finished FCAImmP7198633
2025-07-16 02:52:11,389 INFO [Doublet] Processing FCAImmP7964499 (1212 cells)
2025-07-16 02:52:15,756 INFO [Doublet] Finished FCAImmP7964499
2025-07-16 02:52:15,758 INFO [Doublet] Processing FCAImmP7964500 (844 cells)
2025-07-16 02:52:19,097 INFO [Doublet] Finished FCAImmP7964500
2025-07-16 02:52:19,098 INFO [Doublet] Processing FCAImmP7964501 (72 cells)
2025-07-16 02:52:19,904 INFO [Doublet] Finished FCAImmP7964501
2025-07-16 02:52:19,905 INFO [Doublet] Processing FCAImmP7528279 (3625 cells)
2025-07-16 02:52:41,901 INFO [Doublet] Finished FCAImmP7528279
2025-07-16 02:52:41,902 INFO [Doublet] Processing FCAImmP7528280 (4090 cells)
2025-07-16 02:53:15,787 INFO [Doublet] Finished FCAImmP7528280
2025-07-16 02:53:15,788 INFO [Doublet] Processing FCAImmP7579216 (5626 cells)
2025-07-16 02:53:44,797 INFO [Doublet] Finished FCAImmP7579216
2025-07-16 02:53:44,798 INFO [Doublet] Processing FCAImmP7579217 (3917 cells)
2025-07-16 02:54:14,755 INFO [Doublet] Finished FCAImmP7579217
2025-07-16 02:54:14,756 INFO [Doublet] Processing FCAImmP7579228 (5682 cells)
2025-07-16 02:54:37,663 INFO [Doublet] Finished FCAImmP7579228
2025-07-16 02:54:37,664 INFO [Doublet] Processing FCAImmP7579229 (4845 cells)
2025-07-16 02:54:59,753 INFO [Doublet] Finished FCAImmP7579229
2025-07-16 02:54:59,754 INFO [Doublet] Processing FCAImmP7277562 (4450 cells)
2025-07-16 02:55:21,438 INFO [Doublet] Finished FCAImmP7277562
2025-07-16 02:55:21,439 INFO [Doublet] Processing FCAImmP7277563 (3066 cells)
2025-07-16 02:55:45,229 INFO [Doublet] Finished FCAImmP7277563
2025-07-16 02:55:45,231 INFO [Doublet] Processing FCAImmP7292033 (4951 cells)
2025-07-16 02:56:07,014 INFO [Doublet] Finished FCAImmP7292033
2025-07-16 02:56:07,015 INFO [Doublet] Processing FCAImmP7803036 (20087 cells)
2025-07-16 02:57:13,497 INFO [Doublet] Finished FCAImmP7803036
2025-07-16 02:57:13,499 INFO [Doublet] Processing FCAImmP7803037 (8622 cells)
2025-07-16 02:57:55,342 INFO [Doublet] Finished FCAImmP7803037
2025-07-16 02:57:55,343 INFO [Doublet] Processing FCAImmP7803038 (8541 cells)
2025-07-16 02:58:32,140 INFO [Doublet] Finished FCAImmP7803038
2025-07-16 02:58:32,141 INFO [Doublet] Processing FCAImmP7803039 (8622 cells)
2025-07-16 02:59:11,023 INFO [Doublet] Finished FCAImmP7803039
2025-07-16 02:59:11,024 INFO [Doublet] Processing FCAImmP7803040 (10085 cells)
2025-07-16 02:59:45,304 INFO [Doublet] Finished FCAImmP7803040
2025-07-16 02:59:45,305 INFO [Doublet] Processing FCAImmP7803041 (3348 cells)
2025-07-16 03:00:06,692 INFO [Doublet] Finished FCAImmP7803041
2025-07-16 03:00:06,693 INFO [Doublet] Processing FCAImmP7803020 (6618 cells)
2025-07-16 03:00:30,379 INFO [Doublet] Finished FCAImmP7803020
2025-07-16 03:00:30,380 INFO [Doublet] Processing FCAImmP7803021 (6671 cells)
2025-07-16 03:00:55,657 INFO [Doublet] Finished FCAImmP7803021
2025-07-16 03:00:55,658 INFO [Doublet] Processing FCAImmP7803022 (7360 cells)
2025-07-16 03:01:25,904 INFO [Doublet] Finished FCAImmP7803022
2025-07-16 03:01:25,905 INFO [Doublet] Processing FCAImmP7803023 (7614 cells)
2025-07-16 03:01:52,820 INFO [Doublet] Finished FCAImmP7803023
2025-07-16 03:01:52,821 INFO [Doublet] Processing FCAImmP7179365 (5436 cells)
2025-07-16 03:02:16,292 INFO [Doublet] Finished FCAImmP7179365
2025-07-16 03:02:16,293 INFO [Doublet] Processing FCAImmP7179366 (4706 cells)
2025-07-16 03:02:36,650 INFO [Doublet] Finished FCAImmP7179366
2025-07-16 03:02:36,651 INFO [Doublet] Processing FCAImmP7277554 (3527 cells)
2025-07-16 03:02:59,087 INFO [Doublet] Finished FCAImmP7277554
2025-07-16 03:02:59,088 INFO [Doublet] Processing FCAImmP7277555 (2218 cells)
2025-07-16 03:03:12,106 INFO [Doublet] Finished FCAImmP7277555
2025-07-16 03:03:12,108 INFO [Doublet] Processing FCAImmP7292029 (5194 cells)
2025-07-16 03:03:33,368 INFO [Doublet] Finished FCAImmP7292029
2025-07-16 03:03:33,370 INFO [Doublet] Processing FCAImmP7316898 (2601 cells)
2025-07-16 03:03:47,482 INFO [Doublet] Finished FCAImmP7316898
2025-07-16 03:03:47,483 INFO [Doublet] Processing FCAImmP7316899 (2281 cells)
2025-07-16 03:04:00,000 INFO [Doublet] Finished FCAImmP7316899
2025-07-16 03:04:00,001 INFO [Doublet] Processing FCAImmP7198432 (4018 cells)
2025-07-16 03:04:33,212 INFO [Doublet] Finished FCAImmP7198432
2025-07-16 03:04:33,213 INFO [Doublet] Processing FCAImmP7198634 (3984 cells)
2025-07-16 03:04:57,851 INFO [Doublet] Finished FCAImmP7198634
2025-07-16 03:04:57,852 INFO [Doublet] Processing FCAImmP7198635 (3949 cells)
2025-07-16 03:05:25,023 INFO [Doublet] Finished FCAImmP7198635
2025-07-16 03:05:25,024 INFO [Doublet] Processing FCAImmP7851890 (5963 cells)
2025-07-16 03:05:50,899 INFO [Doublet] Finished FCAImmP7851890
2025-07-16 03:05:50,901 INFO [Doublet] Processing FCAImmP7851891 (6319 cells)
2025-07-16 03:06:17,191 INFO [Doublet] Finished FCAImmP7851891
2025-07-16 03:06:17,193 INFO [Doublet] Processing FCAImmP7579218 (4272 cells)
2025-07-16 03:06:37,475 INFO [Doublet] Finished FCAImmP7579218
2025-07-16 03:06:37,476 INFO [Doublet] Processing FCAImmP7579219 (9671 cells)
2025-07-16 03:07:28,508 INFO [Doublet] Finished FCAImmP7579219
2025-07-16 03:07:28,509 INFO [Doublet] Processing FCAImmP7579230 (2672 cells)
2025-07-16 03:07:45,395 INFO [Doublet] Finished FCAImmP7579230
2025-07-16 03:07:45,397 INFO [Doublet] Processing FCAImmP7579231 (7349 cells)
2025-07-16 03:08:20,621 INFO [Doublet] Finished FCAImmP7579231
2025-07-16 03:08:20,622 INFO [Doublet] Processing FCAImmP7851892 (5342 cells)
2025-07-16 03:08:41,662 INFO [Doublet] Finished FCAImmP7851892
2025-07-16 03:08:41,664 INFO [Doublet] Processing FCAImmP7851893 (4886 cells)
2025-07-16 03:09:01,461 INFO [Doublet] Finished FCAImmP7851893
2025-07-16 03:09:01,462 INFO [Doublet] Processing FCAImmP7851894 (5240 cells)
2025-07-16 03:09:22,577 INFO [Doublet] Finished FCAImmP7851894
2025-07-16 03:09:22,578 INFO [Doublet] Processing FCAImmP7851895 (5138 cells)
2025-07-16 03:09:41,698 INFO [Doublet] Finished FCAImmP7851895
2025-07-16 03:09:41,699 INFO [Doublet] Processing FCAImmP7851896 (3908 cells)
2025-07-16 03:10:09,802 INFO [Doublet] Finished FCAImmP7851896
2025-07-16 03:10:09,804 INFO [Doublet] Processing FCAImmP7851897 (2541 cells)
2025-07-16 03:10:23,362 INFO [Doublet] Finished FCAImmP7851897
2025-07-16 03:10:23,363 INFO [Doublet] Processing FCAImmP7528283 (3911 cells)
2025-07-16 03:10:51,094 INFO [Doublet] Finished FCAImmP7528283
2025-07-16 03:10:51,095 INFO [Doublet] Processing FCAImmP7528284 (1596 cells)
2025-07-16 03:10:59,402 INFO [Doublet] Finished FCAImmP7528284
2025-07-16 03:10:59,403 INFO [Doublet] Processing FCAImmP7528285 (1858 cells)
2025-07-16 03:11:08,920 INFO [Doublet] Finished FCAImmP7528285
2025-07-16 03:11:08,921 INFO [Doublet] Processing FCAImmP7528294 (3581 cells)
2025-07-16 03:11:32,682 INFO [Doublet] Finished FCAImmP7528294
2025-07-16 03:11:32,683 INFO [Doublet] Processing FCAImmP7277564 (5744 cells)
2025-07-16 03:11:56,677 INFO [Doublet] Finished FCAImmP7277564
2025-07-16 03:11:56,678 INFO [Doublet] Processing FCAImmP7277565 (3499 cells)
2025-07-16 03:12:21,008 INFO [Doublet] Finished FCAImmP7277565
2025-07-16 03:12:21,009 INFO [Doublet] Processing FCAImmP7292034 (5833 cells)
2025-07-16 03:12:48,555 INFO [Doublet] Finished FCAImmP7292034
2025-07-16 03:12:48,557 INFO [Doublet] Processing FCAImmP7179369 (4583 cells)
2025-07-16 03:13:11,880 INFO [Doublet] Finished FCAImmP7179369
2025-07-16 03:13:11,881 INFO [Doublet] Processing FCAImmP7179370 (4731 cells)
2025-07-16 03:13:35,918 INFO [Doublet] Finished FCAImmP7179370
2025-07-16 03:13:35,919 INFO [Doublet] Processing FCAImmP7555851 (5472 cells)
2025-07-16 03:14:03,037 INFO [Doublet] Finished FCAImmP7555851
2025-07-16 03:14:03,038 INFO [Doublet] Processing FCAImmP7555852 (4467 cells)
2025-07-16 03:14:24,170 INFO [Doublet] Finished FCAImmP7555852
2025-07-16 03:14:24,171 INFO [Doublet] Processing FCAImmP7555860 (2067 cells)
2025-07-16 03:14:34,553 INFO [Doublet] Finished FCAImmP7555860
2025-07-16 03:14:34,555 INFO [Doublet] Processing FCAImmP7555861 (2543 cells)
2025-07-16 03:14:51,509 INFO [Doublet] Finished FCAImmP7555861
2025-07-16 03:14:51,511 INFO [Doublet] Processing FCAImmP7277556 (10191 cells)
2025-07-16 03:15:33,001 INFO [Doublet] Finished FCAImmP7277556
2025-07-16 03:15:33,002 INFO [Doublet] Processing FCAImmP7277557 (444 cells)
2025-07-16 03:15:36,105 INFO [Doublet] Finished FCAImmP7277557
2025-07-16 03:15:36,106 INFO [Doublet] Processing FCAImmP7292030 (6654 cells)
2025-07-16 03:16:06,585 INFO [Doublet] Finished FCAImmP7292030
2025-07-16 03:16:06,586 INFO [Doublet] Processing FCAImmP7862088 (5745 cells)
2025-07-16 03:16:29,208 INFO [Doublet] Finished FCAImmP7862088
2025-07-16 03:16:29,209 INFO [Doublet] Processing FCAImmP7862089 (5070 cells)
2025-07-16 03:16:48,387 INFO [Doublet] Finished FCAImmP7862089
2025-07-16 03:16:48,388 INFO [Doublet] Processing FCAImmP7862090 (3265 cells)
2025-07-16 03:17:07,991 INFO [Doublet] Finished FCAImmP7862090
2025-07-16 03:17:07,993 INFO [Doublet] Processing FCAImmP7862091 (10926 cells)
2025-07-16 03:17:38,273 INFO [Doublet] Finished FCAImmP7862091
2025-07-16 03:17:38,274 INFO [Doublet] Processing FCAImmP7862092 (10249 cells)
2025-07-16 03:18:10,158 INFO [Doublet] Finished FCAImmP7862092
2025-07-16 03:18:10,159 INFO [Doublet] Processing FCAImmP7862093 (10476 cells)
2025-07-16 03:18:40,112 INFO [Doublet] Finished FCAImmP7862093
2025-07-16 03:18:40,114 INFO [Doublet] Processing FCAImmP7198435 (73 cells)
2025-07-16 03:18:40,910 INFO [Doublet] Finished FCAImmP7198435
2025-07-16 03:18:40,911 INFO [Doublet] Processing FCAImmP7504909 (3364 cells)
2025-07-16 03:18:59,563 INFO [Doublet] Finished FCAImmP7504909
2025-07-16 03:18:59,564 INFO [Doublet] Processing FCAImmP7504910 (2854 cells)
2025-07-16 03:19:15,057 INFO [Doublet] Finished FCAImmP7504910
2025-07-16 03:19:15,058 INFO [Doublet] Processing FCAImmP7504911 (3581 cells)
2025-07-16 03:19:37,604 INFO [Doublet] Finished FCAImmP7504911
2025-07-16 03:19:37,606 INFO [Doublet] Processing FCAImmP7504912 (3230 cells)
2025-07-16 03:19:58,574 INFO [Doublet] Finished FCAImmP7504912
2025-07-16 03:19:58,575 INFO [Doublet] Processing FCAImmP7504913 (3162 cells)
2025-07-16 03:20:18,595 INFO [Doublet] Finished FCAImmP7504913
2025-07-16 03:20:18,596 INFO [Doublet] Processing FCAImmP7316900 (1157 cells)
2025-07-16 03:20:24,060 INFO [Doublet] Finished FCAImmP7316900
2025-07-16 03:20:24,061 INFO [Doublet] Processing FCAImmP7462244 (1674 cells)
2025-07-16 03:20:33,955 INFO [Doublet] Finished FCAImmP7462244
2025-07-16 03:20:33,956 INFO [Doublet] Processing WS_wEMB12142156 (4728 cells)
2025-07-16 03:20:50,757 INFO [Doublet] Finished WS_wEMB12142156
2025-07-16 03:20:50,758 INFO [Doublet] Processing WS_wEMB12142157 (5384 cells)
2025-07-16 03:21:13,356 INFO [Doublet] Finished WS_wEMB12142157
2025-07-16 03:21:13,358 INFO [Doublet] Processing WS_wEMB12142158 (5990 cells)
2025-07-16 03:21:41,097 INFO [Doublet] Finished WS_wEMB12142158
2025-07-16 03:21:41,098 INFO [Doublet] Processing WS_wEMB12142159 (4938 cells)
2025-07-16 03:22:03,216 INFO [Doublet] Finished WS_wEMB12142159
2025-07-16 03:22:03,218 INFO [Doublet] Processing FCAImmP8096686 (1366 cells)
2025-07-16 03:22:09,935 INFO [Doublet] Finished FCAImmP8096686
2025-07-16 03:22:09,937 INFO [Doublet] Processing FCAImmP8096687 (11193 cells)
2025-07-16 03:22:44,531 INFO [Doublet] Finished FCAImmP8096687
2025-07-16 03:22:44,533 INFO [Doublet] Processing FCAImmP8096688 (5561 cells)
2025-07-16 03:23:08,364 INFO [Doublet] Finished FCAImmP8096688
2025-07-16 03:23:08,365 INFO [Doublet] Processing FCAImmP8096689 (4341 cells)
2025-07-16 03:23:27,521 INFO [Doublet] Finished FCAImmP8096689
2025-07-16 03:23:27,522 INFO [Doublet] Processing FCAImmP8096690 (8879 cells)
2025-07-16 03:24:03,293 INFO [Doublet] Finished FCAImmP8096690
2025-07-16 03:24:03,295 INFO [Doublet] Processing FCAImmP8096691 (9785 cells)
2025-07-16 03:24:46,729 INFO [Doublet] Finished FCAImmP8096691
2025-07-16 03:24:46,730 INFO [Doublet] Processing FCAImmP8096692 (2496 cells)
2025-07-16 03:24:59,958 INFO [Doublet] Finished FCAImmP8096692
2025-07-16 03:24:59,959 INFO [Doublet] Processing FCAImmP8096693 (6122 cells)
2025-07-16 03:25:19,683 INFO [Doublet] Finished FCAImmP8096693
2025-07-16 03:25:19,684 INFO [Doublet] Processing FCAImmP8096694 (5953 cells)
2025-07-16 03:25:40,116 INFO [Doublet] Finished FCAImmP8096694
2025-07-16 03:25:40,117 INFO [Doublet] Processing FCAImmP8096695 (5600 cells)
2025-07-16 03:26:02,429 INFO [Doublet] Finished FCAImmP8096695
2025-07-16 03:26:02,430 INFO [Doublet] Processing FCAImmP8096696 (2757 cells)
2025-07-16 03:26:21,448 INFO [Doublet] Finished FCAImmP8096696
2025-07-16 03:26:21,449 INFO [Doublet] Processing FCAImmP8102304 (7381 cells)
2025-07-16 03:26:52,165 INFO [Doublet] Finished FCAImmP8102304
2025-07-16 03:26:52,167 INFO [Doublet] Processing WS_wEMB12142160 (8910 cells)
2025-07-16 03:27:36,916 INFO [Doublet] Finished WS_wEMB12142160
2025-07-16 03:27:36,917 INFO [Doublet] Processing WS_wEMB12142161 (7504 cells)
2025-07-16 03:28:08,680 INFO [Doublet] Finished WS_wEMB12142161
2025-07-16 03:28:08,681 INFO [Doublet] Processing HCA_BRA_F13168988 (3112 cells)
2025-07-16 03:28:26,101 INFO [Doublet] Finished HCA_BRA_F13168988
2025-07-16 03:28:26,102 INFO [Doublet] Processing HCA_BRA_F13168989 (19296 cells)
2025-07-16 03:29:53,412 INFO [Doublet] Finished HCA_BRA_F13168989
2025-07-16 03:29:53,414 INFO [Doublet] Processing HCA_BRA_F13168990 (12060 cells)
2025-07-16 03:30:33,791 INFO [Doublet] Finished HCA_BRA_F13168990
2025-07-16 03:30:33,792 INFO [Doublet] Processing HCA_BRA_F13168991 (4726 cells)
2025-07-16 03:30:52,313 INFO [Doublet] Finished HCA_BRA_F13168991
2025-07-16 03:30:52,314 INFO [Doublet] Processing HCA_BRA_F13168992 (3768 cells)
2025-07-16 03:31:15,225 INFO [Doublet] Finished HCA_BRA_F13168992
2025-07-16 03:31:15,227 INFO [Doublet] Processing HCA_BRA_F13168993 (13560 cells)
2025-07-16 03:32:07,060 INFO [Doublet] Finished HCA_BRA_F13168993
2025-07-16 03:32:07,062 INFO [Doublet] Processing HCA_BRA_F13774551 (19251 cells)
2025-07-16 03:33:15,712 INFO [Doublet] Finished HCA_BRA_F13774551
2025-07-16 03:33:15,715 INFO [Doublet] Processing HCA_BRA_F13774552 (10912 cells)
2025-07-16 03:33:57,286 INFO [Doublet] Finished HCA_BRA_F13774552
2025-07-16 03:33:57,288 INFO [Doublet] Processing HCA_BRA_F13774553 (4047 cells)
2025-07-16 03:34:22,555 INFO [Doublet] Finished HCA_BRA_F13774553
2025-07-16 03:34:22,556 INFO [Doublet] Processing HCA_BRA_F13774554 (11293 cells)
2025-07-16 03:35:01,775 INFO [Doublet] Finished HCA_BRA_F13774554
2025-07-16 03:35:01,776 INFO [Doublet] Processing HCA_BRA_F13774555 (16467 cells)
2025-07-16 03:36:02,668 INFO [Doublet] Finished HCA_BRA_F13774555
2025-07-16 03:36:02,670 INFO [Doublet] Processing HCA_BRA_F13774556 (10704 cells)
2025-07-16 03:36:34,260 INFO [Doublet] Finished HCA_BRA_F13774556
2025-07-16 03:36:41,962 INFO Bulk Scrublet complete
