Reading unintegrated AnnData...
Unintegrated data loaded.
Reading integrated AnnData...
Integrated data loaded.
Starting evaluation...
Transferred Technology and majority_voting_Level2 to integrated AnnData.
Aliased SCVI graph to neighbors/distances/connectivities.
/env/lib/python3.10/site-packages/scib/metrics/metrics.py:293: DeprecationWarning: Call to deprecated function (or staticmethod) opt_louvain.
  res_max, nmi_max, nmi_all = opt_louvain(
Clustering...
resolution: 0.1, nmi: 0.4568479252630212
resolution: 0.2, nmi: 0.4619450949122303
resolution: 0.3, nmi: 0.4726107432776696
resolution: 0.4, nmi: 0.46291184649805794
resolution: 0.5, nmi: 0.4623881640803265
resolution: 0.6, nmi: 0.4616128521172831
resolution: 0.7, nmi: 0.45418625427522213
resolution: 0.8, nmi: 0.457786418040135
resolution: 0.9, nmi: 0.45408380594752606
resolution: 1.0, nmi: 0.453584420596689
resolution: 1.1, nmi: 0.4496846449012815
resolution: 1.2, nmi: 0.44634084550916675
resolution: 1.3, nmi: 0.4459047655556425
resolution: 1.4, nmi: 0.4443597927321341
resolution: 1.5, nmi: 0.4419217836094961
resolution: 1.6, nmi: 0.4424025184852092
resolution: 1.7, nmi: 0.4384429279036331
resolution: 1.8, nmi: 0.437220045961662
resolution: 1.9, nmi: 0.43565070035105163
resolution: 2.0, nmi: 0.4348035124602825
optimised clustering against majority_voting_Level2
optimal cluster resolution: 0.3
optimal score: 0.4726107432776696
NMI...
ARI...
Silhouette score...
Graph connectivity...
/env/lib/python3.10/site-packages/scib/metrics/graph_connectivity.py:56: FutureWarning: pandas.value_counts is deprecated and will be removed in a future version. Use pd.Series(obj).value_counts() instead.
  tab = pd.value_counts(labels)
/env/lib/python3.10/site-packages/scib/metrics/graph_connectivity.py:56: FutureWarning: pandas.value_counts is deprecated and will be removed in a future version. Use pd.Series(obj).value_counts() instead.
  tab = pd.value_counts(labels)
/env/lib/python3.10/site-packages/scib/metrics/graph_connectivity.py:56: FutureWarning: pandas.value_counts is deprecated and will be removed in a future version. Use pd.Series(obj).value_counts() instead.
  tab = pd.value_counts(labels)
/env/lib/python3.10/site-packages/scib/metrics/graph_connectivity.py:56: FutureWarning: pandas.value_counts is deprecated and will be removed in a future version. Use pd.Series(obj).value_counts() instead.
  tab = pd.value_counts(labels)
/env/lib/python3.10/site-packages/scib/metrics/graph_connectivity.py:56: FutureWarning: pandas.value_counts is deprecated and will be removed in a future version. Use pd.Series(obj).value_counts() instead.
  tab = pd.value_counts(labels)
/env/lib/python3.10/site-packages/scib/metrics/graph_connectivity.py:56: FutureWarning: pandas.value_counts is deprecated and will be removed in a future version. Use pd.Series(obj).value_counts() instead.
  tab = pd.value_counts(labels)
/env/lib/python3.10/site-packages/scib/metrics/graph_connectivity.py:56: FutureWarning: pandas.value_counts is deprecated and will be removed in a future version. Use pd.Series(obj).value_counts() instead.
  tab = pd.value_counts(labels)
/env/lib/python3.10/site-packages/scib/metrics/graph_connectivity.py:56: FutureWarning: pandas.value_counts is deprecated and will be removed in a future version. Use pd.Series(obj).value_counts() instead.
  tab = pd.value_counts(labels)
/env/lib/python3.10/site-packages/scib/metrics/graph_connectivity.py:56: FutureWarning: pandas.value_counts is deprecated and will be removed in a future version. Use pd.Series(obj).value_counts() instead.
  tab = pd.value_counts(labels)
/env/lib/python3.10/site-packages/scib/metrics/graph_connectivity.py:56: FutureWarning: pandas.value_counts is deprecated and will be removed in a future version. Use pd.Series(obj).value_counts() instead.
  tab = pd.value_counts(labels)
/env/lib/python3.10/site-packages/scib/metrics/graph_connectivity.py:56: FutureWarning: pandas.value_counts is deprecated and will be removed in a future version. Use pd.Series(obj).value_counts() instead.
  tab = pd.value_counts(labels)
/env/lib/python3.10/site-packages/scib/metrics/graph_connectivity.py:56: FutureWarning: pandas.value_counts is deprecated and will be removed in a future version. Use pd.Series(obj).value_counts() instead.
  tab = pd.value_counts(labels)
/env/lib/python3.10/site-packages/scib/metrics/graph_connectivity.py:56: FutureWarning: pandas.value_counts is deprecated and will be removed in a future version. Use pd.Series(obj).value_counts() instead.
  tab = pd.value_counts(labels)
/env/lib/python3.10/site-packages/scib/metrics/graph_connectivity.py:56: FutureWarning: pandas.value_counts is deprecated and will be removed in a future version. Use pd.Series(obj).value_counts() instead.
  tab = pd.value_counts(labels)
cLISI score...
/env/lib/python3.10/site-packages/scib/metrics/lisi.py:175: UserWarning: 'batch_key' is deprecated and will be ignore
  warnings.warn("'batch_key' is deprecated and will be ignore", stacklevel=1)
Traceback (most recent call last):
  File "/nfs/team298/sm54/BoneAtlasProject/src/integration/06_evaluate_batch_correction.py", line 86, in <module>
    evaluate_batch_correction(
  File "/nfs/team298/sm54/BoneAtlasProject/src/integration/06_evaluate_batch_correction.py", line 32, in evaluate_batch_correction
    metrics = scib.metrics.metrics(
  File "/env/lib/python3.10/site-packages/scib/metrics/metrics.py", line 425, in metrics
    clisi = clisi_graph(
  File "/env/lib/python3.10/site-packages/scib/metrics/lisi.py", line 180, in clisi_graph
    adata_tmp = recompute_knn(adata, type_, use_rep)
  File "/env/lib/python3.10/site-packages/scib/metrics/lisi.py", line 205, in recompute_knn
    return sc.pp.neighbors(adata, n_neighbors=15, use_rep=use_rep, copy=True)
  File "/env/lib/python3.10/site-packages/scanpy/neighbors/__init__.py", line 191, in neighbors
    neighbors.compute_neighbors(
  File "/env/lib/python3.10/site-packages/scanpy/neighbors/__init__.py", line 572, in compute_neighbors
    X = _choose_representation(self._adata, use_rep=use_rep, n_pcs=n_pcs)
  File "/env/lib/python3.10/site-packages/scanpy/tools/_utils.py", line 66, in _choose_representation
    raise ValueError(
ValueError: Did not find X_emb in `.obsm.keys()`. You need to compute it first.

------------------------------------------------------------
Sender: LSF System <lsfadmin@node-13-10>
Subject: Job 494174: <module load cellgen/singularity;      singularity exec --cleanenv --home /tmp/sm54 --bind /lustre,/nfs /nfs/cellgeni/singularity/images/scib-1.1.5.sif           python -u /nfs/team298/sm54/BoneAtlasProject/src/integration/06_evaluate_batch_correction.py --adata_uninteg /lustre/scratch126/cellgen/haniffa/sm54/BoneAtlasProject/data/bone_atlas_filtered_with_metadata_scvi.h5ad                          --adata_int /lustre/scratch124/cellgen/haniffa/users/sm54/data/Bone_Atlas/bone_atlas_scvi_runs/processed_adata/adata_nlatent20_nlayers4_nhidden128_nhvg5000.h5ad                          --output_csv /lustre/scratch124/cellgen/haniffa/users/sm54/data/Bone_Atlas/bone_atlas_scvi_runs/scib_output/bone_atlas_adata_nlatent20_nlayers4_nhidden128_nhvg5000_evaluation_metrics.csv                          --batch_key Technology                          --label_key majority_voting_Level2> in cluster <farm22> Exited

Job <module load cellgen/singularity;      singularity exec --cleanenv --home /tmp/sm54 --bind /lustre,/nfs /nfs/cellgeni/singularity/images/scib-1.1.5.sif           python -u /nfs/team298/sm54/BoneAtlasProject/src/integration/06_evaluate_batch_correction.py --adata_uninteg /lustre/scratch126/cellgen/haniffa/sm54/BoneAtlasProject/data/bone_atlas_filtered_with_metadata_scvi.h5ad                          --adata_int /lustre/scratch124/cellgen/haniffa/users/sm54/data/Bone_Atlas/bone_atlas_scvi_runs/processed_adata/adata_nlatent20_nlayers4_nhidden128_nhvg5000.h5ad                          --output_csv /lustre/scratch124/cellgen/haniffa/users/sm54/data/Bone_Atlas/bone_atlas_scvi_runs/scib_output/bone_atlas_adata_nlatent20_nlayers4_nhidden128_nhvg5000_evaluation_metrics.csv                          --batch_key Technology                          --label_key majority_voting_Level2> was submitted from host <farm22-head1> by user <sm54> in cluster <farm22> at Wed Jul 16 14:40:02 2025
Job was executed on host(s) <8*node-13-10>, in queue <long>, as user <sm54> in cluster <farm22> at Wed Jul 16 15:24:07 2025
</nfs/users/nfs_s/sm54> was used as the home directory.
</nfs/team298/sm54/BoneAtlasProject/src/integration/bash_scripts> was used as the working directory.
Started at Wed Jul 16 15:24:07 2025
Terminated at Thu Jul 17 06:51:33 2025
Results reported at Thu Jul 17 06:51:33 2025

Your job looked like:

------------------------------------------------------------
# LSBATCH: User input
module load cellgen/singularity;      singularity exec --cleanenv --home /tmp/sm54 --bind /lustre,/nfs /nfs/cellgeni/singularity/images/scib-1.1.5.sif           python -u /nfs/team298/sm54/BoneAtlasProject/src/integration/06_evaluate_batch_correction.py --adata_uninteg /lustre/scratch126/cellgen/haniffa/sm54/BoneAtlasProject/data/bone_atlas_filtered_with_metadata_scvi.h5ad                          --adata_int /lustre/scratch124/cellgen/haniffa/users/sm54/data/Bone_Atlas/bone_atlas_scvi_runs/processed_adata/adata_nlatent20_nlayers4_nhidden128_nhvg5000.h5ad                          --output_csv /lustre/scratch124/cellgen/haniffa/users/sm54/data/Bone_Atlas/bone_atlas_scvi_runs/scib_output/bone_atlas_adata_nlatent20_nlayers4_nhidden128_nhvg5000_evaluation_metrics.csv                          --batch_key Technology                          --label_key majority_voting_Level2
------------------------------------------------------------

Exited with exit code 1.

Resource usage summary:

    CPU time :                                   127337.11 sec.
    Max Memory :                                 65741 MB
    Average Memory :                             58238.48 MB
    Total Requested Memory :                     650000.00 MB
    Delta Memory :                               584259.00 MB
    Max Swap :                                   2 MB
    Max Processes :                              4
    Max Threads :                                26
    Run time :                                   55644 sec.
    Turnaround time :                            58291 sec.

The output (if any) is above this job summary.

