** Using custom python for this environment
python=3.10.12 scvi=1.1.2 torch=2.3.0+cu121
Training:   0%|          | 0/5 [00:00<?, ?it/s]Epoch 1/5:   0%|          | 0/5 [00:00<?, ?it/s]Epoch 1/5:  20%|██        | 1/5 [01:24<05:36, 84.23s/it]Epoch 1/5:  20%|██        | 1/5 [01:24<05:36, 84.23s/it, v_num=1, train_loss_step=728, train_loss_epoch=1.05e+3]Epoch 2/5:  20%|██        | 1/5 [01:24<05:36, 84.23s/it, v_num=1, train_loss_step=728, train_loss_epoch=1.05e+3]Epoch 2/5:  40%|████      | 2/5 [02:47<04:10, 83.67s/it, v_num=1, train_loss_step=728, train_loss_epoch=1.05e+3]Epoch 2/5:  40%|████      | 2/5 [02:47<04:10, 83.67s/it, v_num=1, train_loss_step=907, train_loss_epoch=963]    Epoch 3/5:  40%|████      | 2/5 [02:47<04:10, 83.67s/it, v_num=1, train_loss_step=907, train_loss_epoch=963]Epoch 3/5:  60%|██████    | 3/5 [04:10<02:47, 83.52s/it, v_num=1, train_loss_step=907, train_loss_epoch=963]Epoch 3/5:  60%|██████    | 3/5 [04:10<02:47, 83.52s/it, v_num=1, train_loss_step=911, train_loss_epoch=955]Epoch 4/5:  60%|██████    | 3/5 [04:10<02:47, 83.52s/it, v_num=1, train_loss_step=911, train_loss_epoch=955]Epoch 4/5:  80%|████████  | 4/5 [05:34<01:23, 83.71s/it, v_num=1, train_loss_step=911, train_loss_epoch=955]Epoch 4/5:  80%|████████  | 4/5 [05:34<01:23, 83.71s/it, v_num=1, train_loss_step=1.29e+3, train_loss_epoch=951]Epoch 5/5:  80%|████████  | 4/5 [05:34<01:23, 83.71s/it, v_num=1, train_loss_step=1.29e+3, train_loss_epoch=951]Epoch 5/5: 100%|██████████| 5/5 [06:59<00:00, 83.95s/it, v_num=1, train_loss_step=1.29e+3, train_loss_epoch=951]Epoch 5/5: 100%|██████████| 5/5 [06:59<00:00, 83.95s/it, v_num=1, train_loss_step=1.22e+3, train_loss_epoch=948]Epoch 5/5: 100%|██████████| 5/5 [06:59<00:00, 83.85s/it, v_num=1, train_loss_step=1.22e+3, train_loss_epoch=948]
Model and outputs saved for n_latent=20, n_layers=4, n_hidden=128, n_hvg=5000

Training and analysis complete!

------------------------------------------------------------
Sender: LSF System <lsfadmin@qpg-gpu-02>
Subject: Job 867970: <module load cellgen/conda; module load cellgen/scvi;               python /nfs/team298/sm54/BoneAtlasProject/src/integration/05_batch_correction_scvi_job_array.py                 --n_latent 20                 --n_layers 4                 --n_hidden 128                 --n_hvg 5000> in cluster <farm22> Done

Job <module load cellgen/conda; module load cellgen/scvi;               python /nfs/team298/sm54/BoneAtlasProject/src/integration/05_batch_correction_scvi_job_array.py                 --n_latent 20                 --n_layers 4                 --n_hidden 128                 --n_hvg 5000> was submitted from host <farm22-head1> by user <sm54> in cluster <farm22> at Thu Jul 10 16:30:29 2025
Job was executed on host(s) <8*qpg-gpu-02>, in queue <gpu-normal>, as user <sm54> in cluster <farm22> at Thu Jul 10 20:57:10 2025
</nfs/users/nfs_s/sm54> was used as the home directory.
</nfs/team298/sm54/BoneAtlasProject/src/integration/bash_scripts> was used as the working directory.
Started at Thu Jul 10 20:57:10 2025
Terminated at Thu Jul 10 21:42:12 2025
Results reported at Thu Jul 10 21:42:12 2025

Your job looked like:

------------------------------------------------------------
# LSBATCH: User input
module load cellgen/conda; module load cellgen/scvi;               python /nfs/team298/sm54/BoneAtlasProject/src/integration/05_batch_correction_scvi_job_array.py                 --n_latent 20                 --n_layers 4                 --n_hidden 128                 --n_hvg 5000
------------------------------------------------------------

Successfully completed.

Resource usage summary:

    CPU time :                                   7668.00 sec.
    Max Memory :                                 208118 MB
    Average Memory :                             108861.66 MB
    Total Requested Memory :                     300000.00 MB
    Delta Memory :                               91882.00 MB
    Max Swap :                                   -
    Max Processes :                              5
    Max Threads :                                68
    Run time :                                   2701 sec.
    Turnaround time :                            18703 sec.

The output (if any) is above this job summary.



PS:

Read file <logs/eee.scvi_20_4_128_5000.867970.err> for stderr output of this job.

