** Using custom python for this environment
python=3.10.12 scvi=1.1.2 torch=2.3.0+cu121
Training:   0%|          | 0/5 [00:00<?, ?it/s]Epoch 1/5:   0%|          | 0/5 [00:00<?, ?it/s]Epoch 1/5:  20%|██        | 1/5 [01:10<04:43, 70.93s/it]Epoch 1/5:  20%|██        | 1/5 [01:10<04:43, 70.93s/it, v_num=1, train_loss_step=489, train_loss_epoch=560]Epoch 2/5:  20%|██        | 1/5 [01:10<04:43, 70.93s/it, v_num=1, train_loss_step=489, train_loss_epoch=560]Epoch 2/5:  40%|████      | 2/5 [02:20<03:29, 69.97s/it, v_num=1, train_loss_step=489, train_loss_epoch=560]Epoch 2/5:  40%|████      | 2/5 [02:20<03:29, 69.97s/it, v_num=1, train_loss_step=402, train_loss_epoch=517]Epoch 3/5:  40%|████      | 2/5 [02:20<03:29, 69.97s/it, v_num=1, train_loss_step=402, train_loss_epoch=517]Epoch 3/5:  60%|██████    | 3/5 [03:29<02:19, 69.58s/it, v_num=1, train_loss_step=402, train_loss_epoch=517]Epoch 3/5:  60%|██████    | 3/5 [03:29<02:19, 69.58s/it, v_num=1, train_loss_step=511, train_loss_epoch=514]Epoch 4/5:  60%|██████    | 3/5 [03:29<02:19, 69.58s/it, v_num=1, train_loss_step=511, train_loss_epoch=514]Epoch 4/5:  80%|████████  | 4/5 [04:38<01:09, 69.34s/it, v_num=1, train_loss_step=511, train_loss_epoch=514]Epoch 4/5:  80%|████████  | 4/5 [04:38<01:09, 69.34s/it, v_num=1, train_loss_step=718, train_loss_epoch=512]Epoch 5/5:  80%|████████  | 4/5 [04:38<01:09, 69.34s/it, v_num=1, train_loss_step=718, train_loss_epoch=512]Epoch 5/5: 100%|██████████| 5/5 [05:47<00:00, 69.24s/it, v_num=1, train_loss_step=718, train_loss_epoch=512]Epoch 5/5: 100%|██████████| 5/5 [05:47<00:00, 69.24s/it, v_num=1, train_loss_step=463, train_loss_epoch=511]Epoch 5/5: 100%|██████████| 5/5 [05:47<00:00, 69.48s/it, v_num=1, train_loss_step=463, train_loss_epoch=511]
Model and outputs saved for n_latent=5, n_layers=2, n_hidden=128, n_hvg=2500

Training and analysis complete!

------------------------------------------------------------
Sender: LSF System <lsfadmin@qpg-gpu-02>
Subject: Job 851888: <module load cellgen/conda; module load cellgen/scvi;               python /nfs/team298/sm54/BoneAtlasProject/src/integration/05_batch_correction_scvi_job_array.py                 --n_latent 5                 --n_layers 2                 --n_hidden 128                 --n_hvg 2500> in cluster <farm22> Done

Job <module load cellgen/conda; module load cellgen/scvi;               python /nfs/team298/sm54/BoneAtlasProject/src/integration/05_batch_correction_scvi_job_array.py                 --n_latent 5                 --n_layers 2                 --n_hidden 128                 --n_hvg 2500> was submitted from host <farm22-head1> by user <sm54> in cluster <farm22> at Thu Jul 10 15:29:24 2025
Job was executed on host(s) <8*qpg-gpu-02>, in queue <gpu-normal>, as user <sm54> in cluster <farm22> at Thu Jul 10 15:29:25 2025
</nfs/users/nfs_s/sm54> was used as the home directory.
</nfs/team298/sm54/BoneAtlasProject/src/integration/bash_scripts> was used as the working directory.
Started at Thu Jul 10 15:29:25 2025
Terminated at Thu Jul 10 16:12:41 2025
Results reported at Thu Jul 10 16:12:41 2025

Your job looked like:

------------------------------------------------------------
# LSBATCH: User input
module load cellgen/conda; module load cellgen/scvi;               python /nfs/team298/sm54/BoneAtlasProject/src/integration/05_batch_correction_scvi_job_array.py                 --n_latent 5                 --n_layers 2                 --n_hidden 128                 --n_hvg 2500
------------------------------------------------------------

Successfully completed.

Resource usage summary:

    CPU time :                                   7455.00 sec.
    Max Memory :                                 208536 MB
    Average Memory :                             104962.87 MB
    Total Requested Memory :                     300000.00 MB
    Delta Memory :                               91464.00 MB
    Max Swap :                                   -
    Max Processes :                              5
    Max Threads :                                68
    Run time :                                   2592 sec.
    Turnaround time :                            2597 sec.

The output (if any) is above this job summary.



PS:

Read file <logs/eee.scvi_5_2_128_2500.851888.err> for stderr output of this job.

