** Using custom python for this environment
python=3.10.12 scvi=1.1.2 torch=2.3.0+cu121
Training:   0%|          | 0/5 [00:00<?, ?it/s]Epoch 1/5:   0%|          | 0/5 [00:00<?, ?it/s]Epoch 1/5:  20%|██        | 1/5 [01:23<05:34, 83.67s/it]Epoch 1/5:  20%|██        | 1/5 [01:23<05:34, 83.67s/it, v_num=1, train_loss_step=1.12e+3, train_loss_epoch=1.06e+3]Epoch 2/5:  20%|██        | 1/5 [01:23<05:34, 83.67s/it, v_num=1, train_loss_step=1.12e+3, train_loss_epoch=1.06e+3]Epoch 2/5:  40%|████      | 2/5 [02:45<04:07, 82.48s/it, v_num=1, train_loss_step=1.12e+3, train_loss_epoch=1.06e+3]Epoch 2/5:  40%|████      | 2/5 [02:45<04:07, 82.48s/it, v_num=1, train_loss_step=1.12e+3, train_loss_epoch=963]    Epoch 3/5:  40%|████      | 2/5 [02:45<04:07, 82.48s/it, v_num=1, train_loss_step=1.12e+3, train_loss_epoch=963]Epoch 3/5:  60%|██████    | 3/5 [04:06<02:44, 82.10s/it, v_num=1, train_loss_step=1.12e+3, train_loss_epoch=963]Epoch 3/5:  60%|██████    | 3/5 [04:06<02:44, 82.10s/it, v_num=1, train_loss_step=950, train_loss_epoch=955]    Epoch 4/5:  60%|██████    | 3/5 [04:06<02:44, 82.10s/it, v_num=1, train_loss_step=950, train_loss_epoch=955]Epoch 4/5:  80%|████████  | 4/5 [05:28<01:21, 81.97s/it, v_num=1, train_loss_step=950, train_loss_epoch=955]Epoch 4/5:  80%|████████  | 4/5 [05:28<01:21, 81.97s/it, v_num=1, train_loss_step=1.32e+3, train_loss_epoch=951]Epoch 5/5:  80%|████████  | 4/5 [05:28<01:21, 81.97s/it, v_num=1, train_loss_step=1.32e+3, train_loss_epoch=951]Epoch 5/5: 100%|██████████| 5/5 [06:52<00:00, 82.47s/it, v_num=1, train_loss_step=1.32e+3, train_loss_epoch=951]Epoch 5/5: 100%|██████████| 5/5 [06:52<00:00, 82.47s/it, v_num=1, train_loss_step=1.18e+3, train_loss_epoch=948]Epoch 5/5: 100%|██████████| 5/5 [06:52<00:00, 82.42s/it, v_num=1, train_loss_step=1.18e+3, train_loss_epoch=948]
Model and outputs saved for n_latent=25, n_layers=4, n_hidden=128, n_hvg=5000

Training and analysis complete!

------------------------------------------------------------
Sender: LSF System <lsfadmin@qpg-gpu-02>
Subject: Job 867961: <module load cellgen/conda; module load cellgen/scvi;               python /nfs/team298/sm54/BoneAtlasProject/src/integration/05_batch_correction_scvi_job_array.py                 --n_latent 25                 --n_layers 4                 --n_hidden 128                 --n_hvg 5000> in cluster <farm22> Done

Job <module load cellgen/conda; module load cellgen/scvi;               python /nfs/team298/sm54/BoneAtlasProject/src/integration/05_batch_correction_scvi_job_array.py                 --n_latent 25                 --n_layers 4                 --n_hidden 128                 --n_hvg 5000> was submitted from host <farm22-head1> by user <sm54> in cluster <farm22> at Thu Jul 10 16:30:28 2025
Job was executed on host(s) <8*qpg-gpu-02>, in queue <gpu-normal>, as user <sm54> in cluster <farm22> at Thu Jul 10 19:24:30 2025
</nfs/users/nfs_s/sm54> was used as the home directory.
</nfs/team298/sm54/BoneAtlasProject/src/integration/bash_scripts> was used as the working directory.
Started at Thu Jul 10 19:24:30 2025
Terminated at Thu Jul 10 20:10:21 2025
Results reported at Thu Jul 10 20:10:21 2025

Your job looked like:

------------------------------------------------------------
# LSBATCH: User input
module load cellgen/conda; module load cellgen/scvi;               python /nfs/team298/sm54/BoneAtlasProject/src/integration/05_batch_correction_scvi_job_array.py                 --n_latent 25                 --n_layers 4                 --n_hidden 128                 --n_hvg 5000
------------------------------------------------------------

Successfully completed.

Resource usage summary:

    CPU time :                                   7733.00 sec.
    Max Memory :                                 218932 MB
    Average Memory :                             107990.82 MB
    Total Requested Memory :                     300000.00 MB
    Delta Memory :                               81068.00 MB
    Max Swap :                                   2 MB
    Max Processes :                              5
    Max Threads :                                68
    Run time :                                   2749 sec.
    Turnaround time :                            13193 sec.

The output (if any) is above this job summary.



PS:

Read file <logs/eee.scvi_25_4_128_5000.867961.err> for stderr output of this job.

