** Using custom python for this environment
python=3.10.12 scvi=1.1.2 torch=2.3.0+cu121
Training:   0%|          | 0/5 [00:00<?, ?it/s]Epoch 1/5:   0%|          | 0/5 [00:00<?, ?it/s]Epoch 1/5:  20%|██        | 1/5 [01:25<05:40, 85.05s/it]Epoch 1/5:  20%|██        | 1/5 [01:25<05:40, 85.05s/it, v_num=1, train_loss_step=1.13e+3, train_loss_epoch=1.53e+3]Epoch 2/5:  20%|██        | 1/5 [01:25<05:40, 85.05s/it, v_num=1, train_loss_step=1.13e+3, train_loss_epoch=1.53e+3]Epoch 2/5:  40%|████      | 2/5 [02:48<04:13, 84.38s/it, v_num=1, train_loss_step=1.13e+3, train_loss_epoch=1.53e+3]Epoch 2/5:  40%|████      | 2/5 [02:48<04:13, 84.38s/it, v_num=1, train_loss_step=1.73e+3, train_loss_epoch=1.39e+3]Epoch 3/5:  40%|████      | 2/5 [02:48<04:13, 84.38s/it, v_num=1, train_loss_step=1.73e+3, train_loss_epoch=1.39e+3]Epoch 3/5:  60%|██████    | 3/5 [04:12<02:48, 84.14s/it, v_num=1, train_loss_step=1.73e+3, train_loss_epoch=1.39e+3]Epoch 3/5:  60%|██████    | 3/5 [04:12<02:48, 84.14s/it, v_num=1, train_loss_step=1.3e+3, train_loss_epoch=1.38e+3] Epoch 4/5:  60%|██████    | 3/5 [04:12<02:48, 84.14s/it, v_num=1, train_loss_step=1.3e+3, train_loss_epoch=1.38e+3]Epoch 4/5:  80%|████████  | 4/5 [05:36<01:24, 84.04s/it, v_num=1, train_loss_step=1.3e+3, train_loss_epoch=1.38e+3]Epoch 4/5:  80%|████████  | 4/5 [05:36<01:24, 84.04s/it, v_num=1, train_loss_step=2.65e+3, train_loss_epoch=1.38e+3]Epoch 5/5:  80%|████████  | 4/5 [05:36<01:24, 84.04s/it, v_num=1, train_loss_step=2.65e+3, train_loss_epoch=1.38e+3]Epoch 5/5: 100%|██████████| 5/5 [07:00<00:00, 84.00s/it, v_num=1, train_loss_step=2.65e+3, train_loss_epoch=1.38e+3]Epoch 5/5: 100%|██████████| 5/5 [07:00<00:00, 84.00s/it, v_num=1, train_loss_step=1.57e+3, train_loss_epoch=1.37e+3]Epoch 5/5: 100%|██████████| 5/5 [07:00<00:00, 84.13s/it, v_num=1, train_loss_step=1.57e+3, train_loss_epoch=1.37e+3]
Model and outputs saved for n_latent=20, n_layers=4, n_hidden=128, n_hvg=7500

Training and analysis complete!

------------------------------------------------------------
Sender: LSF System <lsfadmin@qpg-gpu-02>
Subject: Job 867969: <module load cellgen/conda; module load cellgen/scvi;               python /nfs/team298/sm54/BoneAtlasProject/src/integration/05_batch_correction_scvi_job_array.py                 --n_latent 20                 --n_layers 4                 --n_hidden 128                 --n_hvg 7500> in cluster <farm22> Done

Job <module load cellgen/conda; module load cellgen/scvi;               python /nfs/team298/sm54/BoneAtlasProject/src/integration/05_batch_correction_scvi_job_array.py                 --n_latent 20                 --n_layers 4                 --n_hidden 128                 --n_hvg 7500> was submitted from host <farm22-head1> by user <sm54> in cluster <farm22> at Thu Jul 10 16:30:29 2025
Job was executed on host(s) <8*qpg-gpu-02>, in queue <gpu-normal>, as user <sm54> in cluster <farm22> at Thu Jul 10 20:55:39 2025
</nfs/users/nfs_s/sm54> was used as the home directory.
</nfs/team298/sm54/BoneAtlasProject/src/integration/bash_scripts> was used as the working directory.
Started at Thu Jul 10 20:55:39 2025
Terminated at Thu Jul 10 21:41:33 2025
Results reported at Thu Jul 10 21:41:33 2025

Your job looked like:

------------------------------------------------------------
# LSBATCH: User input
module load cellgen/conda; module load cellgen/scvi;               python /nfs/team298/sm54/BoneAtlasProject/src/integration/05_batch_correction_scvi_job_array.py                 --n_latent 20                 --n_layers 4                 --n_hidden 128                 --n_hvg 7500
------------------------------------------------------------

Successfully completed.

Resource usage summary:

    CPU time :                                   7621.00 sec.
    Max Memory :                                 217599 MB
    Average Memory :                             110774.91 MB
    Total Requested Memory :                     300000.00 MB
    Delta Memory :                               82401.00 MB
    Max Swap :                                   2 MB
    Max Processes :                              5
    Max Threads :                                79
    Run time :                                   2751 sec.
    Turnaround time :                            18664 sec.

The output (if any) is above this job summary.



PS:

Read file <logs/eee.scvi_20_4_128_7500.867969.err> for stderr output of this job.

