** Using custom python for this environment
python=3.10.12 scvi=1.1.2 torch=2.3.0+cu121
Training:   0%|          | 0/5 [00:00<?, ?it/s]Epoch 1/5:   0%|          | 0/5 [00:00<?, ?it/s]Epoch 1/5:  20%|██        | 1/5 [01:24<05:39, 84.94s/it]Epoch 1/5:  20%|██        | 1/5 [01:24<05:39, 84.94s/it, v_num=1, train_loss_step=1.79e+3, train_loss_epoch=1.52e+3]Epoch 2/5:  20%|██        | 1/5 [01:24<05:39, 84.94s/it, v_num=1, train_loss_step=1.79e+3, train_loss_epoch=1.52e+3]Epoch 2/5:  40%|████      | 2/5 [02:48<04:12, 84.22s/it, v_num=1, train_loss_step=1.79e+3, train_loss_epoch=1.52e+3]Epoch 2/5:  40%|████      | 2/5 [02:48<04:12, 84.22s/it, v_num=1, train_loss_step=1.32e+3, train_loss_epoch=1.39e+3]Epoch 3/5:  40%|████      | 2/5 [02:48<04:12, 84.22s/it, v_num=1, train_loss_step=1.32e+3, train_loss_epoch=1.39e+3]Epoch 3/5:  60%|██████    | 3/5 [04:12<02:47, 83.99s/it, v_num=1, train_loss_step=1.32e+3, train_loss_epoch=1.39e+3]Epoch 3/5:  60%|██████    | 3/5 [04:12<02:47, 83.99s/it, v_num=1, train_loss_step=1.16e+3, train_loss_epoch=1.38e+3]Epoch 4/5:  60%|██████    | 3/5 [04:12<02:47, 83.99s/it, v_num=1, train_loss_step=1.16e+3, train_loss_epoch=1.38e+3]Epoch 4/5:  80%|████████  | 4/5 [05:35<01:23, 83.84s/it, v_num=1, train_loss_step=1.16e+3, train_loss_epoch=1.38e+3]Epoch 4/5:  80%|████████  | 4/5 [05:35<01:23, 83.84s/it, v_num=1, train_loss_step=1.69e+3, train_loss_epoch=1.38e+3]Epoch 5/5:  80%|████████  | 4/5 [05:35<01:23, 83.84s/it, v_num=1, train_loss_step=1.69e+3, train_loss_epoch=1.38e+3]Epoch 5/5: 100%|██████████| 5/5 [06:59<00:00, 83.85s/it, v_num=1, train_loss_step=1.69e+3, train_loss_epoch=1.38e+3]Epoch 5/5: 100%|██████████| 5/5 [06:59<00:00, 83.85s/it, v_num=1, train_loss_step=1.07e+3, train_loss_epoch=1.37e+3]Epoch 5/5: 100%|██████████| 5/5 [06:59<00:00, 83.97s/it, v_num=1, train_loss_step=1.07e+3, train_loss_epoch=1.37e+3]
Model and outputs saved for n_latent=25, n_layers=4, n_hidden=128, n_hvg=7500

Training and analysis complete!

------------------------------------------------------------
Sender: LSF System <lsfadmin@qpg-gpu-02>
Subject: Job 867959: <module load cellgen/conda; module load cellgen/scvi;               python /nfs/team298/sm54/BoneAtlasProject/src/integration/05_batch_correction_scvi_job_array.py                 --n_latent 25                 --n_layers 4                 --n_hidden 128                 --n_hvg 7500> in cluster <farm22> Done

Job <module load cellgen/conda; module load cellgen/scvi;               python /nfs/team298/sm54/BoneAtlasProject/src/integration/05_batch_correction_scvi_job_array.py                 --n_latent 25                 --n_layers 4                 --n_hidden 128                 --n_hvg 7500> was submitted from host <farm22-head1> by user <sm54> in cluster <farm22> at Thu Jul 10 16:30:28 2025
Job was executed on host(s) <8*qpg-gpu-02>, in queue <gpu-normal>, as user <sm54> in cluster <farm22> at Thu Jul 10 19:23:31 2025
</nfs/users/nfs_s/sm54> was used as the home directory.
</nfs/team298/sm54/BoneAtlasProject/src/integration/bash_scripts> was used as the working directory.
Started at Thu Jul 10 19:23:31 2025
Terminated at Thu Jul 10 20:09:51 2025
Results reported at Thu Jul 10 20:09:51 2025

Your job looked like:

------------------------------------------------------------
# LSBATCH: User input
module load cellgen/conda; module load cellgen/scvi;               python /nfs/team298/sm54/BoneAtlasProject/src/integration/05_batch_correction_scvi_job_array.py                 --n_latent 25                 --n_layers 4                 --n_hidden 128                 --n_hvg 7500
------------------------------------------------------------

Successfully completed.

Resource usage summary:

    CPU time :                                   7633.00 sec.
    Max Memory :                                 190965 MB
    Average Memory :                             111099.85 MB
    Total Requested Memory :                     300000.00 MB
    Delta Memory :                               109035.00 MB
    Max Swap :                                   2 MB
    Max Processes :                              5
    Max Threads :                                68
    Run time :                                   2774 sec.
    Turnaround time :                            13163 sec.

The output (if any) is above this job summary.



PS:

Read file <logs/eee.scvi_25_4_128_7500.867959.err> for stderr output of this job.

