** Using custom python for this environment
python=3.10.12 scvi=1.1.2 torch=2.3.0+cu121
Training:   0%|          | 0/5 [00:00<?, ?it/s]Epoch 1/5:   0%|          | 0/5 [00:00<?, ?it/s]Epoch 1/5:  20%|██        | 1/5 [01:20<05:22, 80.65s/it]Epoch 1/5:  20%|██        | 1/5 [01:20<05:22, 80.65s/it, v_num=1, train_loss_step=653, train_loss_epoch=564]Epoch 2/5:  20%|██        | 1/5 [01:20<05:22, 80.65s/it, v_num=1, train_loss_step=653, train_loss_epoch=564]Epoch 2/5:  40%|████      | 2/5 [02:40<04:00, 80.09s/it, v_num=1, train_loss_step=653, train_loss_epoch=564]Epoch 2/5:  40%|████      | 2/5 [02:40<04:00, 80.09s/it, v_num=1, train_loss_step=556, train_loss_epoch=517]Epoch 3/5:  40%|████      | 2/5 [02:40<04:00, 80.09s/it, v_num=1, train_loss_step=556, train_loss_epoch=517]Epoch 3/5:  60%|██████    | 3/5 [03:59<02:39, 79.76s/it, v_num=1, train_loss_step=556, train_loss_epoch=517]Epoch 3/5:  60%|██████    | 3/5 [03:59<02:39, 79.76s/it, v_num=1, train_loss_step=664, train_loss_epoch=513]Epoch 4/5:  60%|██████    | 3/5 [03:59<02:39, 79.76s/it, v_num=1, train_loss_step=664, train_loss_epoch=513]Epoch 4/5:  80%|████████  | 4/5 [05:19<01:19, 79.72s/it, v_num=1, train_loss_step=664, train_loss_epoch=513]Epoch 4/5:  80%|████████  | 4/5 [05:19<01:19, 79.72s/it, v_num=1, train_loss_step=700, train_loss_epoch=511]Epoch 5/5:  80%|████████  | 4/5 [05:19<01:19, 79.72s/it, v_num=1, train_loss_step=700, train_loss_epoch=511]Epoch 5/5: 100%|██████████| 5/5 [06:38<00:00, 79.61s/it, v_num=1, train_loss_step=700, train_loss_epoch=511]Epoch 5/5: 100%|██████████| 5/5 [06:38<00:00, 79.61s/it, v_num=1, train_loss_step=406, train_loss_epoch=510]Epoch 5/5: 100%|██████████| 5/5 [06:38<00:00, 79.76s/it, v_num=1, train_loss_step=406, train_loss_epoch=510]
Model and outputs saved for n_latent=5, n_layers=4, n_hidden=128, n_hvg=2500

Training and analysis complete!

------------------------------------------------------------
Sender: LSF System <lsfadmin@qpg-gpu-02>
Subject: Job 851891: <module load cellgen/conda; module load cellgen/scvi;               python /nfs/team298/sm54/BoneAtlasProject/src/integration/05_batch_correction_scvi_job_array.py                 --n_latent 5                 --n_layers 4                 --n_hidden 128                 --n_hvg 2500> in cluster <farm22> Done

Job <module load cellgen/conda; module load cellgen/scvi;               python /nfs/team298/sm54/BoneAtlasProject/src/integration/05_batch_correction_scvi_job_array.py                 --n_latent 5                 --n_layers 4                 --n_hidden 128                 --n_hvg 2500> was submitted from host <farm22-head1> by user <sm54> in cluster <farm22> at Thu Jul 10 15:29:25 2025
Job was executed on host(s) <8*qpg-gpu-02>, in queue <gpu-normal>, as user <sm54> in cluster <farm22> at Thu Jul 10 16:16:31 2025
</nfs/users/nfs_s/sm54> was used as the home directory.
</nfs/team298/sm54/BoneAtlasProject/src/integration/bash_scripts> was used as the working directory.
Started at Thu Jul 10 16:16:31 2025
Terminated at Thu Jul 10 17:00:32 2025
Results reported at Thu Jul 10 17:00:32 2025

Your job looked like:

------------------------------------------------------------
# LSBATCH: User input
module load cellgen/conda; module load cellgen/scvi;               python /nfs/team298/sm54/BoneAtlasProject/src/integration/05_batch_correction_scvi_job_array.py                 --n_latent 5                 --n_layers 4                 --n_hidden 128                 --n_hvg 2500
------------------------------------------------------------

Successfully completed.

Resource usage summary:

    CPU time :                                   7613.00 sec.
    Max Memory :                                 218932 MB
    Average Memory :                             105344.70 MB
    Total Requested Memory :                     300000.00 MB
    Delta Memory :                               81068.00 MB
    Max Swap :                                   -
    Max Processes :                              5
    Max Threads :                                79
    Run time :                                   2638 sec.
    Turnaround time :                            5467 sec.

The output (if any) is above this job summary.



PS:

Read file <logs/eee.scvi_5_4_128_2500.851891.err> for stderr output of this job.

