** Using custom python for this environment
python=3.10.12 scvi=1.1.2 torch=2.3.0+cu121
Training:   0%|          | 0/5 [00:00<?, ?it/s]Epoch 1/5:   0%|          | 0/5 [00:00<?, ?it/s]Epoch 1/5:  20%|██        | 1/5 [01:12<04:50, 72.58s/it]Epoch 1/5:  20%|██        | 1/5 [01:12<04:50, 72.58s/it, v_num=1, train_loss_step=876, train_loss_epoch=1.05e+3]Epoch 2/5:  20%|██        | 1/5 [01:12<04:50, 72.58s/it, v_num=1, train_loss_step=876, train_loss_epoch=1.05e+3]Epoch 2/5:  40%|████      | 2/5 [02:24<03:36, 72.14s/it, v_num=1, train_loss_step=876, train_loss_epoch=1.05e+3]Epoch 2/5:  40%|████      | 2/5 [02:24<03:36, 72.14s/it, v_num=1, train_loss_step=732, train_loss_epoch=954]    Epoch 3/5:  40%|████      | 2/5 [02:24<03:36, 72.14s/it, v_num=1, train_loss_step=732, train_loss_epoch=954]Epoch 3/5:  60%|██████    | 3/5 [03:36<02:24, 72.00s/it, v_num=1, train_loss_step=732, train_loss_epoch=954]Epoch 3/5:  60%|██████    | 3/5 [03:36<02:24, 72.00s/it, v_num=1, train_loss_step=961, train_loss_epoch=948]Epoch 4/5:  60%|██████    | 3/5 [03:36<02:24, 72.00s/it, v_num=1, train_loss_step=961, train_loss_epoch=948]Epoch 4/5:  80%|████████  | 4/5 [04:48<01:11, 71.91s/it, v_num=1, train_loss_step=961, train_loss_epoch=948]Epoch 4/5:  80%|████████  | 4/5 [04:48<01:11, 71.91s/it, v_num=1, train_loss_step=872, train_loss_epoch=945]Epoch 5/5:  80%|████████  | 4/5 [04:48<01:11, 71.91s/it, v_num=1, train_loss_step=872, train_loss_epoch=945]Epoch 5/5: 100%|██████████| 5/5 [06:00<00:00, 71.95s/it, v_num=1, train_loss_step=872, train_loss_epoch=945]Epoch 5/5: 100%|██████████| 5/5 [06:00<00:00, 71.95s/it, v_num=1, train_loss_step=806, train_loss_epoch=943]Epoch 5/5: 100%|██████████| 5/5 [06:00<00:00, 72.01s/it, v_num=1, train_loss_step=806, train_loss_epoch=943]
Model and outputs saved for n_latent=15, n_layers=2, n_hidden=128, n_hvg=5000

Training and analysis complete!

------------------------------------------------------------
Sender: LSF System <lsfadmin@qpg-gpu-02>
Subject: Job 867973: <module load cellgen/conda; module load cellgen/scvi;               python /nfs/team298/sm54/BoneAtlasProject/src/integration/05_batch_correction_scvi_job_array.py                 --n_latent 15                 --n_layers 2                 --n_hidden 128                 --n_hvg 5000> in cluster <farm22> Done

Job <module load cellgen/conda; module load cellgen/scvi;               python /nfs/team298/sm54/BoneAtlasProject/src/integration/05_batch_correction_scvi_job_array.py                 --n_latent 15                 --n_layers 2                 --n_hidden 128                 --n_hvg 5000> was submitted from host <farm22-head1> by user <sm54> in cluster <farm22> at Thu Jul 10 16:30:30 2025
Job was executed on host(s) <8*qpg-gpu-02>, in queue <gpu-normal>, as user <sm54> in cluster <farm22> at Thu Jul 10 21:43:37 2025
</nfs/users/nfs_s/sm54> was used as the home directory.
</nfs/team298/sm54/BoneAtlasProject/src/integration/bash_scripts> was used as the working directory.
Started at Thu Jul 10 21:43:37 2025
Terminated at Thu Jul 10 22:27:11 2025
Results reported at Thu Jul 10 22:27:11 2025

Your job looked like:

------------------------------------------------------------
# LSBATCH: User input
module load cellgen/conda; module load cellgen/scvi;               python /nfs/team298/sm54/BoneAtlasProject/src/integration/05_batch_correction_scvi_job_array.py                 --n_latent 15                 --n_layers 2                 --n_hidden 128                 --n_hvg 5000
------------------------------------------------------------

Successfully completed.

Resource usage summary:

    CPU time :                                   7542.00 sec.
    Max Memory :                                 207687 MB
    Average Memory :                             109131.23 MB
    Total Requested Memory :                     300000.00 MB
    Delta Memory :                               92313.00 MB
    Max Swap :                                   -
    Max Processes :                              5
    Max Threads :                                79
    Run time :                                   2612 sec.
    Turnaround time :                            21401 sec.

The output (if any) is above this job summary.



PS:

Read file <logs/eee.scvi_15_2_128_5000.867973.err> for stderr output of this job.

