** Using custom python for this environment
python=3.10.12 scvi=1.1.2 torch=2.3.0+cu121
Training:   0%|          | 0/5 [00:00<?, ?it/s]Epoch 1/5:   0%|          | 0/5 [00:00<?, ?it/s]Epoch 1/5:  20%|██        | 1/5 [01:16<05:06, 76.68s/it]Epoch 1/5:  20%|██        | 1/5 [01:16<05:06, 76.68s/it, v_num=1, train_loss_step=2.31e+3, train_loss_epoch=1.99e+3]Epoch 2/5:  20%|██        | 1/5 [01:16<05:06, 76.68s/it, v_num=1, train_loss_step=2.31e+3, train_loss_epoch=1.99e+3]Epoch 2/5:  40%|████      | 2/5 [02:32<03:48, 76.33s/it, v_num=1, train_loss_step=2.31e+3, train_loss_epoch=1.99e+3]Epoch 2/5:  40%|████      | 2/5 [02:32<03:48, 76.33s/it, v_num=1, train_loss_step=2.35e+3, train_loss_epoch=1.84e+3]Epoch 3/5:  40%|████      | 2/5 [02:32<03:48, 76.33s/it, v_num=1, train_loss_step=2.35e+3, train_loss_epoch=1.84e+3]Epoch 3/5:  60%|██████    | 3/5 [03:48<02:32, 76.13s/it, v_num=1, train_loss_step=2.35e+3, train_loss_epoch=1.84e+3]Epoch 3/5:  60%|██████    | 3/5 [03:48<02:32, 76.13s/it, v_num=1, train_loss_step=2.33e+3, train_loss_epoch=1.82e+3]Epoch 4/5:  60%|██████    | 3/5 [03:48<02:32, 76.13s/it, v_num=1, train_loss_step=2.33e+3, train_loss_epoch=1.82e+3]Epoch 4/5:  80%|████████  | 4/5 [05:04<01:15, 75.93s/it, v_num=1, train_loss_step=2.33e+3, train_loss_epoch=1.82e+3]Epoch 4/5:  80%|████████  | 4/5 [05:04<01:15, 75.93s/it, v_num=1, train_loss_step=1.84e+3, train_loss_epoch=1.82e+3]Epoch 5/5:  80%|████████  | 4/5 [05:04<01:15, 75.93s/it, v_num=1, train_loss_step=1.84e+3, train_loss_epoch=1.82e+3]Epoch 5/5: 100%|██████████| 5/5 [06:19<00:00, 75.75s/it, v_num=1, train_loss_step=1.84e+3, train_loss_epoch=1.82e+3]Epoch 5/5: 100%|██████████| 5/5 [06:19<00:00, 75.75s/it, v_num=1, train_loss_step=1.42e+3, train_loss_epoch=1.81e+3]Epoch 5/5: 100%|██████████| 5/5 [06:19<00:00, 75.94s/it, v_num=1, train_loss_step=1.42e+3, train_loss_epoch=1.81e+3]
Model and outputs saved for n_latent=5, n_layers=2, n_hidden=128, n_hvg=10000

Training and analysis complete!

------------------------------------------------------------
Sender: LSF System <lsfadmin@qpg-gpu-02>
Subject: Job 851890: <module load cellgen/conda; module load cellgen/scvi;               python /nfs/team298/sm54/BoneAtlasProject/src/integration/05_batch_correction_scvi_job_array.py                 --n_latent 5                 --n_layers 2                 --n_hidden 128                 --n_hvg 10000> in cluster <farm22> Done

Job <module load cellgen/conda; module load cellgen/scvi;               python /nfs/team298/sm54/BoneAtlasProject/src/integration/05_batch_correction_scvi_job_array.py                 --n_latent 5                 --n_layers 2                 --n_hidden 128                 --n_hvg 10000> was submitted from host <farm22-head1> by user <sm54> in cluster <farm22> at Thu Jul 10 15:29:25 2025
Job was executed on host(s) <8*qpg-gpu-02>, in queue <gpu-normal>, as user <sm54> in cluster <farm22> at Thu Jul 10 16:15:04 2025
</nfs/users/nfs_s/sm54> was used as the home directory.
</nfs/team298/sm54/BoneAtlasProject/src/integration/bash_scripts> was used as the working directory.
Started at Thu Jul 10 16:15:04 2025
Terminated at Thu Jul 10 16:59:22 2025
Results reported at Thu Jul 10 16:59:22 2025

Your job looked like:

------------------------------------------------------------
# LSBATCH: User input
module load cellgen/conda; module load cellgen/scvi;               python /nfs/team298/sm54/BoneAtlasProject/src/integration/05_batch_correction_scvi_job_array.py                 --n_latent 5                 --n_layers 2                 --n_hidden 128                 --n_hvg 10000
------------------------------------------------------------

Successfully completed.

Resource usage summary:

    CPU time :                                   7518.00 sec.
    Max Memory :                                 203421 MB
    Average Memory :                             112426.41 MB
    Total Requested Memory :                     300000.00 MB
    Delta Memory :                               96579.00 MB
    Max Swap :                                   2 MB
    Max Processes :                              5
    Max Threads :                                68
    Run time :                                   2652 sec.
    Turnaround time :                            5397 sec.

The output (if any) is above this job summary.



PS:

Read file <logs/eee.scvi_5_2_128_10000.851890.err> for stderr output of this job.

