Reading unintegrated AnnData...
Unintegrated data loaded.
Reading integrated AnnData...
Integrated data loaded.
Starting evaluation...
Transferred Technology and majority_voting_Level2 to integrated AnnData.
Aliased SCVI graph to neighbors/distances/connectivities.
Warning: majority_voting_Level2 contains NaN values. Dropping these cells...
/env/lib/python3.10/site-packages/scib/metrics/metrics.py:293: DeprecationWarning: Call to deprecated function (or staticmethod) opt_louvain.
  res_max, nmi_max, nmi_all = opt_louvain(
Clustering...
resolution: 0.1, nmi: 0.4986823683466282
resolution: 0.2, nmi: 0.47222731593430795
resolution: 0.3, nmi: 0.4803817792737652
resolution: 0.4, nmi: 0.4778850648317419
resolution: 0.5, nmi: 0.47389763406498375
resolution: 0.6, nmi: 0.4737784496488432
resolution: 0.7, nmi: 0.4725748117915989
resolution: 0.8, nmi: 0.47969874648005867
resolution: 0.9, nmi: 0.47250438946495543
resolution: 1.0, nmi: 0.4767625493909994
resolution: 1.1, nmi: 0.4723406494410782
resolution: 1.2, nmi: 0.47869223617214046
resolution: 1.3, nmi: 0.4715422784071175
resolution: 1.4, nmi: 0.46114930143793287
resolution: 1.5, nmi: 0.45399111282026133
resolution: 1.6, nmi: 0.4583712267890945
resolution: 1.7, nmi: 0.45851549265989144
resolution: 1.8, nmi: 0.45410861910232525
resolution: 1.9, nmi: 0.44772840043091056
resolution: 2.0, nmi: 0.44337887153609307
optimised clustering against majority_voting_Level2
optimal cluster resolution: 0.1
optimal score: 0.4986823683466282
NMI...
ARI...
Silhouette score...
Graph connectivity...
/env/lib/python3.10/site-packages/scib/metrics/graph_connectivity.py:56: FutureWarning: pandas.value_counts is deprecated and will be removed in a future version. Use pd.Series(obj).value_counts() instead.
  tab = pd.value_counts(labels)
/env/lib/python3.10/site-packages/scib/metrics/graph_connectivity.py:56: FutureWarning: pandas.value_counts is deprecated and will be removed in a future version. Use pd.Series(obj).value_counts() instead.
  tab = pd.value_counts(labels)
/env/lib/python3.10/site-packages/scib/metrics/graph_connectivity.py:56: FutureWarning: pandas.value_counts is deprecated and will be removed in a future version. Use pd.Series(obj).value_counts() instead.
  tab = pd.value_counts(labels)
/env/lib/python3.10/site-packages/scib/metrics/graph_connectivity.py:56: FutureWarning: pandas.value_counts is deprecated and will be removed in a future version. Use pd.Series(obj).value_counts() instead.
  tab = pd.value_counts(labels)
/env/lib/python3.10/site-packages/scib/metrics/graph_connectivity.py:56: FutureWarning: pandas.value_counts is deprecated and will be removed in a future version. Use pd.Series(obj).value_counts() instead.
  tab = pd.value_counts(labels)
/env/lib/python3.10/site-packages/scib/metrics/graph_connectivity.py:56: FutureWarning: pandas.value_counts is deprecated and will be removed in a future version. Use pd.Series(obj).value_counts() instead.
  tab = pd.value_counts(labels)
/env/lib/python3.10/site-packages/scib/metrics/graph_connectivity.py:56: FutureWarning: pandas.value_counts is deprecated and will be removed in a future version. Use pd.Series(obj).value_counts() instead.
  tab = pd.value_counts(labels)
/env/lib/python3.10/site-packages/scib/metrics/graph_connectivity.py:56: FutureWarning: pandas.value_counts is deprecated and will be removed in a future version. Use pd.Series(obj).value_counts() instead.
  tab = pd.value_counts(labels)
/env/lib/python3.10/site-packages/scib/metrics/graph_connectivity.py:56: FutureWarning: pandas.value_counts is deprecated and will be removed in a future version. Use pd.Series(obj).value_counts() instead.
  tab = pd.value_counts(labels)
/env/lib/python3.10/site-packages/scib/metrics/graph_connectivity.py:56: FutureWarning: pandas.value_counts is deprecated and will be removed in a future version. Use pd.Series(obj).value_counts() instead.
  tab = pd.value_counts(labels)
/env/lib/python3.10/site-packages/scib/metrics/graph_connectivity.py:56: FutureWarning: pandas.value_counts is deprecated and will be removed in a future version. Use pd.Series(obj).value_counts() instead.
  tab = pd.value_counts(labels)
/env/lib/python3.10/site-packages/scib/metrics/graph_connectivity.py:56: FutureWarning: pandas.value_counts is deprecated and will be removed in a future version. Use pd.Series(obj).value_counts() instead.
  tab = pd.value_counts(labels)
/env/lib/python3.10/site-packages/scib/metrics/graph_connectivity.py:56: FutureWarning: pandas.value_counts is deprecated and will be removed in a future version. Use pd.Series(obj).value_counts() instead.
  tab = pd.value_counts(labels)
/env/lib/python3.10/site-packages/scib/metrics/graph_connectivity.py:56: FutureWarning: pandas.value_counts is deprecated and will be removed in a future version. Use pd.Series(obj).value_counts() instead.
  tab = pd.value_counts(labels)
kBET...
batch: Technology
Use 70 nearest neighbors.
/env/lib/python3.10/site-packages/scib/metrics/kbet.py:158: FutureWarning: pandas.value_counts is deprecated and will be removed in a future version. Use pd.Series(obj).value_counts() instead.
  comp_size = pd.value_counts(labs)
Adding diffusion to step 4
Adding diffusion to step 5
Adding diffusion to step 6
Adding diffusion to step 7
Adding diffusion to step 8
/env/lib/python3.10/site-packages/scib/metrics/kbet.py:229: DeprecationWarning: The global conversion available with activate() is deprecated and will be removed in the next major release. Use a local converter.
  anndata2ri.activate()
importing expression matrix
kBET estimation
Number of kBET tests is set to 7015.
Use 70 nearest neighbors.
/env/lib/python3.10/site-packages/scib/metrics/kbet.py:158: FutureWarning: pandas.value_counts is deprecated and will be removed in a future version. Use pd.Series(obj).value_counts() instead.
  comp_size = pd.value_counts(labs)
Adding diffusion to step 4
Adding diffusion to step 5
Adding diffusion to step 6
Adding diffusion to step 7
Adding diffusion to step 8
Adding diffusion to step 9
/env/lib/python3.10/site-packages/scib/metrics/kbet.py:229: DeprecationWarning: The global conversion available with activate() is deprecated and will be removed in the next major release. Use a local converter.
  anndata2ri.activate()
importing expression matrix
kBET estimation
Number of kBET tests is set to 1086.
Use 70 nearest neighbors.
/env/lib/python3.10/site-packages/scib/metrics/kbet.py:158: FutureWarning: pandas.value_counts is deprecated and will be removed in a future version. Use pd.Series(obj).value_counts() instead.
  comp_size = pd.value_counts(labs)
Adding diffusion to step 4
Adding diffusion to step 5
Adding diffusion to step 6
Adding diffusion to step 7
Adding diffusion to step 8
/env/lib/python3.10/site-packages/scib/metrics/kbet.py:229: DeprecationWarning: The global conversion available with activate() is deprecated and will be removed in the next major release. Use a local converter.
  anndata2ri.activate()
importing expression matrix
kBET estimation
Number of kBET tests is set to 990.
Use 70 nearest neighbors.
/env/lib/python3.10/site-packages/scib/metrics/kbet.py:158: FutureWarning: pandas.value_counts is deprecated and will be removed in a future version. Use pd.Series(obj).value_counts() instead.
  comp_size = pd.value_counts(labs)
Adding diffusion to step 4
Adding diffusion to step 5
Adding diffusion to step 6
/env/lib/python3.10/site-packages/scib/metrics/kbet.py:229: DeprecationWarning: The global conversion available with activate() is deprecated and will be removed in the next major release. Use a local converter.
  anndata2ri.activate()
importing expression matrix
kBET estimation
Number of kBET tests is set to 811.
Use 70 nearest neighbors.
/env/lib/python3.10/site-packages/scib/metrics/kbet.py:158: FutureWarning: pandas.value_counts is deprecated and will be removed in a future version. Use pd.Series(obj).value_counts() instead.
  comp_size = pd.value_counts(labs)
Adding diffusion to step 4
Adding diffusion to step 5
Adding diffusion to step 6
Adding diffusion to step 7
Adding diffusion to step 8
/env/lib/python3.10/site-packages/scib/metrics/kbet.py:229: DeprecationWarning: The global conversion available with activate() is deprecated and will be removed in the next major release. Use a local converter.
  anndata2ri.activate()
importing expression matrix
kBET estimation
Number of kBET tests is set to 852.
Use 70 nearest neighbors.
/env/lib/python3.10/site-packages/scib/metrics/kbet.py:158: FutureWarning: pandas.value_counts is deprecated and will be removed in a future version. Use pd.Series(obj).value_counts() instead.
  comp_size = pd.value_counts(labs)
Adding diffusion to step 4
Adding diffusion to step 5
/env/lib/python3.10/site-packages/scib/metrics/kbet.py:229: DeprecationWarning: The global conversion available with activate() is deprecated and will be removed in the next major release. Use a local converter.
  anndata2ri.activate()
importing expression matrix
kBET estimation
Number of kBET tests is set to 314.
Use 70 nearest neighbors.
/env/lib/python3.10/site-packages/scib/metrics/kbet.py:158: FutureWarning: pandas.value_counts is deprecated and will be removed in a future version. Use pd.Series(obj).value_counts() instead.
  comp_size = pd.value_counts(labs)
Adding diffusion to step 4
Adding diffusion to step 5
Adding diffusion to step 6
/env/lib/python3.10/site-packages/scib/metrics/kbet.py:229: DeprecationWarning: The global conversion available with activate() is deprecated and will be removed in the next major release. Use a local converter.
  anndata2ri.activate()
importing expression matrix
kBET estimation
Number of kBET tests is set to 7855.
Use 70 nearest neighbors.
/env/lib/python3.10/site-packages/scib/metrics/kbet.py:158: FutureWarning: pandas.value_counts is deprecated and will be removed in a future version. Use pd.Series(obj).value_counts() instead.
  comp_size = pd.value_counts(labs)
Adding diffusion to step 4
Adding diffusion to step 5
/env/lib/python3.10/site-packages/scib/metrics/kbet.py:229: DeprecationWarning: The global conversion available with activate() is deprecated and will be removed in the next major release. Use a local converter.
  anndata2ri.activate()
importing expression matrix
kBET estimation
Number of kBET tests is set to 89.
Use 70 nearest neighbors.
/env/lib/python3.10/site-packages/scib/metrics/kbet.py:158: FutureWarning: pandas.value_counts is deprecated and will be removed in a future version. Use pd.Series(obj).value_counts() instead.
  comp_size = pd.value_counts(labs)
Adding diffusion to step 4
Adding diffusion to step 5
/env/lib/python3.10/site-packages/scib/metrics/kbet.py:229: DeprecationWarning: The global conversion available with activate() is deprecated and will be removed in the next major release. Use a local converter.
  anndata2ri.activate()
importing expression matrix
kBET estimation
Number of kBET tests is set to 1069.
Use 70 nearest neighbors.
/env/lib/python3.10/site-packages/scib/metrics/kbet.py:158: FutureWarning: pandas.value_counts is deprecated and will be removed in a future version. Use pd.Series(obj).value_counts() instead.
  comp_size = pd.value_counts(labs)
Adding diffusion to step 4
Adding diffusion to step 5
Adding diffusion to step 6
Adding diffusion to step 7
Adding diffusion to step 8
Adding diffusion to step 9
/env/lib/python3.10/site-packages/scib/metrics/kbet.py:229: DeprecationWarning: The global conversion available with activate() is deprecated and will be removed in the next major release. Use a local converter.
  anndata2ri.activate()
importing expression matrix
kBET estimation
Number of kBET tests is set to 681.
Use 70 nearest neighbors.
/env/lib/python3.10/site-packages/scib/metrics/kbet.py:158: FutureWarning: pandas.value_counts is deprecated and will be removed in a future version. Use pd.Series(obj).value_counts() instead.
  comp_size = pd.value_counts(labs)
Adding diffusion to step 4
Adding diffusion to step 5
/env/lib/python3.10/site-packages/scib/metrics/kbet.py:229: DeprecationWarning: The global conversion available with activate() is deprecated and will be removed in the next major release. Use a local converter.
  anndata2ri.activate()
importing expression matrix
kBET estimation
Number of kBET tests is set to 4497.
Haematopoietic consists of a single batch or is too small. Skip.
MK consists of a single batch or is too small. Skip.
Progenitor consists of a single batch or is too small. Skip.
/env/lib/python3.10/site-packages/scib/metrics/highly_variable_genes.py:35: FutureWarning: Series.__getitem__ treating keys as positions is deprecated. In a future version, integer keys will always be treated as labels (consistent with DataFrame behavior). To access a value by position, use `ser.iloc[pos]`
  hvg_dir[i.obs[batch][0]] = i.var.index[hvg["highly_variable"]]
/env/lib/python3.10/site-packages/scib/metrics/highly_variable_genes.py:35: FutureWarning: Series.__getitem__ treating keys as positions is deprecated. In a future version, integer keys will always be treated as labels (consistent with DataFrame behavior). To access a value by position, use `ser.iloc[pos]`
  hvg_dir[i.obs[batch][0]] = i.var.index[hvg["highly_variable"]]
/env/lib/python3.10/site-packages/scib/metrics/highly_variable_genes.py:76: FutureWarning: Series.__getitem__ treating keys as positions is deprecated. In a future version, integer keys will always be treated as labels (consistent with DataFrame behavior). To access a value by position, use `ser.iloc[pos]`
  batch_var = ad_post.obs[batch_key][0]
/env/lib/python3.10/site-packages/scib/metrics/highly_variable_genes.py:76: FutureWarning: Series.__getitem__ treating keys as positions is deprecated. In a future version, integer keys will always be treated as labels (consistent with DataFrame behavior). To access a value by position, use `ser.iloc[pos]`
  batch_var = ad_post.obs[batch_key][0]
Metrics saved to: /lustre/scratch124/cellgen/haniffa/users/sm54/data/Bone_Atlas/haem_compartment/bone_atlas_scvi_runs/scib_output/adata_nlatent15_nlayers2_nhidden128_nhvg3000_haem_evaluation_metrics_no_clisi.csv

------------------------------------------------------------
Sender: LSF System <lsfadmin@node-13-27>
Subject: Job 659650: <module load cellgen/singularity;      singularity exec --cleanenv --home /tmp/sm54 --bind /lustre,/nfs /nfs/cellgeni/singularity/images/scib-1.1.5.sif           python -u /nfs/team298/sm54/BoneAtlasProject/src/integration/09_evaluate_batch_correction_scvi_haem.py --adata_uninteg /nfs/team298/sm54/BoneAtlasProject/data/bone_haem_compartment/haematopoeitic_compartment_celltypist.h5ad                          --adata_int /lustre/scratch124/cellgen/haniffa/users/sm54/data/Bone_Atlas/haem_compartment/bone_atlas_scvi_runs/processed_adata/adata_nlatent15_nlayers2_nhidden128_nhvg3000.h5ad                          --output_csv /lustre/scratch124/cellgen/haniffa/users/sm54/data/Bone_Atlas/haem_compartment/bone_atlas_scvi_runs/scib_output/adata_nlatent15_nlayers2_nhidden128_nhvg3000_haem_evaluation_metrics_no_clisi.csv                          --batch_key Technology                          --label_key majority_voting_Level2> in cluster <farm22> Done

Job <module load cellgen/singularity;      singularity exec --cleanenv --home /tmp/sm54 --bind /lustre,/nfs /nfs/cellgeni/singularity/images/scib-1.1.5.sif           python -u /nfs/team298/sm54/BoneAtlasProject/src/integration/09_evaluate_batch_correction_scvi_haem.py --adata_uninteg /nfs/team298/sm54/BoneAtlasProject/data/bone_haem_compartment/haematopoeitic_compartment_celltypist.h5ad                          --adata_int /lustre/scratch124/cellgen/haniffa/users/sm54/data/Bone_Atlas/haem_compartment/bone_atlas_scvi_runs/processed_adata/adata_nlatent15_nlayers2_nhidden128_nhvg3000.h5ad                          --output_csv /lustre/scratch124/cellgen/haniffa/users/sm54/data/Bone_Atlas/haem_compartment/bone_atlas_scvi_runs/scib_output/adata_nlatent15_nlayers2_nhidden128_nhvg3000_haem_evaluation_metrics_no_clisi.csv                          --batch_key Technology                          --label_key majority_voting_Level2> was submitted from host <farm22-head1> by user <sm54> in cluster <farm22> at Thu Jul 17 12:14:49 2025
Job was executed on host(s) <8*node-13-27>, in queue <long>, as user <sm54> in cluster <farm22> at Thu Jul 17 12:14:50 2025
</nfs/users/nfs_s/sm54> was used as the home directory.
</nfs/team298/sm54/BoneAtlasProject/src/integration/bash_scripts> was used as the working directory.
Started at Thu Jul 17 12:14:50 2025
Terminated at Thu Jul 17 16:45:40 2025
Results reported at Thu Jul 17 16:45:40 2025

Your job looked like:

------------------------------------------------------------
# LSBATCH: User input
module load cellgen/singularity;      singularity exec --cleanenv --home /tmp/sm54 --bind /lustre,/nfs /nfs/cellgeni/singularity/images/scib-1.1.5.sif           python -u /nfs/team298/sm54/BoneAtlasProject/src/integration/09_evaluate_batch_correction_scvi_haem.py --adata_uninteg /nfs/team298/sm54/BoneAtlasProject/data/bone_haem_compartment/haematopoeitic_compartment_celltypist.h5ad                          --adata_int /lustre/scratch124/cellgen/haniffa/users/sm54/data/Bone_Atlas/haem_compartment/bone_atlas_scvi_runs/processed_adata/adata_nlatent15_nlayers2_nhidden128_nhvg3000.h5ad                          --output_csv /lustre/scratch124/cellgen/haniffa/users/sm54/data/Bone_Atlas/haem_compartment/bone_atlas_scvi_runs/scib_output/adata_nlatent15_nlayers2_nhidden128_nhvg3000_haem_evaluation_metrics_no_clisi.csv                          --batch_key Technology                          --label_key majority_voting_Level2
------------------------------------------------------------

Successfully completed.

Resource usage summary:

    CPU time :                                   19316.00 sec.
    Max Memory :                                 231780 MB
    Average Memory :                             76346.80 MB
    Total Requested Memory :                     300000.00 MB
    Delta Memory :                               68220.00 MB
    Max Swap :                                   2 MB
    Max Processes :                              4
    Max Threads :                                34
    Run time :                                   16238 sec.
    Turnaround time :                            16251 sec.

The output (if any) is above this job summary.

