Reading unintegrated AnnData...
Unintegrated data loaded.
Reading integrated AnnData...
Integrated data loaded.
Starting evaluation...
Transferred Method and Haem_Category to integrated AnnData.
Aliased SCVI graph to neighbors/distances/connectivities.
/env/lib/python3.10/site-packages/scib/metrics/metrics.py:293: DeprecationWarning: Call to deprecated function (or staticmethod) opt_louvain.
  res_max, nmi_max, nmi_all = opt_louvain(
Clustering...
resolution: 0.1, nmi: 0.6790857536800905
resolution: 0.2, nmi: 0.656966691465665
resolution: 0.3, nmi: 0.6700639429435579
resolution: 0.4, nmi: 0.6590614323463263
resolution: 0.5, nmi: 0.6564018179302651
resolution: 0.6, nmi: 0.618313525981244
resolution: 0.7, nmi: 0.6115331225054821
resolution: 0.8, nmi: 0.6124638090936009
resolution: 0.9, nmi: 0.6068710880246366
resolution: 1.0, nmi: 0.6036677889188996
resolution: 1.1, nmi: 0.600449834482133
resolution: 1.2, nmi: 0.6016621687158377
resolution: 1.3, nmi: 0.5964820276364142
resolution: 1.4, nmi: 0.5949050135912366
resolution: 1.5, nmi: 0.591653024235635
resolution: 1.6, nmi: 0.5724916462644508
resolution: 1.7, nmi: 0.5736378652279295
resolution: 1.8, nmi: 0.5653192952649834
resolution: 1.9, nmi: 0.5671582678455754
resolution: 2.0, nmi: 0.5627049703046577
optimised clustering against Haem_Category
optimal cluster resolution: 0.1
optimal score: 0.6790857536800905
NMI...
ARI...
Silhouette score...
Graph connectivity...
/env/lib/python3.10/site-packages/scib/metrics/graph_connectivity.py:56: FutureWarning: pandas.value_counts is deprecated and will be removed in a future version. Use pd.Series(obj).value_counts() instead.
  tab = pd.value_counts(labels)
/env/lib/python3.10/site-packages/scib/metrics/graph_connectivity.py:56: FutureWarning: pandas.value_counts is deprecated and will be removed in a future version. Use pd.Series(obj).value_counts() instead.
  tab = pd.value_counts(labels)
/env/lib/python3.10/site-packages/scib/metrics/graph_connectivity.py:56: FutureWarning: pandas.value_counts is deprecated and will be removed in a future version. Use pd.Series(obj).value_counts() instead.
  tab = pd.value_counts(labels)
/env/lib/python3.10/site-packages/scib/metrics/graph_connectivity.py:56: FutureWarning: pandas.value_counts is deprecated and will be removed in a future version. Use pd.Series(obj).value_counts() instead.
  tab = pd.value_counts(labels)
/env/lib/python3.10/site-packages/scib/metrics/graph_connectivity.py:56: FutureWarning: pandas.value_counts is deprecated and will be removed in a future version. Use pd.Series(obj).value_counts() instead.
  tab = pd.value_counts(labels)
/env/lib/python3.10/site-packages/scib/metrics/graph_connectivity.py:56: FutureWarning: pandas.value_counts is deprecated and will be removed in a future version. Use pd.Series(obj).value_counts() instead.
  tab = pd.value_counts(labels)
/env/lib/python3.10/site-packages/scib/metrics/graph_connectivity.py:56: FutureWarning: pandas.value_counts is deprecated and will be removed in a future version. Use pd.Series(obj).value_counts() instead.
  tab = pd.value_counts(labels)
/env/lib/python3.10/site-packages/scib/metrics/graph_connectivity.py:56: FutureWarning: pandas.value_counts is deprecated and will be removed in a future version. Use pd.Series(obj).value_counts() instead.
  tab = pd.value_counts(labels)
/env/lib/python3.10/site-packages/scib/metrics/graph_connectivity.py:56: FutureWarning: pandas.value_counts is deprecated and will be removed in a future version. Use pd.Series(obj).value_counts() instead.
  tab = pd.value_counts(labels)
/env/lib/python3.10/site-packages/scib/metrics/graph_connectivity.py:56: FutureWarning: pandas.value_counts is deprecated and will be removed in a future version. Use pd.Series(obj).value_counts() instead.
  tab = pd.value_counts(labels)
/env/lib/python3.10/site-packages/scib/metrics/graph_connectivity.py:56: FutureWarning: pandas.value_counts is deprecated and will be removed in a future version. Use pd.Series(obj).value_counts() instead.
  tab = pd.value_counts(labels)
/env/lib/python3.10/site-packages/scib/metrics/graph_connectivity.py:56: FutureWarning: pandas.value_counts is deprecated and will be removed in a future version. Use pd.Series(obj).value_counts() instead.
  tab = pd.value_counts(labels)
kBET...
batch: Method
Use 70 nearest neighbors.
/env/lib/python3.10/site-packages/scib/metrics/kbet.py:158: FutureWarning: pandas.value_counts is deprecated and will be removed in a future version. Use pd.Series(obj).value_counts() instead.
  comp_size = pd.value_counts(labs)
/env/lib/python3.10/site-packages/scib/metrics/kbet.py:229: DeprecationWarning: The global conversion available with activate() is deprecated and will be removed in the next major release. Use a local converter.
  anndata2ri.activate()
importing expression matrix
kBET estimation
Number of kBET tests is set to 4092.
Use 70 nearest neighbors.
/env/lib/python3.10/site-packages/scib/metrics/kbet.py:158: FutureWarning: pandas.value_counts is deprecated and will be removed in a future version. Use pd.Series(obj).value_counts() instead.
  comp_size = pd.value_counts(labs)
Adding diffusion to step 4
/env/lib/python3.10/site-packages/scib/metrics/kbet.py:229: DeprecationWarning: The global conversion available with activate() is deprecated and will be removed in the next major release. Use a local converter.
  anndata2ri.activate()
importing expression matrix
kBET estimation
Number of kBET tests is set to 353.
Use 70 nearest neighbors.
/env/lib/python3.10/site-packages/scib/metrics/kbet.py:158: FutureWarning: pandas.value_counts is deprecated and will be removed in a future version. Use pd.Series(obj).value_counts() instead.
  comp_size = pd.value_counts(labs)
/env/lib/python3.10/site-packages/scib/metrics/kbet.py:229: DeprecationWarning: The global conversion available with activate() is deprecated and will be removed in the next major release. Use a local converter.
  anndata2ri.activate()
importing expression matrix
kBET estimation
Number of kBET tests is set to 1851.
Use 70 nearest neighbors.
/env/lib/python3.10/site-packages/scib/metrics/kbet.py:158: FutureWarning: pandas.value_counts is deprecated and will be removed in a future version. Use pd.Series(obj).value_counts() instead.
  comp_size = pd.value_counts(labs)
/env/lib/python3.10/site-packages/scib/metrics/kbet.py:229: DeprecationWarning: The global conversion available with activate() is deprecated and will be removed in the next major release. Use a local converter.
  anndata2ri.activate()
importing expression matrix
kBET estimation
Number of kBET tests is set to 168.
Use 70 nearest neighbors.
/env/lib/python3.10/site-packages/scib/metrics/kbet.py:158: FutureWarning: pandas.value_counts is deprecated and will be removed in a future version. Use pd.Series(obj).value_counts() instead.
  comp_size = pd.value_counts(labs)
Adding diffusion to step 4
Adding diffusion to step 5
/env/lib/python3.10/site-packages/scib/metrics/kbet.py:229: DeprecationWarning: The global conversion available with activate() is deprecated and will be removed in the next major release. Use a local converter.
  anndata2ri.activate()
importing expression matrix
kBET estimation
Number of kBET tests is set to 900.
Use 70 nearest neighbors.
/env/lib/python3.10/site-packages/scib/metrics/kbet.py:158: FutureWarning: pandas.value_counts is deprecated and will be removed in a future version. Use pd.Series(obj).value_counts() instead.
  comp_size = pd.value_counts(labs)
Adding diffusion to step 4
/env/lib/python3.10/site-packages/scib/metrics/kbet.py:229: DeprecationWarning: The global conversion available with activate() is deprecated and will be removed in the next major release. Use a local converter.
  anndata2ri.activate()
importing expression matrix
kBET estimation
Number of kBET tests is set to 3606.
Use 70 nearest neighbors.
/env/lib/python3.10/site-packages/scib/metrics/kbet.py:158: FutureWarning: pandas.value_counts is deprecated and will be removed in a future version. Use pd.Series(obj).value_counts() instead.
  comp_size = pd.value_counts(labs)
Adding diffusion to step 4
Adding diffusion to step 5
/env/lib/python3.10/site-packages/scib/metrics/kbet.py:229: DeprecationWarning: The global conversion available with activate() is deprecated and will be removed in the next major release. Use a local converter.
  anndata2ri.activate()
importing expression matrix
kBET estimation
Number of kBET tests is set to 2185.
Use 55 nearest neighbors.
/env/lib/python3.10/site-packages/scib/metrics/kbet.py:158: FutureWarning: pandas.value_counts is deprecated and will be removed in a future version. Use pd.Series(obj).value_counts() instead.
  comp_size = pd.value_counts(labs)
Adding diffusion to step 4
/env/lib/python3.10/site-packages/scib/metrics/kbet.py:229: DeprecationWarning: The global conversion available with activate() is deprecated and will be removed in the next major release. Use a local converter.
  anndata2ri.activate()
importing expression matrix
kBET estimation
Number of kBET tests is set to 67.
Use 70 nearest neighbors.
/env/lib/python3.10/site-packages/scib/metrics/kbet.py:158: FutureWarning: pandas.value_counts is deprecated and will be removed in a future version. Use pd.Series(obj).value_counts() instead.
  comp_size = pd.value_counts(labs)
Adding diffusion to step 4
/env/lib/python3.10/site-packages/scib/metrics/kbet.py:229: DeprecationWarning: The global conversion available with activate() is deprecated and will be removed in the next major release. Use a local converter.
  anndata2ri.activate()
importing expression matrix
kBET estimation
Number of kBET tests is set to 5038.
Use 70 nearest neighbors.
/env/lib/python3.10/site-packages/scib/metrics/kbet.py:158: FutureWarning: pandas.value_counts is deprecated and will be removed in a future version. Use pd.Series(obj).value_counts() instead.
  comp_size = pd.value_counts(labs)
Adding diffusion to step 4
/env/lib/python3.10/site-packages/scib/metrics/kbet.py:229: DeprecationWarning: The global conversion available with activate() is deprecated and will be removed in the next major release. Use a local converter.
  anndata2ri.activate()
importing expression matrix
kBET estimation
Number of kBET tests is set to 322.
Use 70 nearest neighbors.
/env/lib/python3.10/site-packages/scib/metrics/kbet.py:158: FutureWarning: pandas.value_counts is deprecated and will be removed in a future version. Use pd.Series(obj).value_counts() instead.
  comp_size = pd.value_counts(labs)
Adding diffusion to step 4
Adding diffusion to step 5
/env/lib/python3.10/site-packages/scib/metrics/kbet.py:229: DeprecationWarning: The global conversion available with activate() is deprecated and will be removed in the next major release. Use a local converter.
  anndata2ri.activate()
importing expression matrix
kBET estimation
Number of kBET tests is set to 246.
Use 17 nearest neighbors.
/env/lib/python3.10/site-packages/scib/metrics/kbet.py:158: FutureWarning: pandas.value_counts is deprecated and will be removed in a future version. Use pd.Series(obj).value_counts() instead.
  comp_size = pd.value_counts(labs)
/env/lib/python3.10/site-packages/scib/metrics/kbet.py:229: DeprecationWarning: The global conversion available with activate() is deprecated and will be removed in the next major release. Use a local converter.
  anndata2ri.activate()
importing expression matrix
kBET estimation
Number of kBET tests is set to 25.
/env/lib/python3.10/site-packages/scib/metrics/highly_variable_genes.py:35: FutureWarning: Series.__getitem__ treating keys as positions is deprecated. In a future version, integer keys will always be treated as labels (consistent with DataFrame behavior). To access a value by position, use `ser.iloc[pos]`
  hvg_dir[i.obs[batch][0]] = i.var.index[hvg["highly_variable"]]
/env/lib/python3.10/site-packages/scib/metrics/highly_variable_genes.py:35: FutureWarning: Series.__getitem__ treating keys as positions is deprecated. In a future version, integer keys will always be treated as labels (consistent with DataFrame behavior). To access a value by position, use `ser.iloc[pos]`
  hvg_dir[i.obs[batch][0]] = i.var.index[hvg["highly_variable"]]
/env/lib/python3.10/site-packages/scib/metrics/highly_variable_genes.py:35: FutureWarning: Series.__getitem__ treating keys as positions is deprecated. In a future version, integer keys will always be treated as labels (consistent with DataFrame behavior). To access a value by position, use `ser.iloc[pos]`
  hvg_dir[i.obs[batch][0]] = i.var.index[hvg["highly_variable"]]
/env/lib/python3.10/site-packages/scib/metrics/highly_variable_genes.py:76: FutureWarning: Series.__getitem__ treating keys as positions is deprecated. In a future version, integer keys will always be treated as labels (consistent with DataFrame behavior). To access a value by position, use `ser.iloc[pos]`
  batch_var = ad_post.obs[batch_key][0]
/env/lib/python3.10/site-packages/scib/metrics/highly_variable_genes.py:76: FutureWarning: Series.__getitem__ treating keys as positions is deprecated. In a future version, integer keys will always be treated as labels (consistent with DataFrame behavior). To access a value by position, use `ser.iloc[pos]`
  batch_var = ad_post.obs[batch_key][0]
/env/lib/python3.10/site-packages/scib/metrics/highly_variable_genes.py:76: FutureWarning: Series.__getitem__ treating keys as positions is deprecated. In a future version, integer keys will always be treated as labels (consistent with DataFrame behavior). To access a value by position, use `ser.iloc[pos]`
  batch_var = ad_post.obs[batch_key][0]
Metrics saved to: /nfs/team298/sm54/BoneAtlasProject/data/bone_haem_compartment/best_integration_filtered_stroma_stringent_doublet_removal/scib_output/New_Best_Integration_bone_atlas_nlatent20_nlayers3_nhidden128_nhvg5000_haem_evaluation_metrics_no_clisi.csv

------------------------------------------------------------
Sender: LSF System <lsfadmin@node-13-12>
Subject: Job 122876: <module load cellgen/singularity;      singularity exec --cleanenv --home /tmp/sm54 --bind /lustre,/nfs /nfs/cellgeni/singularity/images/scib-1.1.5.sif           python -u /nfs/team298/sm54/BoneAtlasProject/src/integration/09_evaluate_batch_correction_scvi_haem.py --adata_uninteg /nfs/team298/sm54/BoneAtlasProject/data/bone_haem_compartment/bone_haem_atlas_with_filtered_stroma_STRINGENT_DOUBLET_REMOVAL_UNINTEGRADTED.h5ad                          --adata_int /nfs/team298/sm54/BoneAtlasProject/data/bone_haem_compartment/best_integration_filtered_stroma_stringent_doublet_removal/processed_adata/New_Best_Integration_bone_atlas_nlatent20_nlayers3_nhidden128_nhvg5000.h5ad                          --output_csv /nfs/team298/sm54/BoneAtlasProject/data/bone_haem_compartment/best_integration_filtered_stroma_stringent_doublet_removal/scib_output/New_Best_Integration_bone_atlas_nlatent20_nlayers3_nhidden128_nhvg5000_haem_evaluation_metrics_no_clisi.csv                          --batch_key Method                          --label_key Haem_Category> in cluster <farm22> Done

Job <module load cellgen/singularity;      singularity exec --cleanenv --home /tmp/sm54 --bind /lustre,/nfs /nfs/cellgeni/singularity/images/scib-1.1.5.sif           python -u /nfs/team298/sm54/BoneAtlasProject/src/integration/09_evaluate_batch_correction_scvi_haem.py --adata_uninteg /nfs/team298/sm54/BoneAtlasProject/data/bone_haem_compartment/bone_haem_atlas_with_filtered_stroma_STRINGENT_DOUBLET_REMOVAL_UNINTEGRADTED.h5ad                          --adata_int /nfs/team298/sm54/BoneAtlasProject/data/bone_haem_compartment/best_integration_filtered_stroma_stringent_doublet_removal/processed_adata/New_Best_Integration_bone_atlas_nlatent20_nlayers3_nhidden128_nhvg5000.h5ad                          --output_csv /nfs/team298/sm54/BoneAtlasProject/data/bone_haem_compartment/best_integration_filtered_stroma_stringent_doublet_removal/scib_output/New_Best_Integration_bone_atlas_nlatent20_nlayers3_nhidden128_nhvg5000_haem_evaluation_metrics_no_clisi.csv                          --batch_key Method                          --label_key Haem_Category> was submitted from host <farm22-head1> by user <sm54> in cluster <farm22> at Sun Sep 21 19:33:35 2025
Job was executed on host(s) <8*node-13-12>, in queue <long>, as user <sm54> in cluster <farm22> at Mon Sep 22 10:18:30 2025
</nfs/users/nfs_s/sm54> was used as the home directory.
</nfs/team298/sm54/BoneAtlasProject/src/integration/bash_scripts> was used as the working directory.
Started at Mon Sep 22 10:18:30 2025
Terminated at Mon Sep 22 11:23:22 2025
Results reported at Mon Sep 22 11:23:22 2025

Your job looked like:

------------------------------------------------------------
# LSBATCH: User input
module load cellgen/singularity;      singularity exec --cleanenv --home /tmp/sm54 --bind /lustre,/nfs /nfs/cellgeni/singularity/images/scib-1.1.5.sif           python -u /nfs/team298/sm54/BoneAtlasProject/src/integration/09_evaluate_batch_correction_scvi_haem.py --adata_uninteg /nfs/team298/sm54/BoneAtlasProject/data/bone_haem_compartment/bone_haem_atlas_with_filtered_stroma_STRINGENT_DOUBLET_REMOVAL_UNINTEGRADTED.h5ad                          --adata_int /nfs/team298/sm54/BoneAtlasProject/data/bone_haem_compartment/best_integration_filtered_stroma_stringent_doublet_removal/processed_adata/New_Best_Integration_bone_atlas_nlatent20_nlayers3_nhidden128_nhvg5000.h5ad                          --output_csv /nfs/team298/sm54/BoneAtlasProject/data/bone_haem_compartment/best_integration_filtered_stroma_stringent_doublet_removal/scib_output/New_Best_Integration_bone_atlas_nlatent20_nlayers3_nhidden128_nhvg5000_haem_evaluation_metrics_no_clisi.csv                          --batch_key Method                          --label_key Haem_Category
------------------------------------------------------------

Successfully completed.

Resource usage summary:

    CPU time :                                   5551.89 sec.
    Max Memory :                                 58492 MB
    Average Memory :                             11603.56 MB
    Total Requested Memory :                     300000.00 MB
    Delta Memory :                               241508.00 MB
    Max Swap :                                   2 MB
    Max Processes :                              4
    Max Threads :                                34
    Run time :                                   3892 sec.
    Turnaround time :                            56987 sec.

The output (if any) is above this job summary.

