** Using custom python for this environment
python=3.10.12 scvi=1.1.2 torch=2.3.0+cu121
WARNING: adata.X seems to be already log-transformed.
GPU available: True (cuda), used: True
TPU available: False, using: 0 TPU cores
IPU available: False, using: 0 IPUs
HPU available: False, using: 0 HPUs
You are using a CUDA device ('NVIDIA H100 80GB HBM3') that has Tensor Cores. To properly utilize them, you should set `torch.set_float32_matmul_precision('medium' | 'high')` which will trade-off precision for performance. For more details, read https://pytorch.org/docs/stable/generated/torch.set_float32_matmul_precision.html#torch.set_float32_matmul_precision
LOCAL_RANK: 0 - CUDA_VISIBLE_DEVICES: [0]
/env/lib/python3.10/site-packages/lightning/pytorch/trainer/connectors/data_connector.py:441: The 'train_dataloader' does not have many workers which may be a bottleneck. Consider increasing the value of the `num_workers` argument` to `num_workers=7` in the `DataLoader` to improve performance.
Training:   0%|          | 0/5 [00:00<?, ?it/s]Epoch 1/5:   0%|          | 0/5 [00:00<?, ?it/s]Epoch 1/5:  20%|██        | 1/5 [01:12<04:51, 72.93s/it]Epoch 1/5:  20%|██        | 1/5 [01:12<04:51, 72.93s/it, v_num=1, train_loss_step=1.15e+3, train_loss_epoch=1.05e+3]Epoch 2/5:  20%|██        | 1/5 [01:12<04:51, 72.93s/it, v_num=1, train_loss_step=1.15e+3, train_loss_epoch=1.05e+3]Epoch 2/5:  40%|████      | 2/5 [02:33<03:51, 77.30s/it, v_num=1, train_loss_step=1.15e+3, train_loss_epoch=1.05e+3]Epoch 2/5:  40%|████      | 2/5 [02:33<03:51, 77.30s/it, v_num=1, train_loss_step=1.74e+3, train_loss_epoch=952]    Epoch 3/5:  40%|████      | 2/5 [02:33<03:51, 77.30s/it, v_num=1, train_loss_step=1.74e+3, train_loss_epoch=952]Epoch 3/5:  60%|██████    | 3/5 [03:53<02:37, 78.67s/it, v_num=1, train_loss_step=1.74e+3, train_loss_epoch=952]Epoch 3/5:  60%|██████    | 3/5 [03:53<02:37, 78.67s/it, v_num=1, train_loss_step=1.11e+3, train_loss_epoch=944]Epoch 4/5:  60%|██████    | 3/5 [03:53<02:37, 78.67s/it, v_num=1, train_loss_step=1.11e+3, train_loss_epoch=944]Epoch 4/5:  80%|████████  | 4/5 [05:12<01:18, 78.83s/it, v_num=1, train_loss_step=1.11e+3, train_loss_epoch=944]Epoch 4/5:  80%|████████  | 4/5 [05:12<01:18, 78.83s/it, v_num=1, train_loss_step=1.06e+3, train_loss_epoch=941]Epoch 5/5:  80%|████████  | 4/5 [05:12<01:18, 78.83s/it, v_num=1, train_loss_step=1.06e+3, train_loss_epoch=941]Epoch 5/5: 100%|██████████| 5/5 [06:25<00:00, 76.64s/it, v_num=1, train_loss_step=1.06e+3, train_loss_epoch=941]Epoch 5/5: 100%|██████████| 5/5 [06:25<00:00, 76.64s/it, v_num=1, train_loss_step=1.18e+3, train_loss_epoch=938]`Trainer.fit` stopped: `max_epochs=5` reached.
Epoch 5/5: 100%|██████████| 5/5 [06:25<00:00, 77.08s/it, v_num=1, train_loss_step=1.18e+3, train_loss_epoch=938]
Model, embeddings, and outputs saved for n_latent=30, n_layers=2, n_hidden=128, n_hvg=5000

------------------------------------------------------------
Sender: LSF System <lsfadmin@qpg-gpu-02>
Subject: Job 518562: <module load cellgen/conda; module load cellgen/scvi;               python -u /nfs/team298/sm54/BoneAtlasProject/src/integration/08_batch_correction_scvi_bone_atlas_best_integration.py                  --n_latent 30                 --n_layers 2                 --n_hidden 128                 --n_hvg 5000> in cluster <farm22> Done

Job <module load cellgen/conda; module load cellgen/scvi;               python -u /nfs/team298/sm54/BoneAtlasProject/src/integration/08_batch_correction_scvi_bone_atlas_best_integration.py                  --n_latent 30                 --n_layers 2                 --n_hidden 128                 --n_hvg 5000> was submitted from host <farm22-head1> by user <sm54> in cluster <farm22> at Wed Jul 16 17:17:18 2025
Job was executed on host(s) <8*qpg-gpu-02>, in queue <gpu-normal>, as user <sm54> in cluster <farm22> at Wed Jul 16 18:25:46 2025
</nfs/users/nfs_s/sm54> was used as the home directory.
</nfs/team298/sm54/BoneAtlasProject/src/integration/bash_scripts> was used as the working directory.
Started at Wed Jul 16 18:25:46 2025
Terminated at Wed Jul 16 19:11:41 2025
Results reported at Wed Jul 16 19:11:41 2025

Your job looked like:

------------------------------------------------------------
# LSBATCH: User input
module load cellgen/conda; module load cellgen/scvi;               python -u /nfs/team298/sm54/BoneAtlasProject/src/integration/08_batch_correction_scvi_bone_atlas_best_integration.py                  --n_latent 30                 --n_layers 2                 --n_hidden 128                 --n_hvg 5000
------------------------------------------------------------

Successfully completed.

Resource usage summary:

    CPU time :                                   7198.00 sec.
    Max Memory :                                 179576 MB
    Average Memory :                             108852.57 MB
    Total Requested Memory :                     300000.00 MB
    Delta Memory :                               120424.00 MB
    Max Swap :                                   -
    Max Processes :                              5
    Max Threads :                                71
    Run time :                                   2762 sec.
    Turnaround time :                            6863 sec.

The output (if any) is above this job summary.

