** Using custom python for this environment
python=3.10.12 scvi=1.1.2 torch=2.3.0+cu121
WARNING: adata.X seems to be already log-transformed.
GPU available: True (cuda), used: True
TPU available: False, using: 0 TPU cores
IPU available: False, using: 0 IPUs
HPU available: False, using: 0 HPUs
You are using a CUDA device ('NVIDIA H100 80GB HBM3') that has Tensor Cores. To properly utilize them, you should set `torch.set_float32_matmul_precision('medium' | 'high')` which will trade-off precision for performance. For more details, read https://pytorch.org/docs/stable/generated/torch.set_float32_matmul_precision.html#torch.set_float32_matmul_precision
LOCAL_RANK: 0 - CUDA_VISIBLE_DEVICES: [0]
/env/lib/python3.10/site-packages/lightning/pytorch/trainer/connectors/data_connector.py:441: The 'train_dataloader' does not have many workers which may be a bottleneck. Consider increasing the value of the `num_workers` argument` to `num_workers=7` in the `DataLoader` to improve performance.
Training:   0%|          | 0/5 [00:00<?, ?it/s]Epoch 1/5:   0%|          | 0/5 [00:00<?, ?it/s]Epoch 1/5:  20%|██        | 1/5 [01:31<06:07, 91.94s/it]Epoch 1/5:  20%|██        | 1/5 [01:31<06:07, 91.94s/it, v_num=1, train_loss_step=951, train_loss_epoch=1.06e+3]Epoch 2/5:  20%|██        | 1/5 [01:31<06:07, 91.94s/it, v_num=1, train_loss_step=951, train_loss_epoch=1.06e+3]Epoch 2/5:  40%|████      | 2/5 [03:03<04:34, 91.62s/it, v_num=1, train_loss_step=951, train_loss_epoch=1.06e+3]Epoch 2/5:  40%|████      | 2/5 [03:03<04:34, 91.62s/it, v_num=1, train_loss_step=1.02e+3, train_loss_epoch=963]Epoch 3/5:  40%|████      | 2/5 [03:03<04:34, 91.62s/it, v_num=1, train_loss_step=1.02e+3, train_loss_epoch=963]Epoch 3/5:  60%|██████    | 3/5 [04:34<03:03, 91.61s/it, v_num=1, train_loss_step=1.02e+3, train_loss_epoch=963]Epoch 3/5:  60%|██████    | 3/5 [04:34<03:03, 91.61s/it, v_num=1, train_loss_step=1.22e+3, train_loss_epoch=955]Epoch 4/5:  60%|██████    | 3/5 [04:34<03:03, 91.61s/it, v_num=1, train_loss_step=1.22e+3, train_loss_epoch=955]Epoch 4/5:  80%|████████  | 4/5 [06:06<01:31, 91.55s/it, v_num=1, train_loss_step=1.22e+3, train_loss_epoch=955]Epoch 4/5:  80%|████████  | 4/5 [06:06<01:31, 91.55s/it, v_num=1, train_loss_step=998, train_loss_epoch=950]    Epoch 5/5:  80%|████████  | 4/5 [06:06<01:31, 91.55s/it, v_num=1, train_loss_step=998, train_loss_epoch=950]Epoch 5/5: 100%|██████████| 5/5 [07:37<00:00, 91.55s/it, v_num=1, train_loss_step=998, train_loss_epoch=950]Epoch 5/5: 100%|██████████| 5/5 [07:37<00:00, 91.55s/it, v_num=1, train_loss_step=1.11e+3, train_loss_epoch=948]`Trainer.fit` stopped: `max_epochs=5` reached.
Epoch 5/5: 100%|██████████| 5/5 [07:37<00:00, 91.59s/it, v_num=1, train_loss_step=1.11e+3, train_loss_epoch=948]
Model, embeddings, and outputs saved for n_latent=30, n_layers=4, n_hidden=128, n_hvg=5000

------------------------------------------------------------
Sender: LSF System <lsfadmin@qpg-gpu-02>
Subject: Job 371444: <module load cellgen/conda; module load cellgen/scvi;               python -u /nfs/team298/sm54/BoneAtlasProject/src/integration/05_batch_correction_scvi_job_array.py                 --n_latent 30                 --n_layers 4                 --n_hidden 128                 --n_hvg 5000> in cluster <farm22> Done

Job <module load cellgen/conda; module load cellgen/scvi;               python -u /nfs/team298/sm54/BoneAtlasProject/src/integration/05_batch_correction_scvi_job_array.py                 --n_latent 30                 --n_layers 4                 --n_hidden 128                 --n_hvg 5000> was submitted from host <farm22-head1> by user <sm54> in cluster <farm22> at Tue Jul 15 13:15:57 2025
Job was executed on host(s) <8*qpg-gpu-02>, in queue <gpu-normal>, as user <sm54> in cluster <farm22> at Tue Jul 15 16:54:45 2025
</nfs/users/nfs_s/sm54> was used as the home directory.
</nfs/team298/sm54/BoneAtlasProject/src/integration/bash_scripts> was used as the working directory.
Started at Tue Jul 15 16:54:45 2025
Terminated at Tue Jul 15 17:50:43 2025
Results reported at Tue Jul 15 17:50:43 2025

Your job looked like:

------------------------------------------------------------
# LSBATCH: User input
module load cellgen/conda; module load cellgen/scvi;               python -u /nfs/team298/sm54/BoneAtlasProject/src/integration/05_batch_correction_scvi_job_array.py                 --n_latent 30                 --n_layers 4                 --n_hidden 128                 --n_hvg 5000
------------------------------------------------------------

Successfully completed.

Resource usage summary:

    CPU time :                                   8260.00 sec.
    Max Memory :                                 218842 MB
    Average Memory :                             106829.60 MB
    Total Requested Memory :                     300000.00 MB
    Delta Memory :                               81158.00 MB
    Max Swap :                                   -
    Max Processes :                              5
    Max Threads :                                71
    Run time :                                   3367 sec.
    Turnaround time :                            16486 sec.

The output (if any) is above this job summary.

