** Using custom python for this environment
python=3.10.12 scvi=1.1.2 torch=2.3.0+cu121
adata.X is raw counts (integer matrix)
Terminated

------------------------------------------------------------
Sender: LSF System <lsfadmin@farm22-gpu0204>
Subject: Job 192945: <module load cellgen/conda; module load cellgen/scvi;               python -u /nfs/team298/sm54/BoneAtlasProject/src/integration/12_batch_correction_scvi_job_array_cross_organ_bone_atlas.py                 --n_latent 30                 --n_layers 2                 --n_hidden 128                 --n_hvg 3000> in cluster <farm22> Exited

Job <module load cellgen/conda; module load cellgen/scvi;               python -u /nfs/team298/sm54/BoneAtlasProject/src/integration/12_batch_correction_scvi_job_array_cross_organ_bone_atlas.py                 --n_latent 30                 --n_layers 2                 --n_hidden 128                 --n_hvg 3000> was submitted from host <farm22-head1> by user <sm54> in cluster <farm22> at Mon Jul 21 07:10:01 2025
Job was executed on host(s) <8*farm22-gpu0204>, in queue <gpu-normal>, as user <sm54> in cluster <farm22> at Mon Jul 21 07:11:28 2025
</nfs/users/nfs_s/sm54> was used as the home directory.
</nfs/team298/sm54/BoneAtlasProject/src/integration/bash_scripts> was used as the working directory.
Started at Mon Jul 21 07:11:28 2025
Terminated at Mon Jul 21 07:28:51 2025
Results reported at Mon Jul 21 07:28:51 2025

Your job looked like:

------------------------------------------------------------
# LSBATCH: User input
module load cellgen/conda; module load cellgen/scvi;               python -u /nfs/team298/sm54/BoneAtlasProject/src/integration/12_batch_correction_scvi_job_array_cross_organ_bone_atlas.py                 --n_latent 30                 --n_layers 2                 --n_hidden 128                 --n_hvg 3000
------------------------------------------------------------

TERM_MEMLIMIT: job killed after reaching LSF memory usage limit.
Exited with exit code 143.

Resource usage summary:

    CPU time :                                   925.00 sec.
    Max Memory :                                 402110 MB
    Average Memory :                             266188.59 MB
    Total Requested Memory :                     400000.00 MB
    Delta Memory :                               -2110.00 MB
    Max Swap :                                   -
    Max Processes :                              5
    Max Threads :                                30
    Run time :                                   1040 sec.
    Turnaround time :                            1130 sec.

The output (if any) is above this job summary.

