** Using custom python for this environment
python=3.10.12 scvi=1.1.2 torch=2.3.0+cu121
Traceback (most recent call last):
  File "/nfs/team298/sm54/BoneAtlasProject/src/integration/16_we_haem_integration.py", line 126, in <module>
    sys.exit(main())
  File "/nfs/team298/sm54/BoneAtlasProject/src/integration/16_we_haem_integration.py", line 81, in main
    continuous_covariate_keys=con_covars if con_covars else None,
NameError: name 'con_covars' is not defined. Did you mean: 'cat_covars'?

------------------------------------------------------------
Sender: LSF System <lsfadmin@farm22-gpu0301>
Subject: Job 722652: <module load cellgen/conda; module load cellgen/scvi;       python -u "/nfs/team298/sm54/BoneAtlasProject/src/integration/16_we_haem_integration.py"         --input "/nfs/team298/sm54/BoneAtlasProject/data/whole_embryo/haem_we_scrna.h5ad"         --out_dir "/nfs/team298/sm54/BoneAtlasProject/data/whole_embryo/"> in cluster <farm22> Exited

Job <module load cellgen/conda; module load cellgen/scvi;       python -u "/nfs/team298/sm54/BoneAtlasProject/src/integration/16_we_haem_integration.py"         --input "/nfs/team298/sm54/BoneAtlasProject/data/whole_embryo/haem_we_scrna.h5ad"         --out_dir "/nfs/team298/sm54/BoneAtlasProject/data/whole_embryo/"> was submitted from host <farm22-head1> by user <sm54> in cluster <farm22> at Fri Oct 10 13:09:19 2025
Job was executed on host(s) <4*farm22-gpu0301>, in queue <gpu-normal>, as user <sm54> in cluster <farm22> at Fri Oct 10 13:09:20 2025
</nfs/users/nfs_s/sm54> was used as the home directory.
</nfs/team298/sm54/BoneAtlasProject/src/integration/bash_scripts> was used as the working directory.
Started at Fri Oct 10 13:09:20 2025
Terminated at Fri Oct 10 13:09:46 2025
Results reported at Fri Oct 10 13:09:46 2025

Your job looked like:

------------------------------------------------------------
# LSBATCH: User input
module load cellgen/conda; module load cellgen/scvi;       python -u "/nfs/team298/sm54/BoneAtlasProject/src/integration/16_we_haem_integration.py"         --input "/nfs/team298/sm54/BoneAtlasProject/data/whole_embryo/haem_we_scrna.h5ad"         --out_dir "/nfs/team298/sm54/BoneAtlasProject/data/whole_embryo/"
------------------------------------------------------------

Exited with exit code 1.

Resource usage summary:

    CPU time :                                   25.00 sec.
    Max Memory :                                 6532 MB
    Average Memory :                             3977.40 MB
    Total Requested Memory :                     50000.00 MB
    Delta Memory :                               43468.00 MB
    Max Swap :                                   -
    Max Processes :                              5
    Max Threads :                                22
    Run time :                                   26 sec.
    Turnaround time :                            27 sec.

The output (if any) is above this job summary.

