** Using custom python for this environment
python=3.10.12 scvi=1.1.2 torch=2.3.0+cu121
adata.X is raw counts (integer matrix)
Terminated

------------------------------------------------------------
Sender: LSF System <lsfadmin@qpg-gpu-02>
Subject: Job 192942: <module load cellgen/conda; module load cellgen/scvi;               python -u /nfs/team298/sm54/BoneAtlasProject/src/integration/12_batch_correction_scvi_job_array_cross_organ_bone_atlas.py                 --n_latent 15                 --n_layers 2                 --n_hidden 128                 --n_hvg 3000> in cluster <farm22> Exited

Job <module load cellgen/conda; module load cellgen/scvi;               python -u /nfs/team298/sm54/BoneAtlasProject/src/integration/12_batch_correction_scvi_job_array_cross_organ_bone_atlas.py                 --n_latent 15                 --n_layers 2                 --n_hidden 128                 --n_hvg 3000> was submitted from host <farm22-head1> by user <sm54> in cluster <farm22> at Mon Jul 21 07:07:00 2025
Job was executed on host(s) <8*qpg-gpu-02>, in queue <gpu-normal>, as user <sm54> in cluster <farm22> at Mon Jul 21 07:24:37 2025
</nfs/users/nfs_s/sm54> was used as the home directory.
</nfs/team298/sm54/BoneAtlasProject/src/integration/bash_scripts> was used as the working directory.
Started at Mon Jul 21 07:24:37 2025
Terminated at Mon Jul 21 07:34:19 2025
Results reported at Mon Jul 21 07:34:19 2025

Your job looked like:

------------------------------------------------------------
# LSBATCH: User input
module load cellgen/conda; module load cellgen/scvi;               python -u /nfs/team298/sm54/BoneAtlasProject/src/integration/12_batch_correction_scvi_job_array_cross_organ_bone_atlas.py                 --n_latent 15                 --n_layers 2                 --n_hidden 128                 --n_hvg 3000
------------------------------------------------------------

TERM_MEMLIMIT: job killed after reaching LSF memory usage limit.
Exited with exit code 143.

Resource usage summary:

    CPU time :                                   537.00 sec.
    Max Memory :                                 556298 MB
    Average Memory :                             353008.81 MB
    Total Requested Memory :                     550000.00 MB
    Delta Memory :                               -6298.00 MB
    Max Swap :                                   -
    Max Processes :                              5
    Max Threads :                                30
    Run time :                                   574 sec.
    Turnaround time :                            1639 sec.

The output (if any) is above this job summary.

