** Using custom python for this environment
python=3.10.12 scvi=1.1.2 torch=2.3.0+cu121
WARNING: adata.X seems to be already log-transformed.
GPU available: True (cuda), used: True
TPU available: False, using: 0 TPU cores
IPU available: False, using: 0 IPUs
HPU available: False, using: 0 HPUs
You are using a CUDA device ('NVIDIA H100 80GB HBM3') that has Tensor Cores. To properly utilize them, you should set `torch.set_float32_matmul_precision('medium' | 'high')` which will trade-off precision for performance. For more details, read https://pytorch.org/docs/stable/generated/torch.set_float32_matmul_precision.html#torch.set_float32_matmul_precision
LOCAL_RANK: 0 - CUDA_VISIBLE_DEVICES: [0]
/env/lib/python3.10/site-packages/lightning/pytorch/trainer/connectors/data_connector.py:441: The 'train_dataloader' does not have many workers which may be a bottleneck. Consider increasing the value of the `num_workers` argument` to `num_workers=7` in the `DataLoader` to improve performance.
Training:   0%|          | 0/5 [00:00<?, ?it/s]Epoch 1/5:   0%|          | 0/5 [00:00<?, ?it/s]Epoch 1/5:  20%|██        | 1/5 [01:27<05:50, 87.51s/it]Epoch 1/5:  20%|██        | 1/5 [01:27<05:50, 87.51s/it, v_num=1, train_loss_step=1.15e+3, train_loss_epoch=1.52e+3]Epoch 2/5:  20%|██        | 1/5 [01:27<05:50, 87.51s/it, v_num=1, train_loss_step=1.15e+3, train_loss_epoch=1.52e+3]Epoch 2/5:  40%|████      | 2/5 [02:54<04:21, 87.06s/it, v_num=1, train_loss_step=1.15e+3, train_loss_epoch=1.52e+3]Epoch 2/5:  40%|████      | 2/5 [02:54<04:21, 87.06s/it, v_num=1, train_loss_step=1.58e+3, train_loss_epoch=1.39e+3]Epoch 3/5:  40%|████      | 2/5 [02:54<04:21, 87.06s/it, v_num=1, train_loss_step=1.58e+3, train_loss_epoch=1.39e+3]Epoch 3/5:  60%|██████    | 3/5 [04:21<02:53, 86.96s/it, v_num=1, train_loss_step=1.58e+3, train_loss_epoch=1.39e+3]Epoch 3/5:  60%|██████    | 3/5 [04:21<02:53, 86.96s/it, v_num=1, train_loss_step=2.06e+3, train_loss_epoch=1.38e+3]Epoch 4/5:  60%|██████    | 3/5 [04:21<02:53, 86.96s/it, v_num=1, train_loss_step=2.06e+3, train_loss_epoch=1.38e+3]Epoch 4/5:  80%|████████  | 4/5 [05:48<01:27, 87.07s/it, v_num=1, train_loss_step=2.06e+3, train_loss_epoch=1.38e+3]Epoch 4/5:  80%|████████  | 4/5 [05:48<01:27, 87.07s/it, v_num=1, train_loss_step=1.03e+3, train_loss_epoch=1.38e+3]Epoch 5/5:  80%|████████  | 4/5 [05:48<01:27, 87.07s/it, v_num=1, train_loss_step=1.03e+3, train_loss_epoch=1.38e+3]Epoch 5/5: 100%|██████████| 5/5 [07:15<00:00, 87.12s/it, v_num=1, train_loss_step=1.03e+3, train_loss_epoch=1.38e+3]Epoch 5/5: 100%|██████████| 5/5 [07:15<00:00, 87.12s/it, v_num=1, train_loss_step=1.97e+3, train_loss_epoch=1.37e+3]`Trainer.fit` stopped: `max_epochs=5` reached.
Epoch 5/5: 100%|██████████| 5/5 [07:15<00:00, 87.11s/it, v_num=1, train_loss_step=1.97e+3, train_loss_epoch=1.37e+3]
Model, embeddings, and outputs saved for n_latent=25, n_layers=4, n_hidden=128, n_hvg=7500

------------------------------------------------------------
Sender: LSF System <lsfadmin@qpg-gpu-02>
Subject: Job 371449: <module load cellgen/conda; module load cellgen/scvi;               python -u /nfs/team298/sm54/BoneAtlasProject/src/integration/05_batch_correction_scvi_job_array.py                 --n_latent 25                 --n_layers 4                 --n_hidden 128                 --n_hvg 7500> in cluster <farm22> Done

Job <module load cellgen/conda; module load cellgen/scvi;               python -u /nfs/team298/sm54/BoneAtlasProject/src/integration/05_batch_correction_scvi_job_array.py                 --n_latent 25                 --n_layers 4                 --n_hidden 128                 --n_hvg 7500> was submitted from host <farm22-head1> by user <sm54> in cluster <farm22> at Tue Jul 15 13:15:58 2025
Job was executed on host(s) <8*qpg-gpu-02>, in queue <gpu-normal>, as user <sm54> in cluster <farm22> at Tue Jul 15 19:12:47 2025
</nfs/users/nfs_s/sm54> was used as the home directory.
</nfs/team298/sm54/BoneAtlasProject/src/integration/bash_scripts> was used as the working directory.
Started at Tue Jul 15 19:12:47 2025
Terminated at Tue Jul 15 20:01:53 2025
Results reported at Tue Jul 15 20:01:53 2025

Your job looked like:

------------------------------------------------------------
# LSBATCH: User input
module load cellgen/conda; module load cellgen/scvi;               python -u /nfs/team298/sm54/BoneAtlasProject/src/integration/05_batch_correction_scvi_job_array.py                 --n_latent 25                 --n_layers 4                 --n_hidden 128                 --n_hvg 7500
------------------------------------------------------------

Successfully completed.

Resource usage summary:

    CPU time :                                   7711.00 sec.
    Max Memory :                                 217816 MB
    Average Memory :                             110149.30 MB
    Total Requested Memory :                     300000.00 MB
    Delta Memory :                               82184.00 MB
    Max Swap :                                   -
    Max Processes :                              5
    Max Threads :                                71
    Run time :                                   2944 sec.
    Turnaround time :                            24355 sec.

The output (if any) is above this job summary.

