** Using custom python for this environment
python=3.10.12 scvi=1.1.2 torch=2.3.0+cu121
adata.X is raw counts (integer matrix)
GPU available: True (cuda), used: True
TPU available: False, using: 0 TPU cores
IPU available: False, using: 0 IPUs
HPU available: False, using: 0 HPUs
You are using a CUDA device ('NVIDIA H100 80GB HBM3') that has Tensor Cores. To properly utilize them, you should set `torch.set_float32_matmul_precision('medium' | 'high')` which will trade-off precision for performance. For more details, read https://pytorch.org/docs/stable/generated/torch.set_float32_matmul_precision.html#torch.set_float32_matmul_precision
LOCAL_RANK: 0 - CUDA_VISIBLE_DEVICES: [0]
/env/lib/python3.10/site-packages/lightning/pytorch/trainer/connectors/data_connector.py:441: The 'train_dataloader' does not have many workers which may be a bottleneck. Consider increasing the value of the `num_workers` argument` to `num_workers=7` in the `DataLoader` to improve performance.
Training:   0%|                                                                                                                         | 0/5 [00:00<?, ?it/s]Epoch 1/5:   0%|                                                                                                                        | 0/5 [00:00<?, ?it/s]Epoch 1/5:  20%|██████████████████████▍                                                                                         | 1/5 [01:27<05:50, 87.68s/it]Epoch 1/5:  20%|████████████                                                | 1/5 [01:27<05:50, 87.68s/it, v_num=1, train_loss_step=596, train_loss_epoch=642]Epoch 2/5:  20%|████████████                                                | 1/5 [01:27<05:50, 87.68s/it, v_num=1, train_loss_step=596, train_loss_epoch=642]Epoch 2/5:  40%|████████████████████████                                    | 2/5 [02:53<04:19, 86.56s/it, v_num=1, train_loss_step=596, train_loss_epoch=642]Epoch 2/5:  40%|████████████████████████                                    | 2/5 [02:53<04:19, 86.56s/it, v_num=1, train_loss_step=544, train_loss_epoch=574]Epoch 3/5:  40%|████████████████████████                                    | 2/5 [02:53<04:19, 86.56s/it, v_num=1, train_loss_step=544, train_loss_epoch=574]Epoch 3/5:  60%|████████████████████████████████████                        | 3/5 [04:18<02:51, 85.99s/it, v_num=1, train_loss_step=544, train_loss_epoch=574]Epoch 3/5:  60%|████████████████████████████████████                        | 3/5 [04:18<02:51, 85.99s/it, v_num=1, train_loss_step=540, train_loss_epoch=568]Epoch 4/5:  60%|████████████████████████████████████                        | 3/5 [04:18<02:51, 85.99s/it, v_num=1, train_loss_step=540, train_loss_epoch=568]Epoch 4/5:  80%|████████████████████████████████████████████████            | 4/5 [05:44<01:25, 85.70s/it, v_num=1, train_loss_step=540, train_loss_epoch=568]Epoch 4/5:  80%|████████████████████████████████████████████████            | 4/5 [05:44<01:25, 85.70s/it, v_num=1, train_loss_step=538, train_loss_epoch=564]Epoch 5/5:  80%|████████████████████████████████████████████████            | 4/5 [05:44<01:25, 85.70s/it, v_num=1, train_loss_step=538, train_loss_epoch=564]Epoch 5/5: 100%|████████████████████████████████████████████████████████████| 5/5 [07:09<00:00, 85.58s/it, v_num=1, train_loss_step=538, train_loss_epoch=564]Epoch 5/5: 100%|████████████████████████████████████████████████████████████| 5/5 [07:09<00:00, 85.58s/it, v_num=1, train_loss_step=536, train_loss_epoch=562]`Trainer.fit` stopped: `max_epochs=5` reached.
Epoch 5/5: 100%|████████████████████████████████████████████████████████████| 5/5 [07:09<00:00, 85.88s/it, v_num=1, train_loss_step=536, train_loss_epoch=562]
Model, embeddings, and outputs saved for n_latent=15, n_layers=4, n_hidden=128, n_hvg=3000

------------------------------------------------------------
Sender: LSF System <lsfadmin@farm22-gpu0305>
Subject: Job 190791: <module load cellgen/conda; module load cellgen/scvi;               python -u /nfs/team298/sm54/BoneAtlasProject/src/integration/11_batch_correction_scvi_job_array_cross_organ.py                 --n_latent 15                 --n_layers 4                 --n_hidden 128                 --n_hvg 3000> in cluster <farm22> Done

Job <module load cellgen/conda; module load cellgen/scvi;               python -u /nfs/team298/sm54/BoneAtlasProject/src/integration/11_batch_correction_scvi_job_array_cross_organ.py                 --n_latent 15                 --n_layers 4                 --n_hidden 128                 --n_hvg 3000> was submitted from host <node-13-12> by user <sm54> in cluster <farm22> at Mon Jul 21 04:28:51 2025
Job was executed on host(s) <8*farm22-gpu0305>, in queue <gpu-normal>, as user <sm54> in cluster <farm22> at Mon Jul 21 05:33:56 2025
</nfs/users/nfs_s/sm54> was used as the home directory.
</nfs/team298/sm54/BoneAtlasProject/src/integration/bash_scripts> was used as the working directory.
Started at Mon Jul 21 05:33:56 2025
Terminated at Mon Jul 21 06:25:23 2025
Results reported at Mon Jul 21 06:25:23 2025

Your job looked like:

------------------------------------------------------------
# LSBATCH: User input
module load cellgen/conda; module load cellgen/scvi;               python -u /nfs/team298/sm54/BoneAtlasProject/src/integration/11_batch_correction_scvi_job_array_cross_organ.py                 --n_latent 15                 --n_layers 4                 --n_hidden 128                 --n_hvg 3000
------------------------------------------------------------

Successfully completed.

Resource usage summary:

    CPU time :                                   7482.00 sec.
    Max Memory :                                 282789 MB
    Average Memory :                             142636.88 MB
    Total Requested Memory :                     300000.00 MB
    Delta Memory :                               17211.00 MB
    Max Swap :                                   -
    Max Processes :                              5
    Max Threads :                                82
    Run time :                                   3089 sec.
    Turnaround time :                            6992 sec.

The output (if any) is above this job summary.

