** Using custom python for this environment
python=3.10.12 scvi=1.1.2 torch=2.3.0+cu121
adata.X is raw counts (integer matrix)
GPU available: True (cuda), used: True
TPU available: False, using: 0 TPU cores
IPU available: False, using: 0 IPUs
HPU available: False, using: 0 HPUs
You are using a CUDA device ('NVIDIA H100 80GB HBM3') that has Tensor Cores. To properly utilize them, you should set `torch.set_float32_matmul_precision('medium' | 'high')` which will trade-off precision for performance. For more details, read https://pytorch.org/docs/stable/generated/torch.set_float32_matmul_precision.html#torch.set_float32_matmul_precision
LOCAL_RANK: 0 - CUDA_VISIBLE_DEVICES: [0]
/env/lib/python3.10/site-packages/lightning/pytorch/trainer/connectors/data_connector.py:441: The 'train_dataloader' does not have many workers which may be a bottleneck. Consider increasing the value of the `num_workers` argument` to `num_workers=7` in the `DataLoader` to improve performance.
Training:   0%|          | 0/3 [00:00<?, ?it/s]Epoch 1/3:   0%|          | 0/3 [00:00<?, ?it/s]Epoch 1/3:  33%|███▎      | 1/3 [02:35<05:10, 155.10s/it]Epoch 1/3:  33%|███▎      | 1/3 [02:35<05:10, 155.10s/it, v_num=1, train_loss_step=563, train_loss_epoch=596]Epoch 2/3:  33%|███▎      | 1/3 [02:35<05:10, 155.10s/it, v_num=1, train_loss_step=563, train_loss_epoch=596]Epoch 2/3:  67%|██████▋   | 2/3 [05:07<02:33, 153.78s/it, v_num=1, train_loss_step=563, train_loss_epoch=596]Epoch 2/3:  67%|██████▋   | 2/3 [05:07<02:33, 153.78s/it, v_num=1, train_loss_step=625, train_loss_epoch=555]Epoch 3/3:  67%|██████▋   | 2/3 [05:07<02:33, 153.78s/it, v_num=1, train_loss_step=625, train_loss_epoch=555]Epoch 3/3: 100%|██████████| 3/3 [07:40<00:00, 153.14s/it, v_num=1, train_loss_step=625, train_loss_epoch=555]Epoch 3/3: 100%|██████████| 3/3 [07:40<00:00, 153.14s/it, v_num=1, train_loss_step=494, train_loss_epoch=551]`Trainer.fit` stopped: `max_epochs=3` reached.
Epoch 3/3: 100%|██████████| 3/3 [07:40<00:00, 153.44s/it, v_num=1, train_loss_step=494, train_loss_epoch=551]
Model, embeddings, and outputs saved for n_latent=30, n_layers=2, n_hidden=128, n_hvg=3000

------------------------------------------------------------
Sender: LSF System <lsfadmin@farm22-gpu0305>
Subject: Job 193003: <module load cellgen/conda; module load cellgen/scvi;               python -u /nfs/team298/sm54/BoneAtlasProject/src/integration/12_batch_correction_scvi_job_array_cross_organ_bone_atlas.py                 --n_latent 30                 --n_layers 2                 --n_hidden 128                 --n_hvg 3000> in cluster <farm22> Done

Job <module load cellgen/conda; module load cellgen/scvi;               python -u /nfs/team298/sm54/BoneAtlasProject/src/integration/12_batch_correction_scvi_job_array_cross_organ_bone_atlas.py                 --n_latent 30                 --n_layers 2                 --n_hidden 128                 --n_hvg 3000> was submitted from host <farm22-head1> by user <sm54> in cluster <farm22> at Mon Jul 21 07:58:28 2025
Job was executed on host(s) <8*farm22-gpu0305>, in queue <gpu-normal>, as user <sm54> in cluster <farm22> at Mon Jul 21 08:35:41 2025
</nfs/users/nfs_s/sm54> was used as the home directory.
</nfs/team298/sm54/BoneAtlasProject/src/integration/bash_scripts> was used as the working directory.
Started at Mon Jul 21 08:35:41 2025
Terminated at Mon Jul 21 09:53:17 2025
Results reported at Mon Jul 21 09:53:17 2025

Your job looked like:

------------------------------------------------------------
# LSBATCH: User input
module load cellgen/conda; module load cellgen/scvi;               python -u /nfs/team298/sm54/BoneAtlasProject/src/integration/12_batch_correction_scvi_job_array_cross_organ_bone_atlas.py                 --n_latent 30                 --n_layers 2                 --n_hidden 128                 --n_hvg 3000
------------------------------------------------------------

Successfully completed.

Resource usage summary:

    CPU time :                                   7150.00 sec.
    Max Memory :                                 574098 MB
    Average Memory :                             101580.28 MB
    Total Requested Memory :                     700000.00 MB
    Delta Memory :                               125902.00 MB
    Max Swap :                                   2 MB
    Max Processes :                              5
    Max Threads :                                71
    Run time :                                   4656 sec.
    Turnaround time :                            6889 sec.

The output (if any) is above this job summary.

