** Using custom python for this environment
python=3.10.12 scvi=1.1.2 torch=2.3.0+cu121
WARNING: adata.X seems to be already log-transformed.
GPU available: True (cuda), used: True
TPU available: False, using: 0 TPU cores
IPU available: False, using: 0 IPUs
HPU available: False, using: 0 HPUs
You are using a CUDA device ('NVIDIA A100-SXM4-80GB') that has Tensor Cores. To properly utilize them, you should set `torch.set_float32_matmul_precision('medium' | 'high')` which will trade-off precision for performance. For more details, read https://pytorch.org/docs/stable/generated/torch.set_float32_matmul_precision.html#torch.set_float32_matmul_precision
LOCAL_RANK: 0 - CUDA_VISIBLE_DEVICES: [0]
/env/lib/python3.10/site-packages/lightning/pytorch/trainer/connectors/data_connector.py:441: The 'train_dataloader' does not have many workers which may be a bottleneck. Consider increasing the value of the `num_workers` argument` to `num_workers=7` in the `DataLoader` to improve performance.
Training:   0%|          | 0/5 [00:00<?, ?it/s]Epoch 1/5:   0%|          | 0/5 [00:00<?, ?it/s]Epoch 1/5:  20%|██        | 1/5 [01:38<06:33, 98.42s/it]Epoch 1/5:  20%|██        | 1/5 [01:38<06:33, 98.42s/it, v_num=1, train_loss_step=2.25e+3, train_loss_epoch=2e+3]Epoch 2/5:  20%|██        | 1/5 [01:38<06:33, 98.42s/it, v_num=1, train_loss_step=2.25e+3, train_loss_epoch=2e+3]Epoch 2/5:  40%|████      | 2/5 [03:15<04:52, 97.60s/it, v_num=1, train_loss_step=2.25e+3, train_loss_epoch=2e+3]Epoch 2/5:  40%|████      | 2/5 [03:15<04:52, 97.60s/it, v_num=1, train_loss_step=2.18e+3, train_loss_epoch=1.82e+3]Epoch 3/5:  40%|████      | 2/5 [03:15<04:52, 97.60s/it, v_num=1, train_loss_step=2.18e+3, train_loss_epoch=1.82e+3]Epoch 3/5:  60%|██████    | 3/5 [04:52<03:14, 97.50s/it, v_num=1, train_loss_step=2.18e+3, train_loss_epoch=1.82e+3]Epoch 3/5:  60%|██████    | 3/5 [04:52<03:14, 97.50s/it, v_num=1, train_loss_step=2.23e+3, train_loss_epoch=1.8e+3] Epoch 4/5:  60%|██████    | 3/5 [04:52<03:14, 97.50s/it, v_num=1, train_loss_step=2.23e+3, train_loss_epoch=1.8e+3]Epoch 4/5:  80%|████████  | 4/5 [06:32<01:38, 98.25s/it, v_num=1, train_loss_step=2.23e+3, train_loss_epoch=1.8e+3]Epoch 4/5:  80%|████████  | 4/5 [06:32<01:38, 98.25s/it, v_num=1, train_loss_step=1.72e+3, train_loss_epoch=1.8e+3]Epoch 5/5:  80%|████████  | 4/5 [06:32<01:38, 98.25s/it, v_num=1, train_loss_step=1.72e+3, train_loss_epoch=1.8e+3]Epoch 5/5: 100%|██████████| 5/5 [08:12<00:00, 98.83s/it, v_num=1, train_loss_step=1.72e+3, train_loss_epoch=1.8e+3]Epoch 5/5: 100%|██████████| 5/5 [08:12<00:00, 98.83s/it, v_num=1, train_loss_step=1.96e+3, train_loss_epoch=1.79e+3]`Trainer.fit` stopped: `max_epochs=5` reached.
Epoch 5/5: 100%|██████████| 5/5 [08:12<00:00, 98.42s/it, v_num=1, train_loss_step=1.96e+3, train_loss_epoch=1.79e+3]
Model, embeddings, and outputs saved for n_latent=30, n_layers=4, n_hidden=128, n_hvg=10000

------------------------------------------------------------
Sender: LSF System <lsfadmin@farm22-gpu0204>
Subject: Job 371442: <module load cellgen/conda; module load cellgen/scvi;               python -u /nfs/team298/sm54/BoneAtlasProject/src/integration/05_batch_correction_scvi_job_array.py                 --n_latent 30                 --n_layers 4                 --n_hidden 128                 --n_hvg 10000> in cluster <farm22> Done

Job <module load cellgen/conda; module load cellgen/scvi;               python -u /nfs/team298/sm54/BoneAtlasProject/src/integration/05_batch_correction_scvi_job_array.py                 --n_latent 30                 --n_layers 4                 --n_hidden 128                 --n_hvg 10000> was submitted from host <farm22-head1> by user <sm54> in cluster <farm22> at Tue Jul 15 13:15:56 2025
Job was executed on host(s) <8*farm22-gpu0204>, in queue <gpu-normal>, as user <sm54> in cluster <farm22> at Tue Jul 15 15:57:34 2025
</nfs/users/nfs_s/sm54> was used as the home directory.
</nfs/team298/sm54/BoneAtlasProject/src/integration/bash_scripts> was used as the working directory.
Started at Tue Jul 15 15:57:34 2025
Terminated at Tue Jul 15 17:02:30 2025
Results reported at Tue Jul 15 17:02:30 2025

Your job looked like:

------------------------------------------------------------
# LSBATCH: User input
module load cellgen/conda; module load cellgen/scvi;               python -u /nfs/team298/sm54/BoneAtlasProject/src/integration/05_batch_correction_scvi_job_array.py                 --n_latent 30                 --n_layers 4                 --n_hidden 128                 --n_hvg 10000
------------------------------------------------------------

Successfully completed.

Resource usage summary:

    CPU time :                                   10543.00 sec.
    Max Memory :                                 219007 MB
    Average Memory :                             116060.21 MB
    Total Requested Memory :                     300000.00 MB
    Delta Memory :                               80993.00 MB
    Max Swap :                                   -
    Max Processes :                              5
    Max Threads :                                71
    Run time :                                   3866 sec.
    Turnaround time :                            13594 sec.

The output (if any) is above this job summary.

